****************************************************************************
*********** Iteractive Configuration Interaction with Selection  ***********
     AUTHOR : NING ZHANG   , QiTCS, 100871, ningzhang1024@gmail.com        
     AUTHOR : QINGPENG WANG, QiTCS 
****************************************************************************



**************************************
*********** Print TaskInfo ***********
**************************************

 Spintwo / Irrep / nStates / OuterWeight / Weight
____________________________________
        0/      0/        1/     1.000000     1.00000000 
____________________________________


**************************************
***************  END  ****************
**************************************



******** Print Parameter ******* 

********** Basic Info **********

Selection Algorithm            = SiCI with iCI Criterion
Diagonization Algorithm        = LOBPCG
Initial Guess                  = CASCI
Perturbation                   = Default
Reduced Density Matrix         = Do not calculate RDMs
********** Cnotrol Info **********

Similarity Control                           = 0.950000
energy convergence tolerance for iCI (ETOL)  = 0.000000
Cmin Schedule                (CMIN_SCHEDULE) = 1.0000e-04 7.0000e-05 5.0000e-05 3.0000e-05 1.5000e-05 9.0000e-06 

**********  End  Parameter **********



********** Calculation Procedure **********


The number of steps of calculation procedure = 16

Step   0 : iCI_Initialization with CASCI and cmin =       1.000e-04
Step   1 : SiCI with iCI Criterion with Cmin =       1.000e-03
Step   2 : Generating Natural Orbitals with Cmin =       1.000e-04
Step   3 : SiCI with iCI Criterion with Cmin =       1.000e-04
Step   4 : Perturbation Correction -- ENPT(2)
Step   5 : SiCI with iCI Criterion with Cmin =       7.000e-05
Step   6 : Perturbation Correction -- ENPT(2)
Step   7 : SiCI with iCI Criterion with Cmin =       5.000e-05
Step   8 : Perturbation Correction -- ENPT(2)
Step   9 : SiCI with iCI Criterion with Cmin =       3.000e-05
Step  10 : Perturbation Correction -- ENPT(2)
Step  11 : SiCI with iCI Criterion with Cmin =       1.500e-05
Step  12 : Perturbation Correction -- ENPT(2)
Step  13 : SiCI with iCI Criterion with Cmin =       9.000e-06
Step  14 : Perturbation Correction -- ENPT(2)
Step  15 : PostProcess -- WriteOut .enedat File


*******************************************



*************** Begin Hmat_Construction ***************

dimension = 35793
nnz               = 15083898
Working Time      : cputime / walltime / effective core 
Total Time        :     8.68 /     0.23 / 37.44
Initialize Time   :     0.15 /     0.00 / 62.63
Calculation Time  :     7.89 /     0.13 / 59.15
Finalize Time     :     0.64 /     0.10 / 6.67


*************** End Hmat_Construction ***************



*************** Begin MatrixDiag ***************

Iteration  :    4
Initial    : 
Init[   0] :   -100.03356471
Eigenvalue : 
Eig[   0]  :   -100.03372488
   CpuTime :          19.340
  WallTime :           0.473
Residue    : 
Res[   0]  :      0.00003565


*************** End MatrixDiag ***************



*************** Begin MatrixDiag ***************

Iteration  :    3
Initial    : 
Init[   0] :   -100.03372403
Eigenvalue : 
Eig[   0]  :   -100.03372403
   CpuTime :           5.490
  WallTime :           0.087
Residue    : 
Res[   0]  :      0.00000305


*************** End MatrixDiag ***************



********** INITIAL GUESS INFO **********

+----------+----------+----------+----------+----------+-------------------+
|     ncsf | symmetry |  nstates |  spintwo |     ncfg |            energy |
+----------+----------+----------+----------+----------+-------------------+
|        0 |        0 |        1 |      114 |       87 |     -100.03372403 |
+----------+----------+----------+----------+----------+-------------------+


****************************************




******************************
* Step   0 Finished          *
* CpuTime  =          35.300 *
* WallTime =           0.833 *
******************************



*************** Begin Hmat_Construction ***************

dimension = 114
nnz               = 2434
Working Time      : cputime / walltime / effective core 
Total Time        :     0.67 /     0.03 / 25.77
Initialize Time   :     0.08 /     0.00 / 68.25
Calculation Time  :     0.18 /     0.00 / 45.03
Finalize Time     :     0.41 /     0.02 / 19.72


*************** End Hmat_Construction ***************



*************** Begin MatrixDiag ***************

Iteration  :    0
Initial    : 
Init[   0] :   -100.03372403
Eigenvalue : 
Eig[   0]  :   -100.03372403
   CpuTime :           0.000
  WallTime :           0.000
Residue    : 


*************** End MatrixDiag ***************



*************** Begin Selection ***************

Q_Space Dim       : 3914 
Working Time      : cputime / walltime / effective core 
Total Time        :    59.39 /     1.01 / 59.07
Initialize Time   :     0.00 /     0.00 / 0.00
Calculation Time  :    59.35 /     1.00 / 59.07
Finalize Time     :     0.03 /     0.00 / 44.45


*************** End Selection ***************



*************** Begin Hmat_Construction ***************

dimension = 3914
nnz               = 855980
Working Time      : cputime / walltime / effective core 
Total Time        :     1.26 /     0.04 / 33.25
Initialize Time   :     0.18 /     0.00 / 63.96
Calculation Time  :     0.67 /     0.01 / 57.44
Finalize Time     :     0.41 /     0.02 / 17.54


*************** End Hmat_Construction ***************



*************** Begin MatrixDiag ***************

Iteration  :    7
Initial    : 
Init[   0] :   -100.03372403
Eigenvalue : 
Eig[   0]  :   -100.24291712
   CpuTime :           2.210
  WallTime :           0.035
Residue    : 
Res[   0]  :      0.00003853


*************** End MatrixDiag ***************



*************** Begin Selection ***************

Q_Space Dim       : 3918 
Working Time      : cputime / walltime / effective core 
Total Time        :    60.90 /     1.03 / 59.00
Initialize Time   :     0.05 /     0.00 / 71.20
Calculation Time  :    60.84 /     1.03 / 59.00
Finalize Time     :     0.01 /     0.00 / 54.58


*************** End Selection ***************



*************** Begin Hmat_Construction ***************

dimension = 3918
nnz               = 863468
Working Time      : cputime / walltime / effective core 
Total Time        :     0.80 /     0.03 / 28.66
Initialize Time   :     0.17 /     0.00 / 64.79
Calculation Time  :     0.21 /     0.01 / 39.49
Finalize Time     :     0.42 /     0.02 / 21.07


*************** End Hmat_Construction ***************



*************** Begin MatrixDiag ***************

Iteration  :    6
Initial    : 
Init[   0] :   -100.24291712
Eigenvalue : 
Eig[   0]  :   -100.24353932
   CpuTime :           1.460
  WallTime :           0.023
Residue    : 
Res[   0]  :      0.00005156


*************** End MatrixDiag ***************



*************** Begin MatrixDiag ***************

Iteration  :    5
Initial    : 
Init[   0] :   -100.24207916
Eigenvalue : 
Eig[   0]  :   -100.24208649
   CpuTime :           1.070
  WallTime :           0.017
Residue    : 
Res[   0]  :      0.00002262


*************** End MatrixDiag ***************

********** Selection_iCI Info **********

iter / ncsf_prime / ncfg_prime / ncsf_Qspace / Similarity / time 
   0 /      3419  /      2532  /      3914  /  0.0066  /    63.620,    1.214 
   1 /      3419  /      2534  /      3918  /  0.9942  /    63.950,    1.205 
Final prune is performed!

***************************************


********** BEGIN PRINT Important cfgspace INFO **********

     ncsf | symmetry |  nstates |  spintwo |     ncfg |   energy 
        0 |        0 |        1 |     3419 |     2534 |   -100.24208649, 


*************** Begin PRINT NONRELA CFGSPACE ***************

spintwo    = 0
irrep      = 0
nstates    = 1
ncfg       =         2534
ncsf       =         3419
ncsf full  =         4060
ndet full  =        11042
ndet eff   =         9119

*********** state  0 ***********
Important ocfg:
    0 222220000000000000000000000000000000000000000000000000000000000000000000000000000000000000000000       0    -9.784476e-01  95.735966
    1 222110000000000000000000000000000000000000000000110000000000000000000000000000000000000000000000       0    -2.498532e-02   0.062427
    2 222200000000000000000000000000000000000000000000000000101000000000000000000000000000000000000000       0    -1.860708e-02   0.034622
    3 222020000000000000000000000000000000000000000000000001010000000000000000000000000000000000000000       0    -1.860708e-02   0.034622
    4 222120000000001000000000000000000000000000000000000000000000000000000000000000000000000000000000       0    -1.804626e-02   0.032567
    5 222210000000000100000000000000000000000000000000000000000000000000000000000000000000000000000000       0     1.804625e-02   0.032567
    6 220220000000000000000000000000010000000000000010000000000000000000000000000000000000000000000000       0    -1.672124e-02   0.027960
    7 222110000000000000000000000000000000000000000000000000000000000000000000000000000011000000000000       0     1.621175e-02   0.026282
    8 220220000000000000000000000000000000000000000000000020000000000000000000000000000000000000000000       0     1.569807e-02   0.024643
    9 220220000000000001000000000000010000000000000000000000000000000000000000000000000000000000000000       0     1.492498e-02   0.022275
   10 220220000000000000000000000000020000000000000000000000000000000000000000000000000000000000000000       0     1.487568e-02   0.022129
   11 222200000000000000000000000000000000000000000000000000002000000000000000000000000000000000000000       0     1.431200e-02   0.020483
   12 222020000000000000000000000000000000000000000000000000020000000000000000000000000000000000000000       0     1.431200e-02   0.020483
   13 221120000000000000000000000000000000000000000000001010000000000000000000000000000000000000000000       0    -1.423668e-02   0.020268
   14 221210000000000000000000000000000000000000000000000110000000000000000000000000000000000000000000       0    -1.423667e-02   0.020268
   15 222200000000000100000000000000000000000000000000000000001000000000000000000000000000000000000000       0    -1.379644e-02   0.019034
   16 222020000000001000000000000000000000000000000000000000010000000000000000000000000000000000000000       0    -1.379644e-02   0.019034
   17 222200000000000000000000000000000000000000000000000200000000000000000000000000000000000000000000       0     1.376121e-02   0.018937
   18 222020000000000000000000000000000000000000000000002000000000000000000000000000000000000000000000       0     1.376120e-02   0.018937
   19 222110000000000000000000000000000000000000000000010000000000000000000000000000000010000000000000       0     1.332288e-02   0.017750
   20 222110000000000000000000000000000000000000000000100000000000000000000000000000000001000000000000       0     1.332284e-02   0.017750
   21 222110000000000000000000000000000000000000000000001100000000000000000000000000000000000000000000       0    -1.329406e-02   0.017673
   22 220220000000000000000000000000000000000000000011000000000000000000000000000000000000000000000000       0     1.313901e-02   0.017263
   23 222200000000000100000000000000000000000000000000000000100000000000000000000000000000000000000000       0    -1.310020e-02   0.017162
   24 222020000000001000000000000000000000000000000000000001000000000000000000000000000000000000000000       0    -1.310020e-02   0.017162
check importance : 3408 / 3419 (   99.68)

****************************


*************** End PRINT NONRELA CFGSPACE ***************



********** END   PRINT Important cfgspace INFO **********



******************************
* Step   1 Finished          *
* CpuTime  =         166.390 *
* WallTime =           3.398 *
******************************



*************** Begin Hmat_Construction ***************

dimension = 3419
nnz               = 671618
Working Time      : cputime / walltime / effective core 
Total Time        :     1.04 /     0.03 / 31.35
Initialize Time   :     0.08 /     0.00 / 65.62
Calculation Time  :     0.54 /     0.01 / 53.77
Finalize Time     :     0.42 /     0.02 / 19.21


*************** End Hmat_Construction ***************



*************** Begin MatrixDiag ***************

Iteration  :    3
Initial    : 
Init[   0] :   -100.24208649
Eigenvalue : 
Eig[   0]  :   -100.24208649
   CpuTime :           0.630
  WallTime :           0.010
Residue    : 
Res[   0]  :      0.00000030


*************** End MatrixDiag ***************



*************** Begin Selection ***************

Q_Space Dim       : 20552 
Working Time      : cputime / walltime / effective core 
Total Time        :    62.28 /     1.06 / 58.64
Initialize Time   :     0.03 /     0.00 / 71.83
Calculation Time  :    61.95 /     1.06 / 58.59
Finalize Time     :     0.29 /     0.00 / 66.92


*************** End Selection ***************



*************** Begin Hmat_Construction ***************

dimension = 20552
nnz               = 10171115
Working Time      : cputime / walltime / effective core 
Total Time        :     4.71 /     0.13 / 36.49
Initialize Time   :     0.15 /     0.00 / 63.62
Calculation Time  :     4.12 /     0.07 / 59.34
Finalize Time     :     0.44 /     0.06 / 7.69


*************** End Hmat_Construction ***************



*************** Begin MatrixDiag ***************

Iteration  :    8
Initial    : 
Init[   0] :   -100.24208649
Eigenvalue : 
Eig[   0]  :   -100.25392447
   CpuTime :          10.310
  WallTime :           0.168
Residue    : 
Res[   0]  :      0.00005226


*************** End MatrixDiag ***************



*************** Begin Selection ***************

Q_Space Dim       : 22045 
Working Time      : cputime / walltime / effective core 
Total Time        :    63.91 /     1.33 / 48.23
Initialize Time   :     0.00 /     0.00 / 0.00
Calculation Time  :    63.82 /     1.32 / 48.37
Finalize Time     :     0.09 /     0.00 / 63.31


*************** End Selection ***************



*************** Begin Hmat_Construction ***************

dimension = 22045
nnz               = 10916740
Working Time      : cputime / walltime / effective core 
Total Time        :     1.18 /     0.04 / 30.24
Initialize Time   :     0.14 /     0.00 / 62.60
Calculation Time  :     0.63 /     0.01 / 47.53
Finalize Time     :     0.41 /     0.02 / 17.45


*************** End Hmat_Construction ***************



*************** Begin MatrixDiag ***************

Iteration  :    6
Initial    : 
Init[   0] :   -100.25392447
Eigenvalue : 
Eig[   0]  :   -100.25411631
   CpuTime :           7.900
  WallTime :           0.132
Residue    : 
Res[   0]  :      0.00002356


*************** End MatrixDiag ***************



*************** Begin MatrixDiag ***************

Iteration  :    5
Initial    : 
Init[   0] :   -100.25401651
Eigenvalue : 
Eig[   0]  :   -100.25401779
   CpuTime :           7.140
  WallTime :           0.122
Residue    : 
Res[   0]  :      0.00001670


*************** End MatrixDiag ***************

********** Selection_iCI Info **********

iter / ncsf_prime / ncfg_prime / ncsf_Qspace / Similarity / time 
   0 /     16492  /     11797  /     20552  /  0.2073  /    78.290,    1.491 
   1 /     17188  /     12275  /     22045  /  0.9564  /    73.960,    1.626 
Final prune is performed!

***************************************


********** BEGIN PRINT Important cfgspace INFO **********

     ncsf | symmetry |  nstates |  spintwo |     ncfg |   energy 
        0 |        0 |        1 |    17188 |    12275 |   -100.25401779, 


*************** Begin PRINT NONRELA CFGSPACE ***************

spintwo    = 0
irrep      = 0
nstates    = 1
ncfg       =        12275
ncsf       =        17188
ncsf full  =        23677
ndet full  =        72118
ndet eff   =        49005

*********** state  0 ***********
Important ocfg:
    0 222220000000000000000000000000000000000000000000000000000000000000000000000000000000000000000000       0    -9.763596e-01  95.327809
    1 222110000000000000000000000000000000000000000000110000000000000000000000000000000000000000000000       0    -2.642832e-02   0.069846
    2 222200000000000000000000000000000000000000000000000000101000000000000000000000000000000000000000       0    -1.852045e-02   0.034301
    3 222020000000000000000000000000000000000000000000000001010000000000000000000000000000000000000000       0    -1.851401e-02   0.034277
    4 220220000000000000000000000000010000000000000010000000000000000000000000000000000000000000000000       0    -1.723070e-02   0.029690
    5 222120000000001000000000000000000000000000000000000000000000000000000000000000000000000000000000       0    -1.706842e-02   0.029133
    6 222210000000000100000000000000000000000000000000000000000000000000000000000000000000000000000000       0     1.705863e-02   0.029100
    7 222110000000000000000000000000000000000000000000000000000000000000000000000000000011000000000000       0     1.608495e-02   0.025873
    8 220220000000000000000000000000000000000000000000000020000000000000000000000000000000000000000000       0     1.587367e-02   0.025197
    9 220220000000000001000000000000010000000000000000000000000000000000000000000000000000000000000000       0     1.536781e-02   0.023617
   10 220220000000000000000000000000020000000000000000000000000000000000000000000000000000000000000000       0     1.534262e-02   0.023540
   11 221120000000000000000000000000000000000000000000001010000000000000000000000000000000000000000000       0    -1.440050e-02   0.020737
   12 221210000000000000000000000000000000000000000000000110000000000000000000000000000000000000000000       0    -1.439835e-02   0.020731
   13 222200000000000000000000000000000000000000000000000000002000000000000000000000000000000000000000       0     1.425597e-02   0.020323
   14 222020000000000000000000000000000000000000000000000000020000000000000000000000000000000000000000       0     1.425512e-02   0.020321
   15 222020000000000000000000000000000000000000000000002000000000000000000000000000000000000000000000       0     1.399768e-02   0.019594
   16 222200000000000000000000000000000000000000000000000200000000000000000000000000000000000000000000       0     1.399491e-02   0.019586
   17 222110000000000000000000000000000000000000000000001100000000000000000000000000000000000000000000       0    -1.376077e-02   0.018936
   18 222020000000001000000000000000000000000000000000000000010000000000000000000000000000000000000000       0    -1.372211e-02   0.018830
   19 222200000000000100000000000000000000000000000000000000001000000000000000000000000000000000000000       0    -1.372048e-02   0.018825
   20 220220000000000000000000000000000000000000000011000000000000000000000000000000000000000000000000       0     1.326222e-02   0.017589
   21 222020000000000000000000000000000000000000000000200000000000000000000000000000000000000000000000       0     1.320321e-02   0.017432
   22 222200000000000000000000000000000000000000000000020000000000000000000000000000000000000000000000       0     1.320196e-02   0.017429
   23 222110000000000000000000000000000000000000000000100000000000000000000000000000000001000000000000       0     1.311381e-02   0.017197
   24 222110000000000000000000000000000000000000000000010000000000000000000000000000000010000000000000       0     1.310722e-02   0.017180
check importance : 17064 / 17188 (   99.28)

****************************


*************** End PRINT NONRELA CFGSPACE ***************



********** END   PRINT Important cfgspace INFO **********



*************** Begin Density Matrix Construction ***************

Working Time      : cputime / walltime / effective core 
Total Time        :     1.88 /     0.06 / 31.22
Initialize Time   :     0.20 /     0.00 / 58.37
Calculation Time  :     1.67 /     0.06 / 29.52
Finalize Time     :     0.01 /     0.00 / 58.36


*************** End Density Matrix Construction ***************

generate NO iter   0, ncnvg_elec = 5.950632e+00


*************** Begin Hmat_Construction ***************

dimension = 17188
nnz               = 8514549
Working Time      : cputime / walltime / effective core 
Total Time        :     4.04 /     0.10 / 42.41
Initialize Time   :     0.09 /     0.00 / 65.70
Calculation Time  :     3.53 /     0.06 / 60.08
Finalize Time     :     0.42 /     0.04 / 11.96


*************** End Hmat_Construction ***************



*************** Begin MatrixDiag ***************

Iteration  :   15
Initial    : 
Init[   0] :    -99.80098685
Eigenvalue : 
Eig[   0]  :   -100.15375986
   CpuTime :          17.040
  WallTime :           0.274
Residue    : 
Res[   0]  :      0.00000514


*************** End MatrixDiag ***************



*************** Begin Selection ***************

Q_Space Dim       : 22513 
Working Time      : cputime / walltime / effective core 
Total Time        :    63.51 /     1.31 / 48.33
Initialize Time   :     0.13 /     0.00 / 64.18
Calculation Time  :    63.25 /     1.31 / 48.29
Finalize Time     :     0.13 /     0.00 / 64.72


*************** End Selection ***************



*************** Begin Hmat_Construction ***************

dimension = 22513
nnz               = 11415942
Working Time      : cputime / walltime / effective core 
Total Time        :     2.22 /     0.06 / 39.80
Initialize Time   :     0.15 /     0.00 / 62.11
Calculation Time  :     1.65 /     0.03 / 56.76
Finalize Time     :     0.41 /     0.02 / 16.92


*************** End Hmat_Construction ***************



*************** Begin MatrixDiag ***************

Iteration  :   14
Initial    : 
Init[   0] :   -100.15375986
Eigenvalue : 
Eig[   0]  :   -100.26184773
   CpuTime :          18.680
  WallTime :           0.310
Residue    : 
Res[   0]  :      0.00003669


*************** End MatrixDiag ***************



*************** Begin Selection ***************

Q_Space Dim       : 24623 
Working Time      : cputime / walltime / effective core 
Total Time        :    61.20 /     1.05 / 58.55
Initialize Time   :     0.04 /     0.00 / 13.11
Calculation Time  :    61.09 /     1.04 / 58.67
Finalize Time     :     0.06 /     0.00 / 62.12


*************** End Selection ***************



*************** Begin Hmat_Construction ***************

dimension = 24623
nnz               = 12194683
Working Time      : cputime / walltime / effective core 
Total Time        :     1.21 /     0.04 / 33.41
Initialize Time   :     0.14 /     0.00 / 61.43
Calculation Time  :     0.65 /     0.01 / 53.60
Finalize Time     :     0.41 /     0.02 / 18.84


*************** End Hmat_Construction ***************



*************** Begin MatrixDiag ***************

Iteration  :   10
Initial    : 
Init[   0] :   -100.26184773
Eigenvalue : 
Eig[   0]  :   -100.26333113
   CpuTime :          13.190
  WallTime :           0.223
Residue    : 
Res[   0]  :      0.00005403


*************** End MatrixDiag ***************



*************** Begin Selection ***************

Q_Space Dim       : 24953 
Working Time      : cputime / walltime / effective core 
Total Time        :    61.78 /     1.15 / 53.57
Initialize Time   :     0.10 /     0.00 / 30.44
Calculation Time  :    61.62 /     1.15 / 53.64
Finalize Time     :     0.06 /     0.00 / 56.85


*************** End Selection ***************



*************** Begin Hmat_Construction ***************

dimension = 24953
nnz               = 12318337
Working Time      : cputime / walltime / effective core 
Total Time        :     0.89 /     0.03 / 29.35
Initialize Time   :     0.15 /     0.00 / 62.08
Calculation Time  :     0.32 /     0.01 / 43.57
Finalize Time     :     0.41 /     0.02 / 19.97


*************** End Hmat_Construction ***************



*************** Begin MatrixDiag ***************

Iteration  :    7
Initial    : 
Init[   0] :   -100.26333113
Eigenvalue : 
Eig[   0]  :   -100.26343393
   CpuTime :           9.640
  WallTime :           0.165
Residue    : 
Res[   0]  :      0.00005981


*************** End MatrixDiag ***************



*************** Begin MatrixDiag ***************

Iteration  :    5
Initial    : 
Init[   0] :   -100.26336537
Eigenvalue : 
Eig[   0]  :   -100.26336726
   CpuTime :           7.560
  WallTime :           0.133
Residue    : 
Res[   0]  :      0.00006413


*************** End MatrixDiag ***************

********** Selection_iCI Info **********

iter / ncsf_prime / ncfg_prime / ncsf_Qspace / Similarity / time 
   0 /      4829  /      3349  /     22513  /  0.0356  /    85.250,    1.807 
   1 /      6308  /      4162  /     24623  /  0.7467  /    76.490,    1.430 
   2 /      6502  /      4279  /     24953  /  0.9626  /    73.180,    1.473 
Final prune is performed!

***************************************


********** BEGIN PRINT Important cfgspace INFO **********

     ncsf | symmetry |  nstates |  spintwo |     ncfg |   energy 
        0 |        0 |        1 |     6502 |     4279 |   -100.26336726, 


*************** Begin PRINT NONRELA CFGSPACE ***************

spintwo    = 0
irrep      = 0
nstates    = 1
ncfg       =         4279
ncsf       =         6502
ncsf full  =        10020
ndet full  =        33561
ndet eff   =        20050

*********** state  0 ***********
Important ocfg:
    0 222220000000000000000000000000000000000000000000000000000000000000000000000000000000000000000000       0    -9.738907e-01  94.846311
    1 222022000000000000000000000000000000000000000000000000000000000000000000000000000000000000000000       0     7.927629e-02   0.628473
    2 222200002000000000000000000000000000000000000000000000000000000000000000000000000000000000000000       0     5.022170e-02   0.252222
    3 220220200000000000000000000000000000000000000000000000000000000000000000000000000000000000000000       0     5.022087e-02   0.252214
    4 221121100000000000000000000000000000000000000000000000000000000000000000000000000000000000000000       0    -4.917459e-02   0.241814
    5 222111001000000000000000000000000000000000000000000000000000000000000000000000000000000000000000       0     4.916971e-02   0.241766
    6 221210101000000000000000000000000000000000000000000000000000000000000000000000000000000000000000       0    -4.747820e-02   0.225418
    7 221121100000000000000000000000000000000000000000000000000000000000000000000000000000000000000000       1     4.501341e-02   0.202621
    8 222111001000000000000000000000000000000000000000000000000000000000000000000000000000000000000000       1     4.497427e-02   0.202269
    9 221210101000000000000000000000000000000000000000000000000000000000000000000000000000000000000000       1    -4.485225e-02   0.201172
   10 212210011000000000000000000000000000000000000000000000000000000000000000000000000000000000000000       1    -3.842427e-02   0.147642
   11 211220110000000000000000000000000000000000000000000000000000000000000000000000000000000000000000       1    -3.840681e-02   0.147508
   12 221210000001000100000000000000000000000000000000000000000000000000000000000000000000000000000000       0    -3.618775e-02   0.130955
   13 212121010000000000000000000000000000000000000000000000000000000000000000000000000000000000000000       1     3.198514e-02   0.102305
   14 221120000110000000000000000000000000000000000000000000000000000000000000000000000000000000000000       0     2.940516e-02   0.086466
   15 222110000100100000000000000000000000000000000000000000000000000000000000000000000000000000000000       0     2.919096e-02   0.085211
   16 212121010000000000000000000000000000000000000000000000000000000000000000000000000000000000000000       0    -2.362371e-02   0.055808
   17 212210011000000000000000000000000000000000000000000000000000000000000000000000000000000000000000       0    -2.308372e-02   0.053286
   18 211220110000000000000000000000000000000000000000000000000000000000000000000000000000000000000000       0     2.306308e-02   0.053191
   19 222020000200000000000000000000000000000000000000000000000000000000000000000000000000000000000000       0     2.130536e-02   0.045392
   20 202220020000000000000000000000000000000000000000000000000000000000000000000000000000000000000000       0     1.935552e-02   0.037464
   21 222200000000200000000000000000000000000000000000000000000000000000000000000000000000000000000000       0     1.916014e-02   0.036711
   22 220220000020000000000000000000000000000000000000000000000000000000000000000000000000000000000000       0     1.915995e-02   0.036710
   23 221210000010100000000000000000000000000000000000000000000000000000000000000000000000000000000000       0     1.898859e-02   0.036057
   24 221210000100000100000000000000000000000000000000000000000000000000000000000000000000000000000000       1     1.885609e-02   0.035555
check importance : 6449 / 6502 (   99.18)

****************************


*************** End PRINT NONRELA CFGSPACE ***************



********** END   PRINT Important cfgspace INFO **********



*************** Begin Density Matrix Construction ***************

Working Time      : cputime / walltime / effective core 
Total Time        :     1.64 /     0.04 / 37.07
Initialize Time   :     0.11 /     0.00 / 56.87
Calculation Time  :     1.52 /     0.04 / 36.03
Finalize Time     :     0.01 /     0.00 / 97.86


*************** End Density Matrix Construction ***************

generate NO iter   1, ncnvg_elec = 9.997069e+00


******************************
* Step   2 Finished          *
* CpuTime  =         607.060 *
* WallTime =          17.068 *
******************************



*************** Begin Hmat_Construction ***************

dimension = 6502
nnz               = 940987
Working Time      : cputime / walltime / effective core 
Total Time        :     1.12 /     0.04 / 31.63
Initialize Time   :     0.08 /     0.00 / 58.88
Calculation Time  :     0.62 /     0.01 / 55.69
Finalize Time     :     0.42 /     0.02 / 18.36


*************** End Hmat_Construction ***************



*************** Begin MatrixDiag ***************

Iteration  :   17
Initial    : 
Init[   0] :    -99.98636249
Eigenvalue : 
Eig[   0]  :   -100.26328333
   CpuTime :           5.730
  WallTime :           0.090
Residue    : 
Res[   0]  :      0.00000376


*************** End MatrixDiag ***************



*************** Begin Selection ***************

Q_Space Dim       : 8721 
Working Time      : cputime / walltime / effective core 
Total Time        :    61.08 /     1.09 / 55.90
Initialize Time   :     0.05 /     0.00 / 57.80
Calculation Time  :    60.95 /     1.09 / 55.89
Finalize Time     :     0.08 /     0.00 / 64.56


*************** End Selection ***************



*************** Begin Hmat_Construction ***************

dimension = 8721
nnz               = 1722812
Working Time      : cputime / walltime / effective core 
Total Time        :     1.18 /     0.04 / 32.68
Initialize Time   :     0.15 /     0.00 / 62.56
Calculation Time  :     0.62 /     0.01 / 52.50
Finalize Time     :     0.41 /     0.02 / 18.76


*************** End Hmat_Construction ***************



*************** Begin MatrixDiag ***************

Iteration  :    8
Initial    : 
Init[   0] :   -100.26328333
Eigenvalue : 
Eig[   0]  :   -100.26344719
   CpuTime :           3.560
  WallTime :           0.056
Residue    : 
Res[   0]  :      0.00004689


*************** End MatrixDiag ***************



*************** Begin Selection ***************

Q_Space Dim       : 8938 
Working Time      : cputime / walltime / effective core 
Total Time        :    61.20 /     1.36 / 44.98
Initialize Time   :     0.05 /     0.00 / 45.28
Calculation Time  :    61.11 /     1.36 / 44.97
Finalize Time     :     0.04 /     0.00 / 58.33


*************** End Selection ***************



*************** Begin Hmat_Construction ***************

dimension = 8938
nnz               = 1804469
Working Time      : cputime / walltime / effective core 
Total Time        :     0.90 /     0.03 / 29.30
Initialize Time   :     0.15 /     0.00 / 61.12
Calculation Time  :     0.33 /     0.01 / 44.11
Finalize Time     :     0.41 /     0.02 / 19.76


*************** End Hmat_Construction ***************



*************** Begin MatrixDiag ***************

Iteration  :    4
Initial    : 
Init[   0] :   -100.26344719
Eigenvalue : 
Eig[   0]  :   -100.26345731
   CpuTime :           1.960
  WallTime :           0.031
Residue    : 
Res[   0]  :      0.00008345


*************** End MatrixDiag ***************



*************** Begin MatrixDiag ***************

Iteration  :    5
Initial    : 
Init[   0] :   -100.26340500
Eigenvalue : 
Eig[   0]  :   -100.26340667
   CpuTime :           2.380
  WallTime :           0.037
Residue    : 
Res[   0]  :      0.00005958


*************** End MatrixDiag ***************

********** Selection_iCI Info **********

iter / ncsf_prime / ncfg_prime / ncsf_Qspace / Similarity / time 
   0 /      6304  /      4053  /      8721  /  0.8384  /    66.630,    1.311 
   1 /      6321  /      4055  /      8938  /  0.9954  /    65.010,    1.559 
Final prune is performed!

***************************************


********** BEGIN PRINT Important cfgspace INFO **********

     ncsf | symmetry |  nstates |  spintwo |     ncfg |   energy 
        0 |        0 |        1 |     6321 |     4055 |   -100.26340667, 


*************** Begin PRINT NONRELA CFGSPACE ***************

spintwo    = 0
irrep      = 0
nstates    = 1
ncfg       =         4055
ncsf       =         6321
ncsf full  =         9780
ndet full  =        33096
ndet eff   =        19725

*********** state  0 ***********
Important ocfg:
    0 222220000000000000000000000000000000000000000000000000000000000000000000000000000000000000000000       0    -9.738942e-01  94.846995
    1 222022000000000000000000000000000000000000000000000000000000000000000000000000000000000000000000       0     7.943822e-02   0.631043
    2 222200002000000000000000000000000000000000000000000000000000000000000000000000000000000000000000       0     5.018954e-02   0.251899
    3 220220200000000000000000000000000000000000000000000000000000000000000000000000000000000000000000       0     5.018529e-02   0.251856
    4 221121100000000000000000000000000000000000000000000000000000000000000000000000000000000000000000       0     4.941793e-02   0.244213
    5 222111001000000000000000000000000000000000000000000000000000000000000000000000000000000000000000       0     4.941511e-02   0.244185
    6 221210101000000000000000000000000000000000000000000000000000000000000000000000000000000000000000       0     4.749359e-02   0.225564
    7 221121100000000000000000000000000000000000000000000000000000000000000000000000000000000000000000       1    -4.526498e-02   0.204892
    8 222111001000000000000000000000000000000000000000000000000000000000000000000000000000000000000000       1     4.523571e-02   0.204627
    9 221210101000000000000000000000000000000000000000000000000000000000000000000000000000000000000000       1     4.481466e-02   0.200835
   10 212210011000000000000000000000000000000000000000000000000000000000000000000000000000000000000000       1    -3.850524e-02   0.148265
   11 211220110000000000000000000000000000000000000000000000000000000000000000000000000000000000000000       1     3.849778e-02   0.148208
   12 221210000001000100000000000000000000000000000000000000000000000000000000000000000000000000000000       0     3.619429e-02   0.131003
   13 212121010000000000000000000000000000000000000000000000000000000000000000000000000000000000000000       1     3.256549e-02   0.106051
   14 221120000110000000000000000000000000000000000000000000000000000000000000000000000000000000000000       0     2.960851e-02   0.087666
   15 222110000100100000000000000000000000000000000000000000000000000000000000000000000000000000000000       0     2.945942e-02   0.086786
   16 212121010000000000000000000000000000000000000000000000000000000000000000000000000000000000000000       0    -2.350048e-02   0.055227
   17 212210011000000000000000000000000000000000000000000000000000000000000000000000000000000000000000       0    -2.322960e-02   0.053961
   18 211220110000000000000000000000000000000000000000000000000000000000000000000000000000000000000000       0    -2.322312e-02   0.053931
   19 222020000200000000000000000000000000000000000000000000000000000000000000000000000000000000000000       0     2.154548e-02   0.046421
   20 202220020000000000000000000000000000000000000000000000000000000000000000000000000000000000000000       0     1.946845e-02   0.037902
   21 222200000000200000000000000000000000000000000000000000000000000000000000000000000000000000000000       0     1.917565e-02   0.036771
   22 220220000020000000000000000000000000000000000000000000000000000000000000000000000000000000000000       0     1.916559e-02   0.036732
   23 221210000010100000000000000000000000000000000000000000000000000000000000000000000000000000000000       0     1.899138e-02   0.036067
   24 221210000100000100000000000000000000000000000000000000000000000000000000000000000000000000000000       1     1.895279e-02   0.035921
check importance : 6277 / 6321 (   99.30)

****************************


*************** End PRINT NONRELA CFGSPACE ***************



********** END   PRINT Important cfgspace INFO **********



******************************
* Step   3 Finished          *
* CpuTime  =         749.920 *
* WallTime =          20.234 *
******************************



*************** Begin First_Residue_Update ***************

memory            = 937792
Working Time      : cputime / walltime / effective core 
Total Time        :     0.05 /     0.00 / 57.62
Initialize Time   :     0.00 /     0.00 / 0.00
Calculation Time  :     0.04 /     0.00 / 49.80
Finalize Time     :     0.01 /     0.00 / 466.63


*************** End First_Residue_Update ***************



*************** Begin Second_Residue_Update ***************

memory            = 1571176
Working Time      : cputime / walltime / effective core 
Total Time        :     0.08 /     0.00 / 63.00
Initialize Time   :     0.00 /     0.00 / 0.00
Calculation Time  :     0.08 /     0.00 / 66.08
Finalize Time     :     0.00 /     0.00 / 0.00


*************** End Second_Residue_Update ***************

Thread label = 36
ept        =     -0.42118111
ene offset =     -0.41963281


********** ENPT2 Info **********

Wall Time                   =    4.804
CPU  Time                   =  143.140
CPU / Wall                  =   29.794
ncfg_touched                =             27027504
ncsf_touched                =            148447786
---------------------------------------------------
       var        /  perturbation  /     total     
      -100.26340667/    -0.00154829/  -100.26495496
---------------------------------------------------
Residue Time                =    0.130 ( 0.09%)
Generate connection  record =    6.856 ( 4.79%)
sort connection record      =    5.793 ( 4.05%)
sort calculation record     =   11.582 ( 8.09%)
sort                        =   17.375 (12.14%)
calculation sigma           =   13.656 ( 9.54%)
collect result              =    7.281 ( 5.09%)
Other                       =   97.843 (68.35%)
nWorkDone                   = 227041


********************************



*************** iCI_ENPT(2)_NonRela::Info ***************

____________________________________________________________________________________________________________________________________
   spintwo |   symmetry |       ncfg |       ncsf |            evar |             ept |            etot 
____________________________________________________________________________________________________________________________________
         0 |          0 |       4055 |       6321 |   -100.26340667 |     -0.00154829 |   -100.26495496 
____________________________________________________________________________________________________________________________________


*******************************************************



******************************
* Step   4 Finished          *
* CpuTime  =         893.140 *
* WallTime =          25.040 *
******************************



*************** Begin Hmat_Construction ***************

dimension = 6321
nnz               = 849859
Working Time      : cputime / walltime / effective core 
Total Time        :     1.17 /     0.04 / 31.55
Initialize Time   :     0.08 /     0.00 / 65.50
Calculation Time  :     0.67 /     0.01 / 52.76
Finalize Time     :     0.42 /     0.02 / 18.17


*************** End Hmat_Construction ***************



*************** Begin MatrixDiag ***************

Iteration  :    4
Initial    : 
Init[   0] :   -100.26340667
Eigenvalue : 
Eig[   0]  :   -100.26340667
   CpuTime :           1.300
  WallTime :           0.020
Residue    : 
Res[   0]  :      0.00000373


*************** End MatrixDiag ***************



*************** Begin Selection ***************

Q_Space Dim       : 11979 
Working Time      : cputime / walltime / effective core 
Total Time        :    60.42 /     1.06 / 56.91
Initialize Time   :     0.05 /     0.00 / 64.99
Calculation Time  :    59.97 /     1.05 / 57.35
Finalize Time     :     0.39 /     0.02 / 25.55


*************** End Selection ***************



*************** Begin Hmat_Construction ***************

dimension = 11979
nnz               = 2613717
Working Time      : cputime / walltime / effective core 
Total Time        :     1.60 /     0.04 / 35.97
Initialize Time   :     0.16 /     0.00 / 66.21
Calculation Time  :     1.02 /     0.02 / 54.82
Finalize Time     :     0.42 /     0.02 / 17.94


*************** End Hmat_Construction ***************



*************** Begin MatrixDiag ***************

Iteration  :    9
Initial    : 
Init[   0] :   -100.26340667
Eigenvalue : 
Eig[   0]  :   -100.26377823
   CpuTime :           6.310
  WallTime :           0.101
Residue    : 
Res[   0]  :      0.00004020


*************** End MatrixDiag ***************



*************** Begin Selection ***************

Q_Space Dim       : 12428 
Working Time      : cputime / walltime / effective core 
Total Time        :    62.09 /     1.15 / 54.15
Initialize Time   :     0.05 /     0.00 / 28.34
Calculation Time  :    61.99 /     1.14 / 54.18
Finalize Time     :     0.04 /     0.00 / 61.28


*************** End Selection ***************



*************** Begin Hmat_Construction ***************

dimension = 12428
nnz               = 2753589
Working Time      : cputime / walltime / effective core 
Total Time        :     0.89 /     0.03 / 29.46
Initialize Time   :     0.18 /     0.00 / 63.54
Calculation Time  :     0.29 /     0.01 / 40.87
Finalize Time     :     0.42 /     0.02 / 20.76


*************** End Hmat_Construction ***************



*************** Begin MatrixDiag ***************

Iteration  :    7
Initial    : 
Init[   0] :   -100.26377823
Eigenvalue : 
Eig[   0]  :   -100.26384243
   CpuTime :           4.210
  WallTime :           0.066
Residue    : 
Res[   0]  :      0.00004463


*************** End MatrixDiag ***************



*************** Begin MatrixDiag ***************

Iteration  :    5
Initial    : 
Init[   0] :   -100.26380276
Eigenvalue : 
Eig[   0]  :   -100.26380388
   CpuTime :           2.980
  WallTime :           0.047
Residue    : 
Res[   0]  :      0.00005140


*************** End MatrixDiag ***************

********** Selection_iCI Info **********

iter / ncsf_prime / ncfg_prime / ncsf_Qspace / Similarity / time 
   0 /      8687  /      5451  /     11979  /  0.7270  /    69.030,    1.336 
   1 /      8930  /      5626  /     12428  /  0.9655  /    68.060,    1.367 
Final prune is performed!

***************************************


********** BEGIN PRINT Important cfgspace INFO **********

     ncsf | symmetry |  nstates |  spintwo |     ncfg |   energy 
        0 |        0 |        1 |     8930 |     5626 |   -100.26380388, 


*************** Begin PRINT NONRELA CFGSPACE ***************

spintwo    = 0
irrep      = 0
nstates    = 1
ncfg       =         5626
ncsf       =         8930
ncsf full  =        14128
ndet full  =        48761
ndet eff   =        28304

*********** state  0 ***********
Important ocfg:
    0 222220000000000000000000000000000000000000000000000000000000000000000000000000000000000000000000       0     9.737549e-01  94.819864
    1 222022000000000000000000000000000000000000000000000000000000000000000000000000000000000000000000       0    -7.945939e-02   0.631379
    2 220220200000000000000000000000000000000000000000000000000000000000000000000000000000000000000000       0    -5.023655e-02   0.252371
    3 222200002000000000000000000000000000000000000000000000000000000000000000000000000000000000000000       0    -5.023306e-02   0.252336
    4 222111001000000000000000000000000000000000000000000000000000000000000000000000000000000000000000       0    -4.948047e-02   0.244832
    5 221121100000000000000000000000000000000000000000000000000000000000000000000000000000000000000000       0    -4.947280e-02   0.244756
    6 221210101000000000000000000000000000000000000000000000000000000000000000000000000000000000000000       0    -4.757170e-02   0.226307
    7 221121100000000000000000000000000000000000000000000000000000000000000000000000000000000000000000       1     4.536023e-02   0.205755
    8 222111001000000000000000000000000000000000000000000000000000000000000000000000000000000000000000       1    -4.533277e-02   0.205506
    9 221210101000000000000000000000000000000000000000000000000000000000000000000000000000000000000000       1    -4.490203e-02   0.201619
   10 211220110000000000000000000000000000000000000000000000000000000000000000000000000000000000000000       1    -3.854834e-02   0.148597
   11 212210011000000000000000000000000000000000000000000000000000000000000000000000000000000000000000       1     3.854312e-02   0.148557
   12 221210000001000100000000000000000000000000000000000000000000000000000000000000000000000000000000       0    -3.624907e-02   0.131399
   13 212121010000000000000000000000000000000000000000000000000000000000000000000000000000000000000000       1    -3.257313e-02   0.106101
   14 221120000110000000000000000000000000000000000000000000000000000000000000000000000000000000000000       0    -2.967135e-02   0.088039
   15 222110000100100000000000000000000000000000000000000000000000000000000000000000000000000000000000       0    -2.950805e-02   0.087073
   16 212121010000000000000000000000000000000000000000000000000000000000000000000000000000000000000000       0     2.349982e-02   0.055224
   17 212210011000000000000000000000000000000000000000000000000000000000000000000000000000000000000000       0     2.327344e-02   0.054165
   18 211220110000000000000000000000000000000000000000000000000000000000000000000000000000000000000000       0     2.326278e-02   0.054116
   19 222020000200000000000000000000000000000000000000000000000000000000000000000000000000000000000000       0    -2.156372e-02   0.046499
   20 202220020000000000000000000000000000000000000000000000000000000000000000000000000000000000000000       0    -1.948492e-02   0.037966
   21 222200000000200000000000000000000000000000000000000000000000000000000000000000000000000000000000       0    -1.920422e-02   0.036880
   22 220220000020000000000000000000000000000000000000000000000000000000000000000000000000000000000000       0    -1.918916e-02   0.036822
   23 221210000010100000000000000000000000000000000000000000000000000000000000000000000000000000000000       0    -1.903518e-02   0.036234
   24 221210000100000100000000000000000000000000000000000000000000000000000000000000000000000000000000       1    -1.897898e-02   0.036020
check importance : 8882 / 8930 (   99.46)

****************************


*************** End PRINT NONRELA CFGSPACE ***************



********** END   PRINT Important cfgspace INFO **********



******************************
* Step   5 Finished          *
* CpuTime  =        1037.800 *
* WallTime =          28.025 *
******************************



*************** Begin First_Residue_Update ***************

memory            = 1290624
Working Time      : cputime / walltime / effective core 
Total Time        :     0.08 /     0.00 / 62.80
Initialize Time   :     0.00 /     0.00 / 0.00
Calculation Time  :     0.08 /     0.00 / 64.50
Finalize Time     :     0.00 /     0.00 / 0.00


*************** End First_Residue_Update ***************



*************** Begin Second_Residue_Update ***************

memory            = 2139600
Working Time      : cputime / walltime / effective core 
Total Time        :     0.13 /     0.00 / 64.23
Initialize Time   :     0.00 /     0.00 / 0.00
Calculation Time  :     0.12 /     0.00 / 60.68
Finalize Time     :     0.00 /     0.00 / 0.00


*************** End Second_Residue_Update ***************

Thread label = 16
ept        =     -0.42246066
ene offset =     -0.42132789


********** ENPT2 Info **********

Wall Time                   =    5.573
CPU  Time                   =  184.260
CPU / Wall                  =   33.064
ncfg_touched                =             35292929
ncsf_touched                =            199878263
---------------------------------------------------
       var        /  perturbation  /     total     
      -100.26380388/    -0.00113277/  -100.26493664
---------------------------------------------------
Residue Time                =    0.210 ( 0.11%)
Generate connection  record =    8.023 ( 4.35%)
sort connection record      =    8.837 ( 4.80%)
sort calculation record     =   24.206 (13.14%)
sort                        =   33.043 (17.93%)
calculation sigma           =   21.176 (11.49%)
collect result              =    9.767 ( 5.30%)
Other                       =  112.041 (60.81%)
nWorkDone                   = 227041


********************************



*************** iCI_ENPT(2)_NonRela::Info ***************

____________________________________________________________________________________________________________________________________
   spintwo |   symmetry |       ncfg |       ncsf |            evar |             ept |            etot 
____________________________________________________________________________________________________________________________________
         0 |          0 |       5626 |       8930 |   -100.26380388 |     -0.00113277 |   -100.26493664 
____________________________________________________________________________________________________________________________________


*******************************************************



******************************
* Step   6 Finished          *
* CpuTime  =        1222.100 *
* WallTime =          33.599 *
******************************



*************** Begin Hmat_Construction ***************

dimension = 8930
nnz               = 1428731
Working Time      : cputime / walltime / effective core 
Total Time        :     1.39 /     0.04 / 34.49
Initialize Time   :     0.08 /     0.00 / 64.09
Calculation Time  :     0.87 /     0.02 / 57.43
Finalize Time     :     0.43 /     0.02 / 18.03


*************** End Hmat_Construction ***************



*************** Begin MatrixDiag ***************

Iteration  :    4
Initial    : 
Init[   0] :   -100.26380388
Eigenvalue : 
Eig[   0]  :   -100.26380388
   CpuTime :           1.680
  WallTime :           0.026
Residue    : 
Res[   0]  :      0.00000390


*************** End MatrixDiag ***************



*************** Begin Selection ***************

Q_Space Dim       : 17315 
Working Time      : cputime / walltime / effective core 
Total Time        :    58.75 /     1.41 / 41.67
Initialize Time   :     0.08 /     0.00 / 63.74
Calculation Time  :    58.48 /     1.41 / 41.59
Finalize Time     :     0.17 /     0.00 / 61.28


*************** End Selection ***************



*************** Begin Hmat_Construction ***************

dimension = 17315
nnz               = 4489052
Working Time      : cputime / walltime / effective core 
Total Time        :     2.31 /     0.06 / 39.92
Initialize Time   :     0.16 /     0.00 / 63.89
Calculation Time  :     1.72 /     0.03 / 55.70
Finalize Time     :     0.42 /     0.02 / 17.18


*************** End Hmat_Construction ***************



*************** Begin MatrixDiag ***************

Iteration  :    9
Initial    : 
Init[   0] :   -100.26380388
Eigenvalue : 
Eig[   0]  :   -100.26412834
   CpuTime :           7.920
  WallTime :           0.126
Residue    : 
Res[   0]  :      0.00003864


*************** End MatrixDiag ***************



*************** Begin Selection ***************

Q_Space Dim       : 17374 
Working Time      : cputime / walltime / effective core 
Total Time        :    62.25 /     1.23 / 50.66
Initialize Time   :     0.00 /     0.00 / 0.00
Calculation Time  :    62.22 /     1.23 / 50.76
Finalize Time     :     0.03 /     0.00 / 80.82


*************** End Selection ***************



*************** Begin Hmat_Construction ***************

dimension = 17374
nnz               = 4511494
Working Time      : cputime / walltime / effective core 
Total Time        :     0.80 /     0.03 / 27.62
Initialize Time   :     0.15 /     0.00 / 62.08
Calculation Time  :     0.22 /     0.01 / 33.65
Finalize Time     :     0.42 /     0.02 / 21.03


*************** End Hmat_Construction ***************



*************** Begin MatrixDiag ***************

Iteration  :    4
Initial    : 
Init[   0] :   -100.26412834
Eigenvalue : 
Eig[   0]  :   -100.26413120
   CpuTime :           3.420
  WallTime :           0.056
Residue    : 
Res[   0]  :      0.00005745


*************** End MatrixDiag ***************



*************** Begin MatrixDiag ***************

Iteration  :    5
Initial    : 
Init[   0] :   -100.26410338
Eigenvalue : 
Eig[   0]  :   -100.26410417
   CpuTime :           4.280
  WallTime :           0.068
Residue    : 
Res[   0]  :      0.00004103


*************** End MatrixDiag ***************

********** Selection_iCI Info **********

iter / ncsf_prime / ncfg_prime / ncsf_Qspace / Similarity / time 
   0 /     12592  /      7883  /     17315  /  0.7089  /    69.940,    1.720 
   1 /     12631  /      7907  /     17374  /  0.9966  /    67.520,    1.440 
Final prune is performed!

***************************************


********** BEGIN PRINT Important cfgspace INFO **********

     ncsf | symmetry |  nstates |  spintwo |     ncfg |   energy 
        0 |        0 |        1 |    12631 |     7907 |   -100.26410417, 


*************** Begin PRINT NONRELA CFGSPACE ***************

spintwo    = 0
irrep      = 0
nstates    = 1
ncfg       =         7907
ncsf       =        12631
ncsf full  =        20664
ndet full  =        72384
ndet eff   =        40597

*********** state  0 ***********
Important ocfg:
    0 222220000000000000000000000000000000000000000000000000000000000000000000000000000000000000000000       0     9.736517e-01  94.799763
    1 222022000000000000000000000000000000000000000000000000000000000000000000000000000000000000000000       0    -7.950230e-02   0.632062
    2 220220200000000000000000000000000000000000000000000000000000000000000000000000000000000000000000       0    -5.025192e-02   0.252526
    3 222200002000000000000000000000000000000000000000000000000000000000000000000000000000000000000000       0    -5.024342e-02   0.252440
    4 222111001000000000000000000000000000000000000000000000000000000000000000000000000000000000000000       0    -4.952425e-02   0.245265
    5 221121100000000000000000000000000000000000000000000000000000000000000000000000000000000000000000       0    -4.951429e-02   0.245167
    6 221210101000000000000000000000000000000000000000000000000000000000000000000000000000000000000000       0    -4.763159e-02   0.226877
    7 221121100000000000000000000000000000000000000000000000000000000000000000000000000000000000000000       1     4.538658e-02   0.205994
    8 222111001000000000000000000000000000000000000000000000000000000000000000000000000000000000000000       1    -4.537866e-02   0.205922
    9 221210101000000000000000000000000000000000000000000000000000000000000000000000000000000000000000       1    -4.495200e-02   0.202068
   10 211220110000000000000000000000000000000000000000000000000000000000000000000000000000000000000000       1    -3.857840e-02   0.148829
   11 212210011000000000000000000000000000000000000000000000000000000000000000000000000000000000000000       1     3.856842e-02   0.148752
   12 221210000001000100000000000000000000000000000000000000000000000000000000000000000000000000000000       0    -3.630123e-02   0.131778
   13 212121010000000000000000000000000000000000000000000000000000000000000000000000000000000000000000       1    -3.260053e-02   0.106279
   14 221120000110000000000000000000000000000000000000000000000000000000000000000000000000000000000000       0    -2.970197e-02   0.088221
   15 222110000100100000000000000000000000000000000000000000000000000000000000000000000000000000000000       0    -2.954797e-02   0.087308
   16 212121010000000000000000000000000000000000000000000000000000000000000000000000000000000000000000       0     2.351237e-02   0.055283
   17 212210011000000000000000000000000000000000000000000000000000000000000000000000000000000000000000       0     2.330287e-02   0.054302
   18 211220110000000000000000000000000000000000000000000000000000000000000000000000000000000000000000       0     2.329472e-02   0.054264
   19 222020000200000000000000000000000000000000000000000000000000000000000000000000000000000000000000       0    -2.157417e-02   0.046544
   20 202220020000000000000000000000000000000000000000000000000000000000000000000000000000000000000000       0    -1.949626e-02   0.038010
   21 222200000000200000000000000000000000000000000000000000000000000000000000000000000000000000000000       0    -1.923388e-02   0.036994
   22 220220000020000000000000000000000000000000000000000000000000000000000000000000000000000000000000       0    -1.921817e-02   0.036934
   23 221210000010100000000000000000000000000000000000000000000000000000000000000000000000000000000000       0    -1.908265e-02   0.036415
   24 221210000100000100000000000000000000000000000000000000000000000000000000000000000000000000000000       1    -1.903170e-02   0.036221
check importance : 12574 / 12631 (   99.55)

****************************


*************** End PRINT NONRELA CFGSPACE ***************



********** END   PRINT Important cfgspace INFO **********



******************************
* Step   7 Finished          *
* CpuTime  =        1369.350 *
* WallTime =          37.133 *
******************************



*************** Begin First_Residue_Update ***************

memory            = 1801368
Working Time      : cputime / walltime / effective core 
Total Time        :     0.08 /     0.00 / 54.23
Initialize Time   :     0.00 /     0.00 / 0.00
Calculation Time  :     0.08 /     0.00 / 55.91
Finalize Time     :     0.00 /     0.00 / 0.00


*************** End First_Residue_Update ***************



*************** Begin Second_Residue_Update ***************

memory            = 2954096
Working Time      : cputime / walltime / effective core 
Total Time        :     0.15 /     0.00 / 65.12
Initialize Time   :     0.00 /     0.00 / 0.00
Calculation Time  :     0.14 /     0.00 / 63.20
Finalize Time     :     0.01 /     0.00 / 710.73


*************** End Second_Residue_Update ***************

Thread label = 4
ept        =     -0.42345019
ene offset =     -0.42262565


********** ENPT2 Info **********

Wall Time                   =    6.445
CPU  Time                   =  246.580
CPU / Wall                  =   38.262
ncfg_touched                =             46084701
ncsf_touched                =            269410306
---------------------------------------------------
       var        /  perturbation  /     total     
      -100.26410417/    -0.00082455/  -100.26492871
---------------------------------------------------
Residue Time                =    0.230 ( 0.09%)
Generate connection  record =   10.888 ( 4.42%)
sort connection record      =   14.715 ( 5.97%)
sort calculation record     =   30.780 (12.48%)
sort                        =   45.494 (18.45%)
calculation sigma           =   34.032 (13.80%)
collect result              =   13.744 ( 5.57%)
Other                       =  142.192 (57.67%)
nWorkDone                   = 227041


********************************



*************** iCI_ENPT(2)_NonRela::Info ***************

____________________________________________________________________________________________________________________________________
   spintwo |   symmetry |       ncfg |       ncsf |            evar |             ept |            etot 
____________________________________________________________________________________________________________________________________
         0 |          0 |       7907 |      12631 |   -100.26410417 |     -0.00082455 |   -100.26492871 
____________________________________________________________________________________________________________________________________


*******************************************************



******************************
* Step   8 Finished          *
* CpuTime  =        1615.970 *
* WallTime =          43.579 *
******************************



*************** Begin Hmat_Construction ***************

dimension = 12631
nnz               = 2393045
Working Time      : cputime / walltime / effective core 
Total Time        :     2.56 /     0.09 / 28.28
Initialize Time   :     0.11 /     0.00 / 61.43
Calculation Time  :     1.99 /     0.05 / 42.60
Finalize Time     :     0.45 /     0.04 / 10.73


*************** End Hmat_Construction ***************



*************** Begin MatrixDiag ***************

Iteration  :    3
Initial    : 
Init[   0] :   -100.26410417
Eigenvalue : 
Eig[   0]  :   -100.26410417
   CpuTime :           2.680
  WallTime :           0.044
Residue    : 
Res[   0]  :      0.00000524


*************** End MatrixDiag ***************



*************** Begin Selection ***************

Q_Space Dim       : 28999 
Working Time      : cputime / walltime / effective core 
Total Time        :    63.56 /     1.64 / 38.81
Initialize Time   :     0.02 /     0.00 / 9.22
Calculation Time  :    63.25 /     1.63 / 38.78
Finalize Time     :     0.29 /     0.00 / 65.28


*************** End Selection ***************



*************** Begin Hmat_Construction ***************

dimension = 28999
nnz               = 9586790
Working Time      : cputime / walltime / effective core 
Total Time        :     4.00 /     0.09 / 43.36
Initialize Time   :     0.15 /     0.00 / 64.92
Calculation Time  :     3.44 /     0.06 / 58.47
Finalize Time     :     0.41 /     0.03 / 13.21


*************** End Hmat_Construction ***************



*************** Begin MatrixDiag ***************

Iteration  :    9
Initial    : 
Init[   0] :   -100.26410417
Eigenvalue : 
Eig[   0]  :   -100.26444203
   CpuTime :          11.770
  WallTime :           0.199
Residue    : 
Res[   0]  :      0.00004132


*************** End MatrixDiag ***************



*************** Begin Selection ***************

Q_Space Dim       : 29165 
Working Time      : cputime / walltime / effective core 
Total Time        :    64.66 /     1.49 / 43.40
Initialize Time   :     0.01 /     0.00 / 2.30
Calculation Time  :    64.60 /     1.48 / 43.52
Finalize Time     :     0.05 /     0.00 / 56.24


*************** End Selection ***************



*************** Begin Hmat_Construction ***************

dimension = 29165
nnz               = 9672322
Working Time      : cputime / walltime / effective core 
Total Time        :     0.85 /     0.03 / 26.91
Initialize Time   :     0.16 /     0.00 / 64.24
Calculation Time  :     0.26 /     0.01 / 35.12
Finalize Time     :     0.42 /     0.02 / 19.40


*************** End Hmat_Construction ***************



*************** Begin MatrixDiag ***************

Iteration  :    5
Initial    : 
Init[   0] :   -100.26444203
Eigenvalue : 
Eig[   0]  :   -100.26444556
   CpuTime :           7.630
  WallTime :           0.128
Residue    : 
Res[   0]  :      0.00004096


*************** End MatrixDiag ***************



*************** Begin MatrixDiag ***************

Iteration  :    5
Initial    : 
Init[   0] :   -100.26442811
Eigenvalue : 
Eig[   0]  :   -100.26442862
   CpuTime :           7.920
  WallTime :           0.138
Residue    : 
Res[   0]  :      0.00003266


*************** End MatrixDiag ***************

********** Selection_iCI Info **********

iter / ncsf_prime / ncfg_prime / ncsf_Qspace / Similarity / time 
   0 /     21318  /     13017  /     28999  /  0.5922  /    80.480,    2.066 
   1 /     21434  /     13078  /     29165  /  0.9929  /    73.950,    1.781 
Final prune is performed!

***************************************


********** BEGIN PRINT Important cfgspace INFO **********

     ncsf | symmetry |  nstates |  spintwo |     ncfg |   energy 
        0 |        0 |        1 |    21434 |    13078 |   -100.26442862, 


*************** Begin PRINT NONRELA CFGSPACE ***************

spintwo    = 0
irrep      = 0
nstates    = 1
ncfg       =        13078
ncsf       =        21434
ncsf full  =        34765
ndet full  =       122622
ndet eff   =        69967

*********** state  0 ***********
Important ocfg:
    0 222220000000000000000000000000000000000000000000000000000000000000000000000000000000000000000000       0     9.735345e-01  94.776949
    1 222022000000000000000000000000000000000000000000000000000000000000000000000000000000000000000000       0    -7.953809e-02   0.632631
    2 222200002000000000000000000000000000000000000000000000000000000000000000000000000000000000000000       0    -5.026549e-02   0.252662
    3 220220200000000000000000000000000000000000000000000000000000000000000000000000000000000000000000       0    -5.026130e-02   0.252620
    4 222111001000000000000000000000000000000000000000000000000000000000000000000000000000000000000000       0    -4.957397e-02   0.245758
    5 221121100000000000000000000000000000000000000000000000000000000000000000000000000000000000000000       0    -4.957330e-02   0.245751
    6 221210101000000000000000000000000000000000000000000000000000000000000000000000000000000000000000       0    -4.768168e-02   0.227354
    7 222111001000000000000000000000000000000000000000000000000000000000000000000000000000000000000000       1    -4.543080e-02   0.206396
    8 221121100000000000000000000000000000000000000000000000000000000000000000000000000000000000000000       1     4.543056e-02   0.206394
    9 221210101000000000000000000000000000000000000000000000000000000000000000000000000000000000000000       1    -4.499146e-02   0.202423
   10 211220110000000000000000000000000000000000000000000000000000000000000000000000000000000000000000       1    -3.860215e-02   0.149013
   11 212210011000000000000000000000000000000000000000000000000000000000000000000000000000000000000000       1     3.859379e-02   0.148948
   12 221210000001000100000000000000000000000000000000000000000000000000000000000000000000000000000000       0    -3.632064e-02   0.131919
   13 212121010000000000000000000000000000000000000000000000000000000000000000000000000000000000000000       1    -3.262844e-02   0.106462
   14 221120000110000000000000000000000000000000000000000000000000000000000000000000000000000000000000       0    -2.975226e-02   0.088520
   15 222110000100100000000000000000000000000000000000000000000000000000000000000000000000000000000000       0    -2.959639e-02   0.087595
   16 212121010000000000000000000000000000000000000000000000000000000000000000000000000000000000000000       0     2.352474e-02   0.055341
   17 212210011000000000000000000000000000000000000000000000000000000000000000000000000000000000000000       0     2.333649e-02   0.054459
   18 211220110000000000000000000000000000000000000000000000000000000000000000000000000000000000000000       0     2.333089e-02   0.054433
   19 222020000200000000000000000000000000000000000000000000000000000000000000000000000000000000000000       0    -2.158240e-02   0.046580
   20 202220020000000000000000000000000000000000000000000000000000000000000000000000000000000000000000       0    -1.949844e-02   0.038019
   21 222200000000200000000000000000000000000000000000000000000000000000000000000000000000000000000000       0    -1.925819e-02   0.037088
   22 220220000020000000000000000000000000000000000000000000000000000000000000000000000000000000000000       0    -1.924060e-02   0.037020
   23 221210000010100000000000000000000000000000000000000000000000000000000000000000000000000000000000       0    -1.914379e-02   0.036648
   24 221210000100000100000000000000000000000000000000000000000000000000000000000000000000000000000000       1    -1.907602e-02   0.036389
check importance : 21306 / 21434 (   99.40)

****************************


*************** End PRINT NONRELA CFGSPACE ***************



********** END   PRINT Important cfgspace INFO **********



******************************
* Step   9 Finished          *
* CpuTime  =        1786.530 *
* WallTime =          48.095 *
******************************



*************** Begin First_Residue_Update ***************

memory            = 2895744
Working Time      : cputime / walltime / effective core 
Total Time        :     0.14 /     0.00 / 56.40
Initialize Time   :     0.00 /     0.00 / 0.00
Calculation Time  :     0.14 /     0.00 / 57.52
Finalize Time     :     0.00 /     0.00 / 0.00


*************** End First_Residue_Update ***************



*************** Begin Second_Residue_Update ***************

memory            = 4667456
Working Time      : cputime / walltime / effective core 
Total Time        :     0.23 /     0.00 / 63.30
Initialize Time   :     0.00 /     0.00 / 0.00
Calculation Time  :     0.23 /     0.00 / 64.89
Finalize Time     :     0.00 /     0.00 / 0.00


*************** End Second_Residue_Update ***************

Thread label = 6
ept        =     -0.42460185
ene offset =     -0.42410574


********** ENPT2 Info **********

Wall Time                   =    9.808
CPU  Time                   =  393.080
CPU / Wall                  =   40.076
ncfg_touched                =             66238959
ncsf_touched                =            395175015
---------------------------------------------------
       var        /  perturbation  /     total     
      -100.26442862/    -0.00049611/  -100.26492473
---------------------------------------------------
Residue Time                =    0.370 ( 0.09%)
Generate connection  record =   17.180 ( 4.37%)
sort connection record      =   27.020 ( 6.87%)
sort calculation record     =   73.369 (18.67%)
sort                        =  100.389 (25.54%)
calculation sigma           =   62.018 (15.78%)
collect result              =   20.696 ( 5.27%)
Other                       =  192.427 (48.95%)
nWorkDone                   = 227041


********************************



*************** iCI_ENPT(2)_NonRela::Info ***************

____________________________________________________________________________________________________________________________________
   spintwo |   symmetry |       ncfg |       ncsf |            evar |             ept |            etot 
____________________________________________________________________________________________________________________________________
         0 |          0 |      13078 |      21434 |   -100.26442862 |     -0.00049611 |   -100.26492473 
____________________________________________________________________________________________________________________________________


*******************************************************



******************************
* Step  10 Finished          *
* CpuTime  =        2179.640 *
* WallTime =          57.903 *
******************************



*************** Begin Hmat_Construction ***************

dimension = 21434
nnz               = 5287184
Working Time      : cputime / walltime / effective core 
Total Time        :     3.59 /     0.10 / 34.69
Initialize Time   :     0.10 /     0.00 / 59.70
Calculation Time  :     3.02 /     0.05 / 56.44
Finalize Time     :     0.46 /     0.05 / 9.54


*************** End Hmat_Construction ***************



*************** Begin MatrixDiag ***************

Iteration  :    3
Initial    : 
Init[   0] :   -100.26442862
Eigenvalue : 
Eig[   0]  :   -100.26442862
   CpuTime :           3.110
  WallTime :           0.052
Residue    : 
Res[   0]  :      0.00000511


*************** End MatrixDiag ***************



*************** Begin Selection ***************

Q_Space Dim       : 53643 
Working Time      : cputime / walltime / effective core 
Total Time        :    65.29 /     1.69 / 38.68
Initialize Time   :     0.14 /     0.00 / 35.93
Calculation Time  :    64.73 /     1.68 / 38.64
Finalize Time     :     0.41 /     0.01 / 45.92


*************** End Selection ***************



*************** Begin Hmat_Construction ***************

dimension = 53643
nnz               = 23341251
Working Time      : cputime / walltime / effective core 
Total Time        :     8.66 /     0.28 / 30.45
Initialize Time   :     0.15 /     0.00 / 62.69
Calculation Time  :     8.00 /     0.17 / 47.73
Finalize Time     :     0.50 /     0.11 / 4.37


*************** End Hmat_Construction ***************



*************** Begin MatrixDiag ***************

Iteration  :    8
Initial    : 
Init[   0] :   -100.26442862
Eigenvalue : 
Eig[   0]  :   -100.26467585
   CpuTime :          16.620
  WallTime :           0.357
Residue    : 
Res[   0]  :      0.00006887


*************** End MatrixDiag ***************



*************** Begin Selection ***************

Q_Space Dim       : 53952 
Working Time      : cputime / walltime / effective core 
Total Time        :    69.66 /     1.87 / 37.19
Initialize Time   :     0.01 /     0.01 / 0.78
Calculation Time  :    69.35 /     1.86 / 37.37
Finalize Time     :     0.31 /     0.00 / 62.49


*************** End Selection ***************



*************** Begin Hmat_Construction ***************

dimension = 53952
nnz               = 23546423
Working Time      : cputime / walltime / effective core 
Total Time        :     1.02 /     0.04 / 23.60
Initialize Time   :     0.24 /     0.00 / 64.22
Calculation Time  :     0.36 /     0.01 / 36.94
Finalize Time     :     0.42 /     0.03 / 14.15


*************** End Hmat_Construction ***************



*************** Begin MatrixDiag ***************

Iteration  :    4
Initial    : 
Init[   0] :   -100.26467585
Eigenvalue : 
Eig[   0]  :   -100.26467760
   CpuTime :           9.210
  WallTime :           0.175
Residue    : 
Res[   0]  :      0.00006093


*************** End MatrixDiag ***************



*************** Begin MatrixDiag ***************

Iteration  :    4
Initial    : 
Init[   0] :   -100.26466970
Eigenvalue : 
Eig[   0]  :   -100.26466993
   CpuTime :           9.200
  WallTime :           0.186
Residue    : 
Res[   0]  :      0.00005116


*************** End MatrixDiag ***************

********** Selection_iCI Info **********

iter / ncsf_prime / ncfg_prime / ncsf_Qspace / Similarity / time 
   0 /     40961  /     23933  /     53643  /  0.5232  /    92.290,    2.492 
   1 /     41129  /     24023  /     53952  /  0.9945  /    80.860,    2.402 
Final prune is performed!

***************************************


********** BEGIN PRINT Important cfgspace INFO **********

     ncsf | symmetry |  nstates |  spintwo |     ncfg |   energy 
        0 |        0 |        1 |    41129 |    24023 |   -100.26466993, 


*************** Begin PRINT NONRELA CFGSPACE ***************

spintwo    = 0
irrep      = 0
nstates    = 1
ncfg       =        24023
ncsf       =        41129
ncsf full  =        66770
ndet full  =       239890
ndet eff   =       136989

*********** state  0 ***********
Important ocfg:
    0 222220000000000000000000000000000000000000000000000000000000000000000000000000000000000000000000       0    -9.734429e-01  94.759109
    1 222022000000000000000000000000000000000000000000000000000000000000000000000000000000000000000000       0     7.955181e-02   0.632849
    2 222200002000000000000000000000000000000000000000000000000000000000000000000000000000000000000000       0     5.027691e-02   0.252777
    3 220220200000000000000000000000000000000000000000000000000000000000000000000000000000000000000000       0     5.027484e-02   0.252756
    4 221121100000000000000000000000000000000000000000000000000000000000000000000000000000000000000000       0     4.962786e-02   0.246292
    5 222111001000000000000000000000000000000000000000000000000000000000000000000000000000000000000000       0     4.962695e-02   0.246283
    6 221210101000000000000000000000000000000000000000000000000000000000000000000000000000000000000000       0     4.772651e-02   0.227782
    7 222111001000000000000000000000000000000000000000000000000000000000000000000000000000000000000000       1     4.546004e-02   0.206662
    8 221121100000000000000000000000000000000000000000000000000000000000000000000000000000000000000000       1    -4.545881e-02   0.206650
    9 221210101000000000000000000000000000000000000000000000000000000000000000000000000000000000000000       1     4.502361e-02   0.202713
   10 211220110000000000000000000000000000000000000000000000000000000000000000000000000000000000000000       1     3.862197e-02   0.149166
   11 212210011000000000000000000000000000000000000000000000000000000000000000000000000000000000000000       1    -3.861659e-02   0.149124
   12 221210000001000100000000000000000000000000000000000000000000000000000000000000000000000000000000       0     3.634299e-02   0.132081
   13 212121010000000000000000000000000000000000000000000000000000000000000000000000000000000000000000       1     3.265055e-02   0.106606
   14 221120000110000000000000000000000000000000000000000000000000000000000000000000000000000000000000       0     2.977837e-02   0.088675
   15 222110000100100000000000000000000000000000000000000000000000000000000000000000000000000000000000       0     2.962575e-02   0.087769
   16 212121010000000000000000000000000000000000000000000000000000000000000000000000000000000000000000       0    -2.353669e-02   0.055398
   17 212210011000000000000000000000000000000000000000000000000000000000000000000000000000000000000000       0    -2.335440e-02   0.054543
   18 211220110000000000000000000000000000000000000000000000000000000000000000000000000000000000000000       0    -2.334892e-02   0.054517
   19 222020000200000000000000000000000000000000000000000000000000000000000000000000000000000000000000       0     2.159011e-02   0.046613
   20 202220020000000000000000000000000000000000000000000000000000000000000000000000000000000000000000       0     1.950308e-02   0.038037
   21 222200000000200000000000000000000000000000000000000000000000000000000000000000000000000000000000       0     1.927114e-02   0.037138
   22 220220000020000000000000000000000000000000000000000000000000000000000000000000000000000000000000       0     1.925446e-02   0.037073
   23 221210000010100000000000000000000000000000000000000000000000000000000000000000000000000000000000       0     1.917116e-02   0.036753
   24 221210000100000100000000000000000000000000000000000000000000000000000000000000000000000000000000       1     1.911002e-02   0.036519
check importance : 40915 / 41129 (   99.48)

****************************


*************** End PRINT NONRELA CFGSPACE ***************



********** END   PRINT Important cfgspace INFO **********



******************************
* Step  11 Finished          *
* CpuTime  =        2373.270 *
* WallTime =          63.877 *
******************************



*************** Begin First_Residue_Update ***************

memory            = 5094872
Working Time      : cputime / walltime / effective core 
Total Time        :     0.25 /     0.00 / 57.44
Initialize Time   :     0.00 /     0.00 / 0.00
Calculation Time  :     0.25 /     0.00 / 58.03
Finalize Time     :     0.00 /     0.00 / 0.00


*************** End First_Residue_Update ***************



*************** Begin Second_Residue_Update ***************

memory            = 8013080
Working Time      : cputime / walltime / effective core 
Total Time        :     0.45 /     0.01 / 65.26
Initialize Time   :     0.00 /     0.00 / 0.00
Calculation Time  :     0.43 /     0.01 / 63.06
Finalize Time     :     0.00 /     0.00 / 0.00


*************** End Second_Residue_Update ***************

Thread label = 8
ept        =     -0.42553736
ene offset =     -0.42528177


********** ENPT2 Info **********

Wall Time                   =   15.756
CPU  Time                   =  747.520
CPU / Wall                  =   47.444
ncfg_touched                =            100732454
ncsf_touched                =            624720783
---------------------------------------------------
       var        /  perturbation  /     total     
      -100.26466993/    -0.00025559/  -100.26492552
---------------------------------------------------
Residue Time                =    0.700 ( 0.09%)
Generate connection  record =   28.858 ( 3.86%)
sort connection record      =   51.839 ( 6.93%)
sort calculation record     =  203.633 (27.24%)
sort                        =  255.472 (34.18%)
calculation sigma           =  132.745 (17.76%)
collect result              =   35.193 ( 4.71%)
Other                       =  294.552 (39.40%)
nWorkDone                   = 227041


********************************



*************** iCI_ENPT(2)_NonRela::Info ***************

____________________________________________________________________________________________________________________________________
   spintwo |   symmetry |       ncfg |       ncsf |            evar |             ept |            etot 
____________________________________________________________________________________________________________________________________
         0 |          0 |      24023 |      41129 |   -100.26466993 |     -0.00025559 |   -100.26492552 
____________________________________________________________________________________________________________________________________


*******************************************************



******************************
* Step  12 Finished          *
* CpuTime  =        3120.820 *
* WallTime =          79.634 *
******************************



*************** Begin Hmat_Construction ***************

dimension = 41129
nnz               = 13987997
Working Time      : cputime / walltime / effective core 
Total Time        :     6.41 /     0.18 / 36.21
Initialize Time   :     0.13 /     0.00 / 58.75
Calculation Time  :     5.80 /     0.10 / 56.26
Finalize Time     :     0.47 /     0.07 / 6.56


*************** End Hmat_Construction ***************



*************** Begin MatrixDiag ***************

Iteration  :    3
Initial    : 
Init[   0] :   -100.26466993
Eigenvalue : 
Eig[   0]  :   -100.26466993
   CpuTime :           5.600
  WallTime :           0.095
Residue    : 
Res[   0]  :      0.00000746


*************** End MatrixDiag ***************



*************** Begin Selection ***************

Q_Space Dim       : 82393 
Working Time      : cputime / walltime / effective core 
Total Time        :    69.49 /     1.85 / 37.63
Initialize Time   :     0.01 /     0.01 / 1.66
Calculation Time  :    69.04 /     1.83 / 37.80
Finalize Time     :     0.43 /     0.01 / 30.77


*************** End Selection ***************



*************** Begin Hmat_Construction ***************

dimension = 82393
nnz               = 42366002
Working Time      : cputime / walltime / effective core 
Total Time        :    12.08 /     0.33 / 36.79
Initialize Time   :     0.16 /     0.00 / 64.46
Calculation Time  :    11.42 /     0.23 / 50.54
Finalize Time     :     0.50 /     0.10 / 5.01


*************** End Hmat_Construction ***************



*************** Begin MatrixDiag ***************

Iteration  :    8
Initial    : 
Init[   0] :   -100.26466993
Eigenvalue : 
Eig[   0]  :   -100.26477606
   CpuTime :          21.600
  WallTime :           0.413
Residue    : 
Res[   0]  :      0.00003960


*************** End MatrixDiag ***************



*************** Begin Selection ***************

Q_Space Dim       : 82696 
Working Time      : cputime / walltime / effective core 
Total Time        :    74.82 /     2.58 / 28.96
Initialize Time   :     0.01 /     0.02 / 0.62
Calculation Time  :    74.59 /     2.56 / 29.09
Finalize Time     :     0.22 /     0.00 / 62.85


*************** End Selection ***************



*************** Begin Hmat_Construction ***************

dimension = 82696
nnz               = 42602062
Working Time      : cputime / walltime / effective core 
Total Time        :     1.04 /     0.04 / 29.49
Initialize Time   :     0.18 /     0.00 / 63.74
Calculation Time  :     0.42 /     0.01 / 42.10
Finalize Time     :     0.44 /     0.02 / 19.63


*************** End Hmat_Construction ***************



*************** Begin MatrixDiag ***************

Iteration  :    3
Initial    : 
Init[   0] :   -100.26477606
Eigenvalue : 
Eig[   0]  :   -100.26477671
   CpuTime :           9.300
  WallTime :           0.189
Residue    : 
Res[   0]  :      0.00008909


*************** End MatrixDiag ***************



*************** Begin MatrixDiag ***************

Iteration  :    3
Initial    : 
Init[   0] :   -100.26477245
Eigenvalue : 
Eig[   0]  :   -100.26477257
   CpuTime :           8.510
  WallTime :           0.155
Residue    : 
Res[   0]  :      0.00008046


*************** End MatrixDiag ***************

********** Selection_iCI Info **********

iter / ncsf_prime / ncfg_prime / ncsf_Qspace / Similarity / time 
   0 /     64635  /     36579  /     82393  /  0.6362  /   104.500,    2.750 
   1 /     64830  /     36692  /     82696  /  0.9958  /    86.150,    2.989 
Final prune is performed!

***************************************


********** BEGIN PRINT Important cfgspace INFO **********

     ncsf | symmetry |  nstates |  spintwo |     ncfg |   energy 
        0 |        0 |        1 |    64830 |    36692 |   -100.26477257, 


*************** Begin PRINT NONRELA CFGSPACE ***************

spintwo    = 0
irrep      = 0
nstates    = 1
ncfg       =        36692
ncsf       =        64830
ncsf full  =       106236
ndet full  =       386831
ndet eff   =       219860

*********** state  0 ***********
Important ocfg:
    0 222220000000000000000000000000000000000000000000000000000000000000000000000000000000000000000000       0     9.734008e-01  94.750921
    1 222022000000000000000000000000000000000000000000000000000000000000000000000000000000000000000000       0    -7.955786e-02   0.632945
    2 222200002000000000000000000000000000000000000000000000000000000000000000000000000000000000000000       0    -5.028461e-02   0.252854
    3 220220200000000000000000000000000000000000000000000000000000000000000000000000000000000000000000       0    -5.028362e-02   0.252844
    4 221121100000000000000000000000000000000000000000000000000000000000000000000000000000000000000000       0    -4.964907e-02   0.246503
    5 222111001000000000000000000000000000000000000000000000000000000000000000000000000000000000000000       0    -4.964763e-02   0.246489
    6 221210101000000000000000000000000000000000000000000000000000000000000000000000000000000000000000       0    -4.775003e-02   0.228007
    7 222111001000000000000000000000000000000000000000000000000000000000000000000000000000000000000000       1    -4.547405e-02   0.206789
    8 221121100000000000000000000000000000000000000000000000000000000000000000000000000000000000000000       1     4.547393e-02   0.206788
    9 221210101000000000000000000000000000000000000000000000000000000000000000000000000000000000000000       1    -4.503801e-02   0.202842
   10 211220110000000000000000000000000000000000000000000000000000000000000000000000000000000000000000       1    -3.863252e-02   0.149247
   11 212210011000000000000000000000000000000000000000000000000000000000000000000000000000000000000000       1     3.862576e-02   0.149195
   12 221210000001000100000000000000000000000000000000000000000000000000000000000000000000000000000000       0    -3.635386e-02   0.132160
   13 212121010000000000000000000000000000000000000000000000000000000000000000000000000000000000000000       1    -3.265856e-02   0.106658
   14 221120000110000000000000000000000000000000000000000000000000000000000000000000000000000000000000       0    -2.979525e-02   0.088776
   15 222110000100100000000000000000000000000000000000000000000000000000000000000000000000000000000000       0    -2.964160e-02   0.087862
   16 212121010000000000000000000000000000000000000000000000000000000000000000000000000000000000000000       0     2.354456e-02   0.055435
   17 212210011000000000000000000000000000000000000000000000000000000000000000000000000000000000000000       0     2.336117e-02   0.054574
   18 211220110000000000000000000000000000000000000000000000000000000000000000000000000000000000000000       0     2.335600e-02   0.054550
   19 222020000200000000000000000000000000000000000000000000000000000000000000000000000000000000000000       0    -2.159444e-02   0.046632
   20 202220020000000000000000000000000000000000000000000000000000000000000000000000000000000000000000       0    -1.950375e-02   0.038040
   21 222200000000200000000000000000000000000000000000000000000000000000000000000000000000000000000000       0    -1.927707e-02   0.037161
   22 220220000020000000000000000000000000000000000000000000000000000000000000000000000000000000000000       0    -1.926067e-02   0.037097
   23 221210000010100000000000000000000000000000000000000000000000000000000000000000000000000000000000       0    -1.918405e-02   0.036803
   24 221210000100000100000000000000000000000000000000000000000000000000000000000000000000000000000000       1    -1.912406e-02   0.036573
check importance : 64556 / 64830 (   99.58)

****************************


*************** End PRINT NONRELA CFGSPACE ***************



********** END   PRINT Important cfgspace INFO **********



******************************
* Step  13 Finished          *
* CpuTime  =        3336.100 *
* WallTime =          86.886 *
******************************



*************** Begin First_Residue_Update ***************

memory            = 7576568
Working Time      : cputime / walltime / effective core 
Total Time        :     0.37 /     0.01 / 60.86
Initialize Time   :     0.00 /     0.00 / 0.00
Calculation Time  :     0.37 /     0.01 / 61.52
Finalize Time     :     0.00 /     0.00 / 0.00


*************** End First_Residue_Update ***************



*************** Begin Second_Residue_Update ***************

memory            = 11709400
Working Time      : cputime / walltime / effective core 
Total Time        :     0.60 /     0.01 / 64.43
Initialize Time   :     0.00 /     0.00 / 0.00
Calculation Time  :     0.59 /     0.01 / 63.84
Finalize Time     :     0.01 /     0.00 / 1261.07


*************** End Second_Residue_Update ***************

Thread label = 25
ept        =     -0.42598143
ene offset =     -0.42582747


********** ENPT2 Info **********

Wall Time                   =   21.460
CPU  Time                   = 1279.810
CPU / Wall                  =   59.636
ncfg_touched                =            136813425
ncsf_touched                =            878295643
---------------------------------------------------
       var        /  perturbation  /     total     
      -100.26477257/    -0.00015396/  -100.26492653
---------------------------------------------------
Residue Time                =    0.980 ( 0.08%)
Generate connection  record =   39.545 ( 3.09%)
sort connection record      =   80.289 ( 6.27%)
sort calculation record     =  512.821 (40.07%)
sort                        =  593.110 (46.34%)
calculation sigma           =  183.997 (14.38%)
collect result              =   64.009 ( 5.00%)
Other                       =  398.170 (31.11%)
nWorkDone                   = 227041


********************************



*************** iCI_ENPT(2)_NonRela::Info ***************

____________________________________________________________________________________________________________________________________
   spintwo |   symmetry |       ncfg |       ncsf |            evar |             ept |            etot 
____________________________________________________________________________________________________________________________________
         0 |          0 |      36692 |      64830 |   -100.26477257 |     -0.00015396 |   -100.26492653 
____________________________________________________________________________________________________________________________________


*******************************************************



******************************
* Step  14 Finished          *
* CpuTime  =        4616.030 *
* WallTime =         108.348 *
******************************



******************************
* Step  15 Finished          *
* CpuTime  =        4616.110 *
* WallTime =         108.349 *
******************************

