****************************************************************************
*********** Iteractive Configuration Interaction with Selection  ***********
     AUTHOR : NING ZHANG   , QiTCS, 100871, ningzhang1024@gmail.com        
     AUTHOR : QINGPENG WANG, QiTCS 
****************************************************************************



**************************************
*********** Print TaskInfo ***********
**************************************

 Spintwo / Irrep / nStates / OuterWeight / Weight
____________________________________
        0/      0/        1/     1.000000     1.00000000 
____________________________________


**************************************
***************  END  ****************
**************************************



******** Print Parameter ******* 

********** Basic Info **********

Selection Algorithm            = SiCI with iCI Criterion
Diagonization Algorithm        = LOBPCG
Initial Guess                  = CASCI
Perturbation                   = Default
Reduced Density Matrix         = Do not calculate RDMs
********** Cnotrol Info **********

Similarity Control                           = 0.950000
energy convergence tolerance for iCI (ETOL)  = 0.000000
Cmin Schedule                (CMIN_SCHEDULE) = 1.0000e-04 7.0000e-05 5.0000e-05 3.0000e-05 1.5000e-05 9.0000e-06 

**********  End  Parameter **********



********** Calculation Procedure **********


The number of steps of calculation procedure = 16

Step   0 : iCI_Initialization with CASCI and cmin =       1.000e-04
Step   1 : SiCI with iCI Criterion with Cmin =       1.000e-03
Step   2 : Generating Natural Orbitals with Cmin =       1.000e-04
Step   3 : SiCI with iCI Criterion with Cmin =       1.000e-04
Step   4 : Perturbation Correction -- ENPT(2)
Step   5 : SiCI with iCI Criterion with Cmin =       7.000e-05
Step   6 : Perturbation Correction -- ENPT(2)
Step   7 : SiCI with iCI Criterion with Cmin =       5.000e-05
Step   8 : Perturbation Correction -- ENPT(2)
Step   9 : SiCI with iCI Criterion with Cmin =       3.000e-05
Step  10 : Perturbation Correction -- ENPT(2)
Step  11 : SiCI with iCI Criterion with Cmin =       1.500e-05
Step  12 : Perturbation Correction -- ENPT(2)
Step  13 : SiCI with iCI Criterion with Cmin =       9.000e-06
Step  14 : Perturbation Correction -- ENPT(2)
Step  15 : PostProcess -- WriteOut .enedat File


*******************************************



*************** Begin Hmat_Construction ***************

dimension = 35793
nnz               = 19957411
Working Time      : cputime / walltime / effective core 
Total Time        :     9.25 /     0.25 / 36.64
Initialize Time   :     0.17 /     0.00 / 65.22
Calculation Time  :     8.47 /     0.15 / 54.91
Finalize Time     :     0.61 /     0.10 / 6.38


*************** End Hmat_Construction ***************



*************** Begin MatrixDiag ***************

Iteration  :    6
Initial    : 
Init[   0] :    -76.04162241
Eigenvalue : 
Eig[   0]  :    -76.04269222
   CpuTime :          27.210
  WallTime :           0.630
Residue    : 
Res[   0]  :      0.00001225


*************** End MatrixDiag ***************



*************** Begin MatrixDiag ***************

Iteration  :    3
Initial    : 
Init[   0] :    -76.04268568
Eigenvalue : 
Eig[   0]  :    -76.04268578
   CpuTime :           5.090
  WallTime :           0.083
Residue    : 
Res[   0]  :      0.00001877


*************** End MatrixDiag ***************



********** INITIAL GUESS INFO **********

+----------+----------+----------+----------+----------+-------------------+
|     ncsf | symmetry |  nstates |  spintwo |     ncfg |            energy |
+----------+----------+----------+----------+----------+-------------------+
|        0 |        0 |        1 |      452 |      356 |      -76.04268578 |
+----------+----------+----------+----------+----------+-------------------+


****************************************




******************************
* Step   0 Finished          *
* CpuTime  =          43.350 *
* WallTime =           1.014 *
******************************



*************** Begin Hmat_Construction ***************

dimension = 452
nnz               = 25849
Working Time      : cputime / walltime / effective core 
Total Time        :     0.67 /     0.03 / 24.70
Initialize Time   :     0.07 /     0.00 / 62.24
Calculation Time  :     0.19 /     0.00 / 42.22
Finalize Time     :     0.41 /     0.02 / 19.09


*************** End Hmat_Construction ***************



*************** Begin MatrixDiag ***************

Iteration  :    3
Initial    : 
Init[   0] :    -76.04268578
Eigenvalue : 
Eig[   0]  :    -76.04268578
   CpuTime :           0.110
  WallTime :           0.002
Residue    : 
Res[   0]  :      0.00000010


*************** End MatrixDiag ***************



*************** Begin Selection ***************

Q_Space Dim       : 6652 
Working Time      : cputime / walltime / effective core 
Total Time        :    60.55 /     1.02 / 59.31
Initialize Time   :     0.00 /     0.00 / 0.00
Calculation Time  :    60.49 /     1.02 / 59.31
Finalize Time     :     0.06 /     0.00 / 61.40


*************** End Selection ***************



*************** Begin Hmat_Construction ***************

dimension = 6652
nnz               = 2364441
Working Time      : cputime / walltime / effective core 
Total Time        :     1.86 /     0.05 / 38.45
Initialize Time   :     0.16 /     0.00 / 63.94
Calculation Time  :     1.29 /     0.02 / 60.76
Finalize Time     :     0.41 /     0.02 / 16.66


*************** End Hmat_Construction ***************



*************** Begin MatrixDiag ***************

Iteration  :    7
Initial    : 
Init[   0] :    -76.04268578
Eigenvalue : 
Eig[   0]  :    -76.24918344
   CpuTime :           2.580
  WallTime :           0.041
Residue    : 
Res[   0]  :      0.00004754


*************** End MatrixDiag ***************



*************** Begin Selection ***************

Q_Space Dim       : 6655 
Working Time      : cputime / walltime / effective core 
Total Time        :    60.65 /     1.03 / 59.12
Initialize Time   :     0.06 /     0.00 / 66.93
Calculation Time  :    60.57 /     1.02 / 59.12
Finalize Time     :     0.02 /     0.00 / 81.55


*************** End Selection ***************



*************** Begin Hmat_Construction ***************

dimension = 6655
nnz               = 2373478
Working Time      : cputime / walltime / effective core 
Total Time        :     0.85 /     0.03 / 29.40
Initialize Time   :     0.17 /     0.00 / 62.53
Calculation Time  :     0.25 /     0.01 / 49.87
Finalize Time     :     0.42 /     0.02 / 19.88


*************** End Hmat_Construction ***************



*************** Begin MatrixDiag ***************

Iteration  :    6
Initial    : 
Init[   0] :    -76.24918344
Eigenvalue : 
Eig[   0]  :    -76.24942678
   CpuTime :           3.090
  WallTime :           0.048
Residue    : 
Res[   0]  :      0.00004306


*************** End MatrixDiag ***************



*************** Begin MatrixDiag ***************

Iteration  :    5
Initial    : 
Init[   0] :    -76.24722946
Eigenvalue : 
Eig[   0]  :    -76.24724153
   CpuTime :           2.470
  WallTime :           0.039
Residue    : 
Res[   0]  :      0.00002807


*************** End MatrixDiag ***************

********** Selection_iCI Info **********

iter / ncsf_prime / ncfg_prime / ncsf_Qspace / Similarity / time 
   0 /      5613  /      4339  /      6652  /  0.0212  /    65.900,    1.242 
   1 /      5606  /      4339  /      6655  /  0.9948  /    65.410,    1.231 
Final prune is performed!

***************************************


********** BEGIN PRINT Important cfgspace INFO **********

     ncsf | symmetry |  nstates |  spintwo |     ncfg |   energy 
        0 |        0 |        1 |     5606 |     4339 |    -76.24724153, 


*************** Begin PRINT NONRELA CFGSPACE ***************

spintwo    = 0
irrep      = 0
nstates    = 1
ncfg       =         4339
ncsf       =         5606
ncsf full  =         7024
ndet full  =        19227
ndet eff   =        14973

*********** state  0 ***********
Important ocfg:
    0 222220000000000000000000000000000000000000000000000000000000000000000000000000000000000000000000       0     9.733231e-01  94.735782
    1 220220000000000000000000000000000200000000000000000000000000000000000000000000000000000000000000       0    -2.286044e-02   0.052260
    2 220220000000000001000000000000000100000000000000000000000000000000000000000000000000000000000000       0    -2.285837e-02   0.052251
    3 221210000000000000000000000000000000100100000000000000000000000000000000000000000000000000000000       0     2.033247e-02   0.041341
    4 221120000000000000000000000000000100100000000000000000000000000000000000000000000000000000000000       1    -1.916337e-02   0.036723
    5 222020000000000000000000000000000200000000000000000000000000000000000000000000000000000000000000       0    -1.865034e-02   0.034784
    6 222020000000000001000000000000000100000000000000000000000000000000000000000000000000000000000000       0    -1.823881e-02   0.033265
    7 220220000000000002000000000000000000000000000000000000000000000000000000000000000000000000000000       0    -1.628994e-02   0.026536
    8 220220000000000001000000000000010000000000000000000000000000000000000000000000000000000000000000       0     1.613132e-02   0.026022
    9 220220000000000000000000000000000000200000000000000000000000000000000000000000000000000000000000       0    -1.471394e-02   0.021650
   10 222020000000000000000000000000000000000000000000020000000000000000000000000000000000000000000000       0    -1.462084e-02   0.021377
   11 222110000000000000000000000000000000010001000000000000000000000000000000000000000000000000000000       0    -1.448533e-02   0.020982
   12 221120000000000000000000000000000100000001000000000000000000000000000000000000000000000000000000       0    -1.379741e-02   0.019037
   13 220220000000000000000000000000010100000000000000000000000000000000000000000000000000000000000000       0    -1.363294e-02   0.018586
   14 222110000000000000000000000000000100000100000000000000000000000000000000000000000000000000000000       0    -1.335680e-02   0.017840
   15 222210000000010000000000000000000000000000000000000000000000000000000000000000000000000000000000       0    -1.335502e-02   0.017836
   16 222020000000000000000000000000000000000002000000000000000000000000000000000000000000000000000000       0    -1.316831e-02   0.017340
   17 222110000000000000000000000000000100000100000000000000000000000000000000000000000000000000000000       1    -1.284030e-02   0.016487
   18 221120000000000001000000000000000000100000000000000000000000000000000000000000000000000000000000       1     1.281199e-02   0.016415
   19 222200000000000000000000000000000000000200000000000000000000000000000000000000000000000000000000       0    -1.271071e-02   0.016156
   20 220220000000001000000000000000010000000000000000000000000000000000000000000000000000000000000000       0    -1.270945e-02   0.016153
   21 222110000000000000000000000000000000000000000000011000000000000000000000000000000000000000000000       0     1.262591e-02   0.015941
   22 220220000000001001000000000000000000000000000000000000000000000000000000000000000000000000000000       0    -1.250426e-02   0.015636
   23 222110000000000000000000000000000000000000000000020000000000000000000000000000000000000000000000       0     1.222264e-02   0.014939
   24 222200000000000000000000000000000000000000000000002000000000000000000000000000000000000000000000       0    -1.177002e-02   0.013853
check importance : 5577 / 5606 (   99.48)

****************************


*************** End PRINT NONRELA CFGSPACE ***************



********** END   PRINT Important cfgspace INFO **********



******************************
* Step   1 Finished          *
* CpuTime  =         179.400 *
* WallTime =           3.671 *
******************************



*************** Begin Hmat_Construction ***************

dimension = 5606
nnz               = 1783273
Working Time      : cputime / walltime / effective core 
Total Time        :     1.51 /     0.04 / 35.14
Initialize Time   :     0.08 /     0.00 / 58.52
Calculation Time  :     1.01 /     0.02 / 58.59
Finalize Time     :     0.41 /     0.02 / 16.86


*************** End Hmat_Construction ***************



*************** Begin MatrixDiag ***************

Iteration  :    3
Initial    : 
Init[   0] :    -76.24724153
Eigenvalue : 
Eig[   0]  :    -76.24724153
   CpuTime :           0.900
  WallTime :           0.014
Residue    : 
Res[   0]  :      0.00000034


*************** End MatrixDiag ***************



*************** Begin Selection ***************

Q_Space Dim       : 28125 
Working Time      : cputime / walltime / effective core 
Total Time        :    62.42 /     1.25 / 49.83
Initialize Time   :     0.07 /     0.00 / 58.67
Calculation Time  :    62.05 /     1.25 / 49.77
Finalize Time     :     0.29 /     0.00 / 62.82


*************** End Selection ***************



*************** Begin Hmat_Construction ***************

dimension = 28125
nnz               = 19740106
Working Time      : cputime / walltime / effective core 
Total Time        :     7.89 /     0.21 / 37.27
Initialize Time   :     0.14 /     0.00 / 61.55
Calculation Time  :     7.27 /     0.13 / 55.50
Finalize Time     :     0.47 /     0.08 / 5.99


*************** End Hmat_Construction ***************



*************** Begin MatrixDiag ***************

Iteration  :    8
Initial    : 
Init[   0] :    -76.24724153
Eigenvalue : 
Eig[   0]  :    -76.26112983
   CpuTime :          12.890
  WallTime :           0.220
Residue    : 
Res[   0]  :      0.00003061


*************** End MatrixDiag ***************



*************** Begin Selection ***************

Q_Space Dim       : 28884 
Working Time      : cputime / walltime / effective core 
Total Time        :    64.40 /     1.63 / 39.63
Initialize Time   :     0.00 /     0.00 / 0.00
Calculation Time  :    64.29 /     1.62 / 39.73
Finalize Time     :     0.10 /     0.00 / 59.33


*************** End Selection ***************



*************** Begin Hmat_Construction ***************

dimension = 28884
nnz               = 20262848
Working Time      : cputime / walltime / effective core 
Total Time        :     1.12 /     0.04 / 31.13
Initialize Time   :     0.17 /     0.00 / 65.25
Calculation Time  :     0.54 /     0.01 / 46.25
Finalize Time     :     0.41 /     0.02 / 18.93


*************** End Hmat_Construction ***************



*************** Begin MatrixDiag ***************

Iteration  :    5
Initial    : 
Init[   0] :    -76.26112983
Eigenvalue : 
Eig[   0]  :    -76.26117218
   CpuTime :           7.990
  WallTime :           0.131
Residue    : 
Res[   0]  :      0.00003459


*************** End MatrixDiag ***************



*************** Begin MatrixDiag ***************

Iteration  :    5
Initial    : 
Init[   0] :    -76.26106384
Eigenvalue : 
Eig[   0]  :    -76.26106518
   CpuTime :           8.050
  WallTime :           0.129
Residue    : 
Res[   0]  :      0.00001614


*************** End MatrixDiag ***************

********** Selection_iCI Info **********

iter / ncsf_prime / ncfg_prime / ncsf_Qspace / Similarity / time 
   0 /     21953  /     15924  /     28125  /  0.2554  /    84.330,    1.831 
   1 /     22289  /     16170  /     28884  /  0.9839  /    74.470,    1.923 
Final prune is performed!

***************************************


********** BEGIN PRINT Important cfgspace INFO **********

     ncsf | symmetry |  nstates |  spintwo |     ncfg |   energy 
        0 |        0 |        1 |    22289 |    16170 |    -76.26106518, 


*************** Begin PRINT NONRELA CFGSPACE ***************

spintwo    = 0
irrep      = 0
nstates    = 1
ncfg       =        16170
ncsf       =        22289
ncsf full  =        30835
ndet full  =        93406
ndet eff   =        63162

*********** state  0 ***********
Important ocfg:
    0 222220000000000000000000000000000000000000000000000000000000000000000000000000000000000000000000       0    -9.709180e-01  94.268171
    1 220220000000000001000000000000000100000000000000000000000000000000000000000000000000000000000000       0     2.329261e-02   0.054255
    2 220220000000000000000000000000000200000000000000000000000000000000000000000000000000000000000000       0     2.322531e-02   0.053942
    3 221210000000000000000000000000000000100100000000000000000000000000000000000000000000000000000000       0    -2.084443e-02   0.043449
    4 221120000000000000000000000000000100100000000000000000000000000000000000000000000000000000000000       1     1.971793e-02   0.038880
    5 222020000000000000000000000000000200000000000000000000000000000000000000000000000000000000000000       0     1.916152e-02   0.036716
    6 222020000000000001000000000000000100000000000000000000000000000000000000000000000000000000000000       0     1.902668e-02   0.036201
    7 220220000000000002000000000000000000000000000000000000000000000000000000000000000000000000000000       0     1.671841e-02   0.027951
    8 220220000000000001000000000000010000000000000000000000000000000000000000000000000000000000000000       0    -1.628038e-02   0.026505
    9 220220000000000000000000000000000000200000000000000000000000000000000000000000000000000000000000       0     1.477278e-02   0.021823
   10 222110000000000000000000000000000000010001000000000000000000000000000000000000000000000000000000       0     1.467700e-02   0.021541
   11 222020000000000000000000000000000000000000000000020000000000000000000000000000000000000000000000       0     1.447148e-02   0.020942
   12 221120000000000000000000000000000100000001000000000000000000000000000000000000000000000000000000       0     1.391554e-02   0.019364
   13 222110000000000000000000000000000100000100000000000000000000000000000000000000000000000000000000       0     1.386726e-02   0.019230
   14 220220000000000000000000000000010100000000000000000000000000000000000000000000000000000000000000       0     1.370165e-02   0.018774
   15 222020000000000000000000000000000000000002000000000000000000000000000000000000000000000000000000       0     1.320249e-02   0.017431
   16 221120000000000001000000000000000000100000000000000000000000000000000000000000000000000000000000       1    -1.318704e-02   0.017390
   17 222110000000000000000000000000000100000100000000000000000000000000000000000000000000000000000000       1     1.315174e-02   0.017297
   18 222200000000000000000000000000000000000200000000000000000000000000000000000000000000000000000000       0     1.298949e-02   0.016873
   19 220220000000001000000000000000010000000000000000000000000000000000000000000000000000000000000000       0     1.296525e-02   0.016810
   20 220220000000001001000000000000000000000000000000000000000000000000000000000000000000000000000000       0     1.275955e-02   0.016281
   21 222110000000000000000000000000000000000000000000011000000000000000000000000000000000000000000000       0    -1.237509e-02   0.015314
   22 222210000000010000000000000000000000000000000000000000000000000000000000000000000000000000000000       0     1.229302e-02   0.015112
   23 222110000000000000000000000000000000000000000000020000000000000000000000000000000000000000000000       0    -1.216194e-02   0.014791
   24 221120000000000000000000000000000100100000000000000000000000000000000000000000000000000000000000       0    -1.181947e-02   0.013970
check importance : 22103 / 22289 (   99.17)

****************************


*************** End PRINT NONRELA CFGSPACE ***************



********** END   PRINT Important cfgspace INFO **********



*************** Begin Density Matrix Construction ***************

Working Time      : cputime / walltime / effective core 
Total Time        :     1.58 /     0.06 / 24.96
Initialize Time   :     0.23 /     0.00 / 58.24
Calculation Time  :     1.34 /     0.06 / 22.63
Finalize Time     :     0.01 /     0.00 / 77.92


*************** End Density Matrix Construction ***************

generate NO iter   0, ncnvg_elec = 5.935527e+00


*************** Begin Hmat_Construction ***************

dimension = 22289
nnz               = 15424432
Working Time      : cputime / walltime / effective core 
Total Time        :     6.36 /     0.19 / 33.88
Initialize Time   :     0.12 /     0.00 / 62.55
Calculation Time  :     5.77 /     0.10 / 56.92
Finalize Time     :     0.47 /     0.08 / 5.57


*************** End Hmat_Construction ***************



*************** Begin MatrixDiag ***************

Iteration  :   17
Initial    : 
Init[   0] :    -75.81169367
Eigenvalue : 
Eig[   0]  :    -76.23106450
   CpuTime :          23.120
  WallTime :           0.373
Residue    : 
Res[   0]  :      0.00000418


*************** End MatrixDiag ***************



*************** Begin Selection ***************

Q_Space Dim       : 31953 
Working Time      : cputime / walltime / effective core 
Total Time        :    64.13 /     1.78 / 35.99
Initialize Time   :     0.16 /     0.00 / 58.37
Calculation Time  :    63.76 /     1.78 / 35.90
Finalize Time     :     0.19 /     0.00 / 59.66


*************** End Selection ***************



*************** Begin Hmat_Construction ***************

dimension = 31953
nnz               = 20459735
Working Time      : cputime / walltime / effective core 
Total Time        :     2.87 /     0.08 / 34.63
Initialize Time   :     0.14 /     0.00 / 61.23
Calculation Time  :     2.32 /     0.04 / 58.69
Finalize Time     :     0.41 /     0.04 / 9.99


*************** End Hmat_Construction ***************



*************** Begin MatrixDiag ***************

Iteration  :   14
Initial    : 
Init[   0] :    -76.23106450
Eigenvalue : 
Eig[   0]  :    -76.27209136
   CpuTime :          20.410
  WallTime :           0.332
Residue    : 
Res[   0]  :      0.00005261


*************** End MatrixDiag ***************



*************** Begin Selection ***************

Q_Space Dim       : 33789 
Working Time      : cputime / walltime / effective core 
Total Time        :    61.52 /     1.54 / 40.00
Initialize Time   :     0.00 /     0.01 / 0.00
Calculation Time  :    61.43 /     1.53 / 40.13
Finalize Time     :     0.10 /     0.00 / 67.78


*************** End Selection ***************



*************** Begin Hmat_Construction ***************

dimension = 33789
nnz               = 21461542
Working Time      : cputime / walltime / effective core 
Total Time        :     1.22 /     0.05 / 26.77
Initialize Time   :     0.14 /     0.00 / 58.44
Calculation Time  :     0.65 /     0.02 / 34.87
Finalize Time     :     0.42 /     0.02 / 17.15


*************** End Hmat_Construction ***************



*************** Begin MatrixDiag ***************

Iteration  :    9
Initial    : 
Init[   0] :    -76.27209136
Eigenvalue : 
Eig[   0]  :    -76.27261258
   CpuTime :          14.820
  WallTime :           0.241
Residue    : 
Res[   0]  :      0.00004099


*************** End MatrixDiag ***************



*************** Begin Selection ***************

Q_Space Dim       : 33842 
Working Time      : cputime / walltime / effective core 
Total Time        :    62.92 /     1.31 / 48.06
Initialize Time   :     0.01 /     0.00 / 2.16
Calculation Time  :    62.85 /     1.30 / 48.21
Finalize Time     :     0.06 /     0.00 / 60.11


*************** End Selection ***************



*************** Begin Hmat_Construction ***************

dimension = 33842
nnz               = 21490943
Working Time      : cputime / walltime / effective core 
Total Time        :     0.79 /     0.03 / 26.31
Initialize Time   :     0.15 /     0.00 / 65.86
Calculation Time  :     0.22 /     0.01 / 31.14
Finalize Time     :     0.41 /     0.02 / 19.87


*************** End Hmat_Construction ***************



*************** Begin MatrixDiag ***************

Iteration  :    5
Initial    : 
Init[   0] :    -76.27261258
Eigenvalue : 
Eig[   0]  :    -76.27262428
   CpuTime :           7.760
  WallTime :           0.124
Residue    : 
Res[   0]  :      0.00005588


*************** End MatrixDiag ***************



*************** Begin MatrixDiag ***************

Iteration  :    6
Initial    : 
Init[   0] :    -76.27251007
Eigenvalue : 
Eig[   0]  :    -76.27251307
   CpuTime :           9.440
  WallTime :           0.151
Residue    : 
Res[   0]  :      0.00003422


*************** End MatrixDiag ***************

********** Selection_iCI Info **********

iter / ncsf_prime / ncfg_prime / ncsf_Qspace / Similarity / time 
   0 /     10879  /      7601  /     31953  /  0.1122  /    88.460,    2.327 
   1 /     12014  /      8276  /     33789  /  0.8918  /    78.480,    1.950 
   2 /     12037  /      8286  /     33842  /  0.9971  /    72.420,    1.591 
Final prune is performed!

***************************************


********** BEGIN PRINT Important cfgspace INFO **********

     ncsf | symmetry |  nstates |  spintwo |     ncfg |   energy 
        0 |        0 |        1 |    12037 |     8286 |    -76.27251307, 


*************** Begin PRINT NONRELA CFGSPACE ***************

spintwo    = 0
irrep      = 0
nstates    = 1
ncfg       =         8286
ncsf       =        12037
ncsf full  =        19609
ndet full  =        65949
ndet eff   =        37038

*********** state  0 ***********
Important ocfg:
    0 222220000000000000000000000000000000000000000000000000000000000000000000000000000000000000000000       0    -9.668394e-01  93.477852
    1 221211010000000000000000000000000000000000000000000000000000000000000000000000000000000000000000       1    -6.894462e-02   0.475336
    2 220220020000000000000000000000000000000000000000000000000000000000000000000000000000000000000000       0     6.362944e-02   0.404871
    3 222020200000000000000000000000000000000000000000000000000000000000000000000000000000000000000000       0     5.725928e-02   0.327862
    4 222202000000000000000000000000000000000000000000000000000000000000000000000000000000000000000000       0     5.627431e-02   0.316680
    5 222111100000000000000000000000000000000000000000000000000000000000000000000000000000000000000000       0    -4.945027e-02   0.244533
    6 221120110000000000000000000000000000000000000000000000000000000000000000000000000000000000000000       1     4.766024e-02   0.227150
    7 221120110000000000000000000000000000000000000000000000000000000000000000000000000000000000000000       0    -4.736150e-02   0.224311
    8 222111100000000000000000000000000000000000000000000000000000000000000000000000000000000000000000       1     4.298253e-02   0.184750
    9 212120101000000000000000000000000000000000000000000000000000000000000000000000000000000000000000       1     3.953501e-02   0.156302
   10 222110000001100000000000000000000000000000000000000000000000000000000000000000000000000000000000       0    -3.733831e-02   0.139415
   11 221211010000000000000000000000000000000000000000000000000000000000000000000000000000000000000000       0     3.363820e-02   0.113153
   12 211220011000000000000000000000000000000000000000000000000000000000000000000000000000000000000000       1    -3.281721e-02   0.107697
   13 212211001000000000000000000000000000000000000000000000000000000000000000000000000000000000000000       1    -3.098324e-02   0.095996
   14 221210011000000000000000000000000000000000000000000000000000000000000000000000000000000000000000       0    -2.931449e-02   0.085934
   15 221120000110000000000000000000000000000000000000000000000000000000000000000000000000000000000000       0    -2.820410e-02   0.079547
   16 222200020000000000000000000000000000000000000000000000000000000000000000000000000000000000000000       0     2.676262e-02   0.071624
   17 221210010100000000000000000000000000000000000000000000000000000000000000000000000000000000000000       0     2.427753e-02   0.058940
   18 212212000000000000000000000000000000000000000000000000000000000000000000000000000000000000000000       0    -2.398737e-02   0.057539
   19 220222000000000000000000000000000000000000000000000000000000000000000000000000000000000000000000       0     2.348821e-02   0.055170
   20 222110101000000000000000000000000000000000000000000000000000000000000000000000000000000000000000       1     2.283259e-02   0.052133
   21 211220011000000000000000000000000000000000000000000000000000000000000000000000000000000000000000       0     2.264929e-02   0.051299
   22 212211001000000000000000000000000000000000000000000000000000000000000000000000000000000000000000       0     2.255377e-02   0.050867
   23 211220010100000000000000000000000000000000000000000000000000000000000000000000000000000000000000       1    -2.244500e-02   0.050378
   24 212120101000000000000000000000000000000000000000000000000000000000000000000000000000000000000000       0    -2.131471e-02   0.045432
check importance : 11903 / 12037 (   98.89)

****************************


*************** End PRINT NONRELA CFGSPACE ***************



********** END   PRINT Important cfgspace INFO **********



*************** Begin Density Matrix Construction ***************

Working Time      : cputime / walltime / effective core 
Total Time        :     1.89 /     0.06 / 32.58
Initialize Time   :     0.16 /     0.00 / 60.22
Calculation Time  :     1.72 /     0.06 / 31.14
Finalize Time     :     0.00 /     0.00 / 0.00


*************** End Density Matrix Construction ***************

generate NO iter   1, ncnvg_elec = 9.967838e+00


******************************
* Step   2 Finished          *
* CpuTime  =         640.560 *
* WallTime =          17.881 *
******************************



*************** Begin Hmat_Construction ***************

dimension = 12037
nnz               = 2944409
Working Time      : cputime / walltime / effective core 
Total Time        :     1.99 /     0.05 / 38.06
Initialize Time   :     0.08 /     0.00 / 62.92
Calculation Time  :     1.48 /     0.02 / 59.82
Finalize Time     :     0.42 /     0.03 / 16.02


*************** End Hmat_Construction ***************



*************** Begin MatrixDiag ***************

Iteration  :   18
Initial    : 
Init[   0] :    -75.95851712
Eigenvalue : 
Eig[   0]  :    -76.27252034
   CpuTime :          11.510
  WallTime :           0.180
Residue    : 
Res[   0]  :      0.00000305


*************** End MatrixDiag ***************



*************** Begin Selection ***************

Q_Space Dim       : 16936 
Working Time      : cputime / walltime / effective core 
Total Time        :    62.26 /     1.37 / 45.57
Initialize Time   :     0.09 /     0.00 / 62.03
Calculation Time  :    62.07 /     1.36 / 45.53
Finalize Time     :     0.10 /     0.00 / 61.34


*************** End Selection ***************



*************** Begin Hmat_Construction ***************

dimension = 16936
nnz               = 5645182
Working Time      : cputime / walltime / effective core 
Total Time        :     2.07 /     0.05 / 39.87
Initialize Time   :     0.16 /     0.00 / 62.37
Calculation Time  :     1.48 /     0.03 / 59.19
Finalize Time     :     0.42 /     0.02 / 17.27


*************** End Hmat_Construction ***************



*************** Begin MatrixDiag ***************

Iteration  :    8
Initial    : 
Init[   0] :    -76.27252034
Eigenvalue : 
Eig[   0]  :    -76.27289855
   CpuTime :           7.480
  WallTime :           0.118
Residue    : 
Res[   0]  :      0.00005979


*************** End MatrixDiag ***************



*************** Begin Selection ***************

Q_Space Dim       : 16953 
Working Time      : cputime / walltime / effective core 
Total Time        :    62.41 /     1.58 / 39.49
Initialize Time   :     0.00 /     0.00 / 0.00
Calculation Time  :    62.38 /     1.58 / 39.55
Finalize Time     :     0.04 /     0.00 / 69.74


*************** End Selection ***************



*************** Begin Hmat_Construction ***************

dimension = 16953
nnz               = 5652565
Working Time      : cputime / walltime / effective core 
Total Time        :     0.81 /     0.03 / 28.91
Initialize Time   :     0.17 /     0.00 / 66.96
Calculation Time  :     0.22 /     0.01 / 39.86
Finalize Time     :     0.42 /     0.02 / 21.08


*************** End Hmat_Construction ***************



*************** Begin MatrixDiag ***************

Iteration  :    4
Initial    : 
Init[   0] :    -76.27289855
Eigenvalue : 
Eig[   0]  :    -76.27290103
   CpuTime :           3.760
  WallTime :           0.060
Residue    : 
Res[   0]  :      0.00002959


*************** End MatrixDiag ***************



*************** Begin MatrixDiag ***************

Iteration  :    5
Initial    : 
Init[   0] :    -76.27281157
Eigenvalue : 
Eig[   0]  :    -76.27281399
   CpuTime :           4.810
  WallTime :           0.079
Residue    : 
Res[   0]  :      0.00006345


*************** End MatrixDiag ***************

********** Selection_iCI Info **********

iter / ncsf_prime / ncfg_prime / ncsf_Qspace / Similarity / time 
   0 /     11829  /      7998  /     16936  /  0.7654  /    72.830,    1.664 
   1 /     11835  /      8000  /     16953  /  0.9990  /    67.890,    1.794 
Final prune is performed!

***************************************


********** BEGIN PRINT Important cfgspace INFO **********

     ncsf | symmetry |  nstates |  spintwo |     ncfg |   energy 
        0 |        0 |        1 |    11835 |     8000 |    -76.27281399, 


*************** Begin PRINT NONRELA CFGSPACE ***************

spintwo    = 0
irrep      = 0
nstates    = 1
ncfg       =         8000
ncsf       =        11835
ncsf full  =        19529
ndet full  =        66559
ndet eff   =        36824

*********** state  0 ***********
Important ocfg:
    0 222220000000000000000000000000000000000000000000000000000000000000000000000000000000000000000000       0     9.667485e-01  93.460257
    1 221211010000000000000000000000000000000000000000000000000000000000000000000000000000000000000000       1     6.910587e-02   0.477562
    2 220220020000000000000000000000000000000000000000000000000000000000000000000000000000000000000000       0    -6.372821e-02   0.406128
    3 222020200000000000000000000000000000000000000000000000000000000000000000000000000000000000000000       0    -5.735526e-02   0.328963
    4 222202000000000000000000000000000000000000000000000000000000000000000000000000000000000000000000       0    -5.730879e-02   0.328430
    5 222111100000000000000000000000000000000000000000000000000000000000000000000000000000000000000000       0    -5.010378e-02   0.251039
    6 221120110000000000000000000000000000000000000000000000000000000000000000000000000000000000000000       1     4.805753e-02   0.230953
    7 221120110000000000000000000000000000000000000000000000000000000000000000000000000000000000000000       0    -4.773288e-02   0.227843
    8 222111100000000000000000000000000000000000000000000000000000000000000000000000000000000000000000       1     4.392745e-02   0.192962
    9 212120101000000000000000000000000000000000000000000000000000000000000000000000000000000000000000       1     4.029111e-02   0.162337
   10 222110000001100000000000000000000000000000000000000000000000000000000000000000000000000000000000       0     3.736031e-02   0.139579
   11 221211010000000000000000000000000000000000000000000000000000000000000000000000000000000000000000       0    -3.502075e-02   0.122645
   12 211220011000000000000000000000000000000000000000000000000000000000000000000000000000000000000000       1     3.400085e-02   0.115606
   13 212211001000000000000000000000000000000000000000000000000000000000000000000000000000000000000000       1     3.274914e-02   0.107251
   14 221120000110000000000000000000000000000000000000000000000000000000000000000000000000000000000000       0    -3.112154e-02   0.096855
   15 221210011000000000000000000000000000000000000000000000000000000000000000000000000000000000000000       0    -2.787104e-02   0.077679
   16 222200020000000000000000000000000000000000000000000000000000000000000000000000000000000000000000       0    -2.620871e-02   0.068690
   17 221210010100000000000000000000000000000000000000000000000000000000000000000000000000000000000000       0     2.372460e-02   0.056286
   18 211220011000000000000000000000000000000000000000000000000000000000000000000000000000000000000000       0    -2.307458e-02   0.053244
   19 212211001000000000000000000000000000000000000000000000000000000000000000000000000000000000000000       0    -2.275460e-02   0.051777
   20 220222000000000000000000000000000000000000000000000000000000000000000000000000000000000000000000       0    -2.269056e-02   0.051486
   21 212212000000000000000000000000000000000000000000000000000000000000000000000000000000000000000000       0    -2.260451e-02   0.051096
   22 212120101000000000000000000000000000000000000000000000000000000000000000000000000000000000000000       0    -2.178224e-02   0.047447
   23 211220010100000000000000000000000000000000000000000000000000000000000000000000000000000000000000       1     2.175454e-02   0.047326
   24 222110101000000000000000000000000000000000000000000000000000000000000000000000000000000000000000       1    -2.137363e-02   0.045683
check importance : 11736 / 11835 (   99.16)

****************************


*************** End PRINT NONRELA CFGSPACE ***************



********** END   PRINT Important cfgspace INFO **********



******************************
* Step   3 Finished          *
* CpuTime  =         801.450 *
* WallTime =          21.847 *
******************************



*************** Begin First_Residue_Update ***************

memory            = 1709672
Working Time      : cputime / walltime / effective core 
Total Time        :     0.10 /     0.00 / 60.68
Initialize Time   :     0.00 /     0.00 / 0.00
Calculation Time  :     0.09 /     0.00 / 56.18
Finalize Time     :     0.00 /     0.00 / 0.00


*************** End First_Residue_Update ***************



*************** Begin Second_Residue_Update ***************

memory            = 2800184
Working Time      : cputime / walltime / effective core 
Total Time        :     0.13 /     0.00 / 61.25
Initialize Time   :     0.00 /     0.00 / 0.00
Calculation Time  :     0.13 /     0.00 / 63.38
Finalize Time     :     0.00 /     0.00 / 0.00


*************** End Second_Residue_Update ***************

Thread label = 60
ept        =     -0.42241073
ene offset =     -0.41971604


********** ENPT2 Info **********

Wall Time                   =    5.986
CPU  Time                   =  198.370
CPU / Wall                  =   33.141
ncfg_touched                =             31615396
ncsf_touched                =            176085040
---------------------------------------------------
       var        /  perturbation  /     total     
       -76.27281399/    -0.00269468/   -76.27550867
---------------------------------------------------
Residue Time                =    0.230 ( 0.12%)
Generate connection  record =    9.919 ( 5.00%)
sort connection record      =   10.312 ( 5.20%)
sort calculation record     =   23.654 (11.92%)
sort                        =   33.966 (17.12%)
calculation sigma           =   25.199 (12.70%)
collect result              =    9.250 ( 4.66%)
Other                       =  119.806 (60.40%)
nWorkDone                   = 164242


********************************



*************** iCI_ENPT(2)_NonRela::Info ***************

____________________________________________________________________________________________________________________________________
   spintwo |   symmetry |       ncfg |       ncsf |            evar |             ept |            etot 
____________________________________________________________________________________________________________________________________
         0 |          0 |       8000 |      11835 |    -76.27281399 |     -0.00269468 |    -76.27550867 
____________________________________________________________________________________________________________________________________


*******************************************************



******************************
* Step   4 Finished          *
* CpuTime  =         999.860 *
* WallTime =          27.834 *
******************************



*************** Begin Hmat_Construction ***************

dimension = 11835
nnz               = 2611523
Working Time      : cputime / walltime / effective core 
Total Time        :     1.93 /     0.05 / 37.77
Initialize Time   :     0.13 /     0.00 / 66.28
Calculation Time  :     1.38 /     0.02 / 60.48
Finalize Time     :     0.42 /     0.03 / 15.99


*************** End Hmat_Construction ***************



*************** Begin MatrixDiag ***************

Iteration  :    4
Initial    : 
Init[   0] :    -76.27281399
Eigenvalue : 
Eig[   0]  :    -76.27281399
   CpuTime :           3.190
  WallTime :           0.061
Residue    : 
Res[   0]  :      0.00000387


*************** End MatrixDiag ***************



*************** Begin Selection ***************

Q_Space Dim       : 22651 
Working Time      : cputime / walltime / effective core 
Total Time        :    61.90 /     1.32 / 46.98
Initialize Time   :     0.11 /     0.00 / 63.69
Calculation Time  :    61.58 /     1.31 / 46.91
Finalize Time     :     0.19 /     0.00 / 59.75


*************** End Selection ***************



*************** Begin Hmat_Construction ***************

dimension = 22651
nnz               = 8009310
Working Time      : cputime / walltime / effective core 
Total Time        :     3.29 /     0.09 / 38.70
Initialize Time   :     0.15 /     0.00 / 64.01
Calculation Time  :     2.72 /     0.05 / 58.08
Finalize Time     :     0.42 /     0.04 / 11.74


*************** End Hmat_Construction ***************



*************** Begin MatrixDiag ***************

Iteration  :    9
Initial    : 
Init[   0] :    -76.27281399
Eigenvalue : 
Eig[   0]  :    -76.27345370
   CpuTime :          12.340
  WallTime :           0.219
Residue    : 
Res[   0]  :      0.00005337


*************** End MatrixDiag ***************



*************** Begin Selection ***************

Q_Space Dim       : 22763 
Working Time      : cputime / walltime / effective core 
Total Time        :    63.63 /     1.88 / 33.81
Initialize Time   :     0.01 /     0.00 / 2.89
Calculation Time  :    63.56 /     1.88 / 33.85
Finalize Time     :     0.06 /     0.00 / 60.68


*************** End Selection ***************



*************** Begin Hmat_Construction ***************

dimension = 22763
nnz               = 8072426
Working Time      : cputime / walltime / effective core 
Total Time        :     0.83 /     0.03 / 26.33
Initialize Time   :     0.16 /     0.00 / 62.73
Calculation Time  :     0.24 /     0.01 / 33.35
Finalize Time     :     0.42 /     0.02 / 19.36


*************** End Hmat_Construction ***************



*************** Begin MatrixDiag ***************

Iteration  :    6
Initial    : 
Init[   0] :    -76.27345370
Eigenvalue : 
Eig[   0]  :    -76.27346243
   CpuTime :           7.030
  WallTime :           0.116
Residue    : 
Res[   0]  :      0.00003207


*************** End MatrixDiag ***************



*************** Begin MatrixDiag ***************

Iteration  :    5
Initial    : 
Init[   0] :    -76.27340646
Eigenvalue : 
Eig[   0]  :    -76.27340804
   CpuTime :           6.290
  WallTime :           0.101
Residue    : 
Res[   0]  :      0.00005209


*************** End MatrixDiag ***************

********** Selection_iCI Info **********

iter / ncsf_prime / ncfg_prime / ncsf_Qspace / Similarity / time 
   0 /     16705  /     10984  /     22651  /  0.7085  /    78.580,    1.760 
   1 /     16759  /     11009  /     22763  /  0.9951  /    72.440,    2.167 
Final prune is performed!

***************************************


********** BEGIN PRINT Important cfgspace INFO **********

     ncsf | symmetry |  nstates |  spintwo |     ncfg |   energy 
        0 |        0 |        1 |    16759 |    11009 |    -76.27340804, 


*************** Begin PRINT NONRELA CFGSPACE ***************

spintwo    = 0
irrep      = 0
nstates    = 1
ncfg       =        11009
ncsf       =        16759
ncsf full  =        28102
ndet full  =        97628
ndet eff   =        53055

*********** state  0 ***********
Important ocfg:
    0 222220000000000000000000000000000000000000000000000000000000000000000000000000000000000000000000       0     9.665180e-01  93.415701
    1 221211010000000000000000000000000000000000000000000000000000000000000000000000000000000000000000       1     6.916839e-02   0.478427
    2 220220020000000000000000000000000000000000000000000000000000000000000000000000000000000000000000       0    -6.371049e-02   0.405903
    3 222020200000000000000000000000000000000000000000000000000000000000000000000000000000000000000000       0    -5.741354e-02   0.329631
    4 222202000000000000000000000000000000000000000000000000000000000000000000000000000000000000000000       0    -5.734640e-02   0.328861
    5 222111100000000000000000000000000000000000000000000000000000000000000000000000000000000000000000       0    -5.015969e-02   0.251599
    6 221120110000000000000000000000000000000000000000000000000000000000000000000000000000000000000000       1     4.814785e-02   0.231822
    7 221120110000000000000000000000000000000000000000000000000000000000000000000000000000000000000000       0    -4.781034e-02   0.228583
    8 222111100000000000000000000000000000000000000000000000000000000000000000000000000000000000000000       1     4.399456e-02   0.193552
    9 212120101000000000000000000000000000000000000000000000000000000000000000000000000000000000000000       1     4.037381e-02   0.163004
   10 222110000001100000000000000000000000000000000000000000000000000000000000000000000000000000000000       0     3.744169e-02   0.140188
   11 221211010000000000000000000000000000000000000000000000000000000000000000000000000000000000000000       0    -3.510426e-02   0.123231
   12 211220011000000000000000000000000000000000000000000000000000000000000000000000000000000000000000       1     3.406248e-02   0.116025
   13 212211001000000000000000000000000000000000000000000000000000000000000000000000000000000000000000       1     3.281036e-02   0.107652
   14 221120000110000000000000000000000000000000000000000000000000000000000000000000000000000000000000       0    -3.119283e-02   0.097299
   15 221210011000000000000000000000000000000000000000000000000000000000000000000000000000000000000000       0    -2.797370e-02   0.078253
   16 222200020000000000000000000000000000000000000000000000000000000000000000000000000000000000000000       0    -2.630482e-02   0.069194
   17 221210010100000000000000000000000000000000000000000000000000000000000000000000000000000000000000       0     2.379503e-02   0.056620
   18 211220011000000000000000000000000000000000000000000000000000000000000000000000000000000000000000       0    -2.315013e-02   0.053593
   19 212211001000000000000000000000000000000000000000000000000000000000000000000000000000000000000000       0    -2.279266e-02   0.051951
   20 220222000000000000000000000000000000000000000000000000000000000000000000000000000000000000000000       0    -2.275218e-02   0.051766
   21 212212000000000000000000000000000000000000000000000000000000000000000000000000000000000000000000       0    -2.261432e-02   0.051141
   22 212120101000000000000000000000000000000000000000000000000000000000000000000000000000000000000000       0    -2.184420e-02   0.047717
   23 211220010100000000000000000000000000000000000000000000000000000000000000000000000000000000000000       1     2.180173e-02   0.047532
   24 222110101000000000000000000000000000000000000000000000000000000000000000000000000000000000000000       1    -2.146662e-02   0.046082
check importance : 16662 / 16759 (   99.42)

****************************


*************** End PRINT NONRELA CFGSPACE ***************



********** END   PRINT Important cfgspace INFO **********



******************************
* Step   5 Finished          *
* CpuTime  =        1164.240 *
* WallTime =          32.246 *
******************************



*************** Begin First_Residue_Update ***************

memory            = 2328616
Working Time      : cputime / walltime / effective core 
Total Time        :     0.52 /     0.01 / 61.43
Initialize Time   :     0.00 /     0.00 / 0.00
Calculation Time  :     0.51 /     0.01 / 60.57
Finalize Time     :     0.00 /     0.00 / 0.00


*************** End First_Residue_Update ***************



*************** Begin Second_Residue_Update ***************

memory            = 3768920
Working Time      : cputime / walltime / effective core 
Total Time        :     0.19 /     0.00 / 62.44
Initialize Time   :     0.00 /     0.00 / 0.00
Calculation Time  :     0.19 /     0.00 / 64.12
Finalize Time     :     0.00 /     0.00 / 0.00


*************** End Second_Residue_Update ***************

Thread label = 51
ept        =     -0.42410919
ene offset =     -0.42202081


********** ENPT2 Info **********

Wall Time                   =    6.270
CPU  Time                   =  258.750
CPU / Wall                  =   41.269
ncfg_touched                =             40658563
ncsf_touched                =            234690305
---------------------------------------------------
       var        /  perturbation  /     total     
       -76.27340804/    -0.00208838/   -76.27549642
---------------------------------------------------
Residue Time                =    0.710 ( 0.27%)
Generate connection  record =   10.104 ( 3.90%)
sort connection record      =   14.952 ( 5.78%)
sort calculation record     =   43.848 (16.95%)
sort                        =   58.800 (22.72%)
calculation sigma           =   35.964 (13.90%)
collect result              =   12.090 ( 4.67%)
Other                       =  141.083 (54.52%)
nWorkDone                   = 164242


********************************



*************** iCI_ENPT(2)_NonRela::Info ***************

____________________________________________________________________________________________________________________________________
   spintwo |   symmetry |       ncfg |       ncsf |            evar |             ept |            etot 
____________________________________________________________________________________________________________________________________
         0 |          0 |      11009 |      16759 |    -76.27340804 |     -0.00208838 |    -76.27549642 
____________________________________________________________________________________________________________________________________


*******************************************************



******************************
* Step   6 Finished          *
* CpuTime  =        1423.150 *
* WallTime =          38.519 *
******************************



*************** Begin Hmat_Construction ***************

dimension = 16759
nnz               = 4367102
Working Time      : cputime / walltime / effective core 
Total Time        :     2.53 /     0.06 / 40.46
Initialize Time   :     0.08 /     0.00 / 69.16
Calculation Time  :     2.03 /     0.03 / 61.39
Finalize Time     :     0.42 /     0.03 / 14.86


*************** End Hmat_Construction ***************



*************** Begin MatrixDiag ***************

Iteration  :    4
Initial    : 
Init[   0] :    -76.27340804
Eigenvalue : 
Eig[   0]  :    -76.27340804
   CpuTime :           3.100
  WallTime :           0.049
Residue    : 
Res[   0]  :      0.00000447


*************** End MatrixDiag ***************



*************** Begin Selection ***************

Q_Space Dim       : 32653 
Working Time      : cputime / walltime / effective core 
Total Time        :    63.35 /     1.30 / 48.75
Initialize Time   :     0.14 /     0.00 / 63.30
Calculation Time  :    62.87 /     1.29 / 48.66
Finalize Time     :     0.34 /     0.01 / 63.59


*************** End Selection ***************



*************** Begin Hmat_Construction ***************

dimension = 32653
nnz               = 13511296
Working Time      : cputime / walltime / effective core 
Total Time        :     4.79 /     0.11 / 44.01
Initialize Time   :     0.15 /     0.00 / 61.95
Calculation Time  :     4.21 /     0.07 / 58.35
Finalize Time     :     0.42 /     0.03 / 12.27


*************** End Hmat_Construction ***************



*************** Begin MatrixDiag ***************

Iteration  :    9
Initial    : 
Init[   0] :    -76.27340804
Eigenvalue : 
Eig[   0]  :    -76.27394972
   CpuTime :          13.860
  WallTime :           0.239
Residue    : 
Res[   0]  :      0.00005760


*************** End MatrixDiag ***************



*************** Begin Selection ***************

Q_Space Dim       : 32814 
Working Time      : cputime / walltime / effective core 
Total Time        :    65.17 /     1.69 / 38.64
Initialize Time   :     0.00 /     0.01 / 0.00
Calculation Time  :    65.11 /     1.68 / 38.75
Finalize Time     :     0.06 /     0.00 / 61.09


*************** End Selection ***************



*************** Begin Hmat_Construction ***************

dimension = 32814
nnz               = 13614499
Working Time      : cputime / walltime / effective core 
Total Time        :     0.92 /     0.03 / 26.58
Initialize Time   :     0.22 /     0.00 / 64.44
Calculation Time  :     0.29 /     0.01 / 32.26
Finalize Time     :     0.41 /     0.02 / 18.50


*************** End Hmat_Construction ***************



*************** Begin MatrixDiag ***************

Iteration  :    5
Initial    : 
Init[   0] :    -76.27394972
Eigenvalue : 
Eig[   0]  :    -76.27395757
   CpuTime :           8.570
  WallTime :           0.146
Residue    : 
Res[   0]  :      0.00004545


*************** End MatrixDiag ***************



*************** Begin MatrixDiag ***************

Iteration  :    5
Initial    : 
Init[   0] :    -76.27391356
Eigenvalue : 
Eig[   0]  :    -76.27391474
   CpuTime :           7.750
  WallTime :           0.129
Residue    : 
Res[   0]  :      0.00004400


*************** End MatrixDiag ***************

********** Selection_iCI Info **********

iter / ncsf_prime / ncfg_prime / ncsf_Qspace / Similarity / time 
   0 /     24043  /     15513  /     32653  /  0.6966  /    82.940,    1.782 
   1 /     24137  /     15573  /     32814  /  0.9949  /    75.650,    2.018 
Final prune is performed!

***************************************


********** BEGIN PRINT Important cfgspace INFO **********

     ncsf | symmetry |  nstates |  spintwo |     ncfg |   energy 
        0 |        0 |        1 |    24137 |    15573 |    -76.27391474, 


*************** Begin PRINT NONRELA CFGSPACE ***************

spintwo    = 0
irrep      = 0
nstates    = 1
ncfg       =        15573
ncsf       =        24137
ncsf full  =        41527
ndet full  =       146660
ndet eff   =        77847

*********** state  0 ***********
Important ocfg:
    0 222220000000000000000000000000000000000000000000000000000000000000000000000000000000000000000000       0    -9.663183e-01  93.377108
    1 221211010000000000000000000000000000000000000000000000000000000000000000000000000000000000000000       1    -6.920359e-02   0.478914
    2 220220020000000000000000000000000000000000000000000000000000000000000000000000000000000000000000       0     6.371127e-02   0.405913
    3 222020200000000000000000000000000000000000000000000000000000000000000000000000000000000000000000       0     5.742422e-02   0.329754
    4 222202000000000000000000000000000000000000000000000000000000000000000000000000000000000000000000       0     5.737348e-02   0.329172
    5 222111100000000000000000000000000000000000000000000000000000000000000000000000000000000000000000       0     5.022371e-02   0.252242
    6 221120110000000000000000000000000000000000000000000000000000000000000000000000000000000000000000       1    -4.820651e-02   0.232387
    7 221120110000000000000000000000000000000000000000000000000000000000000000000000000000000000000000       0     4.786270e-02   0.229084
    8 222111100000000000000000000000000000000000000000000000000000000000000000000000000000000000000000       1    -4.405158e-02   0.194054
    9 212120101000000000000000000000000000000000000000000000000000000000000000000000000000000000000000       1    -4.043909e-02   0.163532
   10 222110000001100000000000000000000000000000000000000000000000000000000000000000000000000000000000       0    -3.749742e-02   0.140606
   11 221211010000000000000000000000000000000000000000000000000000000000000000000000000000000000000000       0     3.516107e-02   0.123630
   12 211220011000000000000000000000000000000000000000000000000000000000000000000000000000000000000000       1    -3.411698e-02   0.116397
   13 212211001000000000000000000000000000000000000000000000000000000000000000000000000000000000000000       1    -3.285048e-02   0.107915
   14 221120000110000000000000000000000000000000000000000000000000000000000000000000000000000000000000       0     3.126845e-02   0.097772
   15 221210011000000000000000000000000000000000000000000000000000000000000000000000000000000000000000       0     2.805889e-02   0.078730
   16 222200020000000000000000000000000000000000000000000000000000000000000000000000000000000000000000       0     2.636006e-02   0.069485
   17 221210010100000000000000000000000000000000000000000000000000000000000000000000000000000000000000       0    -2.386597e-02   0.056958
   18 211220011000000000000000000000000000000000000000000000000000000000000000000000000000000000000000       0     2.320106e-02   0.053829
   19 212211001000000000000000000000000000000000000000000000000000000000000000000000000000000000000000       0     2.283116e-02   0.052126
   20 220222000000000000000000000000000000000000000000000000000000000000000000000000000000000000000000       0     2.280009e-02   0.051984
   21 212212000000000000000000000000000000000000000000000000000000000000000000000000000000000000000000       0     2.262552e-02   0.051191
   22 212120101000000000000000000000000000000000000000000000000000000000000000000000000000000000000000       0     2.188632e-02   0.047901
   23 211220010100000000000000000000000000000000000000000000000000000000000000000000000000000000000000       1    -2.185528e-02   0.047765
   24 222110101000000000000000000000000000000000000000000000000000000000000000000000000000000000000000       1     2.155600e-02   0.046466
check importance : 23999 / 24137 (   99.43)

****************************


*************** End PRINT NONRELA CFGSPACE ***************



********** END   PRINT Important cfgspace INFO **********



******************************
* Step   7 Finished          *
* CpuTime  =        1597.320 *
* WallTime =          42.947 *
******************************



*************** Begin First_Residue_Update ***************

memory            = 3245464
Working Time      : cputime / walltime / effective core 
Total Time        :     0.16 /     0.00 / 58.33
Initialize Time   :     0.00 /     0.00 / 0.00
Calculation Time  :     0.16 /     0.00 / 59.17
Finalize Time     :     0.00 /     0.00 / 0.00


*************** End First_Residue_Update ***************



*************** Begin Second_Residue_Update ***************

memory            = 5199808
Working Time      : cputime / walltime / effective core 
Total Time        :     0.24 /     0.00 / 64.32
Initialize Time   :     0.00 /     0.00 / 0.00
Calculation Time  :     0.23 /     0.00 / 62.77
Finalize Time     :     0.00 /     0.00 / 0.00


*************** End Second_Residue_Update ***************

Thread label = 51
ept        =     -0.42563143
ene offset =     -0.42405888


********** ENPT2 Info **********

Wall Time                   =   10.278
CPU  Time                   =  352.710
CPU / Wall                  =   34.316
ncfg_touched                =             52773356
ncsf_touched                =            315081082
---------------------------------------------------
       var        /  perturbation  /     total     
       -76.27391474/    -0.00157255/   -76.27548729
---------------------------------------------------
Residue Time                =    0.400 ( 0.11%)
Generate connection  record =   14.515 ( 4.12%)
sort connection record      =   22.774 ( 6.46%)
sort calculation record     =   64.366 (18.25%)
sort                        =   87.140 (24.71%)
calculation sigma           =   53.314 (15.12%)
collect result              =   16.492 ( 4.68%)
Other                       =  180.848 (51.27%)
nWorkDone                   = 164242


********************************



*************** iCI_ENPT(2)_NonRela::Info ***************

____________________________________________________________________________________________________________________________________
   spintwo |   symmetry |       ncfg |       ncsf |            evar |             ept |            etot 
____________________________________________________________________________________________________________________________________
         0 |          0 |      15573 |      24137 |    -76.27391474 |     -0.00157255 |    -76.27548729 
____________________________________________________________________________________________________________________________________


*******************************************************



******************************
* Step   8 Finished          *
* CpuTime  =        1950.070 *
* WallTime =          53.226 *
******************************



*************** Begin Hmat_Construction ***************

dimension = 24137
nnz               = 7447505
Working Time      : cputime / walltime / effective core 
Total Time        :     4.16 /     0.11 / 37.23
Initialize Time   :     0.08 /     0.00 / 62.32
Calculation Time  :     3.65 /     0.06 / 56.52
Finalize Time     :     0.43 /     0.05 / 9.38


*************** End Hmat_Construction ***************



*************** Begin MatrixDiag ***************

Iteration  :    4
Initial    : 
Init[   0] :    -76.27391474
Eigenvalue : 
Eig[   0]  :    -76.27391474
   CpuTime :           4.520
  WallTime :           0.072
Residue    : 
Res[   0]  :      0.00000417


*************** End MatrixDiag ***************



*************** Begin Selection ***************

Q_Space Dim       : 55715 
Working Time      : cputime / walltime / effective core 
Total Time        :    65.54 /     1.56 / 42.12
Initialize Time   :     0.14 /     0.00 / 45.35
Calculation Time  :    64.96 /     1.54 / 42.10
Finalize Time     :     0.42 /     0.01 / 41.27


*************** End Selection ***************



*************** Begin Hmat_Construction ***************

dimension = 55715
nnz               = 29088094
Working Time      : cputime / walltime / effective core 
Total Time        :     9.73 /     0.27 / 36.25
Initialize Time   :     0.16 /     0.00 / 64.80
Calculation Time  :     9.10 /     0.17 / 53.48
Finalize Time     :     0.47 /     0.10 / 4.91


*************** End Hmat_Construction ***************



*************** Begin MatrixDiag ***************

Iteration  :   10
Initial    : 
Init[   0] :    -76.27391474
Eigenvalue : 
Eig[   0]  :    -76.27450650
   CpuTime :          21.840
  WallTime :           0.396
Residue    : 
Res[   0]  :      0.00003898


*************** End MatrixDiag ***************



*************** Begin Selection ***************

Q_Space Dim       : 56022 
Working Time      : cputime / walltime / effective core 
Total Time        :    68.69 /     1.76 / 38.98
Initialize Time   :     0.01 /     0.01 / 1.13
Calculation Time  :    68.56 /     1.75 / 39.14
Finalize Time     :     0.12 /     0.00 / 62.89


*************** End Selection ***************



*************** Begin Hmat_Construction ***************

dimension = 56022
nnz               = 29354061
Working Time      : cputime / walltime / effective core 
Total Time        :     1.00 /     0.03 / 29.75
Initialize Time   :     0.17 /     0.00 / 64.30
Calculation Time  :     0.41 /     0.01 / 42.28
Finalize Time     :     0.42 /     0.02 / 19.78


*************** End Hmat_Construction ***************



*************** Begin MatrixDiag ***************

Iteration  :    5
Initial    : 
Init[   0] :    -76.27450650
Eigenvalue : 
Eig[   0]  :    -76.27451172
   CpuTime :          10.980
  WallTime :           0.184
Residue    : 
Res[   0]  :      0.00005291


*************** End MatrixDiag ***************



*************** Begin MatrixDiag ***************

Iteration  :    5
Initial    : 
Init[   0] :    -76.27448451
Eigenvalue : 
Eig[   0]  :    -76.27448523
   CpuTime :          11.460
  WallTime :           0.200
Residue    : 
Res[   0]  :      0.00003467


*************** End MatrixDiag ***************

********** Selection_iCI Info **********

iter / ncsf_prime / ncfg_prime / ncsf_Qspace / Similarity / time 
   0 /     41785  /     25841  /     55715  /  0.5773  /    98.270,    2.367 
   1 /     41969  /     25958  /     56022  /  0.9941  /    81.660,    2.123 
Final prune is performed!

***************************************


********** BEGIN PRINT Important cfgspace INFO **********

     ncsf | symmetry |  nstates |  spintwo |     ncfg |   energy 
        0 |        0 |        1 |    41969 |    25958 |    -76.27448523, 


*************** Begin PRINT NONRELA CFGSPACE ***************

spintwo    = 0
irrep      = 0
nstates    = 1
ncfg       =        25958
ncsf       =        41969
ncsf full  =        72316
ndet full  =       259230
ndet eff   =       138397

*********** state  0 ***********
Important ocfg:
    0 222220000000000000000000000000000000000000000000000000000000000000000000000000000000000000000000       0    -9.660776e-01  93.330596
    1 221211010000000000000000000000000000000000000000000000000000000000000000000000000000000000000000       1    -6.924970e-02   0.479552
    2 220220020000000000000000000000000000000000000000000000000000000000000000000000000000000000000000       0     6.372147e-02   0.406043
    3 222020200000000000000000000000000000000000000000000000000000000000000000000000000000000000000000       0     5.746328e-02   0.330203
    4 222202000000000000000000000000000000000000000000000000000000000000000000000000000000000000000000       0     5.741988e-02   0.329704
    5 222111100000000000000000000000000000000000000000000000000000000000000000000000000000000000000000       0     5.030878e-02   0.253097
    6 221120110000000000000000000000000000000000000000000000000000000000000000000000000000000000000000       1    -4.828607e-02   0.233154
    7 221120110000000000000000000000000000000000000000000000000000000000000000000000000000000000000000       0     4.793257e-02   0.229753
    8 222111100000000000000000000000000000000000000000000000000000000000000000000000000000000000000000       1    -4.411908e-02   0.194649
    9 212120101000000000000000000000000000000000000000000000000000000000000000000000000000000000000000       1    -4.050780e-02   0.164088
   10 222110000001100000000000000000000000000000000000000000000000000000000000000000000000000000000000       0    -3.756053e-02   0.141079
   11 221211010000000000000000000000000000000000000000000000000000000000000000000000000000000000000000       0     3.521580e-02   0.124015
   12 211220011000000000000000000000000000000000000000000000000000000000000000000000000000000000000000       1    -3.416716e-02   0.116739
   13 212211001000000000000000000000000000000000000000000000000000000000000000000000000000000000000000       1    -3.290547e-02   0.108277
   14 221120000110000000000000000000000000000000000000000000000000000000000000000000000000000000000000       0     3.131452e-02   0.098060
   15 221210011000000000000000000000000000000000000000000000000000000000000000000000000000000000000000       0     2.811389e-02   0.079039
   16 222200020000000000000000000000000000000000000000000000000000000000000000000000000000000000000000       0     2.640963e-02   0.069747
   17 221210010100000000000000000000000000000000000000000000000000000000000000000000000000000000000000       0    -2.395256e-02   0.057373
   18 211220011000000000000000000000000000000000000000000000000000000000000000000000000000000000000000       0     2.324282e-02   0.054023
   19 212211001000000000000000000000000000000000000000000000000000000000000000000000000000000000000000       0     2.285822e-02   0.052250
   20 220222000000000000000000000000000000000000000000000000000000000000000000000000000000000000000000       0     2.283450e-02   0.052141
   21 212212000000000000000000000000000000000000000000000000000000000000000000000000000000000000000000       0     2.265068e-02   0.051305
   22 212120101000000000000000000000000000000000000000000000000000000000000000000000000000000000000000       0     2.195033e-02   0.048182
   23 211220010100000000000000000000000000000000000000000000000000000000000000000000000000000000000000       1    -2.190958e-02   0.048003
   24 222110101000000000000000000000000000000000000000000000000000000000000000000000000000000000000000       1     2.161822e-02   0.046735
check importance : 41747 / 41969 (   99.47)

****************************


*************** End PRINT NONRELA CFGSPACE ***************



********** END   PRINT Important cfgspace INFO **********



******************************
* Step   9 Finished          *
* CpuTime  =        2153.090 *
* WallTime =          58.755 *
******************************



*************** Begin First_Residue_Update ***************

memory            = 5262936
Working Time      : cputime / walltime / effective core 
Total Time        :     0.26 /     0.00 / 60.48
Initialize Time   :     0.00 /     0.00 / 0.00
Calculation Time  :     0.26 /     0.00 / 61.49
Finalize Time     :     0.00 /     0.00 / 0.00


*************** End First_Residue_Update ***************



*************** Begin Second_Residue_Update ***************

memory            = 8294048
Working Time      : cputime / walltime / effective core 
Total Time        :     0.42 /     0.01 / 63.36
Initialize Time   :     0.00 /     0.00 / 0.00
Calculation Time  :     0.42 /     0.01 / 63.95
Finalize Time     :     0.00 /     0.00 / 0.00


*************** End Second_Residue_Update ***************

Thread label = 7
ept        =     -0.42750307
ene offset =     -0.42650514


********** ENPT2 Info **********

Wall Time                   =   13.293
CPU  Time                   =  563.080
CPU / Wall                  =   42.359
ncfg_touched                =             76206081
ncsf_touched                =            468719592
---------------------------------------------------
       var        /  perturbation  /     total     
       -76.27448523/    -0.00099793/   -76.27548316
---------------------------------------------------
Residue Time                =    0.690 ( 0.12%)
Generate connection  record =   22.700 ( 4.03%)
sort connection record      =   39.347 ( 6.99%)
sort calculation record     =  118.388 (21.03%)
sort                        =  157.735 (28.01%)
calculation sigma           =   96.364 (17.11%)
collect result              =   25.461 ( 4.52%)
Other                       =  260.129 (46.20%)
nWorkDone                   = 164242


********************************



*************** iCI_ENPT(2)_NonRela::Info ***************

____________________________________________________________________________________________________________________________________
   spintwo |   symmetry |       ncfg |       ncsf |            evar |             ept |            etot 
____________________________________________________________________________________________________________________________________
         0 |          0 |      25958 |      41969 |    -76.27448523 |     -0.00099793 |    -76.27548316 
____________________________________________________________________________________________________________________________________


*******************************************************



******************************
* Step  10 Finished          *
* CpuTime  =        2716.220 *
* WallTime =          72.049 *
******************************



*************** Begin Hmat_Construction ***************

dimension = 41969
nnz               = 16890524
Working Time      : cputime / walltime / effective core 
Total Time        :     7.32 /     0.20 / 36.47
Initialize Time   :     0.15 /     0.00 / 65.45
Calculation Time  :     6.69 /     0.12 / 55.42
Finalize Time     :     0.48 /     0.08 / 6.18


*************** End Hmat_Construction ***************



*************** Begin MatrixDiag ***************

Iteration  :    3
Initial    : 
Init[   0] :    -76.27448523
Eigenvalue : 
Eig[   0]  :    -76.27448523
   CpuTime :           5.540
  WallTime :           0.092
Residue    : 
Res[   0]  :      0.00000588


*************** End MatrixDiag ***************



*************** Begin Selection ***************

Q_Space Dim       : 109369 
Working Time      : cputime / walltime / effective core 
Total Time        :    71.26 /     1.87 / 38.21
Initialize Time   :     0.00 /     0.01 / 0.00
Calculation Time  :    70.83 /     1.84 / 38.58
Finalize Time     :     0.43 /     0.02 / 18.70


*************** End Selection ***************



*************** Begin Hmat_Construction ***************

dimension = 109369
nnz               = 75830460
Working Time      : cputime / walltime / effective core 
Total Time        :    21.73 /     0.57 / 38.24
Initialize Time   :     0.17 /     0.00 / 64.70
Calculation Time  :    21.11 /     0.51 / 41.43
Finalize Time     :     0.44 /     0.06 / 7.87


*************** End Hmat_Construction ***************



*************** Begin MatrixDiag ***************

Iteration  :   10
Initial    : 
Init[   0] :    -76.27448523
Eigenvalue : 
Eig[   0]  :    -76.27495110
   CpuTime :          37.830
  WallTime :           0.793
Residue    : 
Res[   0]  :      0.00003922


*************** End MatrixDiag ***************



*************** Begin Selection ***************

Q_Space Dim       : 110148 
Working Time      : cputime / walltime / effective core 
Total Time        :    76.40 /     2.59 / 29.49
Initialize Time   :     0.02 /     0.02 / 0.95
Calculation Time  :    76.08 /     2.57 / 29.66
Finalize Time     :     0.30 /     0.00 / 63.73


*************** End Selection ***************



*************** Begin Hmat_Construction ***************

dimension = 110148
nnz               = 76656752
Working Time      : cputime / walltime / effective core 
Total Time        :     1.29 /     0.04 / 33.39
Initialize Time   :     0.16 /     0.00 / 61.69
Calculation Time  :     0.71 /     0.01 / 50.90
Finalize Time     :     0.41 /     0.02 / 18.59


*************** End Hmat_Construction ***************



*************** Begin MatrixDiag ***************

Iteration  :    4
Initial    : 
Init[   0] :    -76.27495110
Eigenvalue : 
Eig[   0]  :    -76.27495530
   CpuTime :          16.330
  WallTime :           0.335
Residue    : 
Res[   0]  :      0.00006572


*************** End MatrixDiag ***************



*************** Begin MatrixDiag ***************

Iteration  :    4
Initial    : 
Init[   0] :    -76.27494244
Eigenvalue : 
Eig[   0]  :    -76.27494278
   CpuTime :          16.100
  WallTime :           0.327
Residue    : 
Res[   0]  :      0.00005864


*************** End MatrixDiag ***************

********** Selection_iCI Info **********

iter / ncsf_prime / ncfg_prime / ncsf_Qspace / Similarity / time 
   0 /     84442  /     49240  /    109369  /  0.4968  /   132.350,    3.402 
   1 /     84911  /     49508  /    110148  /  0.9925  /    94.940,    3.135 
Final prune is performed!

***************************************


********** BEGIN PRINT Important cfgspace INFO **********

     ncsf | symmetry |  nstates |  spintwo |     ncfg |   energy 
        0 |        0 |        1 |    84911 |    49508 |    -76.27494278, 


*************** Begin PRINT NONRELA CFGSPACE ***************

spintwo    = 0
irrep      = 0
nstates    = 1
ncfg       =        49508
ncsf       =        84911
ncsf full  =       146756
ndet full  =       536958
ndet eff   =       288376

*********** state  0 ***********
Important ocfg:
    0 222220000000000000000000000000000000000000000000000000000000000000000000000000000000000000000000       0     9.658731e-01  93.291080
    1 221211010000000000000000000000000000000000000000000000000000000000000000000000000000000000000000       1     6.926779e-02   0.479803
    2 220220020000000000000000000000000000000000000000000000000000000000000000000000000000000000000000       0    -6.373319e-02   0.406192
    3 222020200000000000000000000000000000000000000000000000000000000000000000000000000000000000000000       0    -5.750066e-02   0.330633
    4 222202000000000000000000000000000000000000000000000000000000000000000000000000000000000000000000       0    -5.745860e-02   0.330149
    5 222111100000000000000000000000000000000000000000000000000000000000000000000000000000000000000000       0    -5.037989e-02   0.253813
    6 221120110000000000000000000000000000000000000000000000000000000000000000000000000000000000000000       1     4.834121e-02   0.233687
    7 221120110000000000000000000000000000000000000000000000000000000000000000000000000000000000000000       0    -4.799851e-02   0.230386
    8 222111100000000000000000000000000000000000000000000000000000000000000000000000000000000000000000       1     4.416853e-02   0.195086
    9 212120101000000000000000000000000000000000000000000000000000000000000000000000000000000000000000       1     4.055412e-02   0.164464
   10 222110000001100000000000000000000000000000000000000000000000000000000000000000000000000000000000       0     3.760998e-02   0.141451
   11 221211010000000000000000000000000000000000000000000000000000000000000000000000000000000000000000       0    -3.526247e-02   0.124344
   12 211220011000000000000000000000000000000000000000000000000000000000000000000000000000000000000000       1     3.419766e-02   0.116948
   13 212211001000000000000000000000000000000000000000000000000000000000000000000000000000000000000000       1     3.293888e-02   0.108497
   14 221120000110000000000000000000000000000000000000000000000000000000000000000000000000000000000000       0    -3.136561e-02   0.098380
   15 221210011000000000000000000000000000000000000000000000000000000000000000000000000000000000000000       0    -2.817842e-02   0.079402
   16 222200020000000000000000000000000000000000000000000000000000000000000000000000000000000000000000       0    -2.645080e-02   0.069964
   17 221210010100000000000000000000000000000000000000000000000000000000000000000000000000000000000000       0     2.402655e-02   0.057728
   18 211220011000000000000000000000000000000000000000000000000000000000000000000000000000000000000000       0    -2.328245e-02   0.054207
   19 212211001000000000000000000000000000000000000000000000000000000000000000000000000000000000000000       0    -2.288583e-02   0.052376
   20 220222000000000000000000000000000000000000000000000000000000000000000000000000000000000000000000       0    -2.285191e-02   0.052221
   21 212212000000000000000000000000000000000000000000000000000000000000000000000000000000000000000000       0    -2.265935e-02   0.051345
   22 212120101000000000000000000000000000000000000000000000000000000000000000000000000000000000000000       0    -2.198694e-02   0.048343
   23 211220010100000000000000000000000000000000000000000000000000000000000000000000000000000000000000       1     2.193786e-02   0.048127
   24 222110101000000000000000000000000000000000000000000000000000000000000000000000000000000000000000       1    -2.166016e-02   0.046916
check importance : 84529 / 84911 (   99.55)

****************************


*************** End PRINT NONRELA CFGSPACE ***************



********** END   PRINT Important cfgspace INFO **********



******************************
* Step  11 Finished          *
* CpuTime  =        2976.490 *
* WallTime =          80.485 *
******************************



*************** Begin First_Residue_Update ***************

memory            = 9610328
Working Time      : cputime / walltime / effective core 
Total Time        :     0.40 /     0.01 / 58.59
Initialize Time   :     0.00 /     0.00 / 0.00
Calculation Time  :     0.40 /     0.01 / 59.01
Finalize Time     :     0.00 /     0.00 / 0.00


*************** End First_Residue_Update ***************



*************** Begin Second_Residue_Update ***************

memory            = 14917120
Working Time      : cputime / walltime / effective core 
Total Time        :     0.74 /     0.01 / 63.92
Initialize Time   :     0.00 /     0.00 / 0.00
Calculation Time  :     0.72 /     0.01 / 62.63
Finalize Time     :     0.01 /     0.00 / 800.64


*************** End Second_Residue_Update ***************

Thread label = 56
ept        =     -0.42916335
ene offset =     -0.42861982


********** ENPT2 Info **********

Wall Time                   =   22.111
CPU  Time                   = 1323.660
CPU / Wall                  =   59.864
ncfg_touched                =            120294321
ncsf_touched                =            776564844
---------------------------------------------------
       var        /  perturbation  /     total     
       -76.27494278/    -0.00054353/   -76.27548630
---------------------------------------------------
Residue Time                =    1.150 ( 0.09%)
Generate connection  record =   39.678 ( 3.00%)
sort connection record      =   72.990 ( 5.51%)
sort calculation record     =  575.618 (43.49%)
sort                        =  648.608 (49.00%)
calculation sigma           =  183.003 (13.83%)
collect result              =   62.421 ( 4.72%)
Other                       =  388.800 (29.37%)
nWorkDone                   = 164242


********************************



*************** iCI_ENPT(2)_NonRela::Info ***************

____________________________________________________________________________________________________________________________________
   spintwo |   symmetry |       ncfg |       ncsf |            evar |             ept |            etot 
____________________________________________________________________________________________________________________________________
         0 |          0 |      49508 |      84911 |    -76.27494278 |     -0.00054353 |    -76.27548630 
____________________________________________________________________________________________________________________________________


*******************************************************



******************************
* Step  12 Finished          *
* CpuTime  =        4300.180 *
* WallTime =         102.596 *
******************************



*************** Begin Hmat_Construction ***************

dimension = 84911
nnz               = 47110602
Working Time      : cputime / walltime / effective core 
Total Time        :    14.99 /     0.41 / 36.33
Initialize Time   :     0.10 /     0.00 / 60.14
Calculation Time  :    14.48 /     0.38 / 37.93
Finalize Time     :     0.41 /     0.03 / 14.09


*************** End Hmat_Construction ***************



*************** Begin MatrixDiag ***************

Iteration  :    4
Initial    : 
Init[   0] :    -76.27494278
Eigenvalue : 
Eig[   0]  :    -76.27494278
   CpuTime :          12.000
  WallTime :           0.236
Residue    : 
Res[   0]  :      0.00000467


*************** End MatrixDiag ***************



*************** Begin Selection ***************

Q_Space Dim       : 177155 
Working Time      : cputime / walltime / effective core 
Total Time        :    78.49 /     1.63 / 48.17
Initialize Time   :     0.01 /     0.01 / 0.81
Calculation Time  :    78.05 /     1.58 / 49.35
Finalize Time     :     0.43 /     0.04 / 12.13


*************** End Selection ***************



*************** Begin Hmat_Construction ***************

dimension = 177155
nnz               = 148376803
Working Time      : cputime / walltime / effective core 
Total Time        :    34.33 /     0.88 / 38.94
Initialize Time   :     0.15 /     0.00 / 61.86
Calculation Time  :    33.71 /     0.82 / 41.29
Finalize Time     :     0.47 /     0.06 / 7.51


*************** End Hmat_Construction ***************



*************** Begin MatrixDiag ***************

Iteration  :    9
Initial    : 
Init[   0] :    -76.27494278
Eigenvalue : 
Eig[   0]  :    -76.27515480
   CpuTime :          59.670
  WallTime :           1.253
Residue    : 
Res[   0]  :      0.00004098


*************** End MatrixDiag ***************



*************** Begin Selection ***************

Q_Space Dim       : 178012 
Working Time      : cputime / walltime / effective core 
Total Time        :    86.42 /     1.96 / 44.18
Initialize Time   :     0.04 /     0.04 / 1.09
Calculation Time  :    85.98 /     1.91 / 44.95
Finalize Time     :     0.40 /     0.01 / 59.08


*************** End Selection ***************



*************** Begin Hmat_Construction ***************

dimension = 178012
nnz               = 149440053
Working Time      : cputime / walltime / effective core 
Total Time        :     1.45 /     0.04 / 35.36
Initialize Time   :     0.17 /     0.00 / 68.15
Calculation Time  :     0.87 /     0.02 / 53.20
Finalize Time     :     0.41 /     0.02 / 18.56


*************** End Hmat_Construction ***************



*************** Begin MatrixDiag ***************

Iteration  :    4
Initial    : 
Init[   0] :    -76.27515480
Eigenvalue : 
Eig[   0]  :    -76.27515680
   CpuTime :          27.380
  WallTime :           0.566
Residue    : 
Res[   0]  :      0.00004512


*************** End MatrixDiag ***************



*************** Begin MatrixDiag ***************

Iteration  :    4
Initial    : 
Init[   0] :    -76.27514925
Eigenvalue : 
Eig[   0]  :    -76.27514944
   CpuTime :          27.810
  WallTime :           0.573
Residue    : 
Res[   0]  :      0.00004366


*************** End MatrixDiag ***************

********** Selection_iCI Info **********

iter / ncsf_prime / ncfg_prime / ncsf_Qspace / Similarity / time 
   0 /    138681  /     77782  /    177155  /  0.6120  /   174.230,    3.975 
   1 /    139214  /     78089  /    178012  /  0.9947  /   116.140,    2.762 
Final prune is performed!

***************************************


********** BEGIN PRINT Important cfgspace INFO **********

     ncsf | symmetry |  nstates |  spintwo |     ncfg |   energy 
        0 |        0 |        1 |   139214 |    78089 |    -76.27514944, 


*************** Begin PRINT NONRELA CFGSPACE ***************

spintwo    = 0
irrep      = 0
nstates    = 1
ncfg       =        78089
ncsf       =       139214
ncsf full  =       243709
ndet full  =       906855
ndet eff   =       481818

*********** state  0 ***********
Important ocfg:
    0 222220000000000000000000000000000000000000000000000000000000000000000000000000000000000000000000       0    -9.657727e-01  93.271683
    1 221211010000000000000000000000000000000000000000000000000000000000000000000000000000000000000000       1    -6.927732e-02   0.479935
    2 220220020000000000000000000000000000000000000000000000000000000000000000000000000000000000000000       0     6.373923e-02   0.406269
    3 222020200000000000000000000000000000000000000000000000000000000000000000000000000000000000000000       0     5.752312e-02   0.330891
    4 222202000000000000000000000000000000000000000000000000000000000000000000000000000000000000000000       0     5.747583e-02   0.330347
    5 222111100000000000000000000000000000000000000000000000000000000000000000000000000000000000000000       0     5.041963e-02   0.254214
    6 221120110000000000000000000000000000000000000000000000000000000000000000000000000000000000000000       1    -4.837086e-02   0.233974
    7 221120110000000000000000000000000000000000000000000000000000000000000000000000000000000000000000       0     4.803183e-02   0.230706
    8 222111100000000000000000000000000000000000000000000000000000000000000000000000000000000000000000       1    -4.419074e-02   0.195282
    9 212120101000000000000000000000000000000000000000000000000000000000000000000000000000000000000000       1    -4.057516e-02   0.164634
   10 222110000001100000000000000000000000000000000000000000000000000000000000000000000000000000000000       0    -3.763592e-02   0.141646
   11 221211010000000000000000000000000000000000000000000000000000000000000000000000000000000000000000       0     3.528338e-02   0.124492
   12 211220011000000000000000000000000000000000000000000000000000000000000000000000000000000000000000       1    -3.421081e-02   0.117038
   13 212211001000000000000000000000000000000000000000000000000000000000000000000000000000000000000000       1    -3.295340e-02   0.108593
   14 221120000110000000000000000000000000000000000000000000000000000000000000000000000000000000000000       0     3.139036e-02   0.098535
   15 221210011000000000000000000000000000000000000000000000000000000000000000000000000000000000000000       0     2.820995e-02   0.079580
   16 222200020000000000000000000000000000000000000000000000000000000000000000000000000000000000000000       0     2.646847e-02   0.070058
   17 221210010100000000000000000000000000000000000000000000000000000000000000000000000000000000000000       0    -2.405769e-02   0.057877
   18 211220011000000000000000000000000000000000000000000000000000000000000000000000000000000000000000       0     2.329762e-02   0.054278
   19 212211001000000000000000000000000000000000000000000000000000000000000000000000000000000000000000       0     2.290115e-02   0.052446
   20 220222000000000000000000000000000000000000000000000000000000000000000000000000000000000000000000       0     2.286164e-02   0.052265
   21 212212000000000000000000000000000000000000000000000000000000000000000000000000000000000000000000       0     2.266304e-02   0.051361
   22 212120101000000000000000000000000000000000000000000000000000000000000000000000000000000000000000       0     2.200826e-02   0.048436
   23 211220010100000000000000000000000000000000000000000000000000000000000000000000000000000000000000       1    -2.195183e-02   0.048188
   24 222110101000000000000000000000000000000000000000000000000000000000000000000000000000000000000000       1     2.167924e-02   0.046999
check importance : 138630 / 139214 (   99.58)

****************************


*************** End PRINT NONRELA CFGSPACE ***************



********** END   PRINT Important cfgspace INFO **********



******************************
* Step  13 Finished          *
* CpuTime  =        4650.370 *
* WallTime =         112.638 *
******************************



*************** Begin First_Residue_Update ***************

memory            = 14665608
Working Time      : cputime / walltime / effective core 
Total Time        :     0.61 /     0.01 / 59.62
Initialize Time   :     0.00 /     0.00 / 0.00
Calculation Time  :     0.60 /     0.01 / 58.87
Finalize Time     :     0.00 /     0.00 / 0.00


*************** End First_Residue_Update ***************



*************** Begin Second_Residue_Update ***************

memory            = 22530648
Working Time      : cputime / walltime / effective core 
Total Time        :     1.26 /     0.02 / 61.25
Initialize Time   :     0.00 /     0.00 / 0.00
Calculation Time  :     1.26 /     0.02 / 61.44
Finalize Time     :     0.00 /     0.00 / 0.00


*************** End Second_Residue_Update ***************

Thread label = 10
ept        =     -0.42999776
ene offset =     -0.42965841


********** ENPT2 Info **********

Wall Time                   =   35.982
CPU  Time                   = 1815.300
CPU / Wall                  =   50.451
ncfg_touched                =            165823481
ncsf_touched                =           1109661214
---------------------------------------------------
       var        /  perturbation  /     total     
       -76.27514944/    -0.00033935/   -76.27548879
---------------------------------------------------
Residue Time                =    1.870 ( 0.10%)
Generate connection  record =   44.819 ( 2.47%)
sort connection record      =   93.884 ( 5.17%)
sort calculation record     =  754.756 (41.58%)
sort                        =  848.639 (46.75%)
calculation sigma           =  279.609 (15.40%)
collect result              =   79.632 ( 4.39%)
Other                       =  560.730 (30.89%)
nWorkDone                   = 164242


********************************



*************** iCI_ENPT(2)_NonRela::Info ***************

____________________________________________________________________________________________________________________________________
   spintwo |   symmetry |       ncfg |       ncsf |            evar |             ept |            etot 
____________________________________________________________________________________________________________________________________
         0 |          0 |      78089 |     139214 |    -76.27514944 |     -0.00033935 |    -76.27548879 
____________________________________________________________________________________________________________________________________


*******************************************************



******************************
* Step  14 Finished          *
* CpuTime  =        6465.710 *
* WallTime =         148.620 *
******************************



******************************
* Step  15 Finished          *
* CpuTime  =        6465.790 *
* WallTime =         148.621 *
******************************

