****************************************************************************
*********** Iteractive Configuration Interaction with Selection  ***********
     AUTHOR : NING ZHANG   , QiTCS, 100871, ningzhang1024@gmail.com        
     AUTHOR : QINGPENG WANG, QiTCS 
****************************************************************************



**************************************
*********** Print TaskInfo ***********
**************************************

 Spintwo / Irrep / nStates / OuterWeight / Weight
____________________________________
        0/      0/        1/     1.000000     1.00000000 
____________________________________


**************************************
***************  END  ****************
**************************************



******** Print Parameter ******* 

********** Basic Info **********

Selection Algorithm            = SiCI with iCI Criterion
Diagonization Algorithm        = LOBPCG
Initial Guess                  = CASCI
Perturbation                   = Default
Reduced Density Matrix         = Do not calculate RDMs
********** Cnotrol Info **********

Similarity Control                           = 0.950000
energy convergence tolerance for iCI (ETOL)  = 0.000000
Cmin Schedule                (CMIN_SCHEDULE) = 1.0000e-04 7.0000e-05 5.0000e-05 3.0000e-05 1.5000e-05 9.0000e-06 

**********  End  Parameter **********



********** Calculation Procedure **********


The number of steps of calculation procedure = 16

Step   0 : iCI_Initialization with CASCI and cmin =       1.000e-04
Step   1 : SiCI with iCI Criterion with Cmin =       1.000e-03
Step   2 : Generating Natural Orbitals with Cmin =       1.000e-04
Step   3 : SiCI with iCI Criterion with Cmin =       1.000e-04
Step   4 : Perturbation Correction -- ENPT(2)
Step   5 : SiCI with iCI Criterion with Cmin =       7.000e-05
Step   6 : Perturbation Correction -- ENPT(2)
Step   7 : SiCI with iCI Criterion with Cmin =       5.000e-05
Step   8 : Perturbation Correction -- ENPT(2)
Step   9 : SiCI with iCI Criterion with Cmin =       3.000e-05
Step  10 : Perturbation Correction -- ENPT(2)
Step  11 : SiCI with iCI Criterion with Cmin =       1.500e-05
Step  12 : Perturbation Correction -- ENPT(2)
Step  13 : SiCI with iCI Criterion with Cmin =       9.000e-06
Step  14 : Perturbation Correction -- ENPT(2)
Step  15 : PostProcess -- WriteOut .enedat File


*******************************************



*************** Begin Hmat_Construction ***************

dimension = 35793
nnz               = 19968993
Working Time      : cputime / walltime / effective core 
Total Time        :     8.10 /     0.24 / 33.26
Initialize Time   :     0.13 /     0.00 / 60.66
Calculation Time  :     7.47 /     0.14 / 52.87
Finalize Time     :     0.50 /     0.10 / 5.00


*************** End Hmat_Construction ***************



*************** Begin MatrixDiag ***************

Iteration  :    6
Initial    : 
Init[   0] :    -76.04122904
Eigenvalue : 
Eig[   0]  :    -76.04263601
   CpuTime :          28.220
  WallTime :           0.652
Residue    : 
Res[   0]  :      0.00001784


*************** End MatrixDiag ***************



*************** Begin MatrixDiag ***************

Iteration  :    3
Initial    : 
Init[   0] :    -76.04262855
Eigenvalue : 
Eig[   0]  :    -76.04262866
   CpuTime :           5.210
  WallTime :           0.083
Residue    : 
Res[   0]  :      0.00002315


*************** End MatrixDiag ***************



********** INITIAL GUESS INFO **********

+----------+----------+----------+----------+----------+-------------------+
|     ncsf | symmetry |  nstates |  spintwo |     ncfg |            energy |
+----------+----------+----------+----------+----------+-------------------+
|        0 |        0 |        1 |      533 |      376 |      -76.04262866 |
+----------+----------+----------+----------+----------+-------------------+


****************************************




******************************
* Step   0 Finished          *
* CpuTime  =          42.770 *
* WallTime =           1.011 *
******************************



*************** Begin Hmat_Construction ***************

dimension = 533
nnz               = 33382
Working Time      : cputime / walltime / effective core 
Total Time        :     0.69 /     0.03 / 24.27
Initialize Time   :     0.08 /     0.00 / 62.19
Calculation Time  :     0.19 /     0.00 / 38.61
Finalize Time     :     0.40 /     0.02 / 18.03


*************** End Hmat_Construction ***************



*************** Begin MatrixDiag ***************

Iteration  :    3
Initial    : 
Init[   0] :    -76.04262866
Eigenvalue : 
Eig[   0]  :    -76.04262866
   CpuTime :           0.130
  WallTime :           0.002
Residue    : 
Res[   0]  :      0.00000015


*************** End MatrixDiag ***************



*************** Begin Selection ***************

Q_Space Dim       : 6823 
Working Time      : cputime / walltime / effective core 
Total Time        :    60.21 /     1.07 / 56.19
Initialize Time   :     0.01 /     0.00 / 110.68
Calculation Time  :    60.14 /     1.07 / 56.18
Finalize Time     :     0.06 /     0.00 / 62.48


*************** End Selection ***************



*************** Begin Hmat_Construction ***************

dimension = 6823
nnz               = 2447476
Working Time      : cputime / walltime / effective core 
Total Time        :     1.90 /     0.05 / 38.89
Initialize Time   :     0.14 /     0.00 / 60.51
Calculation Time  :     1.35 /     0.02 / 59.96
Finalize Time     :     0.41 /     0.02 / 17.09


*************** End Hmat_Construction ***************



*************** Begin MatrixDiag ***************

Iteration  :    8
Initial    : 
Init[   0] :    -76.04262866
Eigenvalue : 
Eig[   0]  :    -76.24824174
   CpuTime :           3.570
  WallTime :           0.056
Residue    : 
Res[   0]  :      0.00002319


*************** End MatrixDiag ***************



*************** Begin Selection ***************

Q_Space Dim       : 6834 
Working Time      : cputime / walltime / effective core 
Total Time        :    62.43 /     1.20 / 52.20
Initialize Time   :     0.05 /     0.00 / 63.98
Calculation Time  :    62.36 /     1.19 / 52.19
Finalize Time     :     0.01 /     0.00 / 34.00


*************** End Selection ***************



*************** Begin Hmat_Construction ***************

dimension = 6834
nnz               = 2480601
Working Time      : cputime / walltime / effective core 
Total Time        :     0.90 /     0.03 / 27.35
Initialize Time   :     0.16 /     0.00 / 61.53
Calculation Time  :     0.32 /     0.01 / 34.82
Finalize Time     :     0.41 /     0.02 / 19.46


*************** End Hmat_Construction ***************



*************** Begin MatrixDiag ***************

Iteration  :    7
Initial    : 
Init[   0] :    -76.24824174
Eigenvalue : 
Eig[   0]  :    -76.24864802
   CpuTime :           3.670
  WallTime :           0.057
Residue    : 
Res[   0]  :      0.00001143


*************** End MatrixDiag ***************



*************** Begin MatrixDiag ***************

Iteration  :    5
Initial    : 
Init[   0] :    -76.24666291
Eigenvalue : 
Eig[   0]  :    -76.24667557
   CpuTime :           2.750
  WallTime :           0.043
Residue    : 
Res[   0]  :      0.00002677


*************** End MatrixDiag ***************

********** Selection_iCI Info **********

iter / ncsf_prime / ncfg_prime / ncsf_Qspace / Similarity / time 
   0 /      5761  /      4490  /      6823  /  0.0214  /    66.530,    1.307 
   1 /      5789  /      4507  /      6834  /  0.9910  /    67.850,    1.411 
Final prune is performed!

***************************************


********** BEGIN PRINT Important cfgspace INFO **********

     ncsf | symmetry |  nstates |  spintwo |     ncfg |   energy 
        0 |        0 |        1 |     5789 |     4507 |    -76.24667557, 


*************** Begin PRINT NONRELA CFGSPACE ***************

spintwo    = 0
irrep      = 0
nstates    = 1
ncfg       =         4507
ncsf       =         5789
ncsf full  =         7294
ndet full  =        19980
ndet eff   =        15465

*********** state  0 ***********
Important ocfg:
    0 222220000000000000000000000000000000000000000000000000000000000000000000000000000000000000000000       0    -9.731328e-01  94.698748
    1 222200000000000000000000000000000000000000000000020000000000000000000000000000000000000000000000       0     2.583888e-02   0.066765
    2 222110000000000000000000000000000000000000000001010000000000000000000000000000000000000000000000       1     1.559545e-02   0.024322
    3 220220000000000000000000000000000200000000000000000000000000000000000000000000000000000000000000       0     1.554073e-02   0.024151
    4 221120000000000000000000000000000101000000000000000000000000000000000000000000000000000000000000       1    -1.535917e-02   0.023590
    5 222200000000010000000000000000000000000000000000010000000000000000000000000000000000000000000000       0     1.515500e-02   0.022967
    6 222110000000000000000000000000000000000000000001010000000000000000000000000000000000000000000000       0     1.480356e-02   0.021915
    7 222200000000000000000000000000000000020000000000000000000000000000000000000000000000000000000000       0     1.471079e-02   0.021641
    8 220220000000000001000000000000000100000000000000000000000000000000000000000000000000000000000000       0    -1.448897e-02   0.020993
    9 222020000000000000000010000000000000000000000001000000000000000000000000000000000000000000000000       0    -1.439650e-02   0.020726
   10 222200000000000000000001000000000000000000000000010000000000000000000000000000000000000000000000       0    -1.414900e-02   0.020019
   11 220220000000000001000000000000010000000000000000000000000000000000000000000000000000000000000000       0     1.356169e-02   0.018392
   12 222210000000010000000000000000000000000000000000000000000000000000000000000000000000000000000000       0    -1.344080e-02   0.018066
   13 221210000000000000000000000000000001000010000000000000000000000000000000000000000000000000000000       0    -1.332950e-02   0.017768
   14 222020000000000000000000000000000200000000000000000000000000000000000000000000000000000000000000       0     1.315009e-02   0.017292
   15 222110000000000000000010000000000000000000000000010000000000000000000000000000000000000000000000       0     1.308728e-02   0.017128
   16 222020000000000000000000000000000000000000000002000000000000000000000000000000000000000000000000       0     1.307074e-02   0.017084
   17 222020000000000000000000000000000000000000000001001000000000000000000000000000000000000000000000       0     1.272184e-02   0.016185
   18 222200000000000000000000000000000000000000001000010000000000000000000000000000000000000000000000       0     1.260297e-02   0.015883
   19 222020000000000000000020000000000000000000000000000000000000000000000000000000000000000000000000       0     1.243312e-02   0.015458
   20 222200000000100000000000000000000000000000000000010000000000000000000000000000000000000000000000       0    -1.239002e-02   0.015351
   21 222110000000000000000000000000000001010000000000000000000000000000000000000000000000000000000000       0     1.228445e-02   0.015091
   22 222110000000000000000000000000000000000000000000000000000000000000110000000000000000000000000000       0    -1.217088e-02   0.014813
   23 222110000000000000000000000000000000000000000000011000000000000000000000000000000000000000000000       1    -1.209597e-02   0.014631
   24 222210000000100000000000000000000000000000000000000000000000000000000000000000000000000000000000       0     1.200332e-02   0.014408
check importance : 5759 / 5789 (   99.48)

****************************


*************** End PRINT NONRELA CFGSPACE ***************



********** END   PRINT Important cfgspace INFO **********



******************************
* Step   1 Finished          *
* CpuTime  =         182.270 *
* WallTime =           3.920 *
******************************



*************** Begin Hmat_Construction ***************

dimension = 5789
nnz               = 1891571
Working Time      : cputime / walltime / effective core 
Total Time        :     1.61 /     0.04 / 36.26
Initialize Time   :     0.09 /     0.00 / 67.12
Calculation Time  :     1.11 /     0.02 / 57.38
Finalize Time     :     0.41 /     0.02 / 17.32


*************** End Hmat_Construction ***************



*************** Begin MatrixDiag ***************

Iteration  :    3
Initial    : 
Init[   0] :    -76.24667557
Eigenvalue : 
Eig[   0]  :    -76.24667557
   CpuTime :           1.160
  WallTime :           0.018
Residue    : 
Res[   0]  :      0.00000035


*************** End MatrixDiag ***************



*************** Begin Selection ***************

Q_Space Dim       : 28114 
Working Time      : cputime / walltime / effective core 
Total Time        :    63.88 /     1.28 / 49.86
Initialize Time   :     0.09 /     0.00 / 65.64
Calculation Time  :    63.45 /     1.27 / 49.79
Finalize Time     :     0.33 /     0.01 / 62.97


*************** End Selection ***************



*************** Begin Hmat_Construction ***************

dimension = 28114
nnz               = 20315992
Working Time      : cputime / walltime / effective core 
Total Time        :     8.64 /     0.24 / 35.37
Initialize Time   :     0.17 /     0.00 / 63.97
Calculation Time  :     7.99 /     0.16 / 50.94
Finalize Time     :     0.47 /     0.08 / 5.55


*************** End Hmat_Construction ***************



*************** Begin MatrixDiag ***************

Iteration  :    8
Initial    : 
Init[   0] :    -76.24667557
Eigenvalue : 
Eig[   0]  :    -76.26043678
   CpuTime :          11.400
  WallTime :           0.185
Residue    : 
Res[   0]  :      0.00002451


*************** End MatrixDiag ***************



*************** Begin Selection ***************

Q_Space Dim       : 28688 
Working Time      : cputime / walltime / effective core 
Total Time        :    65.81 /     1.39 / 47.38
Initialize Time   :     0.00 /     0.01 / 0.00
Calculation Time  :    65.75 /     1.38 / 47.56
Finalize Time     :     0.06 /     0.00 / 52.67


*************** End Selection ***************



*************** Begin Hmat_Construction ***************

dimension = 28688
nnz               = 20713459
Working Time      : cputime / walltime / effective core 
Total Time        :     1.11 /     0.04 / 30.51
Initialize Time   :     0.17 /     0.00 / 62.93
Calculation Time  :     0.52 /     0.01 / 42.74
Finalize Time     :     0.41 /     0.02 / 19.11


*************** End Hmat_Construction ***************



*************** Begin MatrixDiag ***************

Iteration  :    5
Initial    : 
Init[   0] :    -76.26043678
Eigenvalue : 
Eig[   0]  :    -76.26046813
   CpuTime :           7.370
  WallTime :           0.116
Residue    : 
Res[   0]  :      0.00002182


*************** End MatrixDiag ***************



*************** Begin MatrixDiag ***************

Iteration  :    5
Initial    : 
Init[   0] :    -76.26036102
Eigenvalue : 
Eig[   0]  :    -76.26036225
   CpuTime :           7.680
  WallTime :           0.121
Residue    : 
Res[   0]  :      0.00001438


*************** End MatrixDiag ***************

********** Selection_iCI Info **********

iter / ncsf_prime / ncfg_prime / ncsf_Qspace / Similarity / time 
   0 /     21697  /     15859  /     28114  /  0.2668  /    85.090,    1.860 
   1 /     21931  /     16045  /     28688  /  0.9882  /    75.300,    1.695 
Final prune is performed!

***************************************


********** BEGIN PRINT Important cfgspace INFO **********

     ncsf | symmetry |  nstates |  spintwo |     ncfg |   energy 
        0 |        0 |        1 |    21931 |    16045 |    -76.26036225, 


*************** Begin PRINT NONRELA CFGSPACE ***************

spintwo    = 0
irrep      = 0
nstates    = 1
ncfg       =        16045
ncsf       =        21931
ncsf full  =        29817
ndet full  =        89208
ndet eff   =        61546

*********** state  0 ***********
Important ocfg:
    0 222220000000000000000000000000000000000000000000000000000000000000000000000000000000000000000000       0     9.709423e-01  94.272896
    1 222200000000000000000000000000000000000000000000020000000000000000000000000000000000000000000000       0    -2.590520e-02   0.067108
    2 220220000000000000000000000000000200000000000000000000000000000000000000000000000000000000000000       0    -1.568228e-02   0.024593
    3 222110000000000000000000000000000000000000000001010000000000000000000000000000000000000000000000       1    -1.566982e-02   0.024554
    4 221120000000000000000000000000000101000000000000000000000000000000000000000000000000000000000000       1     1.558046e-02   0.024275
    5 222200000000000000000000000000000000020000000000000000000000000000000000000000000000000000000000       0    -1.497070e-02   0.022412
    6 222200000000010000000000000000000000000000000000010000000000000000000000000000000000000000000000       0    -1.495902e-02   0.022377
    7 222110000000000000000000000000000000000000000001010000000000000000000000000000000000000000000000       0    -1.491571e-02   0.022248
    8 220220000000000001000000000000000100000000000000000000000000000000000000000000000000000000000000       0     1.468474e-02   0.021564
    9 222020000000000000000010000000000000000000000001000000000000000000000000000000000000000000000000       0     1.436111e-02   0.020624
   10 222200000000000000000001000000000000000000000000010000000000000000000000000000000000000000000000       0     1.403402e-02   0.019695
   11 220220000000000001000000000000010000000000000000000000000000000000000000000000000000000000000000       0    -1.373375e-02   0.018862
   12 221210000000000000000000000000000001000010000000000000000000000000000000000000000000000000000000       0     1.345328e-02   0.018099
   13 222020000000000000000000000000000200000000000000000000000000000000000000000000000000000000000000       0    -1.326615e-02   0.017599
   14 222110000000000000000010000000000000000000000000010000000000000000000000000000000000000000000000       0    -1.314032e-02   0.017267
   15 222020000000000000000000000000000000000000000002000000000000000000000000000000000000000000000000       0    -1.303775e-02   0.016998
   16 222210000000010000000000000000000000000000000000000000000000000000000000000000000000000000000000       0     1.303769e-02   0.016998
   17 222020000000000000000020000000000000000000000000000000000000000000000000000000000000000000000000       0    -1.293307e-02   0.016726
   18 222110000000000000000000000000000001010000000000000000000000000000000000000000000000000000000000       0    -1.268891e-02   0.016101
   19 222020000000000000000000000000000000000000000001001000000000000000000000000000000000000000000000       0    -1.264930e-02   0.016000
   20 222210000000100000000000000000000000000000000000000000000000000000000000000000000000000000000000       0    -1.260066e-02   0.015878
   21 222200000000000000000000000000000000000000001000010000000000000000000000000000000000000000000000       0    -1.244974e-02   0.015500
   22 222200000000100000000000000000000000000000000000010000000000000000000000000000000000000000000000       0     1.216765e-02   0.014805
   23 222110000000000000000000000000000000000000000000000000000000000000110000000000000000000000000000       0     1.208861e-02   0.014613
   24 222110000000000000000000000000000000000000000000011000000000000000000000000000000000000000000000       1     1.201720e-02   0.014441
check importance : 21771 / 21931 (   99.27)

****************************


*************** End PRINT NONRELA CFGSPACE ***************



********** END   PRINT Important cfgspace INFO **********



*************** Begin Density Matrix Construction ***************

Working Time      : cputime / walltime / effective core 
Total Time        :     2.82 /     0.08 / 34.81
Initialize Time   :     0.41 /     0.01 / 60.65
Calculation Time  :     2.23 /     0.07 / 31.21
Finalize Time     :     0.18 /     0.00 / 64.52


*************** End Density Matrix Construction ***************

generate NO iter   0, ncnvg_elec = 3.969349e+00


*************** Begin Hmat_Construction ***************

dimension = 21931
nnz               = 15704191
Working Time      : cputime / walltime / effective core 
Total Time        :     6.71 /     0.19 / 35.46
Initialize Time   :     0.09 /     0.00 / 63.43
Calculation Time  :     6.16 /     0.11 / 54.56
Finalize Time     :     0.46 /     0.07 / 6.15


*************** End Hmat_Construction ***************



*************** Begin MatrixDiag ***************

Iteration  :   16
Initial    : 
Init[   0] :    -75.81312558
Eigenvalue : 
Eig[   0]  :    -76.25289241
   CpuTime :          20.350
  WallTime :           0.332
Residue    : 
Res[   0]  :      0.00000605


*************** End MatrixDiag ***************



*************** Begin Selection ***************

Q_Space Dim       : 31878 
Working Time      : cputime / walltime / effective core 
Total Time        :    63.57 /     2.51 / 25.33
Initialize Time   :     0.14 /     0.00 / 52.42
Calculation Time  :    63.17 /     2.50 / 25.25
Finalize Time     :     0.25 /     0.00 / 58.78


*************** End Selection ***************



*************** Begin Hmat_Construction ***************

dimension = 31878
nnz               = 20812726
Working Time      : cputime / walltime / effective core 
Total Time        :     3.00 /     0.08 / 38.50
Initialize Time   :     0.17 /     0.00 / 67.03
Calculation Time  :     2.41 /     0.04 / 60.02
Finalize Time     :     0.42 /     0.04 / 11.93


*************** End Hmat_Construction ***************



*************** Begin MatrixDiag ***************

Iteration  :   13
Initial    : 
Init[   0] :    -76.25289241
Eigenvalue : 
Eig[   0]  :    -76.27160859
   CpuTime :          20.990
  WallTime :           0.347
Residue    : 
Res[   0]  :      0.00004581


*************** End MatrixDiag ***************



*************** Begin Selection ***************

Q_Space Dim       : 33256 
Working Time      : cputime / walltime / effective core 
Total Time        :    63.85 /     1.26 / 50.55
Initialize Time   :     0.00 /     0.01 / 0.00
Calculation Time  :    63.77 /     1.26 / 50.74
Finalize Time     :     0.07 /     0.00 / 67.87


*************** End Selection ***************



*************** Begin Hmat_Construction ***************

dimension = 33256
nnz               = 21567122
Working Time      : cputime / walltime / effective core 
Total Time        :     1.25 /     0.04 / 31.43
Initialize Time   :     0.15 /     0.00 / 61.63
Calculation Time  :     0.68 /     0.01 / 51.34
Finalize Time     :     0.41 /     0.02 / 17.05


*************** End Hmat_Construction ***************



*************** Begin MatrixDiag ***************

Iteration  :    9
Initial    : 
Init[   0] :    -76.27160859
Eigenvalue : 
Eig[   0]  :    -76.27188710
   CpuTime :          15.740
  WallTime :           0.265
Residue    : 
Res[   0]  :      0.00003767


*************** End MatrixDiag ***************



*************** Begin Selection ***************

Q_Space Dim       : 33289 
Working Time      : cputime / walltime / effective core 
Total Time        :    63.23 /     1.57 / 40.29
Initialize Time   :     0.00 /     0.00 / 0.00
Calculation Time  :    63.17 /     1.56 / 40.39
Finalize Time     :     0.06 /     0.00 / 61.03


*************** End Selection ***************



*************** Begin Hmat_Construction ***************

dimension = 33289
nnz               = 21585079
Working Time      : cputime / walltime / effective core 
Total Time        :     0.78 /     0.03 / 23.31
Initialize Time   :     0.15 /     0.00 / 60.42
Calculation Time  :     0.21 /     0.01 / 20.93
Finalize Time     :     0.41 /     0.02 / 19.62


*************** End Hmat_Construction ***************



*************** Begin MatrixDiag ***************

Iteration  :    5
Initial    : 
Init[   0] :    -76.27188710
Eigenvalue : 
Eig[   0]  :    -76.27189358
   CpuTime :           8.340
  WallTime :           0.138
Residue    : 
Res[   0]  :      0.00005602


*************** End MatrixDiag ***************



*************** Begin MatrixDiag ***************

Iteration  :    6
Initial    : 
Init[   0] :    -76.27178098
Eigenvalue : 
Eig[   0]  :    -76.27178368
   CpuTime :           9.600
  WallTime :           0.154
Residue    : 
Res[   0]  :      0.00003309


*************** End MatrixDiag ***************

********** Selection_iCI Info **********

iter / ncsf_prime / ncfg_prime / ncsf_Qspace / Similarity / time 
   0 /     11389  /      8004  /     31878  /  0.1252  /    88.520,    3.071 
   1 /     12089  /      8467  /     33256  /  0.9311  /    81.880,    1.734 
   2 /     12105  /      8481  /     33289  /  0.9977  /    73.270,    1.870 
Final prune is performed!

***************************************


********** BEGIN PRINT Important cfgspace INFO **********

     ncsf | symmetry |  nstates |  spintwo |     ncfg |   energy 
        0 |        0 |        1 |    12105 |     8481 |    -76.27178368, 


*************** Begin PRINT NONRELA CFGSPACE ***************

spintwo    = 0
irrep      = 0
nstates    = 1
ncfg       =         8481
ncsf       =        12105
ncsf full  =        19423
ndet full  =        64455
ndet eff   =        36760

*********** state  0 ***********
Important ocfg:
    0 222220000000000000000000000000000000000000000000000000000000000000000000000000000000000000000000       0     9.668494e-01  93.479782
    1 222022000000000000000000000000000000000000000000000000000000000000000000000000000000000000000000       0    -6.347051e-02   0.402851
    2 222200020000000000000000000000000000000000000000000000000000000000000000000000000000000000000000       0    -5.731316e-02   0.328480
    3 220220200000000000000000000000000000000000000000000000000000000000000000000000000000000000000000       0    -5.652141e-02   0.319467
    4 221121100000000000000000000000000000000000000000000000000000000000000000000000000000000000000000       1     5.490008e-02   0.301402
    5 221210110000000000000000000000000000000000000000000000000000000000000000000000000000000000000000       0     4.767709e-02   0.227311
    6 222111010000000000000000000000000000000000000000000000000000000000000000000000000000000000000000       1     4.600012e-02   0.211601
    7 222111010000000000000000000000000000000000000000000000000000000000000000000000000000000000000000       0     4.595718e-02   0.211206
    8 221210110000000000000000000000000000000000000000000000000000000000000000000000000000000000000000       1     4.174797e-02   0.174289
    9 212210011000000000000000000000000000000000000000000000000000000000000000000000000000000000000000       1    -3.990115e-02   0.159210
   10 221210000001010000000000000000000000000000000000000000000000000000000000000000000000000000000000       0     3.470149e-02   0.120419
   11 221121100000000000000000000000000000000000000000000000000000000000000000000000000000000000000000       0    -3.427844e-02   0.117501
   12 212121001000000000000000000000000000000000000000000000000000000000000000000000000000000000000000       1    -3.215231e-02   0.103377
   13 211220101000000000000000000000000000000000000000000000000000000000000000000000000000000000000000       1    -3.045259e-02   0.092736
   14 222110000100100000000000000000000000000000000000000000000000000000000000000000000000000000000000       0    -3.019120e-02   0.091151
   15 220221100000000000000000000000000000000000000000000000000000000000000000000000000000000000000000       0     2.883309e-02   0.083135
   16 221121001000000000000000000000000000000000000000000000000000000000000000000000000000000000000000       0     2.853035e-02   0.081398
   17 222021100000000000000000000000000000000000000000000000000000000000000000000000000000000000000000       0    -2.825714e-02   0.079847
   18 220222000000000000000000000000000000000000000000000000000000000000000000000000000000000000000000       0    -2.701894e-02   0.073002
   19 221121000100000000000000000000000000000000000000000000000000000000000000000000000000000000000000       0    -2.421890e-02   0.058656
   20 222020200000000000000000000000000000000000000000000000000000000000000000000000000000000000000000       0    -2.352537e-02   0.055344
   21 221120000110000000000000000000000000000000000000000000000000000000000000000000000000000000000000       0    -2.295973e-02   0.052715
   22 211220200000000000000000000000000000000000000000000000000000000000000000000000000000000000000000       0     2.278386e-02   0.051910
   23 222200000000200000000000000000000000000000000000000000000000000000000000000000000000000000000000       0    -2.201520e-02   0.048467
   24 212121001000000000000000000000000000000000000000000000000000000000000000000000000000000000000000       0     2.196844e-02   0.048261
check importance : 11975 / 12105 (   98.93)

****************************


*************** End PRINT NONRELA CFGSPACE ***************



********** END   PRINT Important cfgspace INFO **********



*************** Begin Density Matrix Construction ***************

Working Time      : cputime / walltime / effective core 
Total Time        :     2.22 /     0.06 / 37.03
Initialize Time   :     0.16 /     0.00 / 59.67
Calculation Time  :     2.05 /     0.06 / 35.96
Finalize Time     :     0.01 /     0.00 / 38.16


*************** End Density Matrix Construction ***************

generate NO iter   1, ncnvg_elec = 6.058870e+00


*************** Begin Hmat_Construction ***************

dimension = 12105
nnz               = 3181959
Working Time      : cputime / walltime / effective core 
Total Time        :     2.08 /     0.05 / 38.37
Initialize Time   :     0.07 /     0.00 / 60.72
Calculation Time  :     1.60 /     0.03 / 59.75
Finalize Time     :     0.41 /     0.03 / 15.62


*************** End Hmat_Construction ***************



*************** Begin MatrixDiag ***************

Iteration  :   18
Initial    : 
Init[   0] :    -75.94643564
Eigenvalue : 
Eig[   0]  :    -76.27152311
   CpuTime :          12.240
  WallTime :           0.192
Residue    : 
Res[   0]  :      0.00000372


*************** End MatrixDiag ***************



*************** Begin Selection ***************

Q_Space Dim       : 17095 
Working Time      : cputime / walltime / effective core 
Total Time        :    63.18 /     2.32 / 27.19
Initialize Time   :     0.09 /     0.00 / 60.95
Calculation Time  :    62.94 /     2.32 / 27.13
Finalize Time     :     0.14 /     0.00 / 62.94


*************** End Selection ***************



*************** Begin Hmat_Construction ***************

dimension = 17095
nnz               = 6094139
Working Time      : cputime / walltime / effective core 
Total Time        :     2.22 /     0.05 / 40.87
Initialize Time   :     0.15 /     0.00 / 63.19
Calculation Time  :     1.65 /     0.03 / 59.06
Finalize Time     :     0.42 /     0.02 / 17.53


*************** End Hmat_Construction ***************



*************** Begin MatrixDiag ***************

Iteration  :    9
Initial    : 
Init[   0] :    -76.27152311
Eigenvalue : 
Eig[   0]  :    -76.27193357
   CpuTime :           8.910
  WallTime :           0.142
Residue    : 
Res[   0]  :      0.00003798


*************** End MatrixDiag ***************



*************** Begin Selection ***************

Q_Space Dim       : 17111 
Working Time      : cputime / walltime / effective core 
Total Time        :    64.78 /     1.62 / 39.94
Initialize Time   :     0.01 /     0.00 / 4.41
Calculation Time  :    64.71 /     1.62 / 39.98
Finalize Time     :     0.05 /     0.00 / 61.59


*************** End Selection ***************



*************** Begin Hmat_Construction ***************

dimension = 17111
nnz               = 6102699
Working Time      : cputime / walltime / effective core 
Total Time        :     0.86 /     0.03 / 25.36
Initialize Time   :     0.21 /     0.00 / 62.78
Calculation Time  :     0.22 /     0.01 / 38.33
Finalize Time     :     0.42 /     0.02 / 16.96


*************** End Hmat_Construction ***************



*************** Begin MatrixDiag ***************

Iteration  :    4
Initial    : 
Init[   0] :    -76.27193357
Eigenvalue : 
Eig[   0]  :    -76.27193516
   CpuTime :           4.510
  WallTime :           0.076
Residue    : 
Res[   0]  :      0.00003699


*************** End MatrixDiag ***************



*************** Begin MatrixDiag ***************

Iteration  :    5
Initial    : 
Init[   0] :    -76.27185341
Eigenvalue : 
Eig[   0]  :    -76.27185564
   CpuTime :           5.000
  WallTime :           0.079
Residue    : 
Res[   0]  :      0.00006237


*************** End MatrixDiag ***************

********** Selection_iCI Info **********

iter / ncsf_prime / ncfg_prime / ncsf_Qspace / Similarity / time 
   0 /     12239  /      8445  /     17095  /  0.8065  /    75.280,    2.648 
   1 /     12250  /      8451  /     17111  /  0.9988  /    71.230,    1.908 
Final prune is performed!

***************************************


********** BEGIN PRINT Important cfgspace INFO **********

     ncsf | symmetry |  nstates |  spintwo |     ncfg |   energy 
        0 |        0 |        1 |    12250 |     8451 |    -76.27185564, 


*************** Begin PRINT NONRELA CFGSPACE ***************

spintwo    = 0
irrep      = 0
nstates    = 1
ncfg       =         8451
ncsf       =        12250
ncsf full  =        19878
ndet full  =        66659
ndet eff   =        37611

*********** state  0 ***********
Important ocfg:
    0 222220000000000000000000000000000000000000000000000000000000000000000000000000000000000000000000       0     9.668458e-01  93.479080
    1 222022000000000000000000000000000000000000000000000000000000000000000000000000000000000000000000       0    -6.344800e-02   0.402565
    2 222200020000000000000000000000000000000000000000000000000000000000000000000000000000000000000000       0    -5.739065e-02   0.329369
    3 220220200000000000000000000000000000000000000000000000000000000000000000000000000000000000000000       0    -5.719629e-02   0.327142
    4 221121100000000000000000000000000000000000000000000000000000000000000000000000000000000000000000       1    -4.829865e-02   0.233276
    5 221210110000000000000000000000000000000000000000000000000000000000000000000000000000000000000000       0     4.721857e-02   0.222959
    6 222111010000000000000000000000000000000000000000000000000000000000000000000000000000000000000000       0    -4.540349e-02   0.206148
    7 222111010000000000000000000000000000000000000000000000000000000000000000000000000000000000000000       1    -4.531989e-02   0.205389
    8 221210110000000000000000000000000000000000000000000000000000000000000000000000000000000000000000       1     4.172620e-02   0.174108
    9 212210011000000000000000000000000000000000000000000000000000000000000000000000000000000000000000       1     4.031951e-02   0.162566
   10 221121100000000000000000000000000000000000000000000000000000000000000000000000000000000000000000       0     3.515337e-02   0.123576
   11 220221100000000000000000000000000000000000000000000000000000000000000000000000000000000000000000       0     3.395420e-02   0.115289
   12 221210000001010000000000000000000000000000000000000000000000000000000000000000000000000000000000       0    -3.360723e-02   0.112945
   13 222021100000000000000000000000000000000000000000000000000000000000000000000000000000000000000000       0    -3.303355e-02   0.109122
   14 212121001000000000000000000000000000000000000000000000000000000000000000000000000000000000000000       1    -3.209965e-02   0.103039
   15 211220101000000000000000000000000000000000000000000000000000000000000000000000000000000000000000       1     3.109810e-02   0.096709
   16 222110000100100000000000000000000000000000000000000000000000000000000000000000000000000000000000       0    -2.972852e-02   0.088379
   17 221121001000000000000000000000000000000000000000000000000000000000000000000000000000000000000000       0     2.761402e-02   0.076253
   18 220222000000000000000000000000000000000000000000000000000000000000000000000000000000000000000000       0    -2.678818e-02   0.071761
   19 221121000100000000000000000000000000000000000000000000000000000000000000000000000000000000000000       0    -2.371513e-02   0.056241
   20 221120000110000000000000000000000000000000000000000000000000000000000000000000000000000000000000       0     2.313911e-02   0.053542
   21 222020200000000000000000000000000000000000000000000000000000000000000000000000000000000000000000       0    -2.313259e-02   0.053512
   22 222200000000200000000000000000000000000000000000000000000000000000000000000000000000000000000000       0    -2.197033e-02   0.048270
   23 212121001000000000000000000000000000000000000000000000000000000000000000000000000000000000000000       0     2.187428e-02   0.047848
   24 212210011000000000000000000000000000000000000000000000000000000000000000000000000000000000000000       0    -2.180304e-02   0.047537
check importance : 12182 / 12250 (   99.44)

****************************


*************** End PRINT NONRELA CFGSPACE ***************



********** END   PRINT Important cfgspace INFO **********



*************** Begin Density Matrix Construction ***************

Working Time      : cputime / walltime / effective core 
Total Time        :     1.64 /     0.07 / 23.45
Initialize Time   :     0.14 /     0.00 / 59.53
Calculation Time  :     1.50 /     0.07 / 22.23
Finalize Time     :     0.01 /     0.00 / 89.25


*************** End Density Matrix Construction ***************

generate NO iter   2, ncnvg_elec = 9.999935e+00


******************************
* Step   2 Finished          *
* CpuTime  =         820.140 *
* WallTime =          24.455 *
******************************



*************** Begin Hmat_Construction ***************

dimension = 12250
nnz               = 3067088
Working Time      : cputime / walltime / effective core 
Total Time        :     2.30 /     0.06 / 38.66
Initialize Time   :     0.09 /     0.00 / 66.27
Calculation Time  :     1.78 /     0.03 / 59.20
Finalize Time     :     0.43 /     0.03 / 15.35


*************** End Hmat_Construction ***************



*************** Begin MatrixDiag ***************

Iteration  :   17
Initial    : 
Init[   0] :    -76.14946391
Eigenvalue : 
Eig[   0]  :    -76.27184992
   CpuTime :          11.900
  WallTime :           0.188
Residue    : 
Res[   0]  :      0.00000342


*************** End MatrixDiag ***************



*************** Begin Selection ***************

Q_Space Dim       : 16533 
Working Time      : cputime / walltime / effective core 
Total Time        :    64.28 /     1.44 / 44.58
Initialize Time   :     0.10 /     0.00 / 64.37
Calculation Time  :    64.06 /     1.44 / 44.54
Finalize Time     :     0.12 /     0.00 / 65.66


*************** End Selection ***************



*************** Begin Hmat_Construction ***************

dimension = 16533
nnz               = 5613850
Working Time      : cputime / walltime / effective core 
Total Time        :     2.14 /     0.05 / 39.14
Initialize Time   :     0.15 /     0.00 / 63.11
Calculation Time  :     1.56 /     0.03 / 55.20
Finalize Time     :     0.42 /     0.02 / 17.51


*************** End Hmat_Construction ***************



*************** Begin MatrixDiag ***************

Iteration  :    7
Initial    : 
Init[   0] :    -76.27184992
Eigenvalue : 
Eig[   0]  :    -76.27193762
   CpuTime :           6.470
  WallTime :           0.102
Residue    : 
Res[   0]  :      0.00005607


*************** End MatrixDiag ***************



*************** Begin MatrixDiag ***************

Iteration  :    5
Initial    : 
Init[   0] :    -76.27186229
Eigenvalue : 
Eig[   0]  :    -76.27186443
   CpuTime :           4.790
  WallTime :           0.079
Residue    : 
Res[   0]  :      0.00005684


*************** End MatrixDiag ***************

********** Selection_iCI Info **********

iter / ncsf_prime / ncfg_prime / ncsf_Qspace / Similarity / time 
   0 /     12305  /      8466  /     16533  /  0.9710  /    73.910,    1.729 
Final prune is performed!

***************************************


********** BEGIN PRINT Important cfgspace INFO **********

     ncsf | symmetry |  nstates |  spintwo |     ncfg |   energy 
        0 |        0 |        1 |    12305 |     8466 |    -76.27186443, 


*************** Begin PRINT NONRELA CFGSPACE ***************

spintwo    = 0
irrep      = 0
nstates    = 1
ncfg       =         8466
ncsf       =        12305
ncsf full  =        19920
ndet full  =        66805
ndet eff   =        37793

*********** state  0 ***********
Important ocfg:
    0 222220000000000000000000000000000000000000000000000000000000000000000000000000000000000000000000       0    -9.668413e-01  93.478206
    1 222022000000000000000000000000000000000000000000000000000000000000000000000000000000000000000000       0     6.326242e-02   0.400213
    2 222200020000000000000000000000000000000000000000000000000000000000000000000000000000000000000000       0     5.739192e-02   0.329383
    3 220220200000000000000000000000000000000000000000000000000000000000000000000000000000000000000000       0     5.701709e-02   0.325095
    4 221121100000000000000000000000000000000000000000000000000000000000000000000000000000000000000000       1     4.793278e-02   0.229755
    5 221210110000000000000000000000000000000000000000000000000000000000000000000000000000000000000000       0    -4.714425e-02   0.222258
    6 222111010000000000000000000000000000000000000000000000000000000000000000000000000000000000000000       0     4.533257e-02   0.205504
    7 222111010000000000000000000000000000000000000000000000000000000000000000000000000000000000000000       1     4.525677e-02   0.204818
    8 221210110000000000000000000000000000000000000000000000000000000000000000000000000000000000000000       1    -4.165881e-02   0.173546
    9 212210011000000000000000000000000000000000000000000000000000000000000000000000000000000000000000       1    -4.032214e-02   0.162588
   10 221121100000000000000000000000000000000000000000000000000000000000000000000000000000000000000000       0    -3.518524e-02   0.123800
   11 220221100000000000000000000000000000000000000000000000000000000000000000000000000000000000000000       0    -3.426203e-02   0.117389
   12 221210000001010000000000000000000000000000000000000000000000000000000000000000000000000000000000       0    -3.359402e-02   0.112856
   13 222021100000000000000000000000000000000000000000000000000000000000000000000000000000000000000000       0     3.338191e-02   0.111435
   14 212121001000000000000000000000000000000000000000000000000000000000000000000000000000000000000000       1     3.207617e-02   0.102888
   15 211220101000000000000000000000000000000000000000000000000000000000000000000000000000000000000000       1    -3.106780e-02   0.096521
   16 222110000100100000000000000000000000000000000000000000000000000000000000000000000000000000000000       0     2.979099e-02   0.088750
   17 221121001000000000000000000000000000000000000000000000000000000000000000000000000000000000000000       0    -2.759157e-02   0.076129
   18 220222000000000000000000000000000000000000000000000000000000000000000000000000000000000000000000       0     2.698127e-02   0.072799
   19 221121000100000000000000000000000000000000000000000000000000000000000000000000000000000000000000       0     2.367113e-02   0.056032
   20 222020200000000000000000000000000000000000000000000000000000000000000000000000000000000000000000       0     2.330242e-02   0.054300
   21 221120000110000000000000000000000000000000000000000000000000000000000000000000000000000000000000       0    -2.303316e-02   0.053053
   22 222200000000200000000000000000000000000000000000000000000000000000000000000000000000000000000000       0     2.197119e-02   0.048273
   23 221120000011000000000000000000000000000000000000000000000000000000000000000000000000000000000000       0    -2.191166e-02   0.048012
   24 212121001000000000000000000000000000000000000000000000000000000000000000000000000000000000000000       0    -2.183192e-02   0.047663
check importance : 12235 / 12305 (   99.43)

****************************


*************** End PRINT NONRELA CFGSPACE ***************



********** END   PRINT Important cfgspace INFO **********



******************************
* Step   3 Finished          *
* CpuTime  =         915.220 *
* WallTime =          26.727 *
******************************



*************** Begin First_Residue_Update ***************

memory            = 1665624
Working Time      : cputime / walltime / effective core 
Total Time        :     0.11 /     0.00 / 62.65
Initialize Time   :     0.00 /     0.00 / 0.00
Calculation Time  :     0.11 /     0.00 / 65.93
Finalize Time     :     0.00 /     0.00 / 0.00


*************** End First_Residue_Update ***************



*************** Begin Second_Residue_Update ***************

memory            = 2706192
Working Time      : cputime / walltime / effective core 
Total Time        :     0.17 /     0.00 / 62.99
Initialize Time   :     0.00 /     0.00 / 0.00
Calculation Time  :     0.17 /     0.00 / 64.84
Finalize Time     :     0.00 /     0.00 / 0.00


*************** End Second_Residue_Update ***************

Thread label = 31
ept        =     -0.42053449
ene offset =     -0.41742074


********** ENPT2 Info **********

Wall Time                   =    5.329
CPU  Time                   =  201.310
CPU / Wall                  =   37.777
ncfg_touched                =             29354178
ncsf_touched                =            159424006
---------------------------------------------------
       var        /  perturbation  /     total     
       -76.27186443/    -0.00311375/   -76.27497818
---------------------------------------------------
Residue Time                =    0.280 ( 0.14%)
Generate connection  record =    9.176 ( 4.56%)
sort connection record      =    9.218 ( 4.58%)
sort calculation record     =   25.006 (12.42%)
sort                        =   34.224 (17.00%)
calculation sigma           =   24.313 (12.08%)
collect result              =    8.676 ( 4.31%)
Other                       =  124.641 (61.91%)
nWorkDone                   = 164242


********************************



*************** iCI_ENPT(2)_NonRela::Info ***************

____________________________________________________________________________________________________________________________________
   spintwo |   symmetry |       ncfg |       ncsf |            evar |             ept |            etot 
____________________________________________________________________________________________________________________________________
         0 |          0 |       8466 |      12305 |    -76.27186443 |     -0.00311375 |    -76.27497818 
____________________________________________________________________________________________________________________________________


*******************************************************



******************************
* Step   4 Finished          *
* CpuTime  =        1116.560 *
* WallTime =          32.056 *
******************************



*************** Begin Hmat_Construction ***************

dimension = 12305
nnz               = 3080682
Working Time      : cputime / walltime / effective core 
Total Time        :     2.50 /     0.08 / 32.40
Initialize Time   :     0.11 /     0.00 / 62.27
Calculation Time  :     1.96 /     0.04 / 52.10
Finalize Time     :     0.43 /     0.04 / 11.40


*************** End Hmat_Construction ***************



*************** Begin MatrixDiag ***************

Iteration  :    3
Initial    : 
Init[   0] :    -76.27186443
Eigenvalue : 
Eig[   0]  :    -76.27186443
   CpuTime :           1.820
  WallTime :           0.029
Residue    : 
Res[   0]  :      0.00000614


*************** End MatrixDiag ***************



*************** Begin Selection ***************

Q_Space Dim       : 24000 
Working Time      : cputime / walltime / effective core 
Total Time        :    63.22 /     1.07 / 59.35
Initialize Time   :     0.11 /     0.00 / 66.84
Calculation Time  :    62.90 /     1.06 / 59.33
Finalize Time     :     0.20 /     0.00 / 61.70


*************** End Selection ***************



*************** Begin Hmat_Construction ***************

dimension = 24000
nnz               = 9517355
Working Time      : cputime / walltime / effective core 
Total Time        :     3.71 /     0.09 / 43.59
Initialize Time   :     0.14 /     0.00 / 61.14
Calculation Time  :     3.15 /     0.05 / 60.75
Finalize Time     :     0.41 /     0.03 / 13.26


*************** End Hmat_Construction ***************



*************** Begin MatrixDiag ***************

Iteration  :    9
Initial    : 
Init[   0] :    -76.27186443
Eigenvalue : 
Eig[   0]  :    -76.27262396
   CpuTime :          11.700
  WallTime :           0.199
Residue    : 
Res[   0]  :      0.00004845


*************** End MatrixDiag ***************



*************** Begin Selection ***************

Q_Space Dim       : 24110 
Working Time      : cputime / walltime / effective core 
Total Time        :    63.73 /     1.31 / 48.73
Initialize Time   :     0.00 /     0.00 / 0.00
Calculation Time  :    63.67 /     1.30 / 48.86
Finalize Time     :     0.06 /     0.00 / 71.99


*************** End Selection ***************



*************** Begin Hmat_Construction ***************

dimension = 24110
nnz               = 9576591
Working Time      : cputime / walltime / effective core 
Total Time        :     0.80 /     0.03 / 26.23
Initialize Time   :     0.14 /     0.00 / 60.00
Calculation Time  :     0.23 /     0.01 / 30.16
Finalize Time     :     0.42 /     0.02 / 20.49


*************** End Hmat_Construction ***************



*************** Begin MatrixDiag ***************

Iteration  :    5
Initial    : 
Init[   0] :    -76.27262396
Eigenvalue : 
Eig[   0]  :    -76.27263147
   CpuTime :           6.520
  WallTime :           0.108
Residue    : 
Res[   0]  :      0.00004954


*************** End MatrixDiag ***************



*************** Begin MatrixDiag ***************

Iteration  :    5
Initial    : 
Init[   0] :    -76.27257227
Eigenvalue : 
Eig[   0]  :    -76.27257381
   CpuTime :           6.810
  WallTime :           0.112
Residue    : 
Res[   0]  :      0.00004851


*************** End MatrixDiag ***************

********** Selection_iCI Info **********

iter / ncsf_prime / ncfg_prime / ncsf_Qspace / Similarity / time 
   0 /     17667  /     11885  /     24000  /  0.6962  /    79.660,    1.491 
   1 /     17734  /     11930  /     24110  /  0.9954  /    71.990,    1.579 
Final prune is performed!

***************************************


********** BEGIN PRINT Important cfgspace INFO **********

     ncsf | symmetry |  nstates |  spintwo |     ncfg |   energy 
        0 |        0 |        1 |    17734 |    11930 |    -76.27257381, 


*************** Begin PRINT NONRELA CFGSPACE ***************

spintwo    = 0
irrep      = 0
nstates    = 1
ncfg       =        11930
ncsf       =        17734
ncsf full  =        29709
ndet full  =       102074
ndet eff   =        55571

*********** state  0 ***********
Important ocfg:
    0 222220000000000000000000000000000000000000000000000000000000000000000000000000000000000000000000       0    -9.665637e-01  93.424545
    1 222022000000000000000000000000000000000000000000000000000000000000000000000000000000000000000000       0     6.328663e-02   0.400520
    2 222200020000000000000000000000000000000000000000000000000000000000000000000000000000000000000000       0     5.743647e-02   0.329895
    3 220220200000000000000000000000000000000000000000000000000000000000000000000000000000000000000000       0     5.705954e-02   0.325579
    4 221121100000000000000000000000000000000000000000000000000000000000000000000000000000000000000000       1     4.798139e-02   0.230221
    5 221210110000000000000000000000000000000000000000000000000000000000000000000000000000000000000000       0    -4.721007e-02   0.222879
    6 222111010000000000000000000000000000000000000000000000000000000000000000000000000000000000000000       0     4.542570e-02   0.206349
    7 222111010000000000000000000000000000000000000000000000000000000000000000000000000000000000000000       1     4.533879e-02   0.205561
    8 221210110000000000000000000000000000000000000000000000000000000000000000000000000000000000000000       1    -4.174493e-02   0.174264
    9 212210011000000000000000000000000000000000000000000000000000000000000000000000000000000000000000       1    -4.043210e-02   0.163475
   10 221121100000000000000000000000000000000000000000000000000000000000000000000000000000000000000000       0    -3.522457e-02   0.124077
   11 220221100000000000000000000000000000000000000000000000000000000000000000000000000000000000000000       0    -3.431373e-02   0.117743
   12 221210000001010000000000000000000000000000000000000000000000000000000000000000000000000000000000       0    -3.366197e-02   0.113313
   13 222021100000000000000000000000000000000000000000000000000000000000000000000000000000000000000000       0     3.344851e-02   0.111880
   14 212121001000000000000000000000000000000000000000000000000000000000000000000000000000000000000000       1     3.215490e-02   0.103394
   15 211220101000000000000000000000000000000000000000000000000000000000000000000000000000000000000000       1    -3.113266e-02   0.096924
   16 222110000100100000000000000000000000000000000000000000000000000000000000000000000000000000000000       0     2.986445e-02   0.089189
   17 221121001000000000000000000000000000000000000000000000000000000000000000000000000000000000000000       0    -2.770623e-02   0.076764
   18 220222000000000000000000000000000000000000000000000000000000000000000000000000000000000000000000       0     2.704736e-02   0.073156
   19 221121000100000000000000000000000000000000000000000000000000000000000000000000000000000000000000       0     2.375875e-02   0.056448
   20 222020200000000000000000000000000000000000000000000000000000000000000000000000000000000000000000       0     2.336208e-02   0.054579
   21 221120000110000000000000000000000000000000000000000000000000000000000000000000000000000000000000       0    -2.313275e-02   0.053512
   22 222200000000200000000000000000000000000000000000000000000000000000000000000000000000000000000000       0     2.201328e-02   0.048458
   23 221120000011000000000000000000000000000000000000000000000000000000000000000000000000000000000000       0    -2.198742e-02   0.048345
   24 212210011000000000000000000000000000000000000000000000000000000000000000000000000000000000000000       0     2.191788e-02   0.048039
check importance : 17639 / 17734 (   99.46)

****************************


*************** End PRINT NONRELA CFGSPACE ***************



********** END   PRINT Important cfgspace INFO **********



******************************
* Step   5 Finished          *
* CpuTime  =        1281.930 *
* WallTime =          35.634 *
******************************



*************** Begin First_Residue_Update ***************

memory            = 2305368
Working Time      : cputime / walltime / effective core 
Total Time        :     0.13 /     0.00 / 56.74
Initialize Time   :     0.00 /     0.00 / 0.00
Calculation Time  :     0.13 /     0.00 / 57.88
Finalize Time     :     0.00 /     0.00 / 0.00


*************** End First_Residue_Update ***************



*************** Begin Second_Residue_Update ***************

memory            = 3715488
Working Time      : cputime / walltime / effective core 
Total Time        :     0.21 /     0.00 / 65.85
Initialize Time   :     0.00 /     0.00 / 0.00
Calculation Time  :     0.20 /     0.00 / 64.13
Finalize Time     :     0.00 /     0.00 / 0.00


*************** End Second_Residue_Update ***************

Thread label = 59
ept        =     -0.42252600
ene offset =     -0.42014140


********** ENPT2 Info **********

Wall Time                   =    7.015
CPU  Time                   =  274.480
CPU / Wall                  =   39.130
ncfg_touched                =             38050473
ncsf_touched                =            214703331
---------------------------------------------------
       var        /  perturbation  /     total     
       -76.27257381/    -0.00238460/   -76.27495841
---------------------------------------------------
Residue Time                =    0.340 ( 0.12%)
Generate connection  record =   11.129 ( 4.05%)
sort connection record      =   14.048 ( 5.12%)
sort calculation record     =   54.531 (19.87%)
sort                        =   68.579 (24.98%)
calculation sigma           =   36.851 (13.43%)
collect result              =   11.833 ( 4.31%)
Other                       =  145.749 (53.10%)
nWorkDone                   = 164242


********************************



*************** iCI_ENPT(2)_NonRela::Info ***************

____________________________________________________________________________________________________________________________________
   spintwo |   symmetry |       ncfg |       ncsf |            evar |             ept |            etot 
____________________________________________________________________________________________________________________________________
         0 |          0 |      11930 |      17734 |    -76.27257381 |     -0.00238460 |    -76.27495841 
____________________________________________________________________________________________________________________________________


*******************************************************



******************************
* Step   6 Finished          *
* CpuTime  =        1556.440 *
* WallTime =          42.649 *
******************************



*************** Begin Hmat_Construction ***************

dimension = 17734
nnz               = 5310608
Working Time      : cputime / walltime / effective core 
Total Time        :     3.06 /     0.07 / 41.18
Initialize Time   :     0.12 /     0.00 / 62.31
Calculation Time  :     2.49 /     0.04 / 59.23
Finalize Time     :     0.44 /     0.03 / 14.53


*************** End Hmat_Construction ***************



*************** Begin MatrixDiag ***************

Iteration  :    3
Initial    : 
Init[   0] :    -76.27257381
Eigenvalue : 
Eig[   0]  :    -76.27257381
   CpuTime :           2.990
  WallTime :           0.047
Residue    : 
Res[   0]  :      0.00000470


*************** End MatrixDiag ***************



*************** Begin Selection ***************

Q_Space Dim       : 34894 
Working Time      : cputime / walltime / effective core 
Total Time        :    64.85 /     1.37 / 47.48
Initialize Time   :     0.18 /     0.00 / 50.54
Calculation Time  :    64.30 /     1.36 / 47.41
Finalize Time     :     0.37 /     0.01 / 62.83


*************** End Selection ***************



*************** Begin Hmat_Construction ***************

dimension = 34894
nnz               = 16313728
Working Time      : cputime / walltime / effective core 
Total Time        :     5.53 /     0.12 / 44.64
Initialize Time   :     0.15 /     0.00 / 62.50
Calculation Time  :     4.96 /     0.09 / 57.96
Finalize Time     :     0.42 /     0.04 / 11.71


*************** End Hmat_Construction ***************



*************** Begin MatrixDiag ***************

Iteration  :    9
Initial    : 
Init[   0] :    -76.27257381
Eigenvalue : 
Eig[   0]  :    -76.27318750
   CpuTime :          13.820
  WallTime :           0.232
Residue    : 
Res[   0]  :      0.00005029


*************** End MatrixDiag ***************



*************** Begin Selection ***************

Q_Space Dim       : 35051 
Working Time      : cputime / walltime / effective core 
Total Time        :    67.90 /     1.81 / 37.51
Initialize Time   :     0.00 /     0.01 / 0.00
Calculation Time  :    67.84 /     1.80 / 37.62
Finalize Time     :     0.06 /     0.00 / 55.23


*************** End Selection ***************



*************** Begin Hmat_Construction ***************

dimension = 35051
nnz               = 16417323
Working Time      : cputime / walltime / effective core 
Total Time        :     0.83 /     0.03 / 27.08
Initialize Time   :     0.15 /     0.00 / 65.31
Calculation Time  :     0.27 /     0.01 / 33.72
Finalize Time     :     0.41 /     0.02 / 20.19


*************** End Hmat_Construction ***************



*************** Begin MatrixDiag ***************

Iteration  :    5
Initial    : 
Init[   0] :    -76.27318750
Eigenvalue : 
Eig[   0]  :    -76.27319406
   CpuTime :           7.890
  WallTime :           0.127
Residue    : 
Res[   0]  :      0.00004019


*************** End MatrixDiag ***************



*************** Begin MatrixDiag ***************

Iteration  :    5
Initial    : 
Init[   0] :    -76.27314683
Eigenvalue : 
Eig[   0]  :    -76.27314800
   CpuTime :           7.970
  WallTime :           0.131
Residue    : 
Res[   0]  :      0.00004108


*************** End MatrixDiag ***************

********** Selection_iCI Info **********

iter / ncsf_prime / ncfg_prime / ncsf_Qspace / Similarity / time 
   0 /     25627  /     16858  /     34894  /  0.6915  /    85.190,    1.860 
   1 /     25709  /     16926  /     35051  /  0.9954  /    77.610,    2.102 
Final prune is performed!

***************************************


********** BEGIN PRINT Important cfgspace INFO **********

     ncsf | symmetry |  nstates |  spintwo |     ncfg |   energy 
        0 |        0 |        1 |    25709 |    16926 |    -76.27314800, 


*************** Begin PRINT NONRELA CFGSPACE ***************

spintwo    = 0
irrep      = 0
nstates    = 1
ncfg       =        16926
ncsf       =        25709
ncsf full  =        43953
ndet full  =       153510
ndet eff   =        82099

*********** state  0 ***********
Important ocfg:
    0 222220000000000000000000000000000000000000000000000000000000000000000000000000000000000000000000       0    -9.663404e-01  93.381368
    1 222022000000000000000000000000000000000000000000000000000000000000000000000000000000000000000000       0     6.328823e-02   0.400540
    2 222200020000000000000000000000000000000000000000000000000000000000000000000000000000000000000000       0     5.745115e-02   0.330063
    3 220220200000000000000000000000000000000000000000000000000000000000000000000000000000000000000000       0     5.709100e-02   0.325938
    4 221121100000000000000000000000000000000000000000000000000000000000000000000000000000000000000000       1     4.804306e-02   0.230814
    5 221210110000000000000000000000000000000000000000000000000000000000000000000000000000000000000000       0    -4.728112e-02   0.223550
    6 222111010000000000000000000000000000000000000000000000000000000000000000000000000000000000000000       0     4.548218e-02   0.206863
    7 222111010000000000000000000000000000000000000000000000000000000000000000000000000000000000000000       1     4.540144e-02   0.206129
    8 221210110000000000000000000000000000000000000000000000000000000000000000000000000000000000000000       1    -4.182095e-02   0.174899
    9 212210011000000000000000000000000000000000000000000000000000000000000000000000000000000000000000       1    -4.050123e-02   0.164035
   10 221121100000000000000000000000000000000000000000000000000000000000000000000000000000000000000000       0    -3.527849e-02   0.124457
   11 220221100000000000000000000000000000000000000000000000000000000000000000000000000000000000000000       0    -3.436947e-02   0.118126
   12 221210000001010000000000000000000000000000000000000000000000000000000000000000000000000000000000       0    -3.373550e-02   0.113808
   13 222021100000000000000000000000000000000000000000000000000000000000000000000000000000000000000000       0     3.349674e-02   0.112203
   14 212121001000000000000000000000000000000000000000000000000000000000000000000000000000000000000000       1     3.218988e-02   0.103619
   15 211220101000000000000000000000000000000000000000000000000000000000000000000000000000000000000000       1    -3.119244e-02   0.097297
   16 222110000100100000000000000000000000000000000000000000000000000000000000000000000000000000000000       0     2.992499e-02   0.089551
   17 221121001000000000000000000000000000000000000000000000000000000000000000000000000000000000000000       0    -2.778543e-02   0.077203
   18 220222000000000000000000000000000000000000000000000000000000000000000000000000000000000000000000       0     2.709685e-02   0.073424
   19 221121000100000000000000000000000000000000000000000000000000000000000000000000000000000000000000       0     2.382886e-02   0.056781
   20 222020200000000000000000000000000000000000000000000000000000000000000000000000000000000000000000       0     2.340929e-02   0.054800
   21 221120000110000000000000000000000000000000000000000000000000000000000000000000000000000000000000       0    -2.319438e-02   0.053798
   22 221120000011000000000000000000000000000000000000000000000000000000000000000000000000000000000000       0    -2.204963e-02   0.048619
   23 222200000000200000000000000000000000000000000000000000000000000000000000000000000000000000000000       0     2.203818e-02   0.048568
   24 212210011000000000000000000000000000000000000000000000000000000000000000000000000000000000000000       0     2.195286e-02   0.048193
check importance : 25561 / 25709 (   99.42)

****************************


*************** End PRINT NONRELA CFGSPACE ***************



********** END   PRINT Important cfgspace INFO **********



******************************
* Step   7 Finished          *
* CpuTime  =        1735.810 *
* WallTime =          47.261 *
******************************



*************** Begin First_Residue_Update ***************

memory            = 3220384
Working Time      : cputime / walltime / effective core 
Total Time        :     0.17 /     0.00 / 57.17
Initialize Time   :     0.00 /     0.00 / 0.00
Calculation Time  :     0.17 /     0.00 / 58.06
Finalize Time     :     0.00 /     0.00 / 0.00


*************** End First_Residue_Update ***************



*************** Begin Second_Residue_Update ***************

memory            = 5149976
Working Time      : cputime / walltime / effective core 
Total Time        :     0.28 /     0.00 / 65.87
Initialize Time   :     0.00 /     0.00 / 0.00
Calculation Time  :     0.27 /     0.00 / 64.66
Finalize Time     :     0.00 /     0.00 / 0.00


*************** End Second_Residue_Update ***************

Thread label = 13
ept        =     -0.42418126
ene offset =     -0.42238643


********** ENPT2 Info **********

Wall Time                   =    8.588
CPU  Time                   =  383.080
CPU / Wall                  =   44.605
ncfg_touched                =             49397010
ncsf_touched                =            287816556
---------------------------------------------------
       var        /  perturbation  /     total     
       -76.27314800/    -0.00179482/   -76.27494283
---------------------------------------------------
Residue Time                =    0.450 ( 0.12%)
Generate connection  record =   14.924 ( 3.90%)
sort connection record      =   21.565 ( 5.63%)
sort calculation record     =   88.067 (22.99%)
sort                        =  109.632 (28.62%)
calculation sigma           =   58.232 (15.20%)
collect result              =   16.924 ( 4.42%)
Other                       =  182.918 (47.75%)
nWorkDone                   = 164242


********************************



*************** iCI_ENPT(2)_NonRela::Info ***************

____________________________________________________________________________________________________________________________________
   spintwo |   symmetry |       ncfg |       ncsf |            evar |             ept |            etot 
____________________________________________________________________________________________________________________________________
         0 |          0 |      16926 |      25709 |    -76.27314800 |     -0.00179482 |    -76.27494283 
____________________________________________________________________________________________________________________________________


*******************************************************



******************************
* Step   8 Finished          *
* CpuTime  =        2118.920 *
* WallTime =          55.850 *
******************************



*************** Begin Hmat_Construction ***************

dimension = 25709
nnz               = 9174312
Working Time      : cputime / walltime / effective core 
Total Time        :     4.72 /     0.13 / 35.69
Initialize Time   :     0.17 /     0.00 / 63.14
Calculation Time  :     4.10 /     0.07 / 59.58
Finalize Time     :     0.45 /     0.06 / 7.41


*************** End Hmat_Construction ***************



*************** Begin MatrixDiag ***************

Iteration  :    3
Initial    : 
Init[   0] :    -76.27314800
Eigenvalue : 
Eig[   0]  :    -76.27314800
   CpuTime :           3.890
  WallTime :           0.061
Residue    : 
Res[   0]  :      0.00000459


*************** End MatrixDiag ***************



*************** Begin Selection ***************

Q_Space Dim       : 60770 
Working Time      : cputime / walltime / effective core 
Total Time        :    68.14 /     1.48 / 46.10
Initialize Time   :     0.09 /     0.00 / 19.08
Calculation Time  :    67.64 /     1.46 / 46.35
Finalize Time     :     0.41 /     0.01 / 29.11


*************** End Selection ***************



*************** Begin Hmat_Construction ***************

dimension = 60770
nnz               = 36080348
Working Time      : cputime / walltime / effective core 
Total Time        :    11.20 /     0.30 / 37.23
Initialize Time   :     0.15 /     0.00 / 63.10
Calculation Time  :    10.55 /     0.20 / 53.72
Finalize Time     :     0.49 /     0.10 / 4.80


*************** End Hmat_Construction ***************



*************** Begin MatrixDiag ***************

Iteration  :   10
Initial    : 
Init[   0] :    -76.27314800
Eigenvalue : 
Eig[   0]  :    -76.27382148
   CpuTime :          23.720
  WallTime :           0.460
Residue    : 
Res[   0]  :      0.00004709


*************** End MatrixDiag ***************



*************** Begin Selection ***************

Q_Space Dim       : 61165 
Working Time      : cputime / walltime / effective core 
Total Time        :    70.47 /     1.77 / 39.82
Initialize Time   :     0.01 /     0.01 / 1.00
Calculation Time  :    70.32 /     1.76 / 40.00
Finalize Time     :     0.13 /     0.00 / 64.80


*************** End Selection ***************



*************** Begin Hmat_Construction ***************

dimension = 61165
nnz               = 36436900
Working Time      : cputime / walltime / effective core 
Total Time        :     0.99 /     0.03 / 28.70
Initialize Time   :     0.16 /     0.00 / 65.48
Calculation Time  :     0.41 /     0.01 / 37.07
Finalize Time     :     0.42 /     0.02 / 20.05


*************** End Hmat_Construction ***************



*************** Begin MatrixDiag ***************

Iteration  :    5
Initial    : 
Init[   0] :    -76.27382148
Eigenvalue : 
Eig[   0]  :    -76.27382832
   CpuTime :          13.140
  WallTime :           0.239
Residue    : 
Res[   0]  :      0.00003805


*************** End MatrixDiag ***************



*************** Begin MatrixDiag ***************

Iteration  :    5
Initial    : 
Init[   0] :    -76.27379791
Eigenvalue : 
Eig[   0]  :    -76.27379868
   CpuTime :          12.670
  WallTime :           0.232
Residue    : 
Res[   0]  :      0.00003561


*************** End MatrixDiag ***************

********** Selection_iCI Info **********

iter / ncsf_prime / ncfg_prime / ncsf_Qspace / Similarity / time 
   0 /     45095  /     28487  /     60770  /  0.5697  /   104.300,    2.397 
   1 /     45310  /     28613  /     61165  /  0.9935  /    85.570,    2.195 
Final prune is performed!

***************************************


********** BEGIN PRINT Important cfgspace INFO **********

     ncsf | symmetry |  nstates |  spintwo |     ncfg |   energy 
        0 |        0 |        1 |    45310 |    28613 |    -76.27379868, 


*************** Begin PRINT NONRELA CFGSPACE ***************

spintwo    = 0
irrep      = 0
nstates    = 1
ncfg       =        28613
ncsf       =        45310
ncsf full  =        79088
ndet full  =       282582
ndet eff   =       148616

*********** state  0 ***********
Important ocfg:
    0 222220000000000000000000000000000000000000000000000000000000000000000000000000000000000000000000       0     9.660674e-01  93.328615
    1 222022000000000000000000000000000000000000000000000000000000000000000000000000000000000000000000       0    -6.330463e-02   0.400748
    2 222200020000000000000000000000000000000000000000000000000000000000000000000000000000000000000000       0    -5.749133e-02   0.330525
    3 220220200000000000000000000000000000000000000000000000000000000000000000000000000000000000000000       0    -5.712658e-02   0.326345
    4 221121100000000000000000000000000000000000000000000000000000000000000000000000000000000000000000       1    -4.808345e-02   0.231202
    5 221210110000000000000000000000000000000000000000000000000000000000000000000000000000000000000000       0     4.735723e-02   0.224271
    6 222111010000000000000000000000000000000000000000000000000000000000000000000000000000000000000000       0    -4.554936e-02   0.207474
    7 222111010000000000000000000000000000000000000000000000000000000000000000000000000000000000000000       1    -4.548774e-02   0.206913
    8 221210110000000000000000000000000000000000000000000000000000000000000000000000000000000000000000       1     4.190622e-02   0.175613
    9 212210011000000000000000000000000000000000000000000000000000000000000000000000000000000000000000       1     4.058503e-02   0.164714
   10 221121100000000000000000000000000000000000000000000000000000000000000000000000000000000000000000       0     3.531124e-02   0.124688
   11 220221100000000000000000000000000000000000000000000000000000000000000000000000000000000000000000       0     3.439662e-02   0.118313
   12 221210000001010000000000000000000000000000000000000000000000000000000000000000000000000000000000       0     3.380054e-02   0.114248
   13 222021100000000000000000000000000000000000000000000000000000000000000000000000000000000000000000       0    -3.353406e-02   0.112453
   14 212121001000000000000000000000000000000000000000000000000000000000000000000000000000000000000000       1    -3.225251e-02   0.104022
   15 211220101000000000000000000000000000000000000000000000000000000000000000000000000000000000000000       1     3.125771e-02   0.097704
   16 222110000100100000000000000000000000000000000000000000000000000000000000000000000000000000000000       0    -2.998952e-02   0.089937
   17 221121001000000000000000000000000000000000000000000000000000000000000000000000000000000000000000       0     2.786177e-02   0.077628
   18 220222000000000000000000000000000000000000000000000000000000000000000000000000000000000000000000       0    -2.715014e-02   0.073713
   19 221121000100000000000000000000000000000000000000000000000000000000000000000000000000000000000000       0    -2.392118e-02   0.057222
   20 222020200000000000000000000000000000000000000000000000000000000000000000000000000000000000000000       0    -2.344985e-02   0.054990
   21 221120000110000000000000000000000000000000000000000000000000000000000000000000000000000000000000       0     2.325027e-02   0.054057
   22 221120000011000000000000000000000000000000000000000000000000000000000000000000000000000000000000       0     2.212593e-02   0.048956
   23 222200000000200000000000000000000000000000000000000000000000000000000000000000000000000000000000       0    -2.208511e-02   0.048775
   24 212210011000000000000000000000000000000000000000000000000000000000000000000000000000000000000000       0    -2.201761e-02   0.048478
check importance : 45061 / 45310 (   99.45)

****************************


*************** End PRINT NONRELA CFGSPACE ***************



********** END   PRINT Important cfgspace INFO **********



******************************
* Step   9 Finished          *
* CpuTime  =        2333.010 *
* WallTime =          64.633 *
******************************



*************** Begin First_Residue_Update ***************

memory            = 5296456
Working Time      : cputime / walltime / effective core 
Total Time        :     0.26 /     0.00 / 61.23
Initialize Time   :     0.00 /     0.00 / 0.00
Calculation Time  :     0.26 /     0.00 / 61.92
Finalize Time     :     0.00 /     0.00 / 0.00


*************** End First_Residue_Update ***************



*************** Begin Second_Residue_Update ***************

memory            = 8365672
Working Time      : cputime / walltime / effective core 
Total Time        :     0.43 /     0.01 / 61.89
Initialize Time   :     0.00 /     0.00 / 0.00
Calculation Time  :     0.43 /     0.01 / 62.60
Finalize Time     :     0.00 /     0.00 / 0.00


*************** End Second_Residue_Update ***************

Thread label = 61
ept        =     -0.42627254
ene offset =     -0.42513330


********** ENPT2 Info **********

Wall Time                   =   15.229
CPU  Time                   =  643.610
CPU / Wall                  =   42.262
ncfg_touched                =             71992117
ncsf_touched                =            435987742
---------------------------------------------------
       var        /  perturbation  /     total     
       -76.27379868/    -0.00113924/   -76.27493792
---------------------------------------------------
Residue Time                =    0.700 ( 0.11%)
Generate connection  record =   24.321 ( 3.78%)
sort connection record      =   38.503 ( 5.98%)
sort calculation record     =  178.606 (27.75%)
sort                        =  217.108 (33.73%)
calculation sigma           =  108.455 (16.85%)
collect result              =   26.617 ( 4.14%)
Other                       =  266.409 (41.39%)
nWorkDone                   = 164242


********************************



*************** iCI_ENPT(2)_NonRela::Info ***************

____________________________________________________________________________________________________________________________________
   spintwo |   symmetry |       ncfg |       ncsf |            evar |             ept |            etot 
____________________________________________________________________________________________________________________________________
         0 |          0 |      28613 |      45310 |    -76.27379868 |     -0.00113924 |    -76.27493792 
____________________________________________________________________________________________________________________________________


*******************************************************



******************************
* Step  10 Finished          *
* CpuTime  =        2976.650 *
* WallTime =          79.862 *
******************************



*************** Begin Hmat_Construction ***************

dimension = 45310
nnz               = 21038107
Working Time      : cputime / walltime / effective core 
Total Time        :     8.79 /     0.25 / 34.90
Initialize Time   :     0.14 /     0.00 / 64.14
Calculation Time  :     8.18 /     0.16 / 52.38
Finalize Time     :     0.47 /     0.09 / 5.03


*************** End Hmat_Construction ***************



*************** Begin MatrixDiag ***************

Iteration  :    3
Initial    : 
Init[   0] :    -76.27379868
Eigenvalue : 
Eig[   0]  :    -76.27379868
   CpuTime :           6.130
  WallTime :           0.107
Residue    : 
Res[   0]  :      0.00000564


*************** End MatrixDiag ***************



*************** Begin Selection ***************

Q_Space Dim       : 120203 
Working Time      : cputime / walltime / effective core 
Total Time        :    72.37 /     2.33 / 31.01
Initialize Time   :     0.01 /     0.01 / 1.64
Calculation Time  :    71.92 /     2.30 / 31.24
Finalize Time     :     0.44 /     0.03 / 17.15


*************** End Selection ***************



*************** Begin Hmat_Construction ***************

dimension = 120203
nnz               = 94090264
Working Time      : cputime / walltime / effective core 
Total Time        :    27.58 /     0.71 / 38.89
Initialize Time   :     0.16 /     0.00 / 64.67
Calculation Time  :    26.94 /     0.61 / 43.85
Finalize Time     :     0.48 /     0.09 / 5.20


*************** End Hmat_Construction ***************



*************** Begin MatrixDiag ***************

Iteration  :   10
Initial    : 
Init[   0] :    -76.27379868
Eigenvalue : 
Eig[   0]  :    -76.27433371
   CpuTime :          45.240
  WallTime :           0.939
Residue    : 
Res[   0]  :      0.00004139


*************** End MatrixDiag ***************



*************** Begin Selection ***************

Q_Space Dim       : 121134 
Working Time      : cputime / walltime / effective core 
Total Time        :    81.77 /     2.17 / 37.61
Initialize Time   :     0.02 /     0.02 / 0.90
Calculation Time  :    81.44 /     2.15 / 37.93
Finalize Time     :     0.32 /     0.01 / 63.49


*************** End Selection ***************



*************** Begin Hmat_Construction ***************

dimension = 121134
nnz               = 95188713
Working Time      : cputime / walltime / effective core 
Total Time        :     1.53 /     0.04 / 34.84
Initialize Time   :     0.20 /     0.00 / 63.82
Calculation Time  :     0.93 /     0.02 / 53.15
Finalize Time     :     0.40 /     0.02 / 17.21


*************** End Hmat_Construction ***************



*************** Begin MatrixDiag ***************

Iteration  :    5
Initial    : 
Init[   0] :    -76.27433371
Eigenvalue : 
Eig[   0]  :    -76.27433882
   CpuTime :          23.270
  WallTime :           0.475
Residue    : 
Res[   0]  :      0.00003878


*************** End MatrixDiag ***************



*************** Begin MatrixDiag ***************

Iteration  :    4
Initial    : 
Init[   0] :    -76.27432411
Eigenvalue : 
Eig[   0]  :    -76.27432448
   CpuTime :          18.930
  WallTime :           0.387
Residue    : 
Res[   0]  :      0.00006144


*************** End MatrixDiag ***************

********** Selection_iCI Info **********

iter / ncsf_prime / ncfg_prime / ncsf_Qspace / Similarity / time 
   0 /     92089  /     54879  /    120203  /  0.4919  /   146.810,    4.169 
   1 /     92628  /     55178  /    121134  /  0.9920  /   107.530,    2.874 
Final prune is performed!

***************************************


********** BEGIN PRINT Important cfgspace INFO **********

     ncsf | symmetry |  nstates |  spintwo |     ncfg |   energy 
        0 |        0 |        1 |    92628 |    55178 |    -76.27432448, 


*************** Begin PRINT NONRELA CFGSPACE ***************

spintwo    = 0
irrep      = 0
nstates    = 1
ncfg       =        55178
ncsf       =        92628
ncsf full  =       160967
ndet full  =       585341
ndet eff   =       312481

*********** state  0 ***********
Important ocfg:
    0 222220000000000000000000000000000000000000000000000000000000000000000000000000000000000000000000       0     9.658369e-01  93.284089
    1 222022000000000000000000000000000000000000000000000000000000000000000000000000000000000000000000       0    -6.332171e-02   0.400964
    2 222200020000000000000000000000000000000000000000000000000000000000000000000000000000000000000000       0    -5.752598e-02   0.330924
    3 220220200000000000000000000000000000000000000000000000000000000000000000000000000000000000000000       0    -5.715772e-02   0.326701
    4 221121100000000000000000000000000000000000000000000000000000000000000000000000000000000000000000       1    -4.809961e-02   0.231357
    5 221210110000000000000000000000000000000000000000000000000000000000000000000000000000000000000000       0     4.743798e-02   0.225036
    6 222111010000000000000000000000000000000000000000000000000000000000000000000000000000000000000000       0    -4.560716e-02   0.208001
    7 222111010000000000000000000000000000000000000000000000000000000000000000000000000000000000000000       1    -4.554483e-02   0.207433
    8 221210110000000000000000000000000000000000000000000000000000000000000000000000000000000000000000       1     4.195302e-02   0.176006
    9 212210011000000000000000000000000000000000000000000000000000000000000000000000000000000000000000       1     4.063894e-02   0.165152
   10 221121100000000000000000000000000000000000000000000000000000000000000000000000000000000000000000       0     3.535727e-02   0.125014
   11 220221100000000000000000000000000000000000000000000000000000000000000000000000000000000000000000       0     3.441394e-02   0.118432
   12 221210000001010000000000000000000000000000000000000000000000000000000000000000000000000000000000       0     3.384122e-02   0.114523
   13 222021100000000000000000000000000000000000000000000000000000000000000000000000000000000000000000       0    -3.354947e-02   0.112557
   14 212121001000000000000000000000000000000000000000000000000000000000000000000000000000000000000000       1    -3.229116e-02   0.104272
   15 211220101000000000000000000000000000000000000000000000000000000000000000000000000000000000000000       1     3.129532e-02   0.097940
   16 222110000100100000000000000000000000000000000000000000000000000000000000000000000000000000000000       0    -3.003646e-02   0.090219
   17 221121001000000000000000000000000000000000000000000000000000000000000000000000000000000000000000       0     2.792818e-02   0.077998
   18 220222000000000000000000000000000000000000000000000000000000000000000000000000000000000000000000       0    -2.718563e-02   0.073906
   19 221121000100000000000000000000000000000000000000000000000000000000000000000000000000000000000000       0    -2.400799e-02   0.057638
   20 222020200000000000000000000000000000000000000000000000000000000000000000000000000000000000000000       0    -2.347716e-02   0.055118
   21 221120000110000000000000000000000000000000000000000000000000000000000000000000000000000000000000       0     2.329781e-02   0.054279
   22 221120000011000000000000000000000000000000000000000000000000000000000000000000000000000000000000       0     2.217689e-02   0.049181
   23 222200000000200000000000000000000000000000000000000000000000000000000000000000000000000000000000       0    -2.211269e-02   0.048897
   24 212210011000000000000000000000000000000000000000000000000000000000000000000000000000000000000000       0    -2.205763e-02   0.048654
check importance : 92141 / 92628 (   99.47)

****************************


*************** End PRINT NONRELA CFGSPACE ***************



********** END   PRINT Important cfgspace INFO **********



******************************
* Step  11 Finished          *
* CpuTime  =        3268.970 *
* WallTime =          88.991 *
******************************



*************** Begin First_Residue_Update ***************

memory            = 9749128
Working Time      : cputime / walltime / effective core 
Total Time        :     0.52 /     0.01 / 61.04
Initialize Time   :     0.00 /     0.00 / 0.00
Calculation Time  :     0.52 /     0.01 / 61.39
Finalize Time     :     0.00 /     0.00 / 0.00


*************** End First_Residue_Update ***************



*************** Begin Second_Residue_Update ***************

memory            = 15164520
Working Time      : cputime / walltime / effective core 
Total Time        :     0.82 /     0.01 / 64.02
Initialize Time   :     0.00 /     0.00 / 0.00
Calculation Time  :     0.80 /     0.01 / 62.88
Finalize Time     :     0.00 /     0.00 / 0.00


*************** End Second_Residue_Update ***************

Thread label = 10
ept        =     -0.42811808
ene offset =     -0.42750241


********** ENPT2 Info **********

Wall Time                   =   24.387
CPU  Time                   = 1463.720
CPU / Wall                  =   60.020
ncfg_touched                =            112885618
ncsf_touched                =            713952206
---------------------------------------------------
       var        /  perturbation  /     total     
       -76.27432448/    -0.00061567/   -76.27494014
---------------------------------------------------
Residue Time                =    1.350 ( 0.09%)
Generate connection  record =   42.446 ( 2.90%)
sort connection record      =   71.273 ( 4.87%)
sort calculation record     =  676.642 (46.23%)
sort                        =  747.915 (51.10%)
calculation sigma           =  196.474 (13.42%)
collect result              =   52.955 ( 3.62%)
Other                       =  422.580 (28.87%)
nWorkDone                   = 164242


********************************



*************** iCI_ENPT(2)_NonRela::Info ***************

____________________________________________________________________________________________________________________________________
   spintwo |   symmetry |       ncfg |       ncsf |            evar |             ept |            etot 
____________________________________________________________________________________________________________________________________
         0 |          0 |      55178 |      92628 |    -76.27432448 |     -0.00061567 |    -76.27494014 
____________________________________________________________________________________________________________________________________


*******************************************************



******************************
* Step  12 Finished          *
* CpuTime  =        4732.730 *
* WallTime =         113.379 *
******************************



*************** Begin Hmat_Construction ***************

dimension = 92628
nnz               = 58720413
Working Time      : cputime / walltime / effective core 
Total Time        :    18.88 /     0.51 / 37.00
Initialize Time   :     0.17 /     0.00 / 64.01
Calculation Time  :    18.27 /     0.46 / 40.07
Finalize Time     :     0.44 /     0.05 / 8.54


*************** End Hmat_Construction ***************



*************** Begin MatrixDiag ***************

Iteration  :    4
Initial    : 
Init[   0] :    -76.27432448
Eigenvalue : 
Eig[   0]  :    -76.27432448
   CpuTime :          13.600
  WallTime :           0.269
Residue    : 
Res[   0]  :      0.00000395


*************** End MatrixDiag ***************



*************** Begin Selection ***************

Q_Space Dim       : 193193 
Working Time      : cputime / walltime / effective core 
Total Time        :    84.24 /     2.15 / 39.22
Initialize Time   :     0.02 /     0.01 / 1.52
Calculation Time  :    83.76 /     2.09 / 40.02
Finalize Time     :     0.46 /     0.04 / 10.93


*************** End Selection ***************



*************** Begin Hmat_Construction ***************

dimension = 193193
nnz               = 180912793
Working Time      : cputime / walltime / effective core 
Total Time        :    43.06 /     1.09 / 39.58
Initialize Time   :     0.17 /     0.00 / 62.58
Calculation Time  :    42.34 /     0.97 / 43.72
Finalize Time     :     0.54 /     0.12 / 4.63


*************** End Hmat_Construction ***************



*************** Begin MatrixDiag ***************

Iteration  :    9
Initial    : 
Init[   0] :    -76.27432448
Eigenvalue : 
Eig[   0]  :    -76.27456706
   CpuTime :          73.760
  WallTime :           1.526
Residue    : 
Res[   0]  :      0.00004133


*************** End MatrixDiag ***************



*************** Begin Selection ***************

Q_Space Dim       : 194184 
Working Time      : cputime / walltime / effective core 
Total Time        :    93.10 /     2.02 / 46.04
Initialize Time   :     0.04 /     0.04 / 1.06
Calculation Time  :    92.67 /     1.98 / 46.85
Finalize Time     :     0.38 /     0.01 / 62.66


*************** End Selection ***************



*************** Begin Hmat_Construction ***************

dimension = 194184
nnz               = 182298863
Working Time      : cputime / walltime / effective core 
Total Time        :     1.64 /     0.05 / 36.02
Initialize Time   :     0.16 /     0.00 / 62.02
Calculation Time  :     1.06 /     0.02 / 54.78
Finalize Time     :     0.42 /     0.02 / 17.83


*************** End Hmat_Construction ***************



*************** Begin MatrixDiag ***************

Iteration  :    4
Initial    : 
Init[   0] :    -76.27456706
Eigenvalue : 
Eig[   0]  :    -76.27456962
   CpuTime :          32.620
  WallTime :           0.679
Residue    : 
Res[   0]  :      0.00006872


*************** End MatrixDiag ***************



*************** Begin MatrixDiag ***************

Iteration  :    4
Initial    : 
Init[   0] :    -76.27456118
Eigenvalue : 
Eig[   0]  :    -76.27456138
   CpuTime :          32.590
  WallTime :           0.668
Residue    : 
Res[   0]  :      0.00004614


*************** End MatrixDiag ***************

********** Selection_iCI Info **********

iter / ncsf_prime / ncfg_prime / ncsf_Qspace / Similarity / time 
   0 /    150763  /     85977  /    193193  /  0.6142  /   202.800,    4.979 
   1 /    151413  /     86329  /    194184  /  0.9943  /   128.450,    2.966 
Final prune is performed!

***************************************


********** BEGIN PRINT Important cfgspace INFO **********

     ncsf | symmetry |  nstates |  spintwo |     ncfg |   energy 
        0 |        0 |        1 |   151413 |    86329 |    -76.27456138, 


*************** Begin PRINT NONRELA CFGSPACE ***************

spintwo    = 0
irrep      = 0
nstates    = 1
ncfg       =        86329
ncsf       =       151413
ncsf full  =       264640
ndet full  =       978435
ndet eff   =       520569

*********** state  0 ***********
Important ocfg:
    0 222220000000000000000000000000000000000000000000000000000000000000000000000000000000000000000000       0    -9.657232e-01  93.262139
    1 222022000000000000000000000000000000000000000000000000000000000000000000000000000000000000000000       0     6.333048e-02   0.401075
    2 222200020000000000000000000000000000000000000000000000000000000000000000000000000000000000000000       0     5.754866e-02   0.331185
    3 220220200000000000000000000000000000000000000000000000000000000000000000000000000000000000000000       0     5.717312e-02   0.326877
    4 221121100000000000000000000000000000000000000000000000000000000000000000000000000000000000000000       1     4.810819e-02   0.231440
    5 221210110000000000000000000000000000000000000000000000000000000000000000000000000000000000000000       0    -4.747625e-02   0.225399
    6 222111010000000000000000000000000000000000000000000000000000000000000000000000000000000000000000       0     4.564442e-02   0.208341
    7 222111010000000000000000000000000000000000000000000000000000000000000000000000000000000000000000       1     4.557192e-02   0.207680
    8 221210110000000000000000000000000000000000000000000000000000000000000000000000000000000000000000       1    -4.197557e-02   0.176195
    9 212210011000000000000000000000000000000000000000000000000000000000000000000000000000000000000000       1    -4.066436e-02   0.165359
   10 221121100000000000000000000000000000000000000000000000000000000000000000000000000000000000000000       0    -3.538080e-02   0.125180
   11 220221100000000000000000000000000000000000000000000000000000000000000000000000000000000000000000       0    -3.442230e-02   0.118489
   12 221210000001010000000000000000000000000000000000000000000000000000000000000000000000000000000000       0    -3.386586e-02   0.114690
   13 222021100000000000000000000000000000000000000000000000000000000000000000000000000000000000000000       0     3.356162e-02   0.112638
   14 212121001000000000000000000000000000000000000000000000000000000000000000000000000000000000000000       1     3.230645e-02   0.104371
   15 211220101000000000000000000000000000000000000000000000000000000000000000000000000000000000000000       1    -3.131112e-02   0.098039
   16 222110000100100000000000000000000000000000000000000000000000000000000000000000000000000000000000       0     3.005936e-02   0.090357
   17 221121001000000000000000000000000000000000000000000000000000000000000000000000000000000000000000       0    -2.795992e-02   0.078176
   18 220222000000000000000000000000000000000000000000000000000000000000000000000000000000000000000000       0     2.720269e-02   0.073999
   19 221121000100000000000000000000000000000000000000000000000000000000000000000000000000000000000000       0     2.404519e-02   0.057817
   20 222020200000000000000000000000000000000000000000000000000000000000000000000000000000000000000000       0     2.349341e-02   0.055194
   21 221120000110000000000000000000000000000000000000000000000000000000000000000000000000000000000000       0    -2.332352e-02   0.054399
   22 221120000011000000000000000000000000000000000000000000000000000000000000000000000000000000000000       0    -2.219806e-02   0.049275
   23 222200000000200000000000000000000000000000000000000000000000000000000000000000000000000000000000       0     2.212584e-02   0.048955
   24 212210011000000000000000000000000000000000000000000000000000000000000000000000000000000000000000       0     2.207842e-02   0.048746
check importance : 150760 / 151413 (   99.57)

****************************


*************** End PRINT NONRELA CFGSPACE ***************



********** END   PRINT Important cfgspace INFO **********



******************************
* Step  13 Finished          *
* CpuTime  =        5134.310 *
* WallTime =         124.935 *
******************************



*************** Begin First_Residue_Update ***************

memory            = 14789048
Working Time      : cputime / walltime / effective core 
Total Time        :     0.79 /     0.01 / 62.56
Initialize Time   :     0.00 /     0.00 / 0.00
Calculation Time  :     0.79 /     0.01 / 62.79
Finalize Time     :     0.00 /     0.00 / 0.00


*************** End First_Residue_Update ***************



*************** Begin Second_Residue_Update ***************

memory            = 22804632
Working Time      : cputime / walltime / effective core 
Total Time        :     1.26 /     0.02 / 63.90
Initialize Time   :     0.00 /     0.00 / 0.00
Calculation Time  :     1.26 /     0.02 / 64.14
Finalize Time     :     0.00 /     0.00 / 0.00


*************** End Second_Residue_Update ***************

Thread label = 51
ept        =     -0.42905588
ene offset =     -0.42867486


********** ENPT2 Info **********

Wall Time                   =   39.749
CPU  Time                   = 2002.660
CPU / Wall                  =   50.382
ncfg_touched                =            155020494
ncsf_touched                =           1018722189
---------------------------------------------------
       var        /  perturbation  /     total     
       -76.27456138/    -0.00038102/   -76.27494239
---------------------------------------------------
Residue Time                =    2.050 ( 0.10%)
Generate connection  record =   50.261 ( 2.51%)
sort connection record      =   89.084 ( 4.45%)
sort calculation record     =  880.026 (43.94%)
sort                        =  969.111 (48.39%)
calculation sigma           =  303.615 (15.16%)
collect result              =   71.391 ( 3.56%)
Other                       =  606.232 (30.27%)
nWorkDone                   = 164242


********************************



*************** iCI_ENPT(2)_NonRela::Info ***************

____________________________________________________________________________________________________________________________________
   spintwo |   symmetry |       ncfg |       ncsf |            evar |             ept |            etot 
____________________________________________________________________________________________________________________________________
         0 |          0 |      86329 |     151413 |    -76.27456138 |     -0.00038102 |    -76.27494239 
____________________________________________________________________________________________________________________________________


*******************************************************



******************************
* Step  14 Finished          *
* CpuTime  =        7137.000 *
* WallTime =         164.685 *
******************************



******************************
* Step  15 Finished          *
* CpuTime  =        7137.080 *
* WallTime =         164.686 *
******************************

