****************************************************************************
*********** Iteractive Configuration Interaction with Selection  ***********
     AUTHOR : NING ZHANG   , QiTCS, 100871, ningzhang1024@gmail.com        
     AUTHOR : QINGPENG WANG, QiTCS 
****************************************************************************



**************************************
*********** Print TaskInfo ***********
**************************************

 Spintwo / Irrep / nStates / OuterWeight / Weight
____________________________________
        0/      0/        1/     1.000000     1.00000000 
____________________________________


**************************************
***************  END  ****************
**************************************



******** Print Parameter ******* 

********** Basic Info **********

Selection Algorithm            = SiCI with iCI Criterion
Diagonization Algorithm        = LOBPCG
Initial Guess                  = CASCI
Perturbation                   = Default
Reduced Density Matrix         = Do not calculate RDMs
********** Cnotrol Info **********

Similarity Control                           = 0.950000
energy convergence tolerance for iCI (ETOL)  = 0.000000
Cmin Schedule                (CMIN_SCHEDULE) = 1.0000e-04 7.0000e-05 5.0000e-05 3.0000e-05 1.5000e-05 9.0000e-06 

**********  End  Parameter **********



********** Calculation Procedure **********


The number of steps of calculation procedure = 16

Step   0 : iCI_Initialization with CASCI and cmin =       1.000e-04
Step   1 : SiCI with iCI Criterion with Cmin =       1.000e-03
Step   2 : Generating Natural Orbitals with Cmin =       1.000e-04
Step   3 : SiCI with iCI Criterion with Cmin =       1.000e-04
Step   4 : Perturbation Correction -- ENPT(2)
Step   5 : SiCI with iCI Criterion with Cmin =       7.000e-05
Step   6 : Perturbation Correction -- ENPT(2)
Step   7 : SiCI with iCI Criterion with Cmin =       5.000e-05
Step   8 : Perturbation Correction -- ENPT(2)
Step   9 : SiCI with iCI Criterion with Cmin =       3.000e-05
Step  10 : Perturbation Correction -- ENPT(2)
Step  11 : SiCI with iCI Criterion with Cmin =       1.500e-05
Step  12 : Perturbation Correction -- ENPT(2)
Step  13 : SiCI with iCI Criterion with Cmin =       9.000e-06
Step  14 : Perturbation Correction -- ENPT(2)
Step  15 : PostProcess -- WriteOut .enedat File


*******************************************



*************** Begin Hmat_Construction ***************

dimension = 35793
nnz               = 19908911
Working Time      : cputime / walltime / effective core 
Total Time        :     9.04 /     0.30 / 30.45
Initialize Time   :     0.18 /     0.00 / 68.83
Calculation Time  :     8.30 /     0.19 / 42.97
Finalize Time     :     0.56 /     0.10 / 5.54


*************** End Hmat_Construction ***************



*************** Begin MatrixDiag ***************

Iteration  :    5
Initial    : 
Init[   0] :    -56.20590047
Eigenvalue : 
Eig[   0]  :    -56.20647422
   CpuTime :          27.430
  WallTime :           0.621
Residue    : 
Res[   0]  :      0.00002862


*************** End MatrixDiag ***************



*************** Begin MatrixDiag ***************

Iteration  :    3
Initial    : 
Init[   0] :    -56.20647048
Eigenvalue : 
Eig[   0]  :    -56.20647052
   CpuTime :           4.940
  WallTime :           0.079
Residue    : 
Res[   0]  :      0.00000877


*************** End MatrixDiag ***************



********** INITIAL GUESS INFO **********

+----------+----------+----------+----------+----------+-------------------+
|     ncsf | symmetry |  nstates |  spintwo |     ncfg |            energy |
+----------+----------+----------+----------+----------+-------------------+
|        0 |        0 |        1 |      371 |      280 |      -56.20647052 |
+----------+----------+----------+----------+----------+-------------------+


****************************************




******************************
* Step   0 Finished          *
* CpuTime  =          43.050 *
* WallTime =           1.043 *
******************************



*************** Begin Hmat_Construction ***************

dimension = 371
nnz               = 18619
Working Time      : cputime / walltime / effective core 
Total Time        :     0.67 /     0.03 / 26.12
Initialize Time   :     0.07 /     0.00 / 61.66
Calculation Time  :     0.17 /     0.00 / 43.88
Finalize Time     :     0.42 /     0.02 / 20.38


*************** End Hmat_Construction ***************



*************** Begin MatrixDiag ***************

Iteration  :    3
Initial    : 
Init[   0] :    -56.20647052
Eigenvalue : 
Eig[   0]  :    -56.20647052
   CpuTime :           0.080
  WallTime :           0.001
Residue    : 
Res[   0]  :      0.00000004


*************** End MatrixDiag ***************



*************** Begin Selection ***************

Q_Space Dim       : 8248 
Working Time      : cputime / walltime / effective core 
Total Time        :    59.55 /     1.03 / 57.79
Initialize Time   :     0.00 /     0.00 / 0.00
Calculation Time  :    59.46 /     1.03 / 57.79
Finalize Time     :     0.09 /     0.00 / 62.16


*************** End Selection ***************



*************** Begin Hmat_Construction ***************

dimension = 8248
nnz               = 3501503
Working Time      : cputime / walltime / effective core 
Total Time        :     2.44 /     0.07 / 36.41
Initialize Time   :     0.18 /     0.00 / 65.02
Calculation Time  :     1.83 /     0.04 / 49.15
Finalize Time     :     0.43 /     0.03 / 15.96


*************** End Hmat_Construction ***************



*************** Begin MatrixDiag ***************

Iteration  :    7
Initial    : 
Init[   0] :    -56.20647052
Eigenvalue : 
Eig[   0]  :    -56.39906235
   CpuTime :           3.700
  WallTime :           0.059
Residue    : 
Res[   0]  :      0.00003349


*************** End MatrixDiag ***************



*************** Begin Selection ***************

Q_Space Dim       : 8254 
Working Time      : cputime / walltime / effective core 
Total Time        :    61.44 /     1.17 / 52.73
Initialize Time   :     0.07 /     0.00 / 59.33
Calculation Time  :    61.35 /     1.16 / 52.72
Finalize Time     :     0.02 /     0.00 / 55.96


*************** End Selection ***************



*************** Begin Hmat_Construction ***************

dimension = 8254
nnz               = 3524603
Working Time      : cputime / walltime / effective core 
Total Time        :     0.78 /     0.03 / 26.78
Initialize Time   :     0.17 /     0.00 / 63.83
Calculation Time  :     0.20 /     0.01 / 32.03
Finalize Time     :     0.41 /     0.02 / 20.32


*************** End Hmat_Construction ***************



*************** Begin MatrixDiag ***************

Iteration  :    6
Initial    : 
Init[   0] :    -56.39906235
Eigenvalue : 
Eig[   0]  :    -56.39914809
   CpuTime :           3.000
  WallTime :           0.047
Residue    : 
Res[   0]  :      0.00001959


*************** End MatrixDiag ***************



*************** Begin MatrixDiag ***************

Iteration  :    5
Initial    : 
Init[   0] :    -56.39672053
Eigenvalue : 
Eig[   0]  :    -56.39673224
   CpuTime :           2.630
  WallTime :           0.041
Residue    : 
Res[   0]  :      0.00002026


*************** End MatrixDiag ***************

********** Selection_iCI Info **********

iter / ncsf_prime / ncfg_prime / ncsf_Qspace / Similarity / time 
   0 /      7056  /      5635  /      8248  /  0.0114  /    66.660,    1.309 
   1 /      7061  /      5638  /      8254  /  0.9953  /    66.110,    1.365 
Final prune is performed!

***************************************


********** BEGIN PRINT Important cfgspace INFO **********

     ncsf | symmetry |  nstates |  spintwo |     ncfg |   energy 
        0 |        0 |        1 |     7061 |     5638 |    -56.39673224, 


*************** Begin PRINT NONRELA CFGSPACE ***************

spintwo    = 0
irrep      = 0
nstates    = 1
ncfg       =         5638
ncsf       =         7061
ncsf full  =         9128
ndet full  =        25018
ndet eff   =        18817

*********** state  0 ***********
Important ocfg:
    0 222220000000000000000000000000000000000000000000000000000000000000000000000000000000000000000000       0     9.701746e-01  94.123883
    1 220220000000000000010000000000000000001000000000000000000000000000000000000000000000000000000000       0    -2.204280e-02   0.048589
    2 222020000000000000100000000000000000100000000000000000000000000000000000000000000000000000000000       0    -2.098363e-02   0.044031
    3 222020000000000000200000000000000000000000000000000000000000000000000000000000000000000000000000       0    -2.027832e-02   0.041121
    4 220220000000000000000000000000000000002000000000000000000000000000000000000000000000000000000000       0    -1.922536e-02   0.036961
    5 220220000000000000020000000000000000000000000000000000000000000000000000000000000000000000000000       0    -1.877429e-02   0.035247
    6 220220000000000000010000000000000000000000000000010000000000000000000000000000000000000000000000       0    -1.578428e-02   0.024914
    7 222020000000000000100000000000000000010000000000000000000000000000000000000000000000000000000000       0     1.434462e-02   0.020577
    8 220220000000000000010000000000000001000000000000000000000000000000000000000000000000000000000000       0     1.386055e-02   0.019211
    9 220220000000000000000000000000000000001000000000010000000000000000000000000000000000000000000000       0     1.373081e-02   0.018854
   10 222020000000000000100000000000000000000000000001000000000000000000000000000000000000000000000000       0    -1.359570e-02   0.018484
   11 222020000000000000000000000000000000110000000000000000000000000000000000000000000000000000000000       0    -1.331661e-02   0.017733
   12 220220000000000000000000000000000000000000000000020000000000000000000000000000000000000000000000       0    -1.311992e-02   0.017213
   13 221210000000000000000000000000000000001000001000000000000000000000000000000000000000000000000000       0     1.311973e-02   0.017213
   14 222020000000000000000000000000000000200000000000000000000000000000000000000000000000000000000000       0    -1.308010e-02   0.017109
   15 222020000000000000000000000000000000000000000002000000000000000000000000000000000000000000000000       0    -1.234115e-02   0.015230
   16 221120000000000000110000000000000000000000000000000000000000000000000000000000000000000000000000       1     1.232185e-02   0.015183
   17 222020000000000000000000000000000000100000000001000000000000000000000000000000000000000000000000       0     1.211685e-02   0.014682
   18 220220000000000000000000000000000001001000000000000000000000000000000000000000000000000000000000       0    -1.193724e-02   0.014250
   19 222110000000000000000000000000000000001010000000000000000000000000000000000000000000000000000000       0    -1.118898e-02   0.012519
   20 220220000000000000000000000000000001000000000000010000000000000000000000000000000000000000000000       0    -1.088490e-02   0.011848
   21 222020000000000000010000000000000000001000000000000000000000000000000000000000000000000000000000       0    -1.076529e-02   0.011589
   22 222200000000000000000000000020000000000000000000000000000000000000000000000000000000000000000000       0    -1.068485e-02   0.011417
   23 222200000000000000000000000000000000000000000000000000020000000000000000000000000000000000000000       0    -1.056557e-02   0.011163
   24 221120000000000000100000000000000000000000000000010000000000000000000000000000000000000000000000       1    -1.038337e-02   0.010781
check importance : 7028 / 7061 (   99.53)

****************************


*************** End PRINT NONRELA CFGSPACE ***************



********** END   PRINT Important cfgspace INFO **********



******************************
* Step   1 Finished          *
* CpuTime  =         181.140 *
* WallTime =           3.945 *
******************************



*************** Begin Hmat_Construction ***************

dimension = 7061
nnz               = 2659010
Working Time      : cputime / walltime / effective core 
Total Time        :     2.05 /     0.05 / 39.05
Initialize Time   :     0.09 /     0.00 / 64.10
Calculation Time  :     1.55 /     0.03 / 59.77
Finalize Time     :     0.41 /     0.03 / 16.32


*************** End Hmat_Construction ***************



*************** Begin MatrixDiag ***************

Iteration  :    3
Initial    : 
Init[   0] :    -56.39673224
Eigenvalue : 
Eig[   0]  :    -56.39673224
   CpuTime :           1.300
  WallTime :           0.020
Residue    : 
Res[   0]  :      0.00000020


*************** End MatrixDiag ***************



*************** Begin Selection ***************

Q_Space Dim       : 31327 
Working Time      : cputime / walltime / effective core 
Total Time        :    62.06 /     1.12 / 55.23
Initialize Time   :     0.11 /     0.00 / 68.56
Calculation Time  :    61.61 /     1.12 / 55.18
Finalize Time     :     0.34 /     0.01 / 62.75


*************** End Selection ***************



*************** Begin Hmat_Construction ***************

dimension = 31327
nnz               = 26700421
Working Time      : cputime / walltime / effective core 
Total Time        :    10.42 /     0.27 / 38.48
Initialize Time   :     0.17 /     0.00 / 65.03
Calculation Time  :     9.78 /     0.18 / 54.71
Finalize Time     :     0.47 /     0.09 / 5.26


*************** End Hmat_Construction ***************



*************** Begin MatrixDiag ***************

Iteration  :    8
Initial    : 
Init[   0] :    -56.39673224
Eigenvalue : 
Eig[   0]  :    -56.41178861
   CpuTime :          11.890
  WallTime :           0.187
Residue    : 
Res[   0]  :      0.00001936


*************** End MatrixDiag ***************



*************** Begin Selection ***************

Q_Space Dim       : 31704 
Working Time      : cputime / walltime / effective core 
Total Time        :    65.37 /     1.70 / 38.50
Initialize Time   :     0.01 /     0.01 / 1.67
Calculation Time  :    65.30 /     1.69 / 38.62
Finalize Time     :     0.07 /     0.00 / 64.11


*************** End Selection ***************



*************** Begin Hmat_Construction ***************

dimension = 31704
nnz               = 26989468
Working Time      : cputime / walltime / effective core 
Total Time        :     1.08 /     0.04 / 29.46
Initialize Time   :     0.16 /     0.00 / 65.98
Calculation Time  :     0.50 /     0.01 / 42.71
Finalize Time     :     0.42 /     0.02 / 18.68


*************** End Hmat_Construction ***************



*************** Begin MatrixDiag ***************

Iteration  :    5
Initial    : 
Init[   0] :    -56.41178861
Eigenvalue : 
Eig[   0]  :    -56.41181340
   CpuTime :           8.190
  WallTime :           0.143
Residue    : 
Res[   0]  :      0.00001478


*************** End MatrixDiag ***************



*************** Begin MatrixDiag ***************

Iteration  :    4
Initial    : 
Init[   0] :    -56.41172744
Eigenvalue : 
Eig[   0]  :    -56.41172826
   CpuTime :           5.990
  WallTime :           0.094
Residue    : 
Res[   0]  :      0.00003619


*************** End MatrixDiag ***************

********** Selection_iCI Info **********

iter / ncsf_prime / ncfg_prime / ncsf_Qspace / Similarity / time 
   0 /     24931  /     18032  /     31327  /  0.2832  /    85.390,    1.719 
   1 /     25091  /     18156  /     31704  /  0.9922  /    75.660,    2.015 
Final prune is performed!

***************************************


********** BEGIN PRINT Important cfgspace INFO **********

     ncsf | symmetry |  nstates |  spintwo |     ncfg |   energy 
        0 |        0 |        1 |    25091 |    18156 |    -56.41172826, 


*************** Begin PRINT NONRELA CFGSPACE ***************

spintwo    = 0
irrep      = 0
nstates    = 1
ncfg       =        18156
ncsf       =        25091
ncsf full  =        32675
ndet full  =        96056
ndet eff   =        69805

*********** state  0 ***********
Important ocfg:
    0 222220000000000000000000000000000000000000000000000000000000000000000000000000000000000000000000       0     9.677287e-01  93.649886
    1 220220000000000000010000000000000000001000000000000000000000000000000000000000000000000000000000       0    -2.218732e-02   0.049228
    2 222020000000000000100000000000000000100000000000000000000000000000000000000000000000000000000000       0    -2.104797e-02   0.044302
    3 222020000000000000200000000000000000000000000000000000000000000000000000000000000000000000000000       0    -2.087812e-02   0.043590
    4 220220000000000000020000000000000000000000000000000000000000000000000000000000000000000000000000       0    -1.937006e-02   0.037520
    5 220220000000000000000000000000000000002000000000000000000000000000000000000000000000000000000000       0    -1.924846e-02   0.037050
    6 220220000000000000010000000000000000000000000000010000000000000000000000000000000000000000000000       0    -1.563511e-02   0.024446
    7 222020000000000000100000000000000000010000000000000000000000000000000000000000000000000000000000       0     1.436894e-02   0.020647
    8 220220000000000000010000000000000001000000000000000000000000000000000000000000000000000000000000       0     1.385242e-02   0.019189
    9 220220000000000000000000000000000000001000000000010000000000000000000000000000000000000000000000       0     1.356170e-02   0.018392
   10 222020000000000000100000000000000000000000000001000000000000000000000000000000000000000000000000       0    -1.344421e-02   0.018075
   11 222020000000000000000000000000000000110000000000000000000000000000000000000000000000000000000000       0    -1.330615e-02   0.017705
   12 221210000000000000000000000000000000001000001000000000000000000000000000000000000000000000000000       0     1.309429e-02   0.017146
   13 220220000000000000000000000000000000000000000000020000000000000000000000000000000000000000000000       0    -1.301572e-02   0.016941
   14 222020000000000000000000000000000000200000000000000000000000000000000000000000000000000000000000       0    -1.300452e-02   0.016912
   15 221120000000000000110000000000000000000000000000000000000000000000000000000000000000000000000000       1     1.266965e-02   0.016052
   16 222020000000000000000000000000000000000000000002000000000000000000000000000000000000000000000000       0    -1.224749e-02   0.015000
   17 222020000000000000000000000000000000100000000001000000000000000000000000000000000000000000000000       0     1.193864e-02   0.014253
   18 220220000000000000000000000000000001001000000000000000000000000000000000000000000000000000000000       0    -1.188741e-02   0.014131
   19 222110000000000000000000000000000000001010000000000000000000000000000000000000000000000000000000       0    -1.123091e-02   0.012613
   20 222200000000000000000000000020000000000000000000000000000000000000000000000000000000000000000000       0    -1.089768e-02   0.011876
   21 220220000000000000000000000000000001000000000000010000000000000000000000000000000000000000000000       0    -1.075837e-02   0.011574
   22 222020000000000000010000000000000000001000000000000000000000000000000000000000000000000000000000       0    -1.067913e-02   0.011404
   23 222200000000000000000000000000000000000000000000000000020000000000000000000000000000000000000000       0    -1.033453e-02   0.010680
   24 221120000000000000100000000000000000000000000000010000000000000000000000000000000000000000000000       1    -1.033215e-02   0.010675
check importance : 24931 / 25091 (   99.36)

****************************


*************** End PRINT NONRELA CFGSPACE ***************



********** END   PRINT Important cfgspace INFO **********



*************** Begin Density Matrix Construction ***************

Working Time      : cputime / walltime / effective core 
Total Time        :     2.22 /     0.05 / 40.88
Initialize Time   :     0.24 /     0.00 / 58.51
Calculation Time  :     1.96 /     0.05 / 39.20
Finalize Time     :     0.02 /     0.00 / 103.17


*************** End Density Matrix Construction ***************

generate NO iter   0, ncnvg_elec = 5.929696e+00


*************** Begin Hmat_Construction ***************

dimension = 25091
nnz               = 21599827
Working Time      : cputime / walltime / effective core 
Total Time        :     8.60 /     0.26 / 33.67
Initialize Time   :     0.08 /     0.00 / 63.06
Calculation Time  :     8.03 /     0.15 / 53.97
Finalize Time     :     0.49 /     0.11 / 4.65


*************** End Hmat_Construction ***************



*************** Begin MatrixDiag ***************

Iteration  :   17
Initial    : 
Init[   0] :    -55.99231872
Eigenvalue : 
Eig[   0]  :    -56.38969092
   CpuTime :          22.200
  WallTime :           0.348
Residue    : 
Res[   0]  :      0.00000315


*************** End MatrixDiag ***************



*************** Begin Selection ***************

Q_Space Dim       : 38565 
Working Time      : cputime / walltime / effective core 
Total Time        :    65.43 /     1.58 / 41.30
Initialize Time   :     0.15 /     0.00 / 49.54
Calculation Time  :    64.97 /     1.58 / 41.22
Finalize Time     :     0.31 /     0.00 / 63.97


*************** End Selection ***************



*************** Begin Hmat_Construction ***************

dimension = 38565
nnz               = 29683531
Working Time      : cputime / walltime / effective core 
Total Time        :     4.21 /     0.12 / 34.85
Initialize Time   :     0.17 /     0.00 / 61.46
Calculation Time  :     3.59 /     0.07 / 54.38
Finalize Time     :     0.43 /     0.05 / 8.27


*************** End Hmat_Construction ***************



*************** Begin MatrixDiag ***************

Iteration  :   13
Initial    : 
Init[   0] :    -56.38969092
Eigenvalue : 
Eig[   0]  :    -56.42282810
   CpuTime :          23.660
  WallTime :           0.392
Residue    : 
Res[   0]  :      0.00004692


*************** End MatrixDiag ***************



*************** Begin Selection ***************

Q_Space Dim       : 40655 
Working Time      : cputime / walltime / effective core 
Total Time        :    63.22 /     1.18 / 53.79
Initialize Time   :     0.00 /     0.01 / 0.00
Calculation Time  :    63.12 /     1.17 / 54.07
Finalize Time     :     0.10 /     0.00 / 65.31


*************** End Selection ***************



*************** Begin Hmat_Construction ***************

dimension = 40655
nnz               = 30992152
Working Time      : cputime / walltime / effective core 
Total Time        :     1.52 /     0.05 / 33.51
Initialize Time   :     0.17 /     0.00 / 65.31
Calculation Time  :     0.93 /     0.02 / 54.05
Finalize Time     :     0.42 /     0.03 / 16.46


*************** End Hmat_Construction ***************



*************** Begin MatrixDiag ***************

Iteration  :    8
Initial    : 
Init[   0] :    -56.42282810
Eigenvalue : 
Eig[   0]  :    -56.42321062
   CpuTime :          14.700
  WallTime :           0.242
Residue    : 
Res[   0]  :      0.00004710


*************** End MatrixDiag ***************



*************** Begin Selection ***************

Q_Space Dim       : 40699 
Working Time      : cputime / walltime / effective core 
Total Time        :    63.83 /     1.14 / 56.06
Initialize Time   :     0.01 /     0.01 / 1.76
Calculation Time  :    63.77 /     1.13 / 56.32
Finalize Time     :     0.05 /     0.00 / 61.24


*************** End Selection ***************



*************** Begin Hmat_Construction ***************

dimension = 40699
nnz               = 31022335
Working Time      : cputime / walltime / effective core 
Total Time        :     0.79 /     0.03 / 26.85
Initialize Time   :     0.17 /     0.00 / 63.33
Calculation Time  :     0.21 /     0.01 / 34.76
Finalize Time     :     0.41 /     0.02 / 19.86


*************** End Hmat_Construction ***************



*************** Begin MatrixDiag ***************

Iteration  :    4
Initial    : 
Init[   0] :    -56.42321062
Eigenvalue : 
Eig[   0]  :    -56.42321679
   CpuTime :           8.670
  WallTime :           0.144
Residue    : 
Res[   0]  :      0.00005263


*************** End MatrixDiag ***************



*************** Begin MatrixDiag ***************

Iteration  :    6
Initial    : 
Init[   0] :    -56.42309848
Eigenvalue : 
Eig[   0]  :    -56.42310097
   CpuTime :          11.490
  WallTime :           0.191
Residue    : 
Res[   0]  :      0.00003031


*************** End MatrixDiag ***************

********** Selection_iCI Info **********

iter / ncsf_prime / ncfg_prime / ncsf_Qspace / Similarity / time 
   0 /     15159  /     10810  /     38565  /  0.1324  /    94.310,    2.228 
   1 /     16469  /     11675  /     40655  /  0.9120  /    80.450,    1.622 
   2 /     16489  /     11692  /     40699  /  0.9976  /    74.290,    1.467 
Final prune is performed!

***************************************


********** BEGIN PRINT Important cfgspace INFO **********

     ncsf | symmetry |  nstates |  spintwo |     ncfg |   energy 
        0 |        0 |        1 |    16489 |    11692 |    -56.42310097, 


*************** Begin PRINT NONRELA CFGSPACE ***************

spintwo    = 0
irrep      = 0
nstates    = 1
ncfg       =        11692
ncsf       =        16489
ncsf full  =        27562
ndet full  =        92693
ndet eff   =        50251

*********** state  0 ***********
Important ocfg:
    0 222220000000000000000000000000000000000000000000000000000000000000000000000000000000000000000000       0    -9.627221e-01  92.683375
    1 220220002000000000000000000000000000000000000000000000000000000000000000000000000000000000000000       0     6.128555e-02   0.375592
    2 222022000000000000000000000000000000000000000000000000000000000000000000000000000000000000000000       0     6.101420e-02   0.372273
    3 222200200000000000000000000000000000000000000000000000000000000000000000000000000000000000000000       0     5.082730e-02   0.258341
    4 221121001000000000000000000000000000000000000000000000000000000000000000000000000000000000000000       1    -4.747983e-02   0.225433
    5 222111100000000000000000000000000000000000000000000000000000000000000000000000000000000000000000       1    -4.731346e-02   0.223856
    6 221210101000000000000000000000000000000000000000000000000000000000000000000000000000000000000000       1    -4.697050e-02   0.220623
    7 212121010000000000000000000000000000000000000000000000000000000000000000000000000000000000000000       1     3.916167e-02   0.153364
    8 211220011000000000000000000000000000000000000000000000000000000000000000000000000000000000000000       1     3.911567e-02   0.153004
    9 212210110000000000000000000000000000000000000000000000000000000000000000000000000000000000000000       1     3.483328e-02   0.121336
   10 221120001100000000000000000000000000000000000000000000000000000000000000000000000000000000000000       0     3.437319e-02   0.118152
   11 222200020000000000000000000000000000000000000000000000000000000000000000000000000000000000000000       0     3.427766e-02   0.117496
   12 221121000010000000000000000000000000000000000000000000000000000000000000000000000000000000000000       0     3.401224e-02   0.115683
   13 222111100000000000000000000000000000000000000000000000000000000000000000000000000000000000000000       0    -3.369185e-02   0.113514
   14 221210101000000000000000000000000000000000000000000000000000000000000000000000000000000000000000       0     3.360194e-02   0.112909
   15 222200000002000000000000000000000000000000000000000000000000000000000000000000000000000000000000       0     3.067874e-02   0.094119
   16 221210000001000100000000000000000000000000000000000000000000000000000000000000000000000000000000       0     3.040432e-02   0.092442
   17 221210011000000000000000000000000000000000000000000000000000000000000000000000000000000000000000       0    -2.980716e-02   0.088847
   18 222111010000000000000000000000000000000000000000000000000000000000000000000000000000000000000000       0     2.970774e-02   0.088255
   19 222110000001100000000000000000000000000000000000000000000000000000000000000000000000000000000000       0     2.970306e-02   0.088227
   20 212210200000000000000000000000000000000000000000000000000000000000000000000000000000000000000000       0    -2.911994e-02   0.084797
   21 211220101000000000000000000000000000000000000000000000000000000000000000000000000000000000000000       1     2.518300e-02   0.063418
   22 212121100000000000000000000000000000000000000000000000000000000000000000000000000000000000000000       1     2.517086e-02   0.063357
   23 221120000110000000000000000000000000000000000000000000000000000000000000000000000000000000000000       0     2.402882e-02   0.057738
   24 222020000200000000000000000000000000000000000000000000000000000000000000000000000000000000000000       0     2.384631e-02   0.056865
check importance : 16336 / 16489 (   99.07)

****************************


*************** End PRINT NONRELA CFGSPACE ***************



********** END   PRINT Important cfgspace INFO **********



*************** Begin Density Matrix Construction ***************

Working Time      : cputime / walltime / effective core 
Total Time        :     2.04 /     0.05 / 41.88
Initialize Time   :     0.50 /     0.01 / 62.27
Calculation Time  :     1.53 /     0.04 / 37.78
Finalize Time     :     0.01 /     0.00 / 62.63


*************** End Density Matrix Construction ***************

generate NO iter   1, ncnvg_elec = 9.913260e+00


*************** Begin Hmat_Construction ***************

dimension = 16489
nnz               = 5088257
Working Time      : cputime / walltime / effective core 
Total Time        :     2.84 /     0.07 / 41.53
Initialize Time   :     0.09 /     0.00 / 64.94
Calculation Time  :     2.33 /     0.04 / 62.20
Finalize Time     :     0.42 /     0.03 / 14.24


*************** End Hmat_Construction ***************



*************** Begin MatrixDiag ***************

Iteration  :   19
Initial    : 
Init[   0] :    -56.12037243
Eigenvalue : 
Eig[   0]  :    -56.42294113
   CpuTime :          18.250
  WallTime :           0.301
Residue    : 
Res[   0]  :      0.00000398


*************** End MatrixDiag ***************



*************** Begin Selection ***************

Q_Space Dim       : 22770 
Working Time      : cputime / walltime / effective core 
Total Time        :    64.00 /     1.31 / 48.89
Initialize Time   :     0.12 /     0.00 / 61.22
Calculation Time  :    63.70 /     1.30 / 48.84
Finalize Time     :     0.16 /     0.00 / 59.98


*************** End Selection ***************



*************** Begin Hmat_Construction ***************

dimension = 22770
nnz               = 9397551
Working Time      : cputime / walltime / effective core 
Total Time        :     2.89 /     0.07 / 42.01
Initialize Time   :     0.15 /     0.00 / 61.38
Calculation Time  :     2.31 /     0.04 / 58.49
Finalize Time     :     0.43 /     0.03 / 16.05


*************** End Hmat_Construction ***************



*************** Begin MatrixDiag ***************

Iteration  :    8
Initial    : 
Init[   0] :    -56.42294113
Eigenvalue : 
Eig[   0]  :    -56.42336970
   CpuTime :          10.950
  WallTime :           0.188
Residue    : 
Res[   0]  :      0.00005776


*************** End MatrixDiag ***************



*************** Begin Selection ***************

Q_Space Dim       : 22806 
Working Time      : cputime / walltime / effective core 
Total Time        :    64.00 /     1.57 / 40.79
Initialize Time   :     0.01 /     0.00 / 2.96
Calculation Time  :    63.92 /     1.56 / 40.85
Finalize Time     :     0.06 /     0.00 / 59.45


*************** End Selection ***************



*************** Begin Hmat_Construction ***************

dimension = 22806
nnz               = 9417996
Working Time      : cputime / walltime / effective core 
Total Time        :     0.86 /     0.03 / 28.23
Initialize Time   :     0.21 /     0.00 / 62.78
Calculation Time  :     0.24 /     0.01 / 33.40
Finalize Time     :     0.41 /     0.02 / 20.62


*************** End Hmat_Construction ***************



*************** Begin MatrixDiag ***************

Iteration  :    4
Initial    : 
Init[   0] :    -56.42336970
Eigenvalue : 
Eig[   0]  :    -56.42337288
   CpuTime :           5.810
  WallTime :           0.107
Residue    : 
Res[   0]  :      0.00004118


*************** End MatrixDiag ***************



*************** Begin MatrixDiag ***************

Iteration  :    5
Initial    : 
Init[   0] :    -56.42328103
Eigenvalue : 
Eig[   0]  :    -56.42328315
   CpuTime :           7.510
  WallTime :           0.134
Residue    : 
Res[   0]  :      0.00005299


*************** End MatrixDiag ***************

********** Selection_iCI Info **********

iter / ncsf_prime / ncfg_prime / ncsf_Qspace / Similarity / time 
   0 /     16865  /     11869  /     22770  /  0.8114  /    78.860,    1.695 
   1 /     16880  /     11878  /     22806  /  0.9991  /    71.640,    1.877 
Final prune is performed!

***************************************


********** BEGIN PRINT Important cfgspace INFO **********

     ncsf | symmetry |  nstates |  spintwo |     ncfg |   energy 
        0 |        0 |        1 |    16880 |    11878 |    -56.42328315, 


*************** Begin PRINT NONRELA CFGSPACE ***************

spintwo    = 0
irrep      = 0
nstates    = 1
ncfg       =        11878
ncsf       =        16880
ncsf full  =        28695
ndet full  =        97447
ndet eff   =        51927

*********** state  0 ***********
Important ocfg:
    0 222220000000000000000000000000000000000000000000000000000000000000000000000000000000000000000000       0    -9.626715e-01  92.673649
    1 220220002000000000000000000000000000000000000000000000000000000000000000000000000000000000000000       0     6.135464e-02   0.376439
    2 222022000000000000000000000000000000000000000000000000000000000000000000000000000000000000000000       0     6.127068e-02   0.375410
    3 222200200000000000000000000000000000000000000000000000000000000000000000000000000000000000000000       0     5.358674e-02   0.287154
    4 222111100000000000000000000000000000000000000000000000000000000000000000000000000000000000000000       1    -4.856630e-02   0.235869
    5 221210101000000000000000000000000000000000000000000000000000000000000000000000000000000000000000       1     4.849246e-02   0.235152
    6 221121001000000000000000000000000000000000000000000000000000000000000000000000000000000000000000       1     4.768464e-02   0.227382
    7 212121010000000000000000000000000000000000000000000000000000000000000000000000000000000000000000       1     4.139026e-02   0.171315
    8 211220011000000000000000000000000000000000000000000000000000000000000000000000000000000000000000       1    -4.138780e-02   0.171295
    9 212210110000000000000000000000000000000000000000000000000000000000000000000000000000000000000000       1     3.997856e-02   0.159829
   10 222111100000000000000000000000000000000000000000000000000000000000000000000000000000000000000000       0    -3.638249e-02   0.132369
   11 221210101000000000000000000000000000000000000000000000000000000000000000000000000000000000000000       0    -3.631576e-02   0.131883
   12 221120001100000000000000000000000000000000000000000000000000000000000000000000000000000000000000       0     3.348428e-02   0.112120
   13 221121000010000000000000000000000000000000000000000000000000000000000000000000000000000000000000       0    -3.322123e-02   0.110365
   14 222200020000000000000000000000000000000000000000000000000000000000000000000000000000000000000000       0     3.160558e-02   0.099891
   15 222200000002000000000000000000000000000000000000000000000000000000000000000000000000000000000000       0     3.099890e-02   0.096093
   16 221210000001000100000000000000000000000000000000000000000000000000000000000000000000000000000000       0    -3.014119e-02   0.090849
   17 222110000001100000000000000000000000000000000000000000000000000000000000000000000000000000000000       0    -3.006503e-02   0.090391
   18 222111010000000000000000000000000000000000000000000000000000000000000000000000000000000000000000       0     2.699316e-02   0.072863
   19 221210011000000000000000000000000000000000000000000000000000000000000000000000000000000000000000       0     2.697101e-02   0.072744
   20 212210200000000000000000000000000000000000000000000000000000000000000000000000000000000000000000       0    -2.506726e-02   0.062837
   21 222020000200000000000000000000000000000000000000000000000000000000000000000000000000000000000000       0     2.376645e-02   0.056484
   22 220220000020000000000000000000000000000000000000000000000000000000000000000000000000000000000000       0     2.372065e-02   0.056267
   23 221120000110000000000000000000000000000000000000000000000000000000000000000000000000000000000000       0     2.368439e-02   0.056095
   24 212210110000000000000000000000000000000000000000000000000000000000000000000000000000000000000000       0    -2.262687e-02   0.051198
check importance : 16785 / 16880 (   99.44)

****************************


*************** End PRINT NONRELA CFGSPACE ***************



********** END   PRINT Important cfgspace INFO **********



*************** Begin Density Matrix Construction ***************

Working Time      : cputime / walltime / effective core 
Total Time        :     1.21 /     0.04 / 26.91
Initialize Time   :     0.20 /     0.00 / 62.25
Calculation Time  :     1.00 /     0.04 / 24.04
Finalize Time     :     0.01 /     0.00 / 78.91


*************** End Density Matrix Construction ***************

generate NO iter   2, ncnvg_elec = 9.998169e+00


******************************
* Step   2 Finished          *
* CpuTime  =         845.520 *
* WallTime =          24.563 *
******************************



*************** Begin Hmat_Construction ***************

dimension = 16880
nnz               = 4998304
Working Time      : cputime / walltime / effective core 
Total Time        :     2.88 /     0.07 / 40.07
Initialize Time   :     0.10 /     0.00 / 64.23
Calculation Time  :     2.36 /     0.04 / 60.07
Finalize Time     :     0.42 /     0.03 / 13.56


*************** End Hmat_Construction ***************



*************** Begin MatrixDiag ***************

Iteration  :   17
Initial    : 
Init[   0] :    -56.15645119
Eigenvalue : 
Eig[   0]  :    -56.42327584
   CpuTime :          16.570
  WallTime :           0.263
Residue    : 
Res[   0]  :      0.00000473


*************** End MatrixDiag ***************



*************** Begin Selection ***************

Q_Space Dim       : 22255 
Working Time      : cputime / walltime / effective core 
Total Time        :    64.60 /     1.32 / 49.05
Initialize Time   :     0.14 /     0.00 / 65.90
Calculation Time  :    64.30 /     1.31 / 49.00
Finalize Time     :     0.15 /     0.00 / 61.50


*************** End Selection ***************



*************** Begin Hmat_Construction ***************

dimension = 22255
nnz               = 8844570
Working Time      : cputime / walltime / effective core 
Total Time        :     2.65 /     0.06 / 41.64
Initialize Time   :     0.21 /     0.00 / 62.05
Calculation Time  :     2.02 /     0.03 / 58.11
Finalize Time     :     0.42 /     0.03 / 16.51


*************** End Hmat_Construction ***************



*************** Begin MatrixDiag ***************

Iteration  :    7
Initial    : 
Init[   0] :    -56.42327584
Eigenvalue : 
Eig[   0]  :    -56.42338509
   CpuTime :           8.570
  WallTime :           0.142
Residue    : 
Res[   0]  :      0.00005850


*************** End MatrixDiag ***************



*************** Begin MatrixDiag ***************

Iteration  :    5
Initial    : 
Init[   0] :    -56.42330129
Eigenvalue : 
Eig[   0]  :    -56.42330321
   CpuTime :           7.230
  WallTime :           0.128
Residue    : 
Res[   0]  :      0.00004673


*************** End MatrixDiag ***************

********** Selection_iCI Info **********

iter / ncsf_prime / ncfg_prime / ncsf_Qspace / Similarity / time 
   0 /     16878  /     11853  /     22255  /  0.9540  /    76.880,    1.660 
Final prune is performed!

***************************************


********** BEGIN PRINT Important cfgspace INFO **********

     ncsf | symmetry |  nstates |  spintwo |     ncfg |   energy 
        0 |        0 |        1 |    16878 |    11853 |    -56.42330321, 


*************** Begin PRINT NONRELA CFGSPACE ***************

spintwo    = 0
irrep      = 0
nstates    = 1
ncfg       =        11853
ncsf       =        16878
ncsf full  =        28694
ndet full  =        97541
ndet eff   =        51963

*********** state  0 ***********
Important ocfg:
    0 222220000000000000000000000000000000000000000000000000000000000000000000000000000000000000000000       0    -9.626618e-01  92.671782
    1 222022000000000000000000000000000000000000000000000000000000000000000000000000000000000000000000       0     6.134691e-02   0.376344
    2 220220002000000000000000000000000000000000000000000000000000000000000000000000000000000000000000       0     6.134171e-02   0.376281
    3 222200200000000000000000000000000000000000000000000000000000000000000000000000000000000000000000       0     5.369070e-02   0.288269
    4 222111100000000000000000000000000000000000000000000000000000000000000000000000000000000000000000       1    -4.860831e-02   0.236277
    5 221210101000000000000000000000000000000000000000000000000000000000000000000000000000000000000000       1     4.858060e-02   0.236008
    6 221121001000000000000000000000000000000000000000000000000000000000000000000000000000000000000000       1     4.765169e-02   0.227068
    7 211220011000000000000000000000000000000000000000000000000000000000000000000000000000000000000000       1     4.150670e-02   0.172281
    8 212121010000000000000000000000000000000000000000000000000000000000000000000000000000000000000000       1    -4.150347e-02   0.172254
    9 212210110000000000000000000000000000000000000000000000000000000000000000000000000000000000000000       1    -4.015493e-02   0.161242
   10 222111100000000000000000000000000000000000000000000000000000000000000000000000000000000000000000       0    -3.650809e-02   0.133284
   11 221210101000000000000000000000000000000000000000000000000000000000000000000000000000000000000000       0    -3.647568e-02   0.133048
   12 221120001100000000000000000000000000000000000000000000000000000000000000000000000000000000000000       0     3.339136e-02   0.111498
   13 221121000010000000000000000000000000000000000000000000000000000000000000000000000000000000000000       0     3.319601e-02   0.110198
   14 222200020000000000000000000000000000000000000000000000000000000000000000000000000000000000000000       0     3.150373e-02   0.099248
   15 222200000002000000000000000000000000000000000000000000000000000000000000000000000000000000000000       0     3.101747e-02   0.096208
   16 221210000001000100000000000000000000000000000000000000000000000000000000000000000000000000000000       0    -3.015808e-02   0.090951
   17 222110000001100000000000000000000000000000000000000000000000000000000000000000000000000000000000       0    -3.015323e-02   0.090922
   18 222111010000000000000000000000000000000000000000000000000000000000000000000000000000000000000000       0    -2.686118e-02   0.072152
   19 221210011000000000000000000000000000000000000000000000000000000000000000000000000000000000000000       0    -2.685547e-02   0.072122
   20 212210200000000000000000000000000000000000000000000000000000000000000000000000000000000000000000       0    -2.491745e-02   0.062088
   21 221120000110000000000000000000000000000000000000000000000000000000000000000000000000000000000000       0    -2.391325e-02   0.057184
   22 222020000200000000000000000000000000000000000000000000000000000000000000000000000000000000000000       0     2.374178e-02   0.056367
   23 220220000020000000000000000000000000000000000000000000000000000000000000000000000000000000000000       0     2.372561e-02   0.056290
   24 212210110000000000000000000000000000000000000000000000000000000000000000000000000000000000000000       0     2.265653e-02   0.051332
check importance : 16778 / 16878 (   99.41)

****************************


*************** End PRINT NONRELA CFGSPACE ***************



********** END   PRINT Important cfgspace INFO **********



******************************
* Step   3 Finished          *
* CpuTime  =         951.620 *
* WallTime =          26.988 *
******************************



*************** Begin First_Residue_Update ***************

memory            = 2392520
Working Time      : cputime / walltime / effective core 
Total Time        :     0.17 /     0.00 / 59.00
Initialize Time   :     0.00 /     0.00 / 0.00
Calculation Time  :     0.16 /     0.00 / 56.61
Finalize Time     :     0.00 /     0.00 / 0.00


*************** End First_Residue_Update ***************



*************** Begin Second_Residue_Update ***************

memory            = 3881016
Working Time      : cputime / walltime / effective core 
Total Time        :     0.20 /     0.00 / 64.76
Initialize Time   :     0.00 /     0.00 / 0.00
Calculation Time  :     0.19 /     0.00 / 62.97
Finalize Time     :     0.00 /     0.00 / 0.00


*************** End Second_Residue_Update ***************

Thread label = 40
ept        =     -0.40032847
ene offset =     -0.39636442


********** ENPT2 Info **********

Wall Time                   =    7.290
CPU  Time                   =  329.340
CPU / Wall                  =   45.179
ncfg_touched                =             51612202
ncsf_touched                =            283662633
---------------------------------------------------
       var        /  perturbation  /     total     
       -56.42330321/    -0.00396405/   -56.42726725
---------------------------------------------------
Residue Time                =    0.370 ( 0.11%)
Generate connection  record =   14.124 ( 4.29%)
sort connection record      =   20.296 ( 6.16%)
sort calculation record     =   65.862 (20.00%)
sort                        =   86.158 (26.16%)
calculation sigma           =   48.699 (14.79%)
collect result              =   16.214 ( 4.92%)
Other                       =  163.776 (49.73%)
nWorkDone                   = 227041


********************************



*************** iCI_ENPT(2)_NonRela::Info ***************

____________________________________________________________________________________________________________________________________
   spintwo |   symmetry |       ncfg |       ncsf |            evar |             ept |            etot 
____________________________________________________________________________________________________________________________________
         0 |          0 |      11853 |      16878 |    -56.42330321 |     -0.00396405 |    -56.42726725 
____________________________________________________________________________________________________________________________________


*******************************************************



******************************
* Step   4 Finished          *
* CpuTime  =        1281.000 *
* WallTime =          34.279 *
******************************



*************** Begin Hmat_Construction ***************

dimension = 16878
nnz               = 4968507
Working Time      : cputime / walltime / effective core 
Total Time        :     2.95 /     0.07 / 40.96
Initialize Time   :     0.09 /     0.00 / 63.67
Calculation Time  :     2.42 /     0.04 / 59.41
Finalize Time     :     0.44 /     0.03 / 14.76


*************** End Hmat_Construction ***************



*************** Begin MatrixDiag ***************

Iteration  :    3
Initial    : 
Init[   0] :    -56.42330321
Eigenvalue : 
Eig[   0]  :    -56.42330321
   CpuTime :           2.660
  WallTime :           0.042
Residue    : 
Res[   0]  :      0.00000474


*************** End MatrixDiag ***************



*************** Begin Selection ***************

Q_Space Dim       : 32576 
Working Time      : cputime / walltime / effective core 
Total Time        :    63.70 /     1.46 / 43.77
Initialize Time   :     0.19 /     0.00 / 56.17
Calculation Time  :    63.20 /     1.45 / 43.67
Finalize Time     :     0.30 /     0.00 / 62.18


*************** End Selection ***************



*************** Begin Hmat_Construction ***************

dimension = 32576
nnz               = 15080136
Working Time      : cputime / walltime / effective core 
Total Time        :     5.17 /     0.12 / 44.53
Initialize Time   :     0.17 /     0.00 / 63.54
Calculation Time  :     4.59 /     0.08 / 58.34
Finalize Time     :     0.41 /     0.03 / 11.81


*************** End Hmat_Construction ***************



*************** Begin MatrixDiag ***************

Iteration  :   10
Initial    : 
Init[   0] :    -56.42330321
Eigenvalue : 
Eig[   0]  :    -56.42417765
   CpuTime :          15.450
  WallTime :           0.260
Residue    : 
Res[   0]  :      0.00003507


*************** End MatrixDiag ***************



*************** Begin Selection ***************

Q_Space Dim       : 32718 
Working Time      : cputime / walltime / effective core 
Total Time        :    65.23 /     1.65 / 39.60
Initialize Time   :     0.01 /     0.01 / 1.82
Calculation Time  :    65.15 /     1.64 / 39.71
Finalize Time     :     0.06 /     0.00 / 52.44


*************** End Selection ***************



*************** Begin Hmat_Construction ***************

dimension = 32718
nnz               = 15174150
Working Time      : cputime / walltime / effective core 
Total Time        :     0.84 /     0.03 / 27.91
Initialize Time   :     0.16 /     0.00 / 68.72
Calculation Time  :     0.27 /     0.01 / 36.35
Finalize Time     :     0.41 /     0.02 / 20.21


*************** End Hmat_Construction ***************



*************** Begin MatrixDiag ***************

Iteration  :    5
Initial    : 
Init[   0] :    -56.42417765
Eigenvalue : 
Eig[   0]  :    -56.42418767
   CpuTime :           7.800
  WallTime :           0.128
Residue    : 
Res[   0]  :      0.00003926


*************** End MatrixDiag ***************



*************** Begin MatrixDiag ***************

Iteration  :    5
Initial    : 
Init[   0] :    -56.42412449
Eigenvalue : 
Eig[   0]  :    -56.42412587
   CpuTime :           8.710
  WallTime :           0.144
Residue    : 
Res[   0]  :      0.00004034


*************** End MatrixDiag ***************

********** Selection_iCI Info **********

iter / ncsf_prime / ncfg_prime / ncsf_Qspace / Similarity / time 
   0 /     24592  /     16947  /     32576  /  0.6860  /    85.310,    1.965 
   1 /     24682  /     16995  /     32718  /  0.9951  /    74.820,    1.936 
Final prune is performed!

***************************************


********** BEGIN PRINT Important cfgspace INFO **********

     ncsf | symmetry |  nstates |  spintwo |     ncfg |   energy 
        0 |        0 |        1 |    24682 |    16995 |    -56.42412587, 


*************** Begin PRINT NONRELA CFGSPACE ***************

spintwo    = 0
irrep      = 0
nstates    = 1
ncfg       =        16995
ncsf       =        24682
ncsf full  =        43974
ndet full  =       153721
ndet eff   =        77674

*********** state  0 ***********
Important ocfg:
    0 222220000000000000000000000000000000000000000000000000000000000000000000000000000000000000000000       0     9.622966e-01  92.601476
    1 222022000000000000000000000000000000000000000000000000000000000000000000000000000000000000000000       0    -6.138080e-02   0.376760
    2 220220002000000000000000000000000000000000000000000000000000000000000000000000000000000000000000       0    -6.136978e-02   0.376625
    3 222200200000000000000000000000000000000000000000000000000000000000000000000000000000000000000000       0    -5.379134e-02   0.289351
    4 222111100000000000000000000000000000000000000000000000000000000000000000000000000000000000000000       1     4.872988e-02   0.237460
    5 221210101000000000000000000000000000000000000000000000000000000000000000000000000000000000000000       1    -4.871411e-02   0.237306
    6 221121001000000000000000000000000000000000000000000000000000000000000000000000000000000000000000       1    -4.774593e-02   0.227967
    7 212121010000000000000000000000000000000000000000000000000000000000000000000000000000000000000000       1     4.158321e-02   0.172916
    8 211220011000000000000000000000000000000000000000000000000000000000000000000000000000000000000000       1    -4.157422e-02   0.172842
    9 212210110000000000000000000000000000000000000000000000000000000000000000000000000000000000000000       1     4.028080e-02   0.162254
   10 222111100000000000000000000000000000000000000000000000000000000000000000000000000000000000000000       0     3.660030e-02   0.133958
   11 221210101000000000000000000000000000000000000000000000000000000000000000000000000000000000000000       0     3.658521e-02   0.133848
   12 221120001100000000000000000000000000000000000000000000000000000000000000000000000000000000000000       0    -3.351868e-02   0.112350
   13 221121000010000000000000000000000000000000000000000000000000000000000000000000000000000000000000       0    -3.331387e-02   0.110981
   14 222200020000000000000000000000000000000000000000000000000000000000000000000000000000000000000000       0    -3.160871e-02   0.099911
   15 222200000002000000000000000000000000000000000000000000000000000000000000000000000000000000000000       0    -3.111932e-02   0.096841
   16 222110000001100000000000000000000000000000000000000000000000000000000000000000000000000000000000       0     3.026125e-02   0.091574
   17 221210000001000100000000000000000000000000000000000000000000000000000000000000000000000000000000       0     3.025625e-02   0.091544
   18 222111010000000000000000000000000000000000000000000000000000000000000000000000000000000000000000       0     2.694280e-02   0.072591
   19 221210011000000000000000000000000000000000000000000000000000000000000000000000000000000000000000       0     2.692505e-02   0.072496
   20 212210200000000000000000000000000000000000000000000000000000000000000000000000000000000000000000       0     2.498077e-02   0.062404
   21 221120000110000000000000000000000000000000000000000000000000000000000000000000000000000000000000       0     2.399067e-02   0.057555
   22 222020000200000000000000000000000000000000000000000000000000000000000000000000000000000000000000       0    -2.380717e-02   0.056678
   23 220220000020000000000000000000000000000000000000000000000000000000000000000000000000000000000000       0    -2.379435e-02   0.056617
   24 212210110000000000000000000000000000000000000000000000000000000000000000000000000000000000000000       0    -2.271270e-02   0.051587
check importance : 24559 / 24682 (   99.50)

****************************


*************** End PRINT NONRELA CFGSPACE ***************



********** END   PRINT Important cfgspace INFO **********



******************************
* Step   5 Finished          *
* CpuTime  =        1458.080 *
* WallTime =          38.853 *
******************************



*************** Begin First_Residue_Update ***************

memory            = 3359288
Working Time      : cputime / walltime / effective core 
Total Time        :     0.18 /     0.00 / 60.97
Initialize Time   :     0.00 /     0.00 / 0.00
Calculation Time  :     0.18 /     0.00 / 61.93
Finalize Time     :     0.00 /     0.00 / 0.00


*************** End First_Residue_Update ***************



*************** Begin Second_Residue_Update ***************

memory            = 5406056
Working Time      : cputime / walltime / effective core 
Total Time        :     0.25 /     0.00 / 62.05
Initialize Time   :     0.00 /     0.00 / 0.00
Calculation Time  :     0.25 /     0.00 / 63.31
Finalize Time     :     0.00 /     0.00 / 0.00


*************** End Second_Residue_Update ***************

Thread label = 23
ept        =     -0.40249518
ene offset =     -0.39937201


********** ENPT2 Info **********

Wall Time                   =   10.061
CPU  Time                   =  491.640
CPU / Wall                  =   48.866
ncfg_touched                =             67923555
ncsf_touched                =            392139312
---------------------------------------------------
       var        /  perturbation  /     total     
       -56.42412587/    -0.00312317/   -56.42724904
---------------------------------------------------
Residue Time                =    0.430 ( 0.09%)
Generate connection  record =   20.182 ( 4.11%)
sort connection record      =   30.771 ( 6.26%)
sort calculation record     =  141.185 (28.72%)
sort                        =  171.956 (34.98%)
calculation sigma           =   74.250 (15.10%)
collect result              =   22.062 ( 4.49%)
Other                       =  202.760 (41.24%)
nWorkDone                   = 227041


********************************



*************** iCI_ENPT(2)_NonRela::Info ***************

____________________________________________________________________________________________________________________________________
   spintwo |   symmetry |       ncfg |       ncsf |            evar |             ept |            etot 
____________________________________________________________________________________________________________________________________
         0 |          0 |      16995 |      24682 |    -56.42412587 |     -0.00312317 |    -56.42724904 
____________________________________________________________________________________________________________________________________


*******************************************************



******************************
* Step   6 Finished          *
* CpuTime  =        1949.770 *
* WallTime =          48.915 *
******************************



*************** Begin Hmat_Construction ***************

dimension = 24682
nnz               = 8610262
Working Time      : cputime / walltime / effective core 
Total Time        :     4.42 /     0.15 / 29.89
Initialize Time   :     0.16 /     0.00 / 62.70
Calculation Time  :     3.79 /     0.06 / 59.40
Finalize Time     :     0.47 /     0.08 / 5.77


*************** End Hmat_Construction ***************



*************** Begin MatrixDiag ***************

Iteration  :    4
Initial    : 
Init[   0] :    -56.42412587
Eigenvalue : 
Eig[   0]  :    -56.42412587
   CpuTime :           4.720
  WallTime :           0.082
Residue    : 
Res[   0]  :      0.00000404


*************** End MatrixDiag ***************



*************** Begin Selection ***************

Q_Space Dim       : 48308 
Working Time      : cputime / walltime / effective core 
Total Time        :    66.30 /     1.48 / 44.69
Initialize Time   :     0.11 /     0.00 / 30.57
Calculation Time  :    65.78 /     1.47 / 44.68
Finalize Time     :     0.41 /     0.01 / 55.49


*************** End Selection ***************



*************** Begin Hmat_Construction ***************

dimension = 48308
nnz               = 26289356
Working Time      : cputime / walltime / effective core 
Total Time        :     8.02 /     0.22 / 35.84
Initialize Time   :     0.17 /     0.00 / 63.80
Calculation Time  :     7.36 /     0.13 / 55.04
Finalize Time     :     0.48 /     0.09 / 5.49


*************** End Hmat_Construction ***************



*************** Begin MatrixDiag ***************

Iteration  :   10
Initial    : 
Init[   0] :    -56.42412587
Eigenvalue : 
Eig[   0]  :    -56.42487560
   CpuTime :          20.480
  WallTime :           0.363
Residue    : 
Res[   0]  :      0.00004035


*************** End MatrixDiag ***************



*************** Begin Selection ***************

Q_Space Dim       : 48564 
Working Time      : cputime / walltime / effective core 
Total Time        :    67.63 /     1.66 / 40.76
Initialize Time   :     0.01 /     0.01 / 1.25
Calculation Time  :    67.53 /     1.65 / 40.94
Finalize Time     :     0.09 /     0.00 / 63.07


*************** End Selection ***************



*************** Begin Hmat_Construction ***************

dimension = 48564
nnz               = 26488817
Working Time      : cputime / walltime / effective core 
Total Time        :     0.91 /     0.03 / 27.62
Initialize Time   :     0.15 /     0.00 / 63.46
Calculation Time  :     0.35 /     0.01 / 40.33
Finalize Time     :     0.41 /     0.02 / 18.75


*************** End Hmat_Construction ***************



*************** Begin MatrixDiag ***************

Iteration  :    4
Initial    : 
Init[   0] :    -56.42487560
Eigenvalue : 
Eig[   0]  :    -56.42488501
   CpuTime :           7.950
  WallTime :           0.131
Residue    : 
Res[   0]  :      0.00006504


*************** End MatrixDiag ***************



*************** Begin MatrixDiag ***************

Iteration  :    5
Initial    : 
Init[   0] :    -56.42483488
Eigenvalue : 
Eig[   0]  :    -56.42483596
   CpuTime :           9.950
  WallTime :           0.164
Residue    : 
Res[   0]  :      0.00003689


*************** End MatrixDiag ***************

********** Selection_iCI Info **********

iter / ncsf_prime / ncfg_prime / ncsf_Qspace / Similarity / time 
   0 /     36549  /     24588  /     48308  /  0.6748  /    95.820,    2.227 
   1 /     36696  /     24689  /     48564  /  0.9947  /    77.450,    1.963 
Final prune is performed!

***************************************


********** BEGIN PRINT Important cfgspace INFO **********

     ncsf | symmetry |  nstates |  spintwo |     ncfg |   energy 
        0 |        0 |        1 |    36696 |    24689 |    -56.42483596, 


*************** Begin PRINT NONRELA CFGSPACE ***************

spintwo    = 0
irrep      = 0
nstates    = 1
ncfg       =        24689
ncsf       =        36696
ncsf full  =        67950
ndet full  =       242770
ndet eff   =       118357

*********** state  0 ***********
Important ocfg:
    0 222220000000000000000000000000000000000000000000000000000000000000000000000000000000000000000000       0    -9.619732e-01  92.539240
    1 222022000000000000000000000000000000000000000000000000000000000000000000000000000000000000000000       0     6.138695e-02   0.376836
    2 220220002000000000000000000000000000000000000000000000000000000000000000000000000000000000000000       0     6.137448e-02   0.376683
    3 222200200000000000000000000000000000000000000000000000000000000000000000000000000000000000000000       0     5.385008e-02   0.289983
    4 221210101000000000000000000000000000000000000000000000000000000000000000000000000000000000000000       1     4.879110e-02   0.238057
    5 222111100000000000000000000000000000000000000000000000000000000000000000000000000000000000000000       1    -4.879072e-02   0.238053
    6 221121001000000000000000000000000000000000000000000000000000000000000000000000000000000000000000       1     4.780271e-02   0.228510
    7 212121010000000000000000000000000000000000000000000000000000000000000000000000000000000000000000       1    -4.165501e-02   0.173514
    8 211220011000000000000000000000000000000000000000000000000000000000000000000000000000000000000000       1     4.164632e-02   0.173442
    9 212210110000000000000000000000000000000000000000000000000000000000000000000000000000000000000000       1    -4.035999e-02   0.162893
   10 222111100000000000000000000000000000000000000000000000000000000000000000000000000000000000000000       0    -3.669380e-02   0.134643
   11 221210101000000000000000000000000000000000000000000000000000000000000000000000000000000000000000       0    -3.668799e-02   0.134601
   12 221120001100000000000000000000000000000000000000000000000000000000000000000000000000000000000000       0     3.362033e-02   0.113033
   13 221121000010000000000000000000000000000000000000000000000000000000000000000000000000000000000000       0     3.341366e-02   0.111647
   14 222200020000000000000000000000000000000000000000000000000000000000000000000000000000000000000000       0     3.167622e-02   0.100338
   15 222200000002000000000000000000000000000000000000000000000000000000000000000000000000000000000000       0     3.118035e-02   0.097221
   16 221210000001000100000000000000000000000000000000000000000000000000000000000000000000000000000000       0    -3.034294e-02   0.092069
   17 222110000001100000000000000000000000000000000000000000000000000000000000000000000000000000000000       0    -3.034254e-02   0.092067
   18 221210011000000000000000000000000000000000000000000000000000000000000000000000000000000000000000       0    -2.702336e-02   0.073026
   19 222111010000000000000000000000000000000000000000000000000000000000000000000000000000000000000000       0    -2.702205e-02   0.073019
   20 212210200000000000000000000000000000000000000000000000000000000000000000000000000000000000000000       0    -2.504224e-02   0.062711
   21 221120000110000000000000000000000000000000000000000000000000000000000000000000000000000000000000       0    -2.402599e-02   0.057725
   22 222020000200000000000000000000000000000000000000000000000000000000000000000000000000000000000000       0     2.385776e-02   0.056919
   23 220220000020000000000000000000000000000000000000000000000000000000000000000000000000000000000000       0     2.384843e-02   0.056875
   24 212210110000000000000000000000000000000000000000000000000000000000000000000000000000000000000000       0     2.275698e-02   0.051788
check importance : 36531 / 36696 (   99.55)

****************************


*************** End PRINT NONRELA CFGSPACE ***************



********** END   PRINT Important cfgspace INFO **********



******************************
* Step   7 Finished          *
* CpuTime  =        2145.150 *
* WallTime =          54.113 *
******************************



*************** Begin First_Residue_Update ***************

memory            = 4790504
Working Time      : cputime / walltime / effective core 
Total Time        :     0.22 /     0.00 / 55.87
Initialize Time   :     0.00 /     0.00 / 0.00
Calculation Time  :     0.21 /     0.00 / 53.81
Finalize Time     :     0.00 /     0.00 / 0.00


*************** End First_Residue_Update ***************



*************** Begin Second_Residue_Update ***************

memory            = 7627312
Working Time      : cputime / walltime / effective core 
Total Time        :     0.33 /     0.01 / 63.70
Initialize Time   :     0.00 /     0.00 / 0.00
Calculation Time  :     0.32 /     0.01 / 62.40
Finalize Time     :     0.00 /     0.00 / 0.00


*************** End Second_Residue_Update ***************

Thread label = 15
ept        =     -0.40447807
ene offset =     -0.40207808


********** ENPT2 Info **********

Wall Time                   =   14.569
CPU  Time                   =  717.370
CPU / Wall                  =   49.241
ncfg_touched                =             89608893
ncsf_touched                =            538742694
---------------------------------------------------
       var        /  perturbation  /     total     
       -56.42483596/    -0.00239999/   -56.42723596
---------------------------------------------------
Residue Time                =    0.550 ( 0.08%)
Generate connection  record =   26.599 ( 3.71%)
sort connection record      =   45.014 ( 6.27%)
sort calculation record     =  242.135 (33.75%)
sort                        =  287.149 (40.03%)
calculation sigma           =  115.169 (16.05%)
collect result              =   30.314 ( 4.23%)
Other                       =  257.589 (35.91%)
nWorkDone                   = 227041


********************************



*************** iCI_ENPT(2)_NonRela::Info ***************

____________________________________________________________________________________________________________________________________
   spintwo |   symmetry |       ncfg |       ncsf |            evar |             ept |            etot 
____________________________________________________________________________________________________________________________________
         0 |          0 |      24689 |      36696 |    -56.42483596 |     -0.00239999 |    -56.42723596 
____________________________________________________________________________________________________________________________________


*******************************************************



******************************
* Step   8 Finished          *
* CpuTime  =        2862.560 *
* WallTime =          68.682 *
******************************



*************** Begin Hmat_Construction ***************

dimension = 36696
nnz               = 15317905
Working Time      : cputime / walltime / effective core 
Total Time        :     6.62 /     0.18 / 36.44
Initialize Time   :     0.10 /     0.00 / 59.48
Calculation Time  :     6.04 /     0.11 / 57.51
Finalize Time     :     0.48 /     0.07 / 6.41


*************** End Hmat_Construction ***************



*************** Begin MatrixDiag ***************

Iteration  :    4
Initial    : 
Init[   0] :    -56.42483596
Eigenvalue : 
Eig[   0]  :    -56.42483596
   CpuTime :           6.750
  WallTime :           0.112
Residue    : 
Res[   0]  :      0.00000407


*************** End MatrixDiag ***************



*************** Begin Selection ***************

Q_Space Dim       : 87154 
Working Time      : cputime / walltime / effective core 
Total Time        :    69.70 /     2.56 / 27.20
Initialize Time   :     0.08 /     0.00 / 17.79
Calculation Time  :    69.19 /     2.54 / 27.19
Finalize Time     :     0.42 /     0.01 / 29.77


*************** End Selection ***************



*************** Begin Hmat_Construction ***************

dimension = 87154
nnz               = 60221394
Working Time      : cputime / walltime / effective core 
Total Time        :    17.24 /     0.47 / 36.95
Initialize Time   :     0.15 /     0.00 / 63.13
Calculation Time  :    16.66 /     0.43 / 38.58
Finalize Time     :     0.43 /     0.03 / 13.30


*************** End Hmat_Construction ***************



*************** Begin MatrixDiag ***************

Iteration  :   10
Initial    : 
Init[   0] :    -56.42483596
Eigenvalue : 
Eig[   0]  :    -56.42567076
   CpuTime :          31.700
  WallTime :           0.638
Residue    : 
Res[   0]  :      0.00004116


*************** End MatrixDiag ***************



*************** Begin Selection ***************

Q_Space Dim       : 87742 
Working Time      : cputime / walltime / effective core 
Total Time        :    74.34 /     2.31 / 32.18
Initialize Time   :     0.01 /     0.02 / 0.64
Calculation Time  :    74.12 /     2.29 / 32.35
Finalize Time     :     0.21 /     0.00 / 63.63


*************** End Selection ***************



*************** Begin Hmat_Construction ***************

dimension = 87742
nnz               = 60852834
Working Time      : cputime / walltime / effective core 
Total Time        :     1.27 /     0.04 / 33.60
Initialize Time   :     0.20 /     0.00 / 65.64
Calculation Time  :     0.63 /     0.01 / 49.32
Finalize Time     :     0.44 /     0.02 / 20.05


*************** End Hmat_Construction ***************



*************** Begin MatrixDiag ***************

Iteration  :    5
Initial    : 
Init[   0] :    -56.42567076
Eigenvalue : 
Eig[   0]  :    -56.42567993
   CpuTime :          16.140
  WallTime :           0.337
Residue    : 
Res[   0]  :      0.00006506


*************** End MatrixDiag ***************



*************** Begin MatrixDiag ***************

Iteration  :    5
Initial    : 
Init[   0] :    -56.42564452
Eigenvalue : 
Eig[   0]  :    -56.42564529
   CpuTime :          16.310
  WallTime :           0.334
Residue    : 
Res[   0]  :      0.00003379


*************** End MatrixDiag ***************

********** Selection_iCI Info **********

iter / ncsf_prime / ncfg_prime / ncsf_Qspace / Similarity / time 
   0 /     66265  /     42658  /     87154  /  0.5536  /   120.060,    3.835 
   1 /     66611  /     42865  /     87742  /  0.9933  /    92.730,    2.848 
Final prune is performed!

***************************************


********** BEGIN PRINT Important cfgspace INFO **********

     ncsf | symmetry |  nstates |  spintwo |     ncfg |   energy 
        0 |        0 |        1 |    66611 |    42865 |    -56.42564529, 


*************** Begin PRINT NONRELA CFGSPACE ***************

spintwo    = 0
irrep      = 0
nstates    = 1
ncfg       =        42865
ncsf       =        66611
ncsf full  =       124386
ndet full  =       451711
ndet eff   =       221072

*********** state  0 ***********
Important ocfg:
    0 222220000000000000000000000000000000000000000000000000000000000000000000000000000000000000000000       0    -9.616005e-01  92.467553
    1 222022000000000000000000000000000000000000000000000000000000000000000000000000000000000000000000       0     6.138721e-02   0.376839
    2 220220002000000000000000000000000000000000000000000000000000000000000000000000000000000000000000       0     6.136911e-02   0.376617
    3 222200200000000000000000000000000000000000000000000000000000000000000000000000000000000000000000       0     5.389918e-02   0.290512
    4 221210101000000000000000000000000000000000000000000000000000000000000000000000000000000000000000       1     4.886777e-02   0.238806
    5 222111100000000000000000000000000000000000000000000000000000000000000000000000000000000000000000       1    -4.885781e-02   0.238709
    6 221121001000000000000000000000000000000000000000000000000000000000000000000000000000000000000000       1     4.783282e-02   0.228798
    7 212121010000000000000000000000000000000000000000000000000000000000000000000000000000000000000000       1    -4.171407e-02   0.174006
    8 211220011000000000000000000000000000000000000000000000000000000000000000000000000000000000000000       1     4.171094e-02   0.173980
    9 212210110000000000000000000000000000000000000000000000000000000000000000000000000000000000000000       1    -4.043576e-02   0.163505
   10 222111100000000000000000000000000000000000000000000000000000000000000000000000000000000000000000       0    -3.675277e-02   0.135077
   11 221210101000000000000000000000000000000000000000000000000000000000000000000000000000000000000000       0    -3.674482e-02   0.135018
   12 221120001100000000000000000000000000000000000000000000000000000000000000000000000000000000000000       0     3.371530e-02   0.113672
   13 221121000010000000000000000000000000000000000000000000000000000000000000000000000000000000000000       0     3.350359e-02   0.112249
   14 222200020000000000000000000000000000000000000000000000000000000000000000000000000000000000000000       0     3.174378e-02   0.100767
   15 222200000002000000000000000000000000000000000000000000000000000000000000000000000000000000000000       0     3.124541e-02   0.097628
   16 221210000001000100000000000000000000000000000000000000000000000000000000000000000000000000000000       0    -3.043529e-02   0.092631
   17 222110000001100000000000000000000000000000000000000000000000000000000000000000000000000000000000       0    -3.043093e-02   0.092604
   18 221210011000000000000000000000000000000000000000000000000000000000000000000000000000000000000000       0    -2.712109e-02   0.073555
   19 222111010000000000000000000000000000000000000000000000000000000000000000000000000000000000000000       0    -2.710993e-02   0.073495
   20 212210200000000000000000000000000000000000000000000000000000000000000000000000000000000000000000       0    -2.509712e-02   0.062987
   21 221120000110000000000000000000000000000000000000000000000000000000000000000000000000000000000000       0    -2.409893e-02   0.058076
   22 222020000200000000000000000000000000000000000000000000000000000000000000000000000000000000000000       0     2.391463e-02   0.057191
   23 220220000020000000000000000000000000000000000000000000000000000000000000000000000000000000000000       0     2.390052e-02   0.057124
   24 212210110000000000000000000000000000000000000000000000000000000000000000000000000000000000000000       0     2.280231e-02   0.051995
check importance : 66297 / 66611 (   99.53)

****************************


*************** End PRINT NONRELA CFGSPACE ***************



********** END   PRINT Important cfgspace INFO **********



******************************
* Step   9 Finished          *
* CpuTime  =        3108.650 *
* WallTime =          77.077 *
******************************



*************** Begin First_Residue_Update ***************

memory            = 8051736
Working Time      : cputime / walltime / effective core 
Total Time        :     0.39 /     0.01 / 61.29
Initialize Time   :     0.00 /     0.00 / 0.00
Calculation Time  :     0.38 /     0.01 / 60.29
Finalize Time     :     0.01 /     0.00 / 841.75


*************** End First_Residue_Update ***************



*************** Begin Second_Residue_Update ***************

memory            = 12661496
Working Time      : cputime / walltime / effective core 
Total Time        :     0.65 /     0.01 / 63.40
Initialize Time   :     0.00 /     0.00 / 0.00
Calculation Time  :     0.65 /     0.01 / 63.83
Finalize Time     :     0.00 /     0.00 / 0.00


*************** End Second_Residue_Update ***************

Thread label = 55
ept        =     -0.40687146
ene offset =     -0.40528659


********** ENPT2 Info **********

Wall Time                   =   24.701
CPU  Time                   = 1360.250
CPU / Wall                  =   55.068
ncfg_touched                =            133431129
ncsf_touched                =            834999019
---------------------------------------------------
       var        /  perturbation  /     total     
       -56.42564529/    -0.00158487/   -56.42723016
---------------------------------------------------
Residue Time                =    1.040 ( 0.08%)
Generate connection  record =   38.828 ( 2.85%)
sort connection record      =   78.815 ( 5.79%)
sort calculation record     =  606.820 (44.61%)
sort                        =  685.636 (50.41%)
calculation sigma           =  174.884 (12.86%)
collect result              =   74.859 ( 5.50%)
Other                       =  385.003 (28.30%)
nWorkDone                   = 227041


********************************



*************** iCI_ENPT(2)_NonRela::Info ***************

____________________________________________________________________________________________________________________________________
   spintwo |   symmetry |       ncfg |       ncsf |            evar |             ept |            etot 
____________________________________________________________________________________________________________________________________
         0 |          0 |      42865 |      66611 |    -56.42564529 |     -0.00158487 |    -56.42723016 
____________________________________________________________________________________________________________________________________


*******************************************************



******************************
* Step  10 Finished          *
* CpuTime  =        4468.930 *
* WallTime =         101.779 *
******************************



*************** Begin Hmat_Construction ***************

dimension = 66611
nnz               = 36136655
Working Time      : cputime / walltime / effective core 
Total Time        :    12.49 /     0.34 / 37.09
Initialize Time   :     0.10 /     0.00 / 61.69
Calculation Time  :    11.89 /     0.23 / 52.18
Finalize Time     :     0.50 /     0.11 / 4.66


*************** End Hmat_Construction ***************



*************** Begin MatrixDiag ***************

Iteration  :    4
Initial    : 
Init[   0] :    -56.42564529
Eigenvalue : 
Eig[   0]  :    -56.42564529
   CpuTime :          10.230
  WallTime :           0.182
Residue    : 
Res[   0]  :      0.00000397


*************** End MatrixDiag ***************



*************** Begin Selection ***************

Q_Space Dim       : 180316 
Working Time      : cputime / walltime / effective core 
Total Time        :    75.77 /     1.89 / 40.05
Initialize Time   :     0.01 /     0.01 / 1.04
Calculation Time  :    75.31 /     1.83 / 41.08
Finalize Time     :     0.45 /     0.05 / 9.13


*************** End Selection ***************



*************** Begin Hmat_Construction ***************

dimension = 180316
nnz               = 168065307
Working Time      : cputime / walltime / effective core 
Total Time        :    44.80 /     1.12 / 40.12
Initialize Time   :     0.15 /     0.00 / 61.71
Calculation Time  :    44.21 /     1.09 / 40.74
Finalize Time     :     0.44 /     0.03 / 15.11


*************** End Hmat_Construction ***************



*************** Begin MatrixDiag ***************

Iteration  :   10
Initial    : 
Init[   0] :    -56.42564529
Eigenvalue : 
Eig[   0]  :    -56.42636840
   CpuTime :          73.370
  WallTime :           1.523
Residue    : 
Res[   0]  :      0.00007398


*************** End MatrixDiag ***************



*************** Begin Selection ***************

Q_Space Dim       : 181922 
Working Time      : cputime / walltime / effective core 
Total Time        :    90.79 /     1.92 / 47.38
Initialize Time   :     0.03 /     0.03 / 0.91
Calculation Time  :    90.34 /     1.88 / 48.16
Finalize Time     :     0.42 /     0.01 / 59.12


*************** End Selection ***************



*************** Begin Hmat_Construction ***************

dimension = 181922
nnz               = 170334745
Working Time      : cputime / walltime / effective core 
Total Time        :     2.11 /     0.05 / 40.18
Initialize Time   :     0.17 /     0.00 / 61.65
Calculation Time  :     1.50 /     0.03 / 57.72
Finalize Time     :     0.42 /     0.02 / 17.70


*************** End Hmat_Construction ***************



*************** Begin MatrixDiag ***************

Iteration  :    8
Initial    : 
Init[   0] :    -56.42636840
Eigenvalue : 
Eig[   0]  :    -56.42637526
   CpuTime :          58.110
  WallTime :           1.202
Residue    : 
Res[   0]  :      0.00009511


*************** End MatrixDiag ***************



*************** Begin MatrixDiag ***************

Iteration  :    4
Initial    : 
Init[   0] :    -56.42635701
Eigenvalue : 
Eig[   0]  :    -56.42635743
   CpuTime :          30.070
  WallTime :           0.623
Residue    : 
Res[   0]  :      0.00010092


*************** End MatrixDiag ***************

********** Selection_iCI Info **********

iter / ncsf_prime / ncfg_prime / ncsf_Qspace / Similarity / time 
   0 /    141071  /     84824  /    180316  /  0.4720  /   195.960,    4.741 
   1 /    141999  /     85395  /    181922  /  0.9908  /   151.920,    3.369 
Final prune is performed!

***************************************


********** BEGIN PRINT Important cfgspace INFO **********

     ncsf | symmetry |  nstates |  spintwo |     ncfg |   energy 
        0 |        0 |        1 |   141999 |    85395 |    -56.42635743, 


*************** Begin PRINT NONRELA CFGSPACE ***************

spintwo    = 0
irrep      = 0
nstates    = 1
ncfg       =        85395
ncsf       =       141999
ncsf full  =       264743
ndet full  =       982458
ndet eff   =       485873

*********** state  0 ***********
Important ocfg:
    0 222220000000000000000000000000000000000000000000000000000000000000000000000000000000000000000000       0    -9.612520e-01  92.400535
    1 222022000000000000000000000000000000000000000000000000000000000000000000000000000000000000000000       0     6.139625e-02   0.376950
    2 220220002000000000000000000000000000000000000000000000000000000000000000000000000000000000000000       0     6.137337e-02   0.376669
    3 222200200000000000000000000000000000000000000000000000000000000000000000000000000000000000000000       0     5.396791e-02   0.291254
    4 221210101000000000000000000000000000000000000000000000000000000000000000000000000000000000000000       1     4.893475e-02   0.239461
    5 222111100000000000000000000000000000000000000000000000000000000000000000000000000000000000000000       1    -4.892219e-02   0.239338
    6 221121001000000000000000000000000000000000000000000000000000000000000000000000000000000000000000       1     4.785443e-02   0.229005
    7 212121010000000000000000000000000000000000000000000000000000000000000000000000000000000000000000       1    -4.176672e-02   0.174446
    8 211220011000000000000000000000000000000000000000000000000000000000000000000000000000000000000000       1     4.175467e-02   0.174345
    9 212210110000000000000000000000000000000000000000000000000000000000000000000000000000000000000000       1    -4.048229e-02   0.163882
   10 222111100000000000000000000000000000000000000000000000000000000000000000000000000000000000000000       0    -3.682111e-02   0.135579
   11 221210101000000000000000000000000000000000000000000000000000000000000000000000000000000000000000       0    -3.681540e-02   0.135537
   12 221120001100000000000000000000000000000000000000000000000000000000000000000000000000000000000000       0     3.379298e-02   0.114197
   13 221121000010000000000000000000000000000000000000000000000000000000000000000000000000000000000000       0     3.358362e-02   0.112786
   14 222200020000000000000000000000000000000000000000000000000000000000000000000000000000000000000000       0     3.179581e-02   0.101097
   15 222200000002000000000000000000000000000000000000000000000000000000000000000000000000000000000000       0     3.129239e-02   0.097921
   16 221210000001000100000000000000000000000000000000000000000000000000000000000000000000000000000000       0    -3.049596e-02   0.093000
   17 222110000001100000000000000000000000000000000000000000000000000000000000000000000000000000000000       0    -3.048804e-02   0.092952
   18 221210011000000000000000000000000000000000000000000000000000000000000000000000000000000000000000       0    -2.719316e-02   0.073947
   19 222111010000000000000000000000000000000000000000000000000000000000000000000000000000000000000000       0    -2.717822e-02   0.073866
   20 212210200000000000000000000000000000000000000000000000000000000000000000000000000000000000000000       0    -2.513973e-02   0.063201
   21 221120000110000000000000000000000000000000000000000000000000000000000000000000000000000000000000       0    -2.413412e-02   0.058246
   22 222020000200000000000000000000000000000000000000000000000000000000000000000000000000000000000000       0     2.394976e-02   0.057359
   23 220220000020000000000000000000000000000000000000000000000000000000000000000000000000000000000000       0     2.393438e-02   0.057285
   24 212210110000000000000000000000000000000000000000000000000000000000000000000000000000000000000000       0     2.284324e-02   0.052181
check importance : 141419 / 141999 (   99.59)

****************************


*************** End PRINT NONRELA CFGSPACE ***************



********** END   PRINT Important cfgspace INFO **********



******************************
* Step  11 Finished          *
* CpuTime  =        4874.740 *
* WallTime =         113.265 *
******************************



*************** Begin First_Residue_Update ***************

memory            = 15341144
Working Time      : cputime / walltime / effective core 
Total Time        :     0.72 /     0.01 / 61.04
Initialize Time   :     0.00 /     0.00 / 0.00
Calculation Time  :     0.71 /     0.01 / 60.39
Finalize Time     :     0.00 /     0.00 / 0.00


*************** End First_Residue_Update ***************



*************** Begin Second_Residue_Update ***************

memory            = 23888096
Working Time      : cputime / walltime / effective core 
Total Time        :     1.18 /     0.02 / 64.27
Initialize Time   :     0.00 /     0.00 / 0.00
Calculation Time  :     1.17 /     0.02 / 63.93
Finalize Time     :     0.00 /     0.00 / 0.00


*************** End Second_Residue_Update ***************

Thread label = 3
ept        =     -0.40920313
ene offset =     -0.40832737


********** ENPT2 Info **********

Wall Time                   =   42.988
CPU  Time                   = 2607.600
CPU / Wall                  =   60.659
ncfg_touched                =            217564200
ncsf_touched                =           1443647019
---------------------------------------------------
       var        /  perturbation  /     total     
       -56.42635743/    -0.00087576/   -56.42723318
---------------------------------------------------
Residue Time                =    1.900 ( 0.07%)
Generate connection  record =   51.462 ( 1.97%)
sort connection record      =  122.083 ( 4.68%)
sort calculation record     = 1215.333 (46.61%)
sort                        = 1337.417 (51.29%)
calculation sigma           =  381.326 (14.62%)
collect result              =  124.574 ( 4.78%)
Other                       =  710.921 (27.26%)
nWorkDone                   = 227041


********************************



*************** iCI_ENPT(2)_NonRela::Info ***************

____________________________________________________________________________________________________________________________________
   spintwo |   symmetry |       ncfg |       ncsf |            evar |             ept |            etot 
____________________________________________________________________________________________________________________________________
         0 |          0 |      85395 |     141999 |    -56.42635743 |     -0.00087576 |    -56.42723318 
____________________________________________________________________________________________________________________________________


*******************************************************



******************************
* Step  12 Finished          *
* CpuTime  =        7482.370 *
* WallTime =         156.253 *
******************************



*************** Begin Hmat_Construction ***************

dimension = 141999
nnz               = 108253374
Working Time      : cputime / walltime / effective core 
Total Time        :    32.04 /     0.87 / 36.94
Initialize Time   :     0.17 /     0.00 / 62.27
Calculation Time  :    31.39 /     0.80 / 39.35
Finalize Time     :     0.47 /     0.07 / 7.05


*************** End Hmat_Construction ***************



*************** Begin MatrixDiag ***************

Iteration  :    8
Initial    : 
Init[   0] :    -56.42635743
Eigenvalue : 
Eig[   0]  :    -56.42635743
   CpuTime :          40.010
  WallTime :           0.825
Residue    : 
Res[   0]  :      0.00000511


*************** End MatrixDiag ***************



*************** Begin Selection ***************

Q_Space Dim       : 299105 
Working Time      : cputime / walltime / effective core 
Total Time        :    94.55 /     1.98 / 47.79
Initialize Time   :     0.02 /     0.02 / 1.04
Calculation Time  :    94.05 /     1.89 / 49.83
Finalize Time     :     0.48 /     0.07 / 6.68


*************** End Selection ***************



*************** Begin Hmat_Construction ***************

dimension = 299105
nnz               = 337540191
Working Time      : cputime / walltime / effective core 
Total Time        :    77.73 /     1.85 / 41.99
Initialize Time   :     0.19 /     0.00 / 63.73
Calculation Time  :    77.06 /     1.79 / 43.04
Finalize Time     :     0.47 /     0.06 / 8.16


*************** End Hmat_Construction ***************



*************** Begin MatrixDiag ***************

Iteration  :   10
Initial    : 
Init[   0] :    -56.42635743
Eigenvalue : 
Eig[   0]  :    -56.42668109
   CpuTime :         164.590
  WallTime :           3.243
Residue    : 
Res[   0]  :      0.00007554


*************** End MatrixDiag ***************



*************** Begin Selection ***************

Q_Space Dim       : 300662 
Working Time      : cputime / walltime / effective core 
Total Time        :   113.32 /     2.49 / 45.49
Initialize Time   :     0.06 /     0.06 / 0.94
Calculation Time  :   112.85 /     2.42 / 46.66
Finalize Time     :     0.40 /     0.01 / 44.26


*************** End Selection ***************



*************** Begin Hmat_Construction ***************

dimension = 300662
nnz               = 340199245
Working Time      : cputime / walltime / effective core 
Total Time        :     2.33 /     0.06 / 41.14
Initialize Time   :     0.20 /     0.00 / 64.34
Calculation Time  :     1.73 /     0.03 / 57.53
Finalize Time     :     0.40 /     0.02 / 17.08


*************** End Hmat_Construction ***************



*************** Begin MatrixDiag ***************

Iteration  :    6
Initial    : 
Init[   0] :    -56.42668109
Eigenvalue : 
Eig[   0]  :    -56.42668411
   CpuTime :          98.690
  WallTime :           1.936
Residue    : 
Res[   0]  :      0.00008395


*************** End MatrixDiag ***************



*************** Begin MatrixDiag ***************

Iteration  :    4
Initial    : 
Init[   0] :    -56.42667347
Eigenvalue : 
Eig[   0]  :    -56.42667371
   CpuTime :          66.570
  WallTime :           1.302
Residue    : 
Res[   0]  :      0.00010684


*************** End MatrixDiag ***************

********** Selection_iCI Info **********

iter / ncsf_prime / ncfg_prime / ncsf_Qspace / Similarity / time 
   0 /    237245  /    136330  /    299105  /  0.5983  /   339.350,    7.337 
   1 /    238232  /    136927  /    300662  /  0.9941  /   215.690,    4.743 
Final prune is performed!

***************************************


********** BEGIN PRINT Important cfgspace INFO **********

     ncsf | symmetry |  nstates |  spintwo |     ncfg |   energy 
        0 |        0 |        1 |   238232 |   136927 |    -56.42667371, 


*************** Begin PRINT NONRELA CFGSPACE ***************

spintwo    = 0
irrep      = 0
nstates    = 1
ncfg       =       136927
ncsf       =       238232
ncsf full  =       445362
ndet full  =      1677669
ndet eff   =       830708

*********** state  0 ***********
Important ocfg:
    0 222220000000000000000000000000000000000000000000000000000000000000000000000000000000000000000000       0    -9.610885e-01  92.369109
    1 222022000000000000000000000000000000000000000000000000000000000000000000000000000000000000000000       0     6.140620e-02   0.377072
    2 220220002000000000000000000000000000000000000000000000000000000000000000000000000000000000000000       0     6.137916e-02   0.376740
    3 222200200000000000000000000000000000000000000000000000000000000000000000000000000000000000000000       0     5.399988e-02   0.291599
    4 221210101000000000000000000000000000000000000000000000000000000000000000000000000000000000000000       1     4.896045e-02   0.239713
    5 222111100000000000000000000000000000000000000000000000000000000000000000000000000000000000000000       1    -4.894505e-02   0.239562
    6 221121001000000000000000000000000000000000000000000000000000000000000000000000000000000000000000       1     4.786267e-02   0.229084
    7 212121010000000000000000000000000000000000000000000000000000000000000000000000000000000000000000       1    -4.178272e-02   0.174580
    8 211220011000000000000000000000000000000000000000000000000000000000000000000000000000000000000000       1     4.177048e-02   0.174477
    9 212210110000000000000000000000000000000000000000000000000000000000000000000000000000000000000000       1    -4.050664e-02   0.164079
   10 222111100000000000000000000000000000000000000000000000000000000000000000000000000000000000000000       0    -3.685948e-02   0.135862
   11 221210101000000000000000000000000000000000000000000000000000000000000000000000000000000000000000       0    -3.685272e-02   0.135812
   12 221120001100000000000000000000000000000000000000000000000000000000000000000000000000000000000000       0     3.383682e-02   0.114493
   13 221121000010000000000000000000000000000000000000000000000000000000000000000000000000000000000000       0     3.362736e-02   0.113080
   14 222200020000000000000000000000000000000000000000000000000000000000000000000000000000000000000000       0     3.181986e-02   0.101250
   15 222200000002000000000000000000000000000000000000000000000000000000000000000000000000000000000000       0     3.132255e-02   0.098110
   16 221210000001000100000000000000000000000000000000000000000000000000000000000000000000000000000000       0    -3.052377e-02   0.093170
   17 222110000001100000000000000000000000000000000000000000000000000000000000000000000000000000000000       0    -3.051758e-02   0.093132
   18 221210011000000000000000000000000000000000000000000000000000000000000000000000000000000000000000       0    -2.722969e-02   0.074146
   19 222111010000000000000000000000000000000000000000000000000000000000000000000000000000000000000000       0    -2.721356e-02   0.074058
   20 212210200000000000000000000000000000000000000000000000000000000000000000000000000000000000000000       0    -2.515922e-02   0.063299
   21 221120000110000000000000000000000000000000000000000000000000000000000000000000000000000000000000       0    -2.414732e-02   0.058309
   22 222020000200000000000000000000000000000000000000000000000000000000000000000000000000000000000000       0     2.396565e-02   0.057435
   23 220220000020000000000000000000000000000000000000000000000000000000000000000000000000000000000000       0     2.395040e-02   0.057362
   24 212210110000000000000000000000000000000000000000000000000000000000000000000000000000000000000000       0     2.286854e-02   0.052297
check importance : 237347 / 238232 (   99.63)

****************************


*************** End PRINT NONRELA CFGSPACE ***************



********** END   PRINT Important cfgspace INFO **********



******************************
* Step  13 Finished          *
* CpuTime  =        8183.760 *
* WallTime =         175.041 *
******************************



*************** Begin First_Residue_Update ***************

memory            = 23871504
Working Time      : cputime / walltime / effective core 
Total Time        :     1.18 /     0.02 / 62.47
Initialize Time   :     0.00 /     0.00 / 0.00
Calculation Time  :     1.18 /     0.02 / 62.60
Finalize Time     :     0.00 /     0.00 / 0.00


*************** End First_Residue_Update ***************



*************** Begin Second_Residue_Update ***************

memory            = 36901240
Working Time      : cputime / walltime / effective core 
Total Time        :     1.99 /     0.03 / 64.16
Initialize Time   :     0.00 /     0.00 / 0.00
Calculation Time  :     1.97 /     0.03 / 63.64
Finalize Time     :     0.00 /     0.00 / 0.00


*************** End Second_Residue_Update ***************

Thread label = 37
ept        =     -0.41034263
ene offset =     -0.40978086


********** ENPT2 Info **********

Wall Time                   =   68.436
CPU  Time                   = 4085.130
CPU / Wall                  =   59.693
ncfg_touched                =            304832418
ncsf_touched                =           2088031323
---------------------------------------------------
       var        /  perturbation  /     total     
       -56.42667371/    -0.00056178/   -56.42723549
---------------------------------------------------
Residue Time                =    3.170 ( 0.08%)
Generate connection  record =   66.514 ( 1.63%)
sort connection record      =  149.015 ( 3.65%)
sort calculation record     = 1847.201 (45.22%)
sort                        = 1996.216 (48.87%)
calculation sigma           =  675.233 (16.53%)
collect result              =  168.567 ( 4.13%)
Other                       = 1175.430 (28.77%)
nWorkDone                   = 227041


********************************



*************** iCI_ENPT(2)_NonRela::Info ***************

____________________________________________________________________________________________________________________________________
   spintwo |   symmetry |       ncfg |       ncsf |            evar |             ept |            etot 
____________________________________________________________________________________________________________________________________
         0 |          0 |     136927 |     238232 |    -56.42667371 |     -0.00056178 |    -56.42723549 
____________________________________________________________________________________________________________________________________


*******************************************************



******************************
* Step  14 Finished          *
* CpuTime  =       12268.950 *
* WallTime =         243.478 *
******************************



******************************
* Step  15 Finished          *
* CpuTime  =       12269.090 *
* WallTime =         243.481 *
******************************

