****************************************************************************
*********** Iteractive Configuration Interaction with Selection  ***********
     AUTHOR : NING ZHANG   , QiTCS, 100871, ningzhang1024@gmail.com        
     AUTHOR : QINGPENG WANG, QiTCS 
****************************************************************************



**************************************
*********** Print TaskInfo ***********
**************************************

 Spintwo / Irrep / nStates / OuterWeight / Weight
____________________________________
        0/      0/        1/     1.000000     1.00000000 
____________________________________


**************************************
***************  END  ****************
**************************************



******** Print Parameter ******* 

********** Basic Info **********

Selection Algorithm            = SiCI with iCI Criterion
Diagonization Algorithm        = LOBPCG
Initial Guess                  = CASCI
Perturbation                   = Default
Reduced Density Matrix         = Do not calculate RDMs
********** Cnotrol Info **********

Similarity Control                           = 0.950000
energy convergence tolerance for iCI (ETOL)  = 0.000000
Cmin Schedule                (CMIN_SCHEDULE) = 1.0000e-04 7.0000e-05 5.0000e-05 3.0000e-05 1.5000e-05 9.0000e-06 

**********  End  Parameter **********



********** Calculation Procedure **********


The number of steps of calculation procedure = 16

Step   0 : iCI_Initialization with CASCI and cmin =       1.000e-04
Step   1 : SiCI with iCI Criterion with Cmin =       1.000e-03
Step   2 : Generating Natural Orbitals with Cmin =       1.000e-04
Step   3 : SiCI with iCI Criterion with Cmin =       1.000e-04
Step   4 : Perturbation Correction -- ENPT(2)
Step   5 : SiCI with iCI Criterion with Cmin =       7.000e-05
Step   6 : Perturbation Correction -- ENPT(2)
Step   7 : SiCI with iCI Criterion with Cmin =       5.000e-05
Step   8 : Perturbation Correction -- ENPT(2)
Step   9 : SiCI with iCI Criterion with Cmin =       3.000e-05
Step  10 : Perturbation Correction -- ENPT(2)
Step  11 : SiCI with iCI Criterion with Cmin =       1.500e-05
Step  12 : Perturbation Correction -- ENPT(2)
Step  13 : SiCI with iCI Criterion with Cmin =       9.000e-06
Step  14 : Perturbation Correction -- ENPT(2)
Step  15 : PostProcess -- WriteOut .enedat File


*******************************************



*************** Begin Hmat_Construction ***************

dimension = 35793
nnz               = 19813644
Working Time      : cputime / walltime / effective core 
Total Time        :     8.74 /     0.25 / 35.35
Initialize Time   :     0.11 /     0.00 / 61.99
Calculation Time  :     8.06 /     0.15 / 54.07
Finalize Time     :     0.55 /     0.10 / 5.71


*************** End Hmat_Construction ***************



*************** Begin MatrixDiag ***************

Iteration  :    7
Initial    : 
Init[   0] :   -100.03330562
Eigenvalue : 
Eig[   0]  :   -100.03730862
   CpuTime :          29.290
  WallTime :           0.643
Residue    : 
Res[   0]  :      0.00001640


*************** End MatrixDiag ***************



*************** Begin MatrixDiag ***************

Iteration  :    3
Initial    : 
Init[   0] :   -100.03729906
Eigenvalue : 
Eig[   0]  :   -100.03729920
   CpuTime :           5.230
  WallTime :           0.082
Residue    : 
Res[   0]  :      0.00004205


*************** End MatrixDiag ***************



********** INITIAL GUESS INFO **********

+----------+----------+----------+----------+----------+-------------------+
|     ncsf | symmetry |  nstates |  spintwo |     ncfg |            energy |
+----------+----------+----------+----------+----------+-------------------+
|        0 |        0 |        1 |      764 |      486 |     -100.03729920 |
+----------+----------+----------+----------+----------+-------------------+


****************************************




******************************
* Step   0 Finished          *
* CpuTime  =          44.980 *
* WallTime =           1.011 *
******************************



*************** Begin Hmat_Construction ***************

dimension = 764
nnz               = 59460
Working Time      : cputime / walltime / effective core 
Total Time        :     0.72 /     0.03 / 26.15
Initialize Time   :     0.06 /     0.00 / 59.52
Calculation Time  :     0.23 /     0.01 / 43.39
Finalize Time     :     0.42 /     0.02 / 19.82


*************** End Hmat_Construction ***************



*************** Begin MatrixDiag ***************

Iteration  :    3
Initial    : 
Init[   0] :   -100.03729920
Eigenvalue : 
Eig[   0]  :   -100.03729920
   CpuTime :           0.110
  WallTime :           0.002
Residue    : 
Res[   0]  :      0.00000052


*************** End MatrixDiag ***************



*************** Begin Selection ***************

Q_Space Dim       : 4080 
Working Time      : cputime / walltime / effective core 
Total Time        :    59.40 /     1.04 / 57.00
Initialize Time   :     0.00 /     0.00 / 0.00
Calculation Time  :    59.37 /     1.04 / 57.00
Finalize Time     :     0.02 /     0.00 / 39.94


*************** End Selection ***************



*************** Begin Hmat_Construction ***************

dimension = 4080
nnz               = 911257
Working Time      : cputime / walltime / effective core 
Total Time        :     1.10 /     0.04 / 25.14
Initialize Time   :     0.17 /     0.00 / 65.26
Calculation Time  :     0.51 /     0.02 / 30.57
Finalize Time     :     0.42 /     0.02 / 17.20


*************** End Hmat_Construction ***************



*************** Begin MatrixDiag ***************

Iteration  :    7
Initial    : 
Init[   0] :   -100.03729920
Eigenvalue : 
Eig[   0]  :   -100.24525861
   CpuTime :           2.460
  WallTime :           0.039
Residue    : 
Res[   0]  :      0.00005954


*************** End MatrixDiag ***************



*************** Begin Selection ***************

Q_Space Dim       : 4097 
Working Time      : cputime / walltime / effective core 
Total Time        :    58.53 /     1.01 / 57.80
Initialize Time   :     0.03 /     0.00 / 62.61
Calculation Time  :    58.47 /     1.01 / 57.79
Finalize Time     :     0.02 /     0.00 / 52.46


*************** End Selection ***************



*************** Begin Hmat_Construction ***************

dimension = 4097
nnz               = 928748
Working Time      : cputime / walltime / effective core 
Total Time        :     0.71 /     0.03 / 20.49
Initialize Time   :     0.16 /     0.00 / 65.94
Calculation Time  :     0.14 /     0.01 / 12.31
Finalize Time     :     0.41 /     0.02 / 19.70


*************** End Hmat_Construction ***************



*************** Begin MatrixDiag ***************

Iteration  :    6
Initial    : 
Init[   0] :   -100.24525861
Eigenvalue : 
Eig[   0]  :   -100.24573793
   CpuTime :           1.610
  WallTime :           0.025
Residue    : 
Res[   0]  :      0.00004838


*************** End MatrixDiag ***************



*************** Begin MatrixDiag ***************

Iteration  :    5
Initial    : 
Init[   0] :   -100.24449350
Eigenvalue : 
Eig[   0]  :   -100.24450170
   CpuTime :           1.180
  WallTime :           0.018
Residue    : 
Res[   0]  :      0.00002498


*************** End MatrixDiag ***************

********** Selection_iCI Info **********

iter / ncsf_prime / ncfg_prime / ncsf_Qspace / Similarity / time 
   0 /      3176  /      2365  /      4080  /  0.0423  /    63.640,    1.246 
   1 /      3189  /      2376  /      4097  /  0.9878  /    61.580,    1.201 
Final prune is performed!

***************************************


********** BEGIN PRINT Important cfgspace INFO **********

     ncsf | symmetry |  nstates |  spintwo |     ncfg |   energy 
        0 |        0 |        1 |     3189 |     2376 |   -100.24450170, 


*************** Begin PRINT NONRELA CFGSPACE ***************

spintwo    = 0
irrep      = 0
nstates    = 1
ncfg       =         2376
ncsf       =         3189
ncsf full  =         3759
ndet full  =        10150
ndet eff   =         8440

*********** state  0 ***********
Important ocfg:
    0 2222200000000000000000000000000000000000000000000000000000000000       0     9.778914e-01  95.627161
    1 2221100000000000000000000000110000000000000000000000000000000000       0     2.434214e-02   0.059254
    2 2220200000000000000000000000000000000002000000000000000000000000       0    -2.355394e-02   0.055479
    3 2222000000000000000000000000000000000020000000000000000000000000       0    -2.218746e-02   0.049228
    4 2202200000000000002000000000000000000000000000000000000000000000       0    -2.113130e-02   0.044653
    5 2221100000000000000000000000000000000011000000000000000000000000       0    -2.063986e-02   0.042600
    6 2222000000000000000000000000000001000010000000000000000000000000       0     2.063347e-02   0.042574
    7 2221100000000000000000000000000000000011000000000000000000000000       1     2.014446e-02   0.040580
    8 2202200000000000001000010000000000000000000000000000000000000000       0     1.940572e-02   0.037658
    9 2202200000000000000000020000000000000000000000000000000000000000       0    -1.809849e-02   0.032756
   10 2202200100000000001000000000000000000000000000000000000000000000       0    -1.731220e-02   0.029971
   11 2221100000000000000000000000000000000000000000000110000000000000       0     1.613495e-02   0.026034
   12 2211200000000000001000000000000000000001000000000000000000000000       0    -1.597743e-02   0.025528
   13 2202200000000000001000000000000000000100000000000000000000000000       0    -1.568909e-02   0.024615
   14 2212100000000000001000000000000000000010000000000000000000000000       0    -1.568273e-02   0.024595
   15 2222000000001000000000000000000000000010000000000000000000000000       0     1.566528e-02   0.024540
   16 2212100000000000000000010000001000000000000000000000000000000000       0    -1.494893e-02   0.022347
   17 2220200000010000000000000000000000000001000000000000000000000000       0     1.481273e-02   0.021942
   18 2211200000000000001000000000000000000001000000000000000000000000       1    -1.465910e-02   0.021489
   19 2212100000000000001000000000000000000010000000000000000000000000       1    -1.426929e-02   0.020361
   20 2211200000000000000000000000000000000101000000000000000000000000       1     1.406460e-02   0.019781
   21 2211200000000000000000000000000000000101000000000000000000000000       0     1.400122e-02   0.019603
   22 2222100000001000000000000000000000000000000000000000000000000000       0    -1.397832e-02   0.019539
   23 2212100000000000000000000000000000000110000000000000000000000000       1     1.396472e-02   0.019501
   24 2211200000000000000000010000000100000000000000000000000000000000       0     1.376001e-02   0.018934
check importance : 3171 / 3189 (   99.44)

****************************


*************** End PRINT NONRELA CFGSPACE ***************



********** END   PRINT Important cfgspace INFO **********



******************************
* Step   1 Finished          *
* CpuTime  =         173.240 *
* WallTime =           3.560 *
******************************



*************** Begin Hmat_Construction ***************

dimension = 3189
nnz               = 651079
Working Time      : cputime / walltime / effective core 
Total Time        :     0.97 /     0.03 / 27.86
Initialize Time   :     0.05 /     0.00 / 51.83
Calculation Time  :     0.50 /     0.01 / 49.11
Finalize Time     :     0.40 /     0.02 / 16.92


*************** End Hmat_Construction ***************



*************** Begin MatrixDiag ***************

Iteration  :    3
Initial    : 
Init[   0] :   -100.24450170
Eigenvalue : 
Eig[   0]  :   -100.24450170
   CpuTime :           0.650
  WallTime :           0.010
Residue    : 
Res[   0]  :      0.00000040


*************** End MatrixDiag ***************



*************** Begin Selection ***************

Q_Space Dim       : 18334 
Working Time      : cputime / walltime / effective core 
Total Time        :    60.92 /     1.50 / 40.71
Initialize Time   :     0.02 /     0.00 / 63.18
Calculation Time  :    60.72 /     1.49 / 40.66
Finalize Time     :     0.18 /     0.00 / 61.70


*************** End Selection ***************



*************** Begin Hmat_Construction ***************

dimension = 18334
nnz               = 8424743
Working Time      : cputime / walltime / effective core 
Total Time        :     3.79 /     0.10 / 37.29
Initialize Time   :     0.14 /     0.00 / 61.78
Calculation Time  :     3.21 /     0.05 / 59.18
Finalize Time     :     0.43 /     0.05 / 9.54


*************** End Hmat_Construction ***************



*************** Begin MatrixDiag ***************

Iteration  :    8
Initial    : 
Init[   0] :   -100.24450170
Eigenvalue : 
Eig[   0]  :   -100.25439610
   CpuTime :           8.090
  WallTime :           0.136
Residue    : 
Res[   0]  :      0.00005095


*************** End MatrixDiag ***************



*************** Begin Selection ***************

Q_Space Dim       : 19841 
Working Time      : cputime / walltime / effective core 
Total Time        :    62.50 /     1.75 / 35.76
Initialize Time   :     0.00 /     0.00 / 0.00
Calculation Time  :    62.44 /     1.74 / 35.81
Finalize Time     :     0.06 /     0.00 / 64.53


*************** End Selection ***************



*************** Begin Hmat_Construction ***************

dimension = 19841
nnz               = 9177739
Working Time      : cputime / walltime / effective core 
Total Time        :     1.19 /     0.04 / 32.42
Initialize Time   :     0.15 /     0.00 / 63.20
Calculation Time  :     0.61 /     0.01 / 47.90
Finalize Time     :     0.41 /     0.02 / 19.02


*************** End Hmat_Construction ***************



*************** Begin MatrixDiag ***************

Iteration  :    6
Initial    : 
Init[   0] :   -100.25439610
Eigenvalue : 
Eig[   0]  :   -100.25463339
   CpuTime :           7.700
  WallTime :           0.126
Residue    : 
Res[   0]  :      0.00002585


*************** End MatrixDiag ***************



*************** Begin Selection ***************

Q_Space Dim       : 19867 
Working Time      : cputime / walltime / effective core 
Total Time        :    62.40 /     1.61 / 38.79
Initialize Time   :     0.00 /     0.00 / 0.00
Calculation Time  :    62.36 /     1.61 / 38.84
Finalize Time     :     0.04 /     0.00 / 60.07


*************** End Selection ***************



*************** Begin Hmat_Construction ***************

dimension = 19867
nnz               = 9190872
Working Time      : cputime / walltime / effective core 
Total Time        :     0.78 /     0.03 / 26.80
Initialize Time   :     0.14 /     0.00 / 65.95
Calculation Time  :     0.23 /     0.01 / 34.25
Finalize Time     :     0.41 /     0.02 / 20.27


*************** End Hmat_Construction ***************



*************** Begin MatrixDiag ***************

Iteration  :    3
Initial    : 
Init[   0] :   -100.25463339
Eigenvalue : 
Eig[   0]  :   -100.25463571
   CpuTime :           3.430
  WallTime :           0.055
Residue    : 
Res[   0]  :      0.00003644


*************** End MatrixDiag ***************



*************** Begin MatrixDiag ***************

Iteration  :    5
Initial    : 
Init[   0] :   -100.25453075
Eigenvalue : 
Eig[   0]  :   -100.25453213
   CpuTime :           6.650
  WallTime :           0.115
Residue    : 
Res[   0]  :      0.00001948


*************** End MatrixDiag ***************

********** Selection_iCI Info **********

iter / ncsf_prime / ncfg_prime / ncsf_Qspace / Similarity / time 
   0 /     14151  /     10094  /     18334  /  0.2254  /    73.940,    1.870 
   1 /     14914  /     10626  /     19841  /  0.9448  /    72.410,    2.057 
   2 /     14928  /     10637  /     19867  /  0.9989  /    67.570,    1.820 
Final prune is performed!

***************************************


********** BEGIN PRINT Important cfgspace INFO **********

     ncsf | symmetry |  nstates |  spintwo |     ncfg |   energy 
        0 |        0 |        1 |    14928 |    10637 |   -100.25453213, 


*************** Begin PRINT NONRELA CFGSPACE ***************

spintwo    = 0
irrep      = 0
nstates    = 1
ncfg       =        10637
ncsf       =        14928
ncsf full  =        21526
ndet full  =        67277
ndet eff   =        43253

*********** state  0 ***********
Important ocfg:
    0 2222200000000000000000000000000000000000000000000000000000000000       0     9.760757e-01  95.272376
    1 2221100000000000000000000000110000000000000000000000000000000000       0     2.541795e-02   0.064607
    2 2220200000000000000000000000000000000002000000000000000000000000       0    -2.390915e-02   0.057165
    3 2202200000000000002000000000000000000000000000000000000000000000       0    -2.267695e-02   0.051424
    4 2222000000000000000000000000000000000020000000000000000000000000       0    -2.249050e-02   0.050582
    5 2221100000000000000000000000000000000011000000000000000000000000       0    -2.113322e-02   0.044661
    6 2222000000000000000000000000000001000010000000000000000000000000       0     2.075677e-02   0.043084
    7 2202200000000000001000010000000000000000000000000000000000000000       0     2.045200e-02   0.041828
    8 2221100000000000000000000000000000000011000000000000000000000000       1     2.042594e-02   0.041722
    9 2202200000000000000000020000000000000000000000000000000000000000       0    -1.866273e-02   0.034830
   10 2202200100000000001000000000000000000000000000000000000000000000       0    -1.851093e-02   0.034265
   11 2211200000000000001000000000000000000001000000000000000000000000       0    -1.652057e-02   0.027293
   12 2212100000000000001000000000000000000010000000000000000000000000       0    -1.625409e-02   0.026420
   13 2221100000000000000000000000000000000000000000000110000000000000       0     1.612505e-02   0.026002
   14 2222000000001000000000000000000000000010000000000000000000000000       0     1.582195e-02   0.025033
   15 2202200000000000001000000000000000000100000000000000000000000000       0    -1.578701e-02   0.024923
   16 2212100000000000000000010000001000000000000000000000000000000000       0    -1.568804e-02   0.024611
   17 2211200000000000001000000000000000000001000000000000000000000000       1    -1.505979e-02   0.022680
   18 2220200000010000000000000000000000000001000000000000000000000000       0     1.496405e-02   0.022392
   19 2212100000000000001000000000000000000010000000000000000000000000       1    -1.465562e-02   0.021479
   20 2211200000000000000000010000000100000000000000000000000000000000       0     1.440951e-02   0.020763
   21 2211200000000000000000000000000000000101000000000000000000000000       1     1.414599e-02   0.020011
   22 2211200000000000000000000000000000000101000000000000000000000000       0     1.412237e-02   0.019944
   23 2212100000000000000000000000000000000110000000000000000000000000       1     1.406953e-02   0.019795
   24 2202200000000000000000011000000000000000000000000000000000000000       0     1.379838e-02   0.019040
check importance : 14819 / 14928 (   99.27)

****************************


*************** End PRINT NONRELA CFGSPACE ***************



********** END   PRINT Important cfgspace INFO **********



*************** Begin Density Matrix Construction ***************

Working Time      : cputime / walltime / effective core 
Total Time        :     1.95 /     0.05 / 36.56
Initialize Time   :     0.15 /     0.00 / 60.90
Calculation Time  :     1.80 /     0.05 / 35.50
Finalize Time     :     0.00 /     0.00 / 0.00


*************** End Density Matrix Construction ***************

generate NO iter   0, ncnvg_elec = 5.950005e+00


*************** Begin Hmat_Construction ***************

dimension = 14928
nnz               = 6346770
Working Time      : cputime / walltime / effective core 
Total Time        :     3.11 /     0.08 / 40.39
Initialize Time   :     0.07 /     0.00 / 68.64
Calculation Time  :     2.62 /     0.04 / 59.76
Finalize Time     :     0.41 /     0.03 / 12.77


*************** End Hmat_Construction ***************



*************** Begin MatrixDiag ***************

Iteration  :   16
Initial    : 
Init[   0] :    -99.82433304
Eigenvalue : 
Eig[   0]  :   -100.24671398
   CpuTime :          13.010
  WallTime :           0.204
Residue    : 
Res[   0]  :      0.00000545


*************** End MatrixDiag ***************



*************** Begin Selection ***************

Q_Space Dim       : 20349 
Working Time      : cputime / walltime / effective core 
Total Time        :    62.24 /     1.26 / 49.52
Initialize Time   :     0.10 /     0.00 / 69.24
Calculation Time  :    62.02 /     1.25 / 49.48
Finalize Time     :     0.12 /     0.00 / 64.14


*************** End Selection ***************



*************** Begin Hmat_Construction ***************

dimension = 20349
nnz               = 8365049
Working Time      : cputime / walltime / effective core 
Total Time        :     1.80 /     0.05 / 37.66
Initialize Time   :     0.17 /     0.00 / 64.61
Calculation Time  :     1.22 /     0.02 / 54.92
Finalize Time     :     0.41 /     0.02 / 17.90


*************** End Hmat_Construction ***************



*************** Begin MatrixDiag ***************

Iteration  :   12
Initial    : 
Init[   0] :   -100.24671398
Eigenvalue : 
Eig[   0]  :   -100.26285247
   CpuTime :          14.050
  WallTime :           0.227
Residue    : 
Res[   0]  :      0.00005394


*************** End MatrixDiag ***************



*************** Begin Selection ***************

Q_Space Dim       : 21147 
Working Time      : cputime / walltime / effective core 
Total Time        :    61.04 /     1.47 / 41.38
Initialize Time   :     0.04 /     0.00 / 16.40
Calculation Time  :    60.94 /     1.47 / 41.41
Finalize Time     :     0.06 /     0.00 / 62.62


*************** End Selection ***************



*************** Begin Hmat_Construction ***************

dimension = 21147
nnz               = 8685039
Working Time      : cputime / walltime / effective core 
Total Time        :     0.97 /     0.03 / 29.67
Initialize Time   :     0.15 /     0.00 / 68.01
Calculation Time  :     0.41 /     0.01 / 42.52
Finalize Time     :     0.41 /     0.02 / 19.71


*************** End Hmat_Construction ***************



*************** Begin MatrixDiag ***************

Iteration  :    8
Initial    : 
Init[   0] :   -100.26285247
Eigenvalue : 
Eig[   0]  :   -100.26307987
   CpuTime :           9.260
  WallTime :           0.153
Residue    : 
Res[   0]  :      0.00005589


*************** End MatrixDiag ***************



*************** Begin Selection ***************

Q_Space Dim       : 21277 
Working Time      : cputime / walltime / effective core 
Total Time        :    61.27 /     1.29 / 47.66
Initialize Time   :     0.11 /     0.00 / 45.50
Calculation Time  :    61.11 /     1.28 / 47.65
Finalize Time     :     0.05 /     0.00 / 72.55


*************** End Selection ***************



*************** Begin Hmat_Construction ***************

dimension = 21277
nnz               = 8733113
Working Time      : cputime / walltime / effective core 
Total Time        :     0.80 /     0.03 / 26.75
Initialize Time   :     0.14 /     0.00 / 64.81
Calculation Time  :     0.24 /     0.01 / 33.22
Finalize Time     :     0.41 /     0.02 / 20.03


*************** End Hmat_Construction ***************



*************** Begin MatrixDiag ***************

Iteration  :    6
Initial    : 
Init[   0] :   -100.26307987
Eigenvalue : 
Eig[   0]  :   -100.26314601
   CpuTime :           7.020
  WallTime :           0.117
Residue    : 
Res[   0]  :      0.00006646


*************** End MatrixDiag ***************



*************** Begin MatrixDiag ***************

Iteration  :    5
Initial    : 
Init[   0] :   -100.26306470
Eigenvalue : 
Eig[   0]  :   -100.26306686
   CpuTime :           6.770
  WallTime :           0.114
Residue    : 
Res[   0]  :      0.00006029


*************** End MatrixDiag ***************

********** Selection_iCI Info **********

iter / ncsf_prime / ncfg_prime / ncsf_Qspace / Similarity / time 
   0 /      6087  /      4082  /     20349  /  0.0919  /    78.940,    1.657 
   1 /      6477  /      4285  /     21147  /  0.9305  /    72.140,    1.785 
   2 /      6557  /      4332  /     21277  /  0.9833  /    69.940,    1.556 
Final prune is performed!

***************************************


********** BEGIN PRINT Important cfgspace INFO **********

     ncsf | symmetry |  nstates |  spintwo |     ncfg |   energy 
        0 |        0 |        1 |     6557 |     4332 |   -100.26306686, 


*************** Begin PRINT NONRELA CFGSPACE ***************

spintwo    = 0
irrep      = 0
nstates    = 1
ncfg       =         4332
ncsf       =         6557
ncsf full  =        10013
ndet full  =        33352
ndet eff   =        20149

*********** state  0 ***********
Important ocfg:
    0 2222200000000000000000000000000000000000000000000000000000000000       0     9.738357e-01  94.835606
    1 2220220000000000000000000000000000000000000000000000000000000000       0    -7.986094e-02   0.637777
    2 2202202000000000000000000000000000000000000000000000000000000000       0    -5.021340e-02   0.252139
    3 2222000002000000000000000000000000000000000000000000000000000000       0    -5.020716e-02   0.252076
    4 2221110001000000000000000000000000000000000000000000000000000000       0     4.929728e-02   0.243022
    5 2211211000000000000000000000000000000000000000000000000000000000       0     4.928399e-02   0.242891
    6 2212101001000000000000000000000000000000000000000000000000000000       0    -4.742464e-02   0.224910
    7 2211211000000000000000000000000000000000000000000000000000000000       1    -4.507142e-02   0.203143
    8 2221110001000000000000000000000000000000000000000000000000000000       1     4.503454e-02   0.202811
    9 2212101001000000000000000000000000000000000000000000000000000000       1    -4.482935e-02   0.200967
   10 2122100101000000000000000000000000000000000000000000000000000000       1    -3.850519e-02   0.148265
   11 2112201100000000000000000000000000000000000000000000000000000000       1     3.849281e-02   0.148170
   12 2212100000010000010000000000000000000000000000000000000000000000       0     3.615312e-02   0.130705
   13 2121210100000000000000000000000000000000000000000000000000000000       1    -3.230049e-02   0.104332
   14 2221100010001000000000000000000000000000000000000000000000000000       0    -2.963473e-02   0.087822
   15 2211200010100000000000000000000000000000000000000000000000000000       0    -2.891035e-02   0.083581
   16 2121210100000000000000000000000000000000000000000000000000000000       0     2.352341e-02   0.055335
   17 2122100101000000000000000000000000000000000000000000000000000000       0    -2.310479e-02   0.053383
   18 2112201100000000000000000000000000000000000000000000000000000000       0    -2.309718e-02   0.053348
   19 2220200020000000000000000000000000000000000000000000000000000000       0    -2.129233e-02   0.045336
   20 2022200200000000000000000000000000000000000000000000000000000000       0    -1.933719e-02   0.037393
   21 2222000000002000000000000000000000000000000000000000000000000000       0    -1.917592e-02   0.036772
   22 2202200000200000000000000000000000000000000000000000000000000000       0    -1.917501e-02   0.036768
   23 2212100000101000000000000000000000000000000000000000000000000000       0    -1.896622e-02   0.035972
   24 2202200000020000000000000000000000000000000000000000000000000000       0    -1.877495e-02   0.035250
check importance : 6469 / 6557 (   98.66)

****************************


*************** End PRINT NONRELA CFGSPACE ***************



********** END   PRINT Important cfgspace INFO **********



*************** Begin Density Matrix Construction ***************

Working Time      : cputime / walltime / effective core 
Total Time        :     1.29 /     0.05 / 28.24
Initialize Time   :     0.09 /     0.00 / 57.18
Calculation Time  :     1.19 /     0.04 / 27.04
Finalize Time     :     0.00 /     0.00 / 0.00


*************** End Density Matrix Construction ***************

generate NO iter   1, ncnvg_elec = 9.986567e+00


******************************
* Step   2 Finished          *
* CpuTime  =         648.540 *
* WallTime =          16.442 *
******************************



*************** Begin Hmat_Construction ***************

dimension = 6557
nnz               = 996889
Working Time      : cputime / walltime / effective core 
Total Time        :     1.12 /     0.04 / 31.00
Initialize Time   :     0.07 /     0.00 / 69.65
Calculation Time  :     0.61 /     0.01 / 55.23
Finalize Time     :     0.43 /     0.02 / 17.89


*************** End Hmat_Construction ***************



*************** Begin MatrixDiag ***************

Iteration  :   17
Initial    : 
Init[   0] :    -99.95707126
Eigenvalue : 
Eig[   0]  :   -100.26305199
   CpuTime :           7.600
  WallTime :           0.119
Residue    : 
Res[   0]  :      0.00000555


*************** End MatrixDiag ***************



*************** Begin Selection ***************

Q_Space Dim       : 8754 
Working Time      : cputime / walltime / effective core 
Total Time        :    61.56 /     1.11 / 55.63
Initialize Time   :     0.04 /     0.00 / 53.00
Calculation Time  :    61.45 /     1.10 / 55.62
Finalize Time     :     0.06 /     0.00 / 63.28


*************** End Selection ***************



*************** Begin Hmat_Construction ***************

dimension = 8754
nnz               = 1809139
Working Time      : cputime / walltime / effective core 
Total Time        :     1.24 /     0.04 / 32.84
Initialize Time   :     0.16 /     0.00 / 63.57
Calculation Time  :     0.67 /     0.01 / 53.60
Finalize Time     :     0.41 /     0.02 / 18.06


*************** End Hmat_Construction ***************



*************** Begin MatrixDiag ***************

Iteration  :    8
Initial    : 
Init[   0] :   -100.26305199
Eigenvalue : 
Eig[   0]  :   -100.26316190
   CpuTime :           4.500
  WallTime :           0.071
Residue    : 
Res[   0]  :      0.00004121


*************** End MatrixDiag ***************



*************** Begin Selection ***************

Q_Space Dim       : 8954 
Working Time      : cputime / walltime / effective core 
Total Time        :    62.34 /     1.33 / 46.97
Initialize Time   :     0.04 /     0.00 / 30.68
Calculation Time  :    62.27 /     1.33 / 46.98
Finalize Time     :     0.03 /     0.00 / 76.00


*************** End Selection ***************



*************** Begin Hmat_Construction ***************

dimension = 8954
nnz               = 1883404
Working Time      : cputime / walltime / effective core 
Total Time        :     0.85 /     0.03 / 27.63
Initialize Time   :     0.14 /     0.00 / 61.50
Calculation Time  :     0.28 /     0.01 / 37.05
Finalize Time     :     0.42 /     0.02 / 20.11


*************** End Hmat_Construction ***************



*************** Begin MatrixDiag ***************

Iteration  :    5
Initial    : 
Init[   0] :   -100.26316190
Eigenvalue : 
Eig[   0]  :   -100.26316877
   CpuTime :           2.560
  WallTime :           0.040
Residue    : 
Res[   0]  :      0.00003589


*************** End MatrixDiag ***************



*************** Begin MatrixDiag ***************

Iteration  :    5
Initial    : 
Init[   0] :   -100.26311324
Eigenvalue : 
Eig[   0]  :   -100.26311491
   CpuTime :           2.440
  WallTime :           0.038
Residue    : 
Res[   0]  :      0.00006244


*************** End MatrixDiag ***************

********** Selection_iCI Info **********

iter / ncsf_prime / ncfg_prime / ncsf_Qspace / Similarity / time 
   0 /      6216  /      3995  /      8754  /  0.8520  /    68.110,    1.339 
   1 /      6224  /      3997  /      8954  /  0.9961  /    66.630,    1.543 
Final prune is performed!

***************************************


********** BEGIN PRINT Important cfgspace INFO **********

     ncsf | symmetry |  nstates |  spintwo |     ncfg |   energy 
        0 |        0 |        1 |     6224 |     3997 |   -100.26311491, 


*************** Begin PRINT NONRELA CFGSPACE ***************

spintwo    = 0
irrep      = 0
nstates    = 1
ncfg       =         3997
ncsf       =         6224
ncsf full  =         9590
ndet full  =        32389
ndet eff   =        19401

*********** state  0 ***********
Important ocfg:
    0 2222200000000000000000000000000000000000000000000000000000000000       0    -9.738433e-01  94.837079
    1 2220220000000000000000000000000000000000000000000000000000000000       0     7.999890e-02   0.639982
    2 2202202000000000000000000000000000000000000000000000000000000000       0     5.019654e-02   0.251969
    3 2222000002000000000000000000000000000000000000000000000000000000       0     5.018828e-02   0.251886
    4 2211211000000000000000000000000000000000000000000000000000000000       0     4.947074e-02   0.244735
    5 2221110001000000000000000000000000000000000000000000000000000000       0    -4.946978e-02   0.244726
    6 2212101001000000000000000000000000000000000000000000000000000000       0    -4.746346e-02   0.225278
    7 2211211000000000000000000000000000000000000000000000000000000000       1    -4.534639e-02   0.205630
    8 2221110001000000000000000000000000000000000000000000000000000000       1    -4.531275e-02   0.205324
    9 2212101001000000000000000000000000000000000000000000000000000000       1    -4.482206e-02   0.200902
   10 2122100101000000000000000000000000000000000000000000000000000000       1     3.851395e-02   0.148332
   11 2112201100000000000000000000000000000000000000000000000000000000       1     3.850015e-02   0.148226
   12 2212100000010000010000000000000000000000000000000000000000000000       0    -3.617868e-02   0.130890
   13 2121210100000000000000000000000000000000000000000000000000000000       1     3.250696e-02   0.105670
   14 2221100010001000000000000000000000000000000000000000000000000000       0     2.964393e-02   0.087876
   15 2211200010100000000000000000000000000000000000000000000000000000       0     2.943820e-02   0.086661
   16 2121210100000000000000000000000000000000000000000000000000000000       0    -2.347835e-02   0.055123
   17 2122100101000000000000000000000000000000000000000000000000000000       0     2.323413e-02   0.053982
   18 2112201100000000000000000000000000000000000000000000000000000000       0    -2.323193e-02   0.053972
   19 2220200020000000000000000000000000000000000000000000000000000000       0     2.150288e-02   0.046237
   20 2022200200000000000000000000000000000000000000000000000000000000       0     1.951400e-02   0.038080
   21 2202200000200000000000000000000000000000000000000000000000000000       0     1.917709e-02   0.036776
   22 2222000000002000000000000000000000000000000000000000000000000000       0     1.917445e-02   0.036766
   23 2212100000101000000000000000000000000000000000000000000000000000       0     1.899583e-02   0.036084
   24 2212100010000000010000000000000000000000000000000000000000000000       1     1.890921e-02   0.035756
check importance : 6180 / 6224 (   99.29)

****************************


*************** End PRINT NONRELA CFGSPACE ***************



********** END   PRINT Important cfgspace INFO **********



******************************
* Step   3 Finished          *
* CpuTime  =         795.640 *
* WallTime =          19.606 *
******************************



*************** Begin First_Residue_Update ***************

memory            = 813400
Working Time      : cputime / walltime / effective core 
Total Time        :     0.04 /     0.00 / 43.36
Initialize Time   :     0.00 /     0.00 / 0.00
Calculation Time  :     0.04 /     0.00 / 45.05
Finalize Time     :     0.00 /     0.00 / 0.00


*************** End First_Residue_Update ***************



*************** Begin Second_Residue_Update ***************

memory            = 1394416
Working Time      : cputime / walltime / effective core 
Total Time        :     0.08 /     0.00 / 62.03
Initialize Time   :     0.00 /     0.00 / 0.00
Calculation Time  :     0.08 /     0.00 / 64.70
Finalize Time     :     0.00 /     0.00 / 0.00


*************** End Second_Residue_Update ***************

Thread label = 32
ept        =     -0.42103185
ene offset =     -0.41946922


********** ENPT2 Info **********

Wall Time                   =    3.400
CPU  Time                   =  102.610
CPU / Wall                  =   30.179
ncfg_touched                =             11171544
ncsf_touched                =             60150854
---------------------------------------------------
       var        /  perturbation  /     total     
      -100.26311491/    -0.00156263/  -100.26467754
---------------------------------------------------
Residue Time                =    0.120 ( 0.12%)
Generate connection  record =    4.731 ( 4.61%)
sort connection record      =    2.472 ( 2.41%)
sort calculation record     =    5.128 ( 5.00%)
sort                        =    7.600 ( 7.41%)
calculation sigma           =    5.963 ( 5.81%)
collect result              =    2.986 ( 2.91%)
Other                       =   81.211 (79.15%)
nWorkDone                   = 75580


********************************



*************** iCI_ENPT(2)_NonRela::Info ***************

____________________________________________________________________________________________________________________________________
   spintwo |   symmetry |       ncfg |       ncsf |            evar |             ept |            etot 
____________________________________________________________________________________________________________________________________
         0 |          0 |       3997 |       6224 |   -100.26311491 |     -0.00156263 |   -100.26467754 
____________________________________________________________________________________________________________________________________


*******************************************************



******************************
* Step   4 Finished          *
* CpuTime  =         898.280 *
* WallTime =          23.007 *
******************************



*************** Begin Hmat_Construction ***************

dimension = 6224
nnz               = 836161
Working Time      : cputime / walltime / effective core 
Total Time        :     1.16 /     0.04 / 29.83
Initialize Time   :     0.09 /     0.00 / 65.35
Calculation Time  :     0.64 /     0.01 / 54.09
Finalize Time     :     0.43 /     0.03 / 16.78


*************** End Hmat_Construction ***************



*************** Begin MatrixDiag ***************

Iteration  :    4
Initial    : 
Init[   0] :   -100.26311491
Eigenvalue : 
Eig[   0]  :   -100.26311491
   CpuTime :           1.750
  WallTime :           0.027
Residue    : 
Res[   0]  :      0.00000364


*************** End MatrixDiag ***************



*************** Begin Selection ***************

Q_Space Dim       : 12123 
Working Time      : cputime / walltime / effective core 
Total Time        :    59.90 /     1.21 / 49.44
Initialize Time   :     0.05 /     0.00 / 69.43
Calculation Time  :    59.72 /     1.21 / 49.40
Finalize Time     :     0.12 /     0.00 / 62.89


*************** End Selection ***************



*************** Begin Hmat_Construction ***************

dimension = 12123
nnz               = 2743851
Working Time      : cputime / walltime / effective core 
Total Time        :     1.64 /     0.04 / 37.19
Initialize Time   :     0.14 /     0.00 / 63.05
Calculation Time  :     1.07 /     0.02 / 57.32
Finalize Time     :     0.40 /     0.02 / 17.27


*************** End Hmat_Construction ***************



*************** Begin MatrixDiag ***************

Iteration  :    9
Initial    : 
Init[   0] :   -100.26311491
Eigenvalue : 
Eig[   0]  :   -100.26351489
   CpuTime :           5.480
  WallTime :           0.086
Residue    : 
Res[   0]  :      0.00003936


*************** End MatrixDiag ***************



*************** Begin Selection ***************

Q_Space Dim       : 12595 
Working Time      : cputime / walltime / effective core 
Total Time        :    62.10 /     1.12 / 55.40
Initialize Time   :     0.08 /     0.00 / 56.20
Calculation Time  :    61.97 /     1.12 / 55.40
Finalize Time     :     0.05 /     0.00 / 63.45


*************** End Selection ***************



*************** Begin Hmat_Construction ***************

dimension = 12595
nnz               = 2894876
Working Time      : cputime / walltime / effective core 
Total Time        :     0.84 /     0.03 / 28.68
Initialize Time   :     0.13 /     0.00 / 61.78
Calculation Time  :     0.29 /     0.01 / 43.94
Finalize Time     :     0.42 /     0.02 / 20.44


*************** End Hmat_Construction ***************



*************** Begin MatrixDiag ***************

Iteration  :    7
Initial    : 
Init[   0] :   -100.26351489
Eigenvalue : 
Eig[   0]  :   -100.26358077
   CpuTime :           4.420
  WallTime :           0.069
Residue    : 
Res[   0]  :      0.00004783


*************** End MatrixDiag ***************



*************** Begin MatrixDiag ***************

Iteration  :    5
Initial    : 
Init[   0] :   -100.26353949
Eigenvalue : 
Eig[   0]  :   -100.26354066
   CpuTime :           2.960
  WallTime :           0.046
Residue    : 
Res[   0]  :      0.00005081


*************** End MatrixDiag ***************

********** Selection_iCI Info **********

iter / ncsf_prime / ncfg_prime / ncsf_Qspace / Similarity / time 
   0 /      8693  /      5463  /     12123  /  0.7156  /    67.920,    1.467 
   1 /      8965  /      5638  /     12595  /  0.9633  /    68.230,    1.344 
Final prune is performed!

***************************************


********** BEGIN PRINT Important cfgspace INFO **********

     ncsf | symmetry |  nstates |  spintwo |     ncfg |   energy 
        0 |        0 |        1 |     8965 |     5638 |   -100.26354066, 


*************** Begin PRINT NONRELA CFGSPACE ***************

spintwo    = 0
irrep      = 0
nstates    = 1
ncfg       =         5638
ncsf       =         8965
ncsf full  =        14118
ndet full  =        48643
ndet eff   =        28445

*********** state  0 ***********
Important ocfg:
    0 2222200000000000000000000000000000000000000000000000000000000000       0     9.737016e-01  94.809475
    1 2220220000000000000000000000000000000000000000000000000000000000       0    -8.001748e-02   0.640280
    2 2202202000000000000000000000000000000000000000000000000000000000       0    -5.023830e-02   0.252389
    3 2222000002000000000000000000000000000000000000000000000000000000       0    -5.022549e-02   0.252260
    4 2211211000000000000000000000000000000000000000000000000000000000       0    -4.953692e-02   0.245391
    5 2221110001000000000000000000000000000000000000000000000000000000       0     4.953345e-02   0.245356
    6 2212101001000000000000000000000000000000000000000000000000000000       0     4.754449e-02   0.226048
    7 2211211000000000000000000000000000000000000000000000000000000000       1     4.543061e-02   0.206394
    8 2221110001000000000000000000000000000000000000000000000000000000       1     4.540327e-02   0.206146
    9 2212101001000000000000000000000000000000000000000000000000000000       1     4.488432e-02   0.201460
   10 2122100101000000000000000000000000000000000000000000000000000000       1    -3.854230e-02   0.148551
   11 2112201100000000000000000000000000000000000000000000000000000000       1    -3.854021e-02   0.148535
   12 2212100000010000010000000000000000000000000000000000000000000000       0     3.623871e-02   0.131324
   13 2121210100000000000000000000000000000000000000000000000000000000       1    -3.252819e-02   0.105808
   14 2221100010001000000000000000000000000000000000000000000000000000       0    -2.968410e-02   0.088115
   15 2211200010100000000000000000000000000000000000000000000000000000       0    -2.949359e-02   0.086987
   16 2121210100000000000000000000000000000000000000000000000000000000       0     2.350148e-02   0.055232
   17 2122100101000000000000000000000000000000000000000000000000000000       0    -2.328260e-02   0.054208
   18 2112201100000000000000000000000000000000000000000000000000000000       0     2.327243e-02   0.054161
   19 2220200020000000000000000000000000000000000000000000000000000000       0    -2.151880e-02   0.046306
   20 2022200200000000000000000000000000000000000000000000000000000000       0    -1.952842e-02   0.038136
   21 2222000000002000000000000000000000000000000000000000000000000000       0    -1.920255e-02   0.036874
   22 2202200000200000000000000000000000000000000000000000000000000000       0    -1.919633e-02   0.036850
   23 2212100000101000000000000000000000000000000000000000000000000000       0    -1.902119e-02   0.036181
   24 2212100010000000010000000000000000000000000000000000000000000000       1    -1.896910e-02   0.035983
check importance : 8905 / 8965 (   99.33)

****************************


*************** End PRINT NONRELA CFGSPACE ***************



********** END   PRINT Important cfgspace INFO **********



******************************
* Step   5 Finished          *
* CpuTime  =        1041.420 *
* WallTime =          26.045 *
******************************



*************** Begin First_Residue_Update ***************

memory            = 1140984
Working Time      : cputime / walltime / effective core 
Total Time        :     0.07 /     0.00 / 63.16
Initialize Time   :     0.00 /     0.00 / 0.00
Calculation Time  :     0.06 /     0.00 / 56.25
Finalize Time     :     0.00 /     0.00 / 0.00


*************** End First_Residue_Update ***************



*************** Begin Second_Residue_Update ***************

memory            = 1934936
Working Time      : cputime / walltime / effective core 
Total Time        :     0.10 /     0.00 / 59.67
Initialize Time   :     0.00 /     0.00 / 0.00
Calculation Time  :     0.10 /     0.00 / 63.28
Finalize Time     :     0.00 /     0.00 / 0.00


*************** End Second_Residue_Update ***************

Thread label = 54
ept        =     -0.42234794
ene offset =     -0.42123222


********** ENPT2 Info **********

Wall Time                   =    3.818
CPU  Time                   =  116.000
CPU / Wall                  =   30.382
ncfg_touched                =             14580961
ncsf_touched                =             80795393
---------------------------------------------------
       var        /  perturbation  /     total     
      -100.26354066/    -0.00111572/  -100.26465638
---------------------------------------------------
Residue Time                =    0.180 ( 0.16%)
Generate connection  record =    4.318 ( 3.72%)
sort connection record      =    4.103 ( 3.54%)
sort calculation record     =    7.841 ( 6.76%)
sort                        =   11.944 (10.30%)
calculation sigma           =    8.140 ( 7.02%)
collect result              =    3.929 ( 3.39%)
Other                       =   87.489 (75.42%)
nWorkDone                   = 75580


********************************



*************** iCI_ENPT(2)_NonRela::Info ***************

____________________________________________________________________________________________________________________________________
   spintwo |   symmetry |       ncfg |       ncsf |            evar |             ept |            etot 
____________________________________________________________________________________________________________________________________
         0 |          0 |       5638 |       8965 |   -100.26354066 |     -0.00111572 |   -100.26465638 
____________________________________________________________________________________________________________________________________


*******************************************************



******************************
* Step   6 Finished          *
* CpuTime  =        1157.470 *
* WallTime =          29.864 *
******************************



*************** Begin Hmat_Construction ***************

dimension = 8965
nnz               = 1452694
Working Time      : cputime / walltime / effective core 
Total Time        :     1.40 /     0.04 / 32.32
Initialize Time   :     0.13 /     0.00 / 66.20
Calculation Time  :     0.84 /     0.02 / 55.97
Finalize Time     :     0.43 /     0.03 / 16.35


*************** End Hmat_Construction ***************



*************** Begin MatrixDiag ***************

Iteration  :    4
Initial    : 
Init[   0] :   -100.26354066
Eigenvalue : 
Eig[   0]  :   -100.26354066
   CpuTime :           1.800
  WallTime :           0.028
Residue    : 
Res[   0]  :      0.00000350


*************** End MatrixDiag ***************



*************** Begin Selection ***************

Q_Space Dim       : 17329 
Working Time      : cputime / walltime / effective core 
Total Time        :    59.71 /     1.04 / 57.21
Initialize Time   :     0.06 /     0.00 / 60.85
Calculation Time  :    59.53 /     1.04 / 57.20
Finalize Time     :     0.12 /     0.00 / 65.62


*************** End Selection ***************



*************** Begin Hmat_Construction ***************

dimension = 17329
nnz               = 4545901
Working Time      : cputime / walltime / effective core 
Total Time        :     2.13 /     0.05 / 39.47
Initialize Time   :     0.15 /     0.00 / 64.95
Calculation Time  :     1.56 /     0.03 / 58.05
Finalize Time     :     0.42 /     0.02 / 16.98


*************** End Hmat_Construction ***************



*************** Begin MatrixDiag ***************

Iteration  :    9
Initial    : 
Init[   0] :   -100.26354066
Eigenvalue : 
Eig[   0]  :   -100.26385702
   CpuTime :           7.790
  WallTime :           0.124
Residue    : 
Res[   0]  :      0.00004043


*************** End MatrixDiag ***************



*************** Begin Selection ***************

Q_Space Dim       : 17390 
Working Time      : cputime / walltime / effective core 
Total Time        :    62.00 /     1.19 / 52.16
Initialize Time   :     0.01 /     0.00 / 4.68
Calculation Time  :    61.96 /     1.19 / 52.24
Finalize Time     :     0.03 /     0.00 / 77.40


*************** End Selection ***************



*************** Begin Hmat_Construction ***************

dimension = 17390
nnz               = 4571463
Working Time      : cputime / walltime / effective core 
Total Time        :     0.74 /     0.03 / 24.60
Initialize Time   :     0.14 /     0.00 / 64.13
Calculation Time  :     0.19 /     0.01 / 25.13
Finalize Time     :     0.41 /     0.02 / 20.20


*************** End Hmat_Construction ***************



*************** Begin MatrixDiag ***************

Iteration  :    4
Initial    : 
Init[   0] :   -100.26385702
Eigenvalue : 
Eig[   0]  :   -100.26386027
   CpuTime :           3.410
  WallTime :           0.053
Residue    : 
Res[   0]  :      0.00006728


*************** End MatrixDiag ***************



*************** Begin MatrixDiag ***************

Iteration  :    5
Initial    : 
Init[   0] :   -100.26383251
Eigenvalue : 
Eig[   0]  :   -100.26383331
   CpuTime :           4.670
  WallTime :           0.075
Residue    : 
Res[   0]  :      0.00003962


*************** End MatrixDiag ***************

********** Selection_iCI Info **********

iter / ncsf_prime / ncfg_prime / ncsf_Qspace / Similarity / time 
   0 /     12576  /      7878  /     17329  /  0.7125  /    70.590,    1.349 
   1 /     12615  /      7898  /     17390  /  0.9968  /    67.110,    1.397 
Final prune is performed!

***************************************


********** BEGIN PRINT Important cfgspace INFO **********

     ncsf | symmetry |  nstates |  spintwo |     ncfg |   energy 
        0 |        0 |        1 |    12615 |     7898 |   -100.26383331, 


*************** Begin PRINT NONRELA CFGSPACE ***************

spintwo    = 0
irrep      = 0
nstates    = 1
ncfg       =         7898
ncsf       =        12615
ncsf full  =        20557
ndet full  =        71889
ndet eff   =        40542

*********** state  0 ***********
Important ocfg:
    0 2222200000000000000000000000000000000000000000000000000000000000       0     9.736013e-01  94.789940
    1 2220220000000000000000000000000000000000000000000000000000000000       0    -8.005947e-02   0.640952
    2 2202202000000000000000000000000000000000000000000000000000000000       0    -5.025169e-02   0.252523
    3 2222000002000000000000000000000000000000000000000000000000000000       0    -5.023512e-02   0.252357
    4 2211211000000000000000000000000000000000000000000000000000000000       0    -4.957800e-02   0.245798
    5 2221110001000000000000000000000000000000000000000000000000000000       0     4.957094e-02   0.245728
    6 2212101001000000000000000000000000000000000000000000000000000000       0     4.760022e-02   0.226578
    7 2211211000000000000000000000000000000000000000000000000000000000       1     4.546831e-02   0.206737
    8 2221110001000000000000000000000000000000000000000000000000000000       1     4.544893e-02   0.206560
    9 2212101001000000000000000000000000000000000000000000000000000000       1     4.494142e-02   0.201973
   10 2112201100000000000000000000000000000000000000000000000000000000       1    -3.856987e-02   0.148763
   11 2122100101000000000000000000000000000000000000000000000000000000       1    -3.856801e-02   0.148749
   12 2212100000010000010000000000000000000000000000000000000000000000       0     3.628639e-02   0.131670
   13 2121210100000000000000000000000000000000000000000000000000000000       1    -3.255486e-02   0.105982
   14 2221100010001000000000000000000000000000000000000000000000000000       0    -2.971631e-02   0.088306
   15 2211200010100000000000000000000000000000000000000000000000000000       0    -2.952127e-02   0.087151
   16 2121210100000000000000000000000000000000000000000000000000000000       0     2.351215e-02   0.055282
   17 2122100101000000000000000000000000000000000000000000000000000000       0    -2.330828e-02   0.054328
   18 2112201100000000000000000000000000000000000000000000000000000000       0     2.329953e-02   0.054287
   19 2220200020000000000000000000000000000000000000000000000000000000       0    -2.153005e-02   0.046354
   20 2022200200000000000000000000000000000000000000000000000000000000       0    -1.953531e-02   0.038163
   21 2222000000002000000000000000000000000000000000000000000000000000       0    -1.923111e-02   0.036984
   22 2202200000200000000000000000000000000000000000000000000000000000       0    -1.922636e-02   0.036965
   23 2212100000101000000000000000000000000000000000000000000000000000       0    -1.907161e-02   0.036373
   24 2212100010000000010000000000000000000000000000000000000000000000       1    -1.902182e-02   0.036183
check importance : 12555 / 12615 (   99.52)

****************************


*************** End PRINT NONRELA CFGSPACE ***************



********** END   PRINT Important cfgspace INFO **********



******************************
* Step   7 Finished          *
* CpuTime  =        1304.460 *
* WallTime =          33.169 *
******************************



*************** Begin First_Residue_Update ***************

memory            = 1581120
Working Time      : cputime / walltime / effective core 
Total Time        :     0.12 /     0.00 / 55.33
Initialize Time   :     0.00 /     0.00 / 0.00
Calculation Time  :     0.12 /     0.00 / 56.43
Finalize Time     :     0.00 /     0.00 / 0.00


*************** End First_Residue_Update ***************



*************** Begin Second_Residue_Update ***************

memory            = 2650096
Working Time      : cputime / walltime / effective core 
Total Time        :     0.14 /     0.00 / 56.73
Initialize Time   :     0.00 /     0.00 / 0.00
Calculation Time  :     0.14 /     0.00 / 58.58
Finalize Time     :     0.00 /     0.00 / 0.00


*************** End Second_Residue_Update ***************

Thread label = 31
ept        =     -0.42330635
ene offset =     -0.42249220


********** ENPT2 Info **********

Wall Time                   =    3.537
CPU  Time                   =  137.400
CPU / Wall                  =   38.841
ncfg_touched                =             18635727
ncsf_touched                =            106479982
---------------------------------------------------
       var        /  perturbation  /     total     
      -100.26383331/    -0.00081415/  -100.26464747
---------------------------------------------------
Residue Time                =    0.280 ( 0.20%)
Generate connection  record =    5.841 ( 4.25%)
sort connection record      =    5.677 ( 4.13%)
sort calculation record     =   12.185 ( 8.87%)
sort                        =   17.862 (13.00%)
calculation sigma           =   12.594 ( 9.17%)
collect result              =    5.256 ( 3.83%)
Other                       =   95.567 (69.55%)
nWorkDone                   = 75580


********************************



*************** iCI_ENPT(2)_NonRela::Info ***************

____________________________________________________________________________________________________________________________________
   spintwo |   symmetry |       ncfg |       ncsf |            evar |             ept |            etot 
____________________________________________________________________________________________________________________________________
         0 |          0 |       7898 |      12615 |   -100.26383331 |     -0.00081415 |   -100.26464747 
____________________________________________________________________________________________________________________________________


*******************************************************



******************************
* Step   8 Finished          *
* CpuTime  =        1441.890 *
* WallTime =          36.707 *
******************************



*************** Begin Hmat_Construction ***************

dimension = 12615
nnz               = 2416220
Working Time      : cputime / walltime / effective core 
Total Time        :     1.76 /     0.05 / 37.05
Initialize Time   :     0.09 /     0.00 / 63.24
Calculation Time  :     1.24 /     0.02 / 59.77
Finalize Time     :     0.42 /     0.03 / 16.61


*************** End Hmat_Construction ***************



*************** Begin MatrixDiag ***************

Iteration  :    3
Initial    : 
Init[   0] :   -100.26383331
Eigenvalue : 
Eig[   0]  :   -100.26383331
   CpuTime :           2.110
  WallTime :           0.033
Residue    : 
Res[   0]  :      0.00000543


*************** End MatrixDiag ***************



*************** Begin Selection ***************

Q_Space Dim       : 28544 
Working Time      : cputime / walltime / effective core 
Total Time        :    59.80 /     1.19 / 50.31
Initialize Time   :     0.15 /     0.00 / 64.71
Calculation Time  :    59.42 /     1.18 / 50.24
Finalize Time     :     0.23 /     0.00 / 63.69


*************** End Selection ***************



*************** Begin Hmat_Construction ***************

dimension = 28544
nnz               = 9225637
Working Time      : cputime / walltime / effective core 
Total Time        :     3.64 /     0.09 / 40.16
Initialize Time   :     0.14 /     0.00 / 64.60
Calculation Time  :     3.08 /     0.05 / 59.55
Finalize Time     :     0.42 /     0.04 / 11.44


*************** End Hmat_Construction ***************



*************** Begin MatrixDiag ***************

Iteration  :    9
Initial    : 
Init[   0] :   -100.26383331
Eigenvalue : 
Eig[   0]  :   -100.26416761
   CpuTime :          11.840
  WallTime :           0.212
Residue    : 
Res[   0]  :      0.00004421


*************** End MatrixDiag ***************



*************** Begin Selection ***************

Q_Space Dim       : 28684 
Working Time      : cputime / walltime / effective core 
Total Time        :    62.81 /     1.58 / 39.66
Initialize Time   :     0.01 /     0.00 / 2.68
Calculation Time  :    62.75 /     1.58 / 39.73
Finalize Time     :     0.05 /     0.00 / 55.30


*************** End Selection ***************



*************** Begin Hmat_Construction ***************

dimension = 28684
nnz               = 9297206
Working Time      : cputime / walltime / effective core 
Total Time        :     0.86 /     0.03 / 26.55
Initialize Time   :     0.14 /     0.00 / 61.82
Calculation Time  :     0.29 /     0.01 / 31.13
Finalize Time     :     0.43 /     0.02 / 20.71


*************** End Hmat_Construction ***************



*************** Begin MatrixDiag ***************

Iteration  :    5
Initial    : 
Init[   0] :   -100.26416761
Eigenvalue : 
Eig[   0]  :   -100.26416972
   CpuTime :           6.920
  WallTime :           0.115
Residue    : 
Res[   0]  :      0.00004034


*************** End MatrixDiag ***************



*************** Begin MatrixDiag ***************

Iteration  :    5
Initial    : 
Init[   0] :   -100.26415230
Eigenvalue : 
Eig[   0]  :   -100.26415284
   CpuTime :           7.160
  WallTime :           0.124
Residue    : 
Res[   0]  :      0.00003595


*************** End MatrixDiag ***************

********** Selection_iCI Info **********

iter / ncsf_prime / ncfg_prime / ncsf_Qspace / Similarity / time 
   0 /     21131  /     12792  /     28544  /  0.5968  /    76.330,    1.623 
   1 /     21212  /     12833  /     28684  /  0.9949  /    71.560,    1.861 
Final prune is performed!

***************************************


********** BEGIN PRINT Important cfgspace INFO **********

     ncsf | symmetry |  nstates |  spintwo |     ncfg |   energy 
        0 |        0 |        1 |    21212 |    12833 |   -100.26415284, 


*************** Begin PRINT NONRELA CFGSPACE ***************

spintwo    = 0
irrep      = 0
nstates    = 1
ncfg       =        12833
ncsf       =        21212
ncsf full  =        34140
ndet full  =       120476
ndet eff   =        69308

*********** state  0 ***********
Important ocfg:
    0 2222200000000000000000000000000000000000000000000000000000000000       0     9.734873e-01  94.767751
    1 2220220000000000000000000000000000000000000000000000000000000000       0    -8.009967e-02   0.641596
    2 2202202000000000000000000000000000000000000000000000000000000000       0    -5.025948e-02   0.252601
    3 2222000002000000000000000000000000000000000000000000000000000000       0    -5.024878e-02   0.252494
    4 2211211000000000000000000000000000000000000000000000000000000000       0    -4.963465e-02   0.246360
    5 2221110001000000000000000000000000000000000000000000000000000000       0     4.962177e-02   0.246232
    6 2212101001000000000000000000000000000000000000000000000000000000       0     4.764686e-02   0.227022
    7 2211211000000000000000000000000000000000000000000000000000000000       1     4.551029e-02   0.207119
    8 2221110001000000000000000000000000000000000000000000000000000000       1     4.549381e-02   0.206969
    9 2212101001000000000000000000000000000000000000000000000000000000       1     4.497723e-02   0.202295
   10 2112201100000000000000000000000000000000000000000000000000000000       1    -3.859390e-02   0.148949
   11 2122100101000000000000000000000000000000000000000000000000000000       1    -3.859319e-02   0.148943
   12 2212100000010000010000000000000000000000000000000000000000000000       0     3.630992e-02   0.131841
   13 2121210100000000000000000000000000000000000000000000000000000000       1    -3.257858e-02   0.106136
   14 2221100010001000000000000000000000000000000000000000000000000000       0    -2.975755e-02   0.088551
   15 2211200010100000000000000000000000000000000000000000000000000000       0    -2.956226e-02   0.087393
   16 2121210100000000000000000000000000000000000000000000000000000000       0     2.352621e-02   0.055348
   17 2122100101000000000000000000000000000000000000000000000000000000       0    -2.333935e-02   0.054473
   18 2112201100000000000000000000000000000000000000000000000000000000       0     2.333473e-02   0.054451
   19 2220200020000000000000000000000000000000000000000000000000000000       0    -2.153890e-02   0.046392
   20 2022200200000000000000000000000000000000000000000000000000000000       0    -1.953680e-02   0.038169
   21 2222000000002000000000000000000000000000000000000000000000000000       0    -1.925283e-02   0.037067
   22 2202200000200000000000000000000000000000000000000000000000000000       0    -1.924709e-02   0.037045
   23 2212100000101000000000000000000000000000000000000000000000000000       0    -1.913190e-02   0.036603
   24 2212100010000000010000000000000000000000000000000000000000000000       1    -1.906250e-02   0.036338
check importance : 21087 / 21212 (   99.41)

****************************


*************** End PRINT NONRELA CFGSPACE ***************



********** END   PRINT Important cfgspace INFO **********



******************************
* Step   9 Finished          *
* CpuTime  =        1602.320 *
* WallTime =          40.656 *
******************************



*************** Begin First_Residue_Update ***************

memory            = 2497168
Working Time      : cputime / walltime / effective core 
Total Time        :     0.13 /     0.00 / 54.39
Initialize Time   :     0.00 /     0.00 / 0.00
Calculation Time  :     0.13 /     0.00 / 55.22
Finalize Time     :     0.00 /     0.00 / 0.00


*************** End First_Residue_Update ***************



*************** Begin Second_Residue_Update ***************

memory            = 4104656
Working Time      : cputime / walltime / effective core 
Total Time        :     0.19 /     0.00 / 63.95
Initialize Time   :     0.00 /     0.00 / 0.00
Calculation Time  :     0.19 /     0.00 / 65.22
Finalize Time     :     0.00 /     0.00 / 0.00


*************** End Second_Residue_Update ***************

Thread label = 2
ept        =     -0.42442620
ene offset =     -0.42393682


********** ENPT2 Info **********

Wall Time                   =    5.040
CPU  Time                   =  187.960
CPU / Wall                  =   37.296
ncfg_touched                =             26058828
ncsf_touched                =            152422401
---------------------------------------------------
       var        /  perturbation  /     total     
      -100.26415284/    -0.00048938/  -100.26464223
---------------------------------------------------
Residue Time                =    0.330 ( 0.18%)
Generate connection  record =    7.787 ( 4.14%)
sort connection record      =    9.884 ( 5.26%)
sort calculation record     =   24.539 (13.06%)
sort                        =   34.422 (18.31%)
calculation sigma           =   23.395 (12.45%)
collect result              =    7.772 ( 4.13%)
Other                       =  114.254 (60.79%)
nWorkDone                   = 75580


********************************



*************** iCI_ENPT(2)_NonRela::Info ***************

____________________________________________________________________________________________________________________________________
   spintwo |   symmetry |       ncfg |       ncsf |            evar |             ept |            etot 
____________________________________________________________________________________________________________________________________
         0 |          0 |      12833 |      21212 |   -100.26415284 |     -0.00048938 |   -100.26464223 
____________________________________________________________________________________________________________________________________


*******************************************************



******************************
* Step  10 Finished          *
* CpuTime  =        1790.360 *
* WallTime =          45.697 *
******************************



*************** Begin Hmat_Construction ***************

dimension = 21212
nnz               = 5223295
Working Time      : cputime / walltime / effective core 
Total Time        :     2.91 /     0.08 / 37.00
Initialize Time   :     0.08 /     0.00 / 60.61
Calculation Time  :     2.38 /     0.04 / 59.19
Finalize Time     :     0.45 /     0.04 / 12.14


*************** End Hmat_Construction ***************



*************** Begin MatrixDiag ***************

Iteration  :    3
Initial    : 
Init[   0] :   -100.26415284
Eigenvalue : 
Eig[   0]  :   -100.26415284
   CpuTime :           2.570
  WallTime :           0.040
Residue    : 
Res[   0]  :      0.00000559


*************** End MatrixDiag ***************



*************** Begin Selection ***************

Q_Space Dim       : 51871 
Working Time      : cputime / walltime / effective core 
Total Time        :    63.27 /     1.40 / 45.24
Initialize Time   :     0.18 /     0.00 / 53.08
Calculation Time  :    62.68 /     1.39 / 45.19
Finalize Time     :     0.40 /     0.01 / 50.30


*************** End Selection ***************



*************** Begin Hmat_Construction ***************

dimension = 51871
nnz               = 21250706
Working Time      : cputime / walltime / effective core 
Total Time        :     6.90 /     0.20 / 34.18
Initialize Time   :     0.14 /     0.00 / 62.63
Calculation Time  :     6.30 /     0.12 / 51.52
Finalize Time     :     0.46 /     0.08 / 5.95


*************** End Hmat_Construction ***************



*************** Begin MatrixDiag ***************

Iteration  :    8
Initial    : 
Init[   0] :   -100.26415284
Eigenvalue : 
Eig[   0]  :   -100.26439833
   CpuTime :          14.900
  WallTime :           0.257
Residue    : 
Res[   0]  :      0.00007334


*************** End MatrixDiag ***************



*************** Begin Selection ***************

Q_Space Dim       : 52163 
Working Time      : cputime / walltime / effective core 
Total Time        :    66.97 /     1.65 / 40.50
Initialize Time   :     0.00 /     0.01 / 0.00
Calculation Time  :    66.87 /     1.64 / 40.66
Finalize Time     :     0.10 /     0.00 / 60.64


*************** End Selection ***************



*************** Begin Hmat_Construction ***************

dimension = 52163
nnz               = 21442664
Working Time      : cputime / walltime / effective core 
Total Time        :     0.86 /     0.03 / 26.46
Initialize Time   :     0.15 /     0.00 / 64.05
Calculation Time  :     0.30 /     0.01 / 31.71
Finalize Time     :     0.40 /     0.02 / 19.36


*************** End Hmat_Construction ***************



*************** Begin MatrixDiag ***************

Iteration  :    4
Initial    : 
Init[   0] :   -100.26439833
Eigenvalue : 
Eig[   0]  :   -100.26439970
   CpuTime :           8.040
  WallTime :           0.142
Residue    : 
Res[   0]  :      0.00004918


*************** End MatrixDiag ***************



*************** Begin MatrixDiag ***************

Iteration  :    4
Initial    : 
Init[   0] :   -100.26439202
Eigenvalue : 
Eig[   0]  :   -100.26439226
   CpuTime :           7.980
  WallTime :           0.134
Residue    : 
Res[   0]  :      0.00005408


*************** End MatrixDiag ***************

********** Selection_iCI Info **********

iter / ncsf_prime / ncfg_prime / ncsf_Qspace / Similarity / time 
   0 /     40026  /     23112  /     51871  /  0.5297  /    86.120,    1.998 
   1 /     40192  /     23196  /     52163  /  0.9945  /    76.870,    1.966 
Final prune is performed!

***************************************


********** BEGIN PRINT Important cfgspace INFO **********

     ncsf | symmetry |  nstates |  spintwo |     ncfg |   energy 
        0 |        0 |        1 |    40192 |    23196 |   -100.26439226, 


*************** Begin PRINT NONRELA CFGSPACE ***************

spintwo    = 0
irrep      = 0
nstates    = 1
ncfg       =        23196
ncsf       =        40192
ncsf full  =        64966
ndet full  =       234012
ndet eff   =       134289

*********** state  0 ***********
Important ocfg:
    0 2222200000000000000000000000000000000000000000000000000000000000       0    -9.733956e-01  94.749908
    1 2220220000000000000000000000000000000000000000000000000000000000       0     8.011152e-02   0.641785
    2 2202202000000000000000000000000000000000000000000000000000000000       0     5.027414e-02   0.252749
    3 2222000002000000000000000000000000000000000000000000000000000000       0     5.026196e-02   0.252626
    4 2211211000000000000000000000000000000000000000000000000000000000       0     4.969040e-02   0.246914
    5 2221110001000000000000000000000000000000000000000000000000000000       0    -4.967585e-02   0.246769
    6 2212101001000000000000000000000000000000000000000000000000000000       0    -4.769234e-02   0.227456
    7 2211211000000000000000000000000000000000000000000000000000000000       1    -4.553913e-02   0.207381
    8 2221110001000000000000000000000000000000000000000000000000000000       1    -4.552546e-02   0.207257
    9 2212101001000000000000000000000000000000000000000000000000000000       1    -4.501128e-02   0.202602
   10 2122100101000000000000000000000000000000000000000000000000000000       1     3.861883e-02   0.149141
   11 2112201100000000000000000000000000000000000000000000000000000000       1     3.861854e-02   0.149139
   12 2212100000010000010000000000000000000000000000000000000000000000       0    -3.633181e-02   0.132000
   13 2121210100000000000000000000000000000000000000000000000000000000       1     3.260270e-02   0.106294
   14 2221100010001000000000000000000000000000000000000000000000000000       0     2.978779e-02   0.088731
   15 2211200010100000000000000000000000000000000000000000000000000000       0     2.958956e-02   0.087554
   16 2121210100000000000000000000000000000000000000000000000000000000       0    -2.353534e-02   0.055391
   17 2122100101000000000000000000000000000000000000000000000000000000       0     2.335789e-02   0.054559
   18 2112201100000000000000000000000000000000000000000000000000000000       0    -2.335313e-02   0.054537
   19 2220200020000000000000000000000000000000000000000000000000000000       0     2.154878e-02   0.046435
   20 2022200200000000000000000000000000000000000000000000000000000000       0     1.954128e-02   0.038186
   21 2222000000002000000000000000000000000000000000000000000000000000       0     1.926559e-02   0.037116
   22 2202200000200000000000000000000000000000000000000000000000000000       0     1.926020e-02   0.037096
   23 2212100000101000000000000000000000000000000000000000000000000000       0     1.915951e-02   0.036709
   24 2212100010000000010000000000000000000000000000000000000000000000       1     1.909706e-02   0.036470
check importance : 40018 / 40192 (   99.57)

****************************


*************** End PRINT NONRELA CFGSPACE ***************



********** END   PRINT Important cfgspace INFO **********



******************************
* Step  11 Finished          *
* CpuTime  =        1968.770 *
* WallTime =          50.805 *
******************************



*************** Begin First_Residue_Update ***************

memory            = 4318096
Working Time      : cputime / walltime / effective core 
Total Time        :     0.23 /     0.00 / 59.67
Initialize Time   :     0.00 /     0.00 / 0.00
Calculation Time  :     0.22 /     0.00 / 57.89
Finalize Time     :     0.01 /     0.00 / 829.21


*************** End First_Residue_Update ***************



*************** Begin Second_Residue_Update ***************

memory            = 6929944
Working Time      : cputime / walltime / effective core 
Total Time        :     0.33 /     0.01 / 61.82
Initialize Time   :     0.00 /     0.00 / 0.00
Calculation Time  :     0.33 /     0.01 / 62.64
Finalize Time     :     0.00 /     0.00 / 0.00


*************** End Second_Residue_Update ***************

Thread label = 49
ept        =     -0.42535752
ene offset =     -0.42510723


********** ENPT2 Info **********

Wall Time                   =    7.501
CPU  Time                   =  325.580
CPU / Wall                  =   43.405
ncfg_touched                =             38596095
ncsf_touched                =            234892826
---------------------------------------------------
       var        /  perturbation  /     total     
      -100.26439226/    -0.00025029/  -100.26464255
---------------------------------------------------
Residue Time                =    0.560 ( 0.17%)
Generate connection  record =   11.228 ( 3.45%)
sort connection record      =   19.137 ( 5.88%)
sort calculation record     =   76.610 (23.53%)
sort                        =   95.747 (29.41%)
calculation sigma           =   50.261 (15.44%)
collect result              =   12.615 ( 3.87%)
Other                       =  155.168 (47.66%)
nWorkDone                   = 75580


********************************



*************** iCI_ENPT(2)_NonRela::Info ***************

____________________________________________________________________________________________________________________________________
   spintwo |   symmetry |       ncfg |       ncsf |            evar |             ept |            etot 
____________________________________________________________________________________________________________________________________
         0 |          0 |      23196 |      40192 |   -100.26439226 |     -0.00025029 |   -100.26464255 
____________________________________________________________________________________________________________________________________


*******************************************************



******************************
* Step  12 Finished          *
* CpuTime  =        2294.380 *
* WallTime =          58.306 *
******************************



*************** Begin Hmat_Construction ***************

dimension = 40192
nnz               = 13250675
Working Time      : cputime / walltime / effective core 
Total Time        :     5.56 /     0.16 / 35.06
Initialize Time   :     0.11 /     0.00 / 62.25
Calculation Time  :     5.01 /     0.09 / 55.89
Finalize Time     :     0.44 /     0.07 / 6.56


*************** End Hmat_Construction ***************



*************** Begin MatrixDiag ***************

Iteration  :    3
Initial    : 
Init[   0] :   -100.26439226
Eigenvalue : 
Eig[   0]  :   -100.26439226
   CpuTime :           4.880
  WallTime :           0.079
Residue    : 
Res[   0]  :      0.00000727


*************** End MatrixDiag ***************



*************** Begin Selection ***************

Q_Space Dim       : 79227 
Working Time      : cputime / walltime / effective core 
Total Time        :    68.24 /     1.42 / 48.20
Initialize Time   :     0.09 /     0.00 / 19.37
Calculation Time  :    67.74 /     1.40 / 48.38
Finalize Time     :     0.41 /     0.01 / 37.41


*************** End Selection ***************



*************** Begin Hmat_Construction ***************

dimension = 79227
nnz               = 38051959
Working Time      : cputime / walltime / effective core 
Total Time        :     9.83 /     0.29 / 33.61
Initialize Time   :     0.15 /     0.00 / 63.51
Calculation Time  :     9.17 /     0.17 / 53.21
Finalize Time     :     0.51 /     0.12 / 4.33


*************** End Hmat_Construction ***************



*************** Begin MatrixDiag ***************

Iteration  :    7
Initial    : 
Init[   0] :   -100.26439226
Eigenvalue : 
Eig[   0]  :   -100.26449582
   CpuTime :          18.190
  WallTime :           0.386
Residue    : 
Res[   0]  :      0.00008065


*************** End MatrixDiag ***************



*************** Begin Selection ***************

Q_Space Dim       : 79567 
Working Time      : cputime / walltime / effective core 
Total Time        :    69.38 /     2.41 / 28.76
Initialize Time   :     0.02 /     0.01 / 1.59
Calculation Time  :    69.23 /     2.40 / 28.88
Finalize Time     :     0.13 /     0.00 / 63.83


*************** End Selection ***************



*************** Begin Hmat_Construction ***************

dimension = 79567
nnz               = 38299244
Working Time      : cputime / walltime / effective core 
Total Time        :     0.94 /     0.03 / 26.93
Initialize Time   :     0.18 /     0.00 / 67.33
Calculation Time  :     0.34 /     0.01 / 31.73
Finalize Time     :     0.42 /     0.02 / 19.56


*************** End Hmat_Construction ***************



*************** Begin MatrixDiag ***************

Iteration  :    4
Initial    : 
Init[   0] :   -100.26449582
Eigenvalue : 
Eig[   0]  :   -100.26449662
   CpuTime :          11.300
  WallTime :           0.211
Residue    : 
Res[   0]  :      0.00003451


*************** End MatrixDiag ***************



*************** Begin MatrixDiag ***************

Iteration  :    3
Initial    : 
Init[   0] :   -100.26449248
Eigenvalue : 
Eig[   0]  :   -100.26449261
   CpuTime :           8.140
  WallTime :           0.148
Residue    : 
Res[   0]  :      0.00007696


*************** End MatrixDiag ***************

********** Selection_iCI Info **********

iter / ncsf_prime / ncfg_prime / ncsf_Qspace / Similarity / time 
   0 /     62560  /     34908  /     79227  /  0.6423  /    97.510,    2.249 
   1 /     62779  /     35024  /     79567  /  0.9957  /    82.590,    2.807 
Final prune is performed!

***************************************


********** BEGIN PRINT Important cfgspace INFO **********

     ncsf | symmetry |  nstates |  spintwo |     ncfg |   energy 
        0 |        0 |        1 |    62779 |    35024 |   -100.26449261, 


*************** Begin PRINT NONRELA CFGSPACE ***************

spintwo    = 0
irrep      = 0
nstates    = 1
ncfg       =        35024
ncsf       =        62779
ncsf full  =       102698
ndet full  =       375528
ndet eff   =       213913

*********** state  0 ***********
Important ocfg:
    0 2222200000000000000000000000000000000000000000000000000000000000       0     9.733546e-01  94.741921
    1 2220220000000000000000000000000000000000000000000000000000000000       0    -8.011770e-02   0.641885
    2 2202202000000000000000000000000000000000000000000000000000000000       0    -5.028262e-02   0.252834
    3 2222000002000000000000000000000000000000000000000000000000000000       0    -5.026864e-02   0.252694
    4 2211211000000000000000000000000000000000000000000000000000000000       0    -4.971124e-02   0.247121
    5 2221110001000000000000000000000000000000000000000000000000000000       0     4.969680e-02   0.246977
    6 2212101001000000000000000000000000000000000000000000000000000000       0     4.771443e-02   0.227667
    7 2211211000000000000000000000000000000000000000000000000000000000       1     4.555482e-02   0.207524
    8 2221110001000000000000000000000000000000000000000000000000000000       1     4.553878e-02   0.207378
    9 2212101001000000000000000000000000000000000000000000000000000000       1     4.502517e-02   0.202727
   10 2112201100000000000000000000000000000000000000000000000000000000       1    -3.862935e-02   0.149223
   11 2122100101000000000000000000000000000000000000000000000000000000       1    -3.862858e-02   0.149217
   12 2212100000010000010000000000000000000000000000000000000000000000       0     3.634161e-02   0.132071
   13 2121210100000000000000000000000000000000000000000000000000000000       1    -3.261019e-02   0.106342
   14 2221100010001000000000000000000000000000000000000000000000000000       0    -2.980304e-02   0.088822
   15 2211200010100000000000000000000000000000000000000000000000000000       0    -2.960631e-02   0.087653
   16 2121210100000000000000000000000000000000000000000000000000000000       0     2.354433e-02   0.055434
   17 2122100101000000000000000000000000000000000000000000000000000000       0    -2.336419e-02   0.054589
   18 2112201100000000000000000000000000000000000000000000000000000000       0     2.335908e-02   0.054565
   19 2220200020000000000000000000000000000000000000000000000000000000       0    -2.155251e-02   0.046451
   20 2022200200000000000000000000000000000000000000000000000000000000       0    -1.954206e-02   0.038189
   21 2222000000002000000000000000000000000000000000000000000000000000       0    -1.927078e-02   0.037136
   22 2202200000200000000000000000000000000000000000000000000000000000       0    -1.926536e-02   0.037115
   23 2212100000101000000000000000000000000000000000000000000000000000       0    -1.917219e-02   0.036757
   24 2212100010000000010000000000000000000000000000000000000000000000       1    -1.911086e-02   0.036523
check importance : 62533 / 62779 (   99.61)

****************************


*************** End PRINT NONRELA CFGSPACE ***************



********** END   PRINT Important cfgspace INFO **********



******************************
* Step  13 Finished          *
* CpuTime  =        2495.380 *
* WallTime =          64.477 *
******************************



*************** Begin First_Residue_Update ***************

memory            = 6370720
Working Time      : cputime / walltime / effective core 
Total Time        :     0.32 /     0.01 / 60.57
Initialize Time   :     0.00 /     0.00 / 0.00
Calculation Time  :     0.32 /     0.01 / 61.06
Finalize Time     :     0.00 /     0.00 / 0.00


*************** End First_Residue_Update ***************



*************** Begin Second_Residue_Update ***************

memory            = 10063032
Working Time      : cputime / walltime / effective core 
Total Time        :     0.58 /     0.01 / 65.03
Initialize Time   :     0.00 /     0.00 / 0.00
Calculation Time  :     0.55 /     0.01 / 62.12
Finalize Time     :     0.01 /     0.00 / 985.22


*************** End Second_Residue_Update ***************

Thread label = 18
ept        =     -0.42578904
ene offset =     -0.42563865


********** ENPT2 Info **********

Wall Time                   =   11.201
CPU  Time                   =  457.750
CPU / Wall                  =   40.866
ncfg_touched                =             51570280
ncsf_touched                =            324484832
---------------------------------------------------
       var        /  perturbation  /     total     
      -100.26449261/    -0.00015039/  -100.26464300
---------------------------------------------------
Residue Time                =    0.900 ( 0.20%)
Generate connection  record =   17.615 ( 3.85%)
sort connection record      =   29.040 ( 6.34%)
sort calculation record     =  109.539 (23.93%)
sort                        =  138.579 (30.27%)
calculation sigma           =   77.947 (17.03%)
collect result              =   18.454 ( 4.03%)
Other                       =  204.255 (44.62%)
nWorkDone                   = 75580


********************************



*************** iCI_ENPT(2)_NonRela::Info ***************

____________________________________________________________________________________________________________________________________
   spintwo |   symmetry |       ncfg |       ncsf |            evar |             ept |            etot 
____________________________________________________________________________________________________________________________________
         0 |          0 |      35024 |      62779 |   -100.26449261 |     -0.00015039 |   -100.26464300 
____________________________________________________________________________________________________________________________________


*******************************************************



******************************
* Step  14 Finished          *
* CpuTime  =        2953.160 *
* WallTime =          75.679 *
******************************



******************************
* Step  15 Finished          *
* CpuTime  =        2953.220 *
* WallTime =          75.680 *
******************************

