****************************************************************************
*********** Iteractive Configuration Interaction with Selection  ***********
     AUTHOR : NING ZHANG   , QiTCS, 100871, ningzhang1024@gmail.com        
     AUTHOR : QINGPENG WANG, QiTCS 
****************************************************************************



**************************************
*********** Print TaskInfo ***********
**************************************

 Spintwo / Irrep / nStates / OuterWeight / Weight
____________________________________
        0/      0/        1/     1.000000     1.00000000 
____________________________________


**************************************
***************  END  ****************
**************************************



******** Print Parameter ******* 

********** Basic Info **********

Selection Algorithm            = SiCI with iCI Criterion
Diagonization Algorithm        = LOBPCG
Initial Guess                  = CASCI
Perturbation                   = Default
Reduced Density Matrix         = Do not calculate RDMs
********** Cnotrol Info **********

Similarity Control                           = 0.950000
energy convergence tolerance for iCI (ETOL)  = 0.000000
Cmin Schedule                (CMIN_SCHEDULE) = 1.0000e-04 7.0000e-05 5.0000e-05 3.0000e-05 1.5000e-05 9.0000e-06 

**********  End  Parameter **********



********** Calculation Procedure **********


The number of steps of calculation procedure = 16

Step   0 : iCI_Initialization with CASCI and cmin =       1.000e-04
Step   1 : SiCI with iCI Criterion with Cmin =       1.000e-03
Step   2 : Generating Natural Orbitals with Cmin =       1.000e-04
Step   3 : SiCI with iCI Criterion with Cmin =       1.000e-04
Step   4 : Perturbation Correction -- ENPT(2)
Step   5 : SiCI with iCI Criterion with Cmin =       7.000e-05
Step   6 : Perturbation Correction -- ENPT(2)
Step   7 : SiCI with iCI Criterion with Cmin =       5.000e-05
Step   8 : Perturbation Correction -- ENPT(2)
Step   9 : SiCI with iCI Criterion with Cmin =       3.000e-05
Step  10 : Perturbation Correction -- ENPT(2)
Step  11 : SiCI with iCI Criterion with Cmin =       1.500e-05
Step  12 : Perturbation Correction -- ENPT(2)
Step  13 : SiCI with iCI Criterion with Cmin =       9.000e-06
Step  14 : Perturbation Correction -- ENPT(2)
Step  15 : PostProcess -- WriteOut .enedat File


*******************************************



*************** Begin Hmat_Construction ***************

dimension = 36465
nnz               = 21887823
Working Time      : cputime / walltime / effective core 
Total Time        :     8.88 /     0.26 / 33.79
Initialize Time   :     0.15 /     0.00 / 63.51
Calculation Time  :     8.22 /     0.15 / 53.10
Finalize Time     :     0.51 /     0.11 / 4.83


*************** End Hmat_Construction ***************



*************** Begin MatrixDiag ***************

Iteration  :    6
Initial    : 
Init[   0] :   -100.03361523
Eigenvalue : 
Eig[   0]  :   -100.03757490
   CpuTime :          27.820
  WallTime :           0.635
Residue    : 
Res[   0]  :      0.00006737


*************** End MatrixDiag ***************



*************** Begin MatrixDiag ***************

Iteration  :    3
Initial    : 
Init[   0] :   -100.03756533
Eigenvalue : 
Eig[   0]  :   -100.03756547
   CpuTime :           4.970
  WallTime :           0.079
Residue    : 
Res[   0]  :      0.00004037


*************** End MatrixDiag ***************



********** INITIAL GUESS INFO **********

+----------+----------+----------+----------+----------+-------------------+
|     ncsf | symmetry |  nstates |  spintwo |     ncfg |            energy |
+----------+----------+----------+----------+----------+-------------------+
|        0 |        0 |        1 |      834 |      582 |     -100.03756547 |
+----------+----------+----------+----------+----------+-------------------+


****************************************




******************************
* Step   0 Finished          *
* CpuTime  =          43.140 *
* WallTime =           1.017 *
******************************



*************** Begin Hmat_Construction ***************

dimension = 834
nnz               = 72997
Working Time      : cputime / walltime / effective core 
Total Time        :     0.70 /     0.03 / 26.85
Initialize Time   :     0.06 /     0.00 / 64.48
Calculation Time  :     0.24 /     0.00 / 51.91
Finalize Time     :     0.40 /     0.02 / 19.53


*************** End Hmat_Construction ***************



*************** Begin MatrixDiag ***************

Iteration  :    3
Initial    : 
Init[   0] :   -100.03756547
Eigenvalue : 
Eig[   0]  :   -100.03756547
   CpuTime :           0.310
  WallTime :           0.005
Residue    : 
Res[   0]  :      0.00000049


*************** End MatrixDiag ***************



*************** Begin Selection ***************

Q_Space Dim       : 4513 
Working Time      : cputime / walltime / effective core 
Total Time        :    61.33 /     1.06 / 57.72
Initialize Time   :     0.01 /     0.00 / 110.78
Calculation Time  :    61.29 /     1.06 / 57.72
Finalize Time     :     0.04 /     0.00 / 70.75


*************** End Selection ***************



*************** Begin Hmat_Construction ***************

dimension = 4513
nnz               = 1137243
Working Time      : cputime / walltime / effective core 
Total Time        :     1.18 /     0.04 / 26.83
Initialize Time   :     0.17 /     0.00 / 65.11
Calculation Time  :     0.60 /     0.02 / 33.25
Finalize Time     :     0.41 /     0.02 / 17.62


*************** End Hmat_Construction ***************



*************** Begin MatrixDiag ***************

Iteration  :    8
Initial    : 
Init[   0] :   -100.03756547
Eigenvalue : 
Eig[   0]  :   -100.24456379
   CpuTime :           2.190
  WallTime :           0.035
Residue    : 
Res[   0]  :      0.00002545


*************** End MatrixDiag ***************



*************** Begin Selection ***************

Q_Space Dim       : 4525 
Working Time      : cputime / walltime / effective core 
Total Time        :    59.92 /     1.03 / 58.14
Initialize Time   :     0.04 /     0.00 / 67.41
Calculation Time  :    59.86 /     1.03 / 58.13
Finalize Time     :     0.01 /     0.00 / 65.23


*************** End Selection ***************



*************** Begin Hmat_Construction ***************

dimension = 4525
nnz               = 1156120
Working Time      : cputime / walltime / effective core 
Total Time        :     0.80 /     0.03 / 28.42
Initialize Time   :     0.17 /     0.00 / 66.82
Calculation Time  :     0.23 /     0.00 / 46.68
Finalize Time     :     0.40 /     0.02 / 19.38


*************** End Hmat_Construction ***************



*************** Begin MatrixDiag ***************

Iteration  :    7
Initial    : 
Init[   0] :   -100.24456379
Eigenvalue : 
Eig[   0]  :   -100.24506934
   CpuTime :           2.320
  WallTime :           0.036
Residue    : 
Res[   0]  :      0.00001595


*************** End MatrixDiag ***************



*************** Begin MatrixDiag ***************

Iteration  :    5
Initial    : 
Init[   0] :   -100.24379158
Eigenvalue : 
Eig[   0]  :   -100.24379889
   CpuTime :           1.210
  WallTime :           0.019
Residue    : 
Res[   0]  :      0.00001958


*************** End MatrixDiag ***************

********** Selection_iCI Info **********

iter / ncsf_prime / ncfg_prime / ncsf_Qspace / Similarity / time 
   0 /      3567  /      2690  /      4513  /  0.0476  /    65.360,    1.260 
   1 /      3584  /      2703  /      4525  /  0.9880  /    63.770,    1.216 
Final prune is performed!

***************************************


********** BEGIN PRINT Important cfgspace INFO **********

     ncsf | symmetry |  nstates |  spintwo |     ncfg |   energy 
        0 |        0 |        1 |     3584 |     2703 |   -100.24379889, 


*************** Begin PRINT NONRELA CFGSPACE ***************

spintwo    = 0
irrep      = 0
nstates    = 1
ncfg       =         2703
ncsf       =         3584
ncsf full  =         4312
ndet full  =        11710
ndet eff   =         9526

*********** state  0 ***********
Important ocfg:
    0 2222200000000000000000000000000000000000000000000000000000000000       0    -9.780289e-01  95.654063
    1 2222000000000000000000000000000000020000000000000000000000000000       0     3.043869e-02   0.092651
    2 2202200000000000000000020000000000000000000000000000000000000000       0     2.173561e-02   0.047244
    3 2222000000000100000000000000000000010000000000000000000000000000       0    -2.084644e-02   0.043457
    4 2202200000000000000001010000000000000000000000000000000000000000       0    -1.930238e-02   0.037258
    5 2221100000000000000000000000100100000000000000000000000000000000       0    -1.739704e-02   0.030266
    6 2221100000000000000000000000000000010001000000000000000000000000       0     1.726742e-02   0.029816
    7 2221100000000000000000000000000000010001000000000000000000000000       1    -1.686916e-02   0.028457
    8 2222100000000100000000000000000000000000000000000000000000000000       0     1.671969e-02   0.027955
    9 2212100000000000000000010000010000000000000000000000000000000000       0     1.643295e-02   0.027004
   10 2211200000000000000000010000001000000000000000000000000000000000       0     1.606765e-02   0.025817
   11 2122100000000000000001000000000000010000000000000000000000000000       1     1.474466e-02   0.021740
   12 2220200000000000000000000000000000000101000000000000000000000000       0    -1.440804e-02   0.020759
   13 2212100000000000000000000000000000010000100000000000000000000000       1    -1.415464e-02   0.020035
   14 2122100000000000000000000000000000010000000001000000000000000000       1     1.412599e-02   0.019954
   15 2221100000000000000000000000000000010100000000000000000000000000       0     1.411938e-02   0.019936
   16 2221100000000000000000000000000000010100000000000000000000000000       1    -1.396937e-02   0.019514
   17 2202200000000000000002000000000000000000000000000000000000000000       0     1.393914e-02   0.019430
   18 2202200000010000000001000000000000000000000000000000000000000000       0    -1.346339e-02   0.018126
   19 2222000000000000000000000000000000010010000000000000000000000000       0     1.335362e-02   0.017832
   20 2202200001000000000001000000000000000000000000000000000000000000       0    -1.325670e-02   0.017574
   21 2220200000000000000000000000000200000000000000000000000000000000       0     1.317065e-02   0.017347
   22 2212100000000000000000000000000000010000100000000000000000000000       0     1.272011e-02   0.016180
   23 2220200000000000000000000000000000000002000000000000000000000000       0     1.254142e-02   0.015729
   24 2222000010000000000000000000000000010000000000000000000000000000       0    -1.245150e-02   0.015504
check importance : 3569 / 3584 (   99.58)

****************************


*************** End PRINT NONRELA CFGSPACE ***************



********** END   PRINT Important cfgspace INFO **********



******************************
* Step   1 Finished          *
* CpuTime  =         175.510 *
* WallTime =           3.599 *
******************************



*************** Begin Hmat_Construction ***************

dimension = 3584
nnz               = 848623
Working Time      : cputime / walltime / effective core 
Total Time        :     1.08 /     0.04 / 30.38
Initialize Time   :     0.07 /     0.00 / 62.51
Calculation Time  :     0.59 /     0.01 / 52.62
Finalize Time     :     0.42 /     0.02 / 18.13


*************** End Hmat_Construction ***************



*************** Begin MatrixDiag ***************

Iteration  :    3
Initial    : 
Init[   0] :   -100.24379889
Eigenvalue : 
Eig[   0]  :   -100.24379889
   CpuTime :           0.640
  WallTime :           0.010
Residue    : 
Res[   0]  :      0.00000026


*************** End MatrixDiag ***************



*************** Begin Selection ***************

Q_Space Dim       : 19210 
Working Time      : cputime / walltime / effective core 
Total Time        :    60.58 /     1.32 / 45.90
Initialize Time   :     0.03 /     0.00 / 87.23
Calculation Time  :    60.36 /     1.32 / 45.85
Finalize Time     :     0.18 /     0.00 / 62.14


*************** End Selection ***************



*************** Begin Hmat_Construction ***************

dimension = 19210
nnz               = 9612661
Working Time      : cputime / walltime / effective core 
Total Time        :     4.22 /     0.10 / 40.67
Initialize Time   :     0.14 /     0.00 / 63.96
Calculation Time  :     3.66 /     0.06 / 58.82
Finalize Time     :     0.42 /     0.04 / 10.69


*************** End Hmat_Construction ***************



*************** Begin MatrixDiag ***************

Iteration  :    8
Initial    : 
Init[   0] :   -100.24379889
Eigenvalue : 
Eig[   0]  :   -100.25426873
   CpuTime :          10.160
  WallTime :           0.170
Residue    : 
Res[   0]  :      0.00003083


*************** End MatrixDiag ***************



*************** Begin Selection ***************

Q_Space Dim       : 20806 
Working Time      : cputime / walltime / effective core 
Total Time        :    63.79 /     1.59 / 40.14
Initialize Time   :     0.00 /     0.00 / 0.00
Calculation Time  :    63.71 /     1.59 / 40.18
Finalize Time     :     0.07 /     0.00 / 59.83


*************** End Selection ***************



*************** Begin Hmat_Construction ***************

dimension = 20806
nnz               = 10556581
Working Time      : cputime / walltime / effective core 
Total Time        :     1.26 /     0.04 / 32.66
Initialize Time   :     0.15 /     0.00 / 64.49
Calculation Time  :     0.69 /     0.01 / 49.84
Finalize Time     :     0.42 /     0.02 / 18.78


*************** End Hmat_Construction ***************



*************** Begin MatrixDiag ***************

Iteration  :    6
Initial    : 
Init[   0] :   -100.25426873
Eigenvalue : 
Eig[   0]  :   -100.25448002
   CpuTime :           8.340
  WallTime :           0.146
Residue    : 
Res[   0]  :      0.00002463


*************** End MatrixDiag ***************



*************** Begin Selection ***************

Q_Space Dim       : 20850 
Working Time      : cputime / walltime / effective core 
Total Time        :    63.10 /     1.38 / 45.67
Initialize Time   :     0.01 /     0.00 / 4.27
Calculation Time  :    63.04 /     1.38 / 45.73
Finalize Time     :     0.05 /     0.00 / 67.21


*************** End Selection ***************



*************** Begin Hmat_Construction ***************

dimension = 20850
nnz               = 10581345
Working Time      : cputime / walltime / effective core 
Total Time        :     0.77 /     0.03 / 25.93
Initialize Time   :     0.14 /     0.00 / 61.44
Calculation Time  :     0.21 /     0.01 / 32.32
Finalize Time     :     0.41 /     0.02 / 19.63


*************** End Hmat_Construction ***************



*************** Begin MatrixDiag ***************

Iteration  :    4
Initial    : 
Init[   0] :   -100.25448002
Eigenvalue : 
Eig[   0]  :   -100.25448545
   CpuTime :           5.510
  WallTime :           0.096
Residue    : 
Res[   0]  :      0.00002637


*************** End MatrixDiag ***************



*************** Begin MatrixDiag ***************

Iteration  :    5
Initial    : 
Init[   0] :   -100.25437912
Eigenvalue : 
Eig[   0]  :   -100.25438066
   CpuTime :           7.030
  WallTime :           0.117
Residue    : 
Res[   0]  :      0.00001929


*************** End MatrixDiag ***************

********** Selection_iCI Info **********

iter / ncsf_prime / ncfg_prime / ncsf_Qspace / Similarity / time 
   0 /     14914  /     10744  /     19210  /  0.2403  /    76.020,    1.725 
   1 /     15699  /     11261  /     20806  /  0.9449  /    74.420,    1.901 
   2 /     15720  /     11276  /     20850  /  0.9983  /    70.300,    1.645 
Final prune is performed!

***************************************


********** BEGIN PRINT Important cfgspace INFO **********

     ncsf | symmetry |  nstates |  spintwo |     ncfg |   energy 
        0 |        0 |        1 |    15720 |    11276 |   -100.25438066, 


*************** Begin PRINT NONRELA CFGSPACE ***************

spintwo    = 0
irrep      = 0
nstates    = 1
ncfg       =        11276
ncsf       =        15720
ncsf full  =        22419
ndet full  =        69400
ndet eff   =        45233

*********** state  0 ***********
Important ocfg:
    0 2222200000000000000000000000000000000000000000000000000000000000       0     9.762960e-01  95.315378
    1 2222000000000000000000000000000000020000000000000000000000000000       0    -3.120278e-02   0.097361
    2 2202200000000000000000020000000000000000000000000000000000000000       0    -2.249331e-02   0.050595
    3 2222000000000100000000000000000000010000000000000000000000000000       0     2.123320e-02   0.045085
    4 2202200000000000000001010000000000000000000000000000000000000000       0     1.993907e-02   0.039757
    5 2221100000000000000000000000100100000000000000000000000000000000       0     1.803919e-02   0.032541
    6 2221100000000000000000000000000000010001000000000000000000000000       0    -1.755173e-02   0.030806
    7 2212100000000000000000010000010000000000000000000000000000000000       0    -1.718911e-02   0.029547
    8 2221100000000000000000000000000000010001000000000000000000000000       1     1.701004e-02   0.028934
    9 2211200000000000000000010000001000000000000000000000000000000000       0    -1.685888e-02   0.028422
   10 2222100000000100000000000000000000000000000000000000000000000000       0    -1.534838e-02   0.023557
   11 2122100000000000000001000000000000010000000000000000000000000000       1    -1.490017e-02   0.022202
   12 2220200000000000000000000000000000000101000000000000000000000000       0     1.434977e-02   0.020592
   13 2202200000000000000002000000000000000000000000000000000000000000       0    -1.428337e-02   0.020401
   14 2221100000000000000000000000000000010100000000000000000000000000       0    -1.424833e-02   0.020301
   15 2212100000000000000000000000000000010000100000000000000000000000       1     1.414959e-02   0.020021
   16 2122100000000000000000000000000000010000000001000000000000000000       1    -1.414031e-02   0.019995
   17 2221100000000000000000000000000000010100000000000000000000000000       1     1.400824e-02   0.019623
   18 2202200000010000000001000000000000000000000000000000000000000000       0     1.394731e-02   0.019453
   19 2202200001000000000001000000000000000000000000000000000000000000       0     1.380205e-02   0.019050
   20 2220200000000000000000000000000200000000000000000000000000000000       0    -1.345922e-02   0.018115
   21 2222000000000000000000000000000000010010000000000000000000000000       0    -1.333524e-02   0.017783
   22 2202200001000000000000010000000000000000000000000000000000000000       0     1.287418e-02   0.016574
   23 2212100000000000000000000000000000010000100000000000000000000000       0    -1.275357e-02   0.016265
   24 2202200000010000000000010000000000000000000000000000000000000000       0     1.256354e-02   0.015784
check importance : 15589 / 15720 (   99.17)

****************************


*************** End PRINT NONRELA CFGSPACE ***************



********** END   PRINT Important cfgspace INFO **********



*************** Begin Density Matrix Construction ***************

Working Time      : cputime / walltime / effective core 
Total Time        :     1.52 /     0.05 / 30.04
Initialize Time   :     0.20 /     0.00 / 59.11
Calculation Time  :     1.31 /     0.05 / 27.84
Finalize Time     :     0.01 /     0.00 / 100.33


*************** End Density Matrix Construction ***************

generate NO iter   0, ncnvg_elec = 5.950539e+00


*************** Begin Hmat_Construction ***************

dimension = 15720
nnz               = 7321799
Working Time      : cputime / walltime / effective core 
Total Time        :     3.60 /     0.09 / 41.02
Initialize Time   :     0.07 /     0.00 / 59.34
Calculation Time  :     3.09 /     0.05 / 59.50
Finalize Time     :     0.43 /     0.03 / 12.43


*************** End Hmat_Construction ***************



*************** Begin MatrixDiag ***************

Iteration  :   16
Initial    : 
Init[   0] :    -99.83597161
Eigenvalue : 
Eig[   0]  :   -100.23919326
   CpuTime :          16.510
  WallTime :           0.277
Residue    : 
Res[   0]  :      0.00000333


*************** End MatrixDiag ***************



*************** Begin Selection ***************

Q_Space Dim       : 20915 
Working Time      : cputime / walltime / effective core 
Total Time        :    62.53 /     1.28 / 48.66
Initialize Time   :     0.11 /     0.00 / 61.72
Calculation Time  :    62.28 /     1.28 / 48.61
Finalize Time     :     0.12 /     0.00 / 60.26


*************** End Selection ***************



*************** Begin Hmat_Construction ***************

dimension = 20915
nnz               = 9293571
Working Time      : cputime / walltime / effective core 
Total Time        :     1.78 /     0.05 / 37.28
Initialize Time   :     0.16 /     0.00 / 62.34
Calculation Time  :     1.20 /     0.02 / 54.23
Finalize Time     :     0.40 /     0.02 / 17.39


*************** End Hmat_Construction ***************



*************** Begin MatrixDiag ***************

Iteration  :   13
Initial    : 
Init[   0] :   -100.23919326
Eigenvalue : 
Eig[   0]  :   -100.26307468
   CpuTime :          14.990
  WallTime :           0.251
Residue    : 
Res[   0]  :      0.00003863


*************** End MatrixDiag ***************



*************** Begin Selection ***************

Q_Space Dim       : 21710 
Working Time      : cputime / walltime / effective core 
Total Time        :    60.73 /     1.23 / 49.20
Initialize Time   :     0.05 /     0.00 / 18.35
Calculation Time  :    60.62 /     1.23 / 49.26
Finalize Time     :     0.06 /     0.00 / 63.06


*************** End Selection ***************



*************** Begin Hmat_Construction ***************

dimension = 21710
nnz               = 9589461
Working Time      : cputime / walltime / effective core 
Total Time        :     0.97 /     0.03 / 29.57
Initialize Time   :     0.15 /     0.00 / 63.86
Calculation Time  :     0.41 /     0.01 / 46.12
Finalize Time     :     0.41 /     0.02 / 19.04


*************** End Hmat_Construction ***************



*************** Begin MatrixDiag ***************

Iteration  :    9
Initial    : 
Init[   0] :   -100.26307468
Eigenvalue : 
Eig[   0]  :   -100.26337228
   CpuTime :          11.570
  WallTime :           0.202
Residue    : 
Res[   0]  :      0.00003686


*************** End MatrixDiag ***************



*************** Begin Selection ***************

Q_Space Dim       : 21733 
Working Time      : cputime / walltime / effective core 
Total Time        :    61.33 /     1.24 / 49.27
Initialize Time   :     0.09 /     0.00 / 34.40
Calculation Time  :    61.19 /     1.24 / 49.30
Finalize Time     :     0.05 /     0.00 / 58.87


*************** End Selection ***************



*************** Begin Hmat_Construction ***************

dimension = 21733
nnz               = 9598593
Working Time      : cputime / walltime / effective core 
Total Time        :     0.76 /     0.03 / 25.87
Initialize Time   :     0.15 /     0.00 / 65.80
Calculation Time  :     0.19 /     0.01 / 31.29
Finalize Time     :     0.42 /     0.02 / 20.01


*************** End Hmat_Construction ***************



*************** Begin MatrixDiag ***************

Iteration  :    4
Initial    : 
Init[   0] :   -100.26337228
Eigenvalue : 
Eig[   0]  :   -100.26337757
   CpuTime :           5.100
  WallTime :           0.083
Residue    : 
Res[   0]  :      0.00006362


*************** End MatrixDiag ***************



*************** Begin MatrixDiag ***************

Iteration  :    5
Initial    : 
Init[   0] :   -100.26329184
Eigenvalue : 
Eig[   0]  :   -100.26329425
   CpuTime :           6.760
  WallTime :           0.111
Residue    : 
Res[   0]  :      0.00006359


*************** End MatrixDiag ***************

********** Selection_iCI Info **********

iter / ncsf_prime / ncfg_prime / ncsf_Qspace / Similarity / time 
   0 /      6280  /      4304  /     20915  /  0.1073  /    80.150,    1.710 
   1 /      6734  /      4571  /     21710  /  0.9175  /    74.180,    1.645 
   2 /      6753  /      4579  /     21733  /  0.9972  /    68.020,    1.482 
Final prune is performed!

***************************************


********** BEGIN PRINT Important cfgspace INFO **********

     ncsf | symmetry |  nstates |  spintwo |     ncfg |   energy 
        0 |        0 |        1 |     6753 |     4579 |   -100.26329425, 


*************** Begin PRINT NONRELA CFGSPACE ***************

spintwo    = 0
irrep      = 0
nstates    = 1
ncfg       =         4579
ncsf       =         6753
ncsf full  =        10472
ndet full  =        34713
ndet eff   =        20600

*********** state  0 ***********
Important ocfg:
    0 2222200000000000000000000000000000000000000000000000000000000000       0     9.739200e-01  94.852015
    1 2220220000000000000000000000000000000000000000000000000000000000       0    -7.950032e-02   0.632030
    2 2222000020000000000000000000000000000000000000000000000000000000       0    -5.017384e-02   0.251741
    3 2202202000000000000000000000000000000000000000000000000000000000       0    -5.012538e-02   0.251255
    4 2211211000000000000000000000000000000000000000000000000000000000       0     4.907667e-02   0.240852
    5 2221110010000000000000000000000000000000000000000000000000000000       0    -4.903063e-02   0.240400
    6 2212101010000000000000000000000000000000000000000000000000000000       0     4.738348e-02   0.224519
    7 2211211000000000000000000000000000000000000000000000000000000000       1    -4.490023e-02   0.201603
    8 2221110010000000000000000000000000000000000000000000000000000000       1    -4.482924e-02   0.200966
    9 2212101010000000000000000000000000000000000000000000000000000000       1     4.476004e-02   0.200346
   10 2122100110000000000000000000000000000000000000000000000000000000       1    -3.844105e-02   0.147771
   11 2112201100000000000000000000000000000000000000000000000000000000       1    -3.832200e-02   0.146858
   12 2212100000010000100000000000000000000000000000000000000000000000       0    -3.616195e-02   0.130769
   13 2121210100000000000000000000000000000000000000000000000000000000       1     3.189691e-02   0.101741
   14 2211200001100000000000000000000000000000000000000000000000000000       0    -2.947674e-02   0.086888
   15 2221100001000100000000000000000000000000000000000000000000000000       0     2.911521e-02   0.084770
   16 2121210100000000000000000000000000000000000000000000000000000000       0    -2.340462e-02   0.054778
   17 2122100110000000000000000000000000000000000000000000000000000000       0    -2.319200e-02   0.053787
   18 2112201100000000000000000000000000000000000000000000000000000000       0     2.318321e-02   0.053746
   19 2220200002000000000000000000000000000000000000000000000000000000       0    -2.140115e-02   0.045801
   20 2022200200000000000000000000000000000000000000000000000000000000       0    -1.946495e-02   0.037888
   21 2202200000200000000000000000000000000000000000000000000000000000       0    -1.919399e-02   0.036841
   22 2222000000000200000000000000000000000000000000000000000000000000       0    -1.918137e-02   0.036792
   23 2212100000100100000000000000000000000000000000000000000000000000       0     1.901500e-02   0.036157
   24 2212100001000000100000000000000000000000000000000000000000000000       1    -1.880143e-02   0.035349
check importance : 6643 / 6753 (   98.37)

****************************


*************** End PRINT NONRELA CFGSPACE ***************



********** END   PRINT Important cfgspace INFO **********



*************** Begin Density Matrix Construction ***************

Working Time      : cputime / walltime / effective core 
Total Time        :     1.41 /     0.05 / 25.74
Initialize Time   :     0.10 /     0.00 / 57.70
Calculation Time  :     1.30 /     0.05 / 24.55
Finalize Time     :     0.00 /     0.00 / 0.00


*************** End Density Matrix Construction ***************

generate NO iter   1, ncnvg_elec = 9.986492e+00


******************************
* Step   2 Finished          *
* CpuTime  =         663.450 *
* WallTime =          15.977 *
******************************



*************** Begin Hmat_Construction ***************

dimension = 6753
nnz               = 1056459
Working Time      : cputime / walltime / effective core 
Total Time        :     1.15 /     0.05 / 25.38
Initialize Time   :     0.07 /     0.00 / 65.46
Calculation Time  :     0.66 /     0.01 / 55.24
Finalize Time     :     0.42 /     0.03 / 13.03


*************** End Hmat_Construction ***************



*************** Begin MatrixDiag ***************

Iteration  :   17
Initial    : 
Init[   0] :   -100.04376028
Eigenvalue : 
Eig[   0]  :   -100.26321125
   CpuTime :           7.510
  WallTime :           0.118
Residue    : 
Res[   0]  :      0.00000511


*************** End MatrixDiag ***************



*************** Begin Selection ***************

Q_Space Dim       : 9329 
Working Time      : cputime / walltime / effective core 
Total Time        :    60.88 /     1.07 / 56.83
Initialize Time   :     0.06 /     0.00 / 68.44
Calculation Time  :    60.68 /     1.07 / 56.81
Finalize Time     :     0.14 /     0.00 / 65.61


*************** End Selection ***************



*************** Begin Hmat_Construction ***************

dimension = 9329
nnz               = 2086580
Working Time      : cputime / walltime / effective core 
Total Time        :     1.34 /     0.04 / 32.51
Initialize Time   :     0.19 /     0.00 / 63.63
Calculation Time  :     0.74 /     0.01 / 52.87
Finalize Time     :     0.41 /     0.02 / 16.94


*************** End Hmat_Construction ***************



*************** Begin MatrixDiag ***************

Iteration  :    8
Initial    : 
Init[   0] :   -100.26321125
Eigenvalue : 
Eig[   0]  :   -100.26339532
   CpuTime :           5.520
  WallTime :           0.088
Residue    : 
Res[   0]  :      0.00003725


*************** End MatrixDiag ***************



*************** Begin Selection ***************

Q_Space Dim       : 9340 
Working Time      : cputime / walltime / effective core 
Total Time        :    61.51 /     1.26 / 48.63
Initialize Time   :     0.06 /     0.00 / 57.36
Calculation Time  :    61.41 /     1.26 / 48.61
Finalize Time     :     0.03 /     0.00 / 60.93


*************** End Selection ***************



*************** Begin Hmat_Construction ***************

dimension = 9340
nnz               = 2091034
Working Time      : cputime / walltime / effective core 
Total Time        :     0.78 /     0.03 / 25.78
Initialize Time   :     0.16 /     0.00 / 65.13
Calculation Time  :     0.20 /     0.01 / 31.28
Finalize Time     :     0.41 /     0.02 / 19.20


*************** End Hmat_Construction ***************



*************** Begin MatrixDiag ***************

Iteration  :    4
Initial    : 
Init[   0] :   -100.26339532
Eigenvalue : 
Eig[   0]  :   -100.26339655
   CpuTime :           2.430
  WallTime :           0.038
Residue    : 
Res[   0]  :      0.00005019


*************** End MatrixDiag ***************



*************** Begin MatrixDiag ***************

Iteration  :    5
Initial    : 
Init[   0] :   -100.26334210
Eigenvalue : 
Eig[   0]  :   -100.26334396
   CpuTime :           3.270
  WallTime :           0.051
Residue    : 
Res[   0]  :      0.00005933


*************** End MatrixDiag ***************

********** Selection_iCI Info **********

iter / ncsf_prime / ncfg_prime / ncsf_Qspace / Similarity / time 
   0 /      6537  /      4343  /      9329  /  0.8106  /    68.480,    1.330 
   1 /      6543  /      4348  /      9340  /  0.9991  /    65.630,    1.458 
Final prune is performed!

***************************************


********** BEGIN PRINT Important cfgspace INFO **********

     ncsf | symmetry |  nstates |  spintwo |     ncfg |   energy 
        0 |        0 |        1 |     6543 |     4348 |   -100.26334396, 


*************** Begin PRINT NONRELA CFGSPACE ***************

spintwo    = 0
irrep      = 0
nstates    = 1
ncfg       =         4348
ncsf       =         6543
ncsf full  =        10215
ndet full  =        34242
ndet eff   =        20153

*********** state  0 ***********
Important ocfg:
    0 2222200000000000000000000000000000000000000000000000000000000000       0    -9.739270e-01  94.853381
    1 2220220000000000000000000000000000000000000000000000000000000000       0     7.955534e-02   0.632905
    2 2222000020000000000000000000000000000000000000000000000000000000       0     5.016920e-02   0.251695
    3 2202202000000000000000000000000000000000000000000000000000000000       0     5.010203e-02   0.251021
    4 2211211000000000000000000000000000000000000000000000000000000000       0     4.936307e-02   0.243671
    5 2221110010000000000000000000000000000000000000000000000000000000       0     4.934373e-02   0.243480
    6 2212101010000000000000000000000000000000000000000000000000000000       0     4.743334e-02   0.224992
    7 2211211000000000000000000000000000000000000000000000000000000000       1    -4.522115e-02   0.204495
    8 2221110010000000000000000000000000000000000000000000000000000000       1     4.516723e-02   0.204008
    9 2212101010000000000000000000000000000000000000000000000000000000       1     4.478242e-02   0.200547
   10 2122100110000000000000000000000000000000000000000000000000000000       1     3.849789e-02   0.148209
   11 2112201100000000000000000000000000000000000000000000000000000000       1    -3.837445e-02   0.147260
   12 2212100000010000100000000000000000000000000000000000000000000000       0     3.625381e-02   0.131434
   13 2121210100000000000000000000000000000000000000000000000000000000       1    -3.242597e-02   0.105144
   14 2211200001100000000000000000000000000000000000000000000000000000       0     2.976760e-02   0.088611
   15 2221100001000100000000000000000000000000000000000000000000000000       0    -2.930110e-02   0.085855
   16 2121210100000000000000000000000000000000000000000000000000000000       0     2.342734e-02   0.054884
   17 2122100110000000000000000000000000000000000000000000000000000000       0     2.325337e-02   0.054072
   18 2112201100000000000000000000000000000000000000000000000000000000       0     2.322417e-02   0.053936
   19 2220200002000000000000000000000000000000000000000000000000000000       0     2.153304e-02   0.046367
   20 2022200200000000000000000000000000000000000000000000000000000000       0     1.951037e-02   0.038065
   21 2202200000200000000000000000000000000000000000000000000000000000       0     1.918200e-02   0.036795
   22 2222000000000200000000000000000000000000000000000000000000000000       0     1.917864e-02   0.036782
   23 2212100000100100000000000000000000000000000000000000000000000000       0    -1.902273e-02   0.036186
   24 2212100001000000100000000000000000000000000000000000000000000000       1     1.894150e-02   0.035878
check importance : 6487 / 6543 (   99.14)

****************************


*************** End PRINT NONRELA CFGSPACE ***************



********** END   PRINT Important cfgspace INFO **********



******************************
* Step   3 Finished          *
* CpuTime  =         810.750 *
* WallTime =          19.073 *
******************************



*************** Begin First_Residue_Update ***************

memory            = 871832
Working Time      : cputime / walltime / effective core 
Total Time        :     0.05 /     0.00 / 49.42
Initialize Time   :     0.00 /     0.00 / 0.00
Calculation Time  :     0.05 /     0.00 / 51.51
Finalize Time     :     0.00 /     0.00 / 0.00


*************** End First_Residue_Update ***************



*************** Begin Second_Residue_Update ***************

memory            = 1495440
Working Time      : cputime / walltime / effective core 
Total Time        :     0.09 /     0.00 / 69.23
Initialize Time   :     0.01 /     0.00 / 971.84
Calculation Time  :     0.07 /     0.00 / 56.71
Finalize Time     :     0.00 /     0.00 / 0.00


*************** End Second_Residue_Update ***************

Thread label = 53
ept        =     -0.42093455
ene offset =     -0.41933346


********** ENPT2 Info **********

Wall Time                   =    3.099
CPU  Time                   =  104.830
CPU / Wall                  =   33.830
ncfg_touched                =             11575420
ncsf_touched                =             61717740
---------------------------------------------------
       var        /  perturbation  /     total     
      -100.26334396/    -0.00160109/  -100.26494505
---------------------------------------------------
Residue Time                =    0.140 ( 0.13%)
Generate connection  record =    6.707 ( 6.40%)
sort connection record      =    2.694 ( 2.57%)
sort calculation record     =    5.540 ( 5.28%)
sort                        =    8.233 ( 7.85%)
calculation sigma           =    6.062 ( 5.78%)
collect result              =    3.073 ( 2.93%)
Other                       =   80.615 (76.90%)
nWorkDone                   = 75580


********************************



*************** iCI_ENPT(2)_NonRela::Info ***************

____________________________________________________________________________________________________________________________________
   spintwo |   symmetry |       ncfg |       ncsf |            evar |             ept |            etot 
____________________________________________________________________________________________________________________________________
         0 |          0 |       4348 |       6543 |   -100.26334396 |     -0.00160109 |   -100.26494505 
____________________________________________________________________________________________________________________________________


*******************************************************



******************************
* Step   4 Finished          *
* CpuTime  =         915.620 *
* WallTime =          22.173 *
******************************



*************** Begin Hmat_Construction ***************

dimension = 6543
nnz               = 931172
Working Time      : cputime / walltime / effective core 
Total Time        :     1.16 /     0.04 / 32.47
Initialize Time   :     0.05 /     0.00 / 54.08
Calculation Time  :     0.63 /     0.01 / 52.65
Finalize Time     :     0.46 /     0.02 / 20.18


*************** End Hmat_Construction ***************



*************** Begin MatrixDiag ***************

Iteration  :    3
Initial    : 
Init[   0] :   -100.26334396
Eigenvalue : 
Eig[   0]  :   -100.26334396
   CpuTime :           0.980
  WallTime :           0.015
Residue    : 
Res[   0]  :      0.00000667


*************** End MatrixDiag ***************



*************** Begin Selection ***************

Q_Space Dim       : 12666 
Working Time      : cputime / walltime / effective core 
Total Time        :    61.12 /     1.18 / 51.88
Initialize Time   :     0.07 /     0.00 / 63.78
Calculation Time  :    60.97 /     1.18 / 51.87
Finalize Time     :     0.09 /     0.00 / 62.23


*************** End Selection ***************



*************** Begin Hmat_Construction ***************

dimension = 12666
nnz               = 3033659
Working Time      : cputime / walltime / effective core 
Total Time        :     1.72 /     0.05 / 37.50
Initialize Time   :     0.15 /     0.00 / 64.24
Calculation Time  :     1.16 /     0.02 / 56.20
Finalize Time     :     0.41 /     0.02 / 17.94


*************** End Hmat_Construction ***************



*************** Begin MatrixDiag ***************

Iteration  :    9
Initial    : 
Init[   0] :   -100.26334396
Eigenvalue : 
Eig[   0]  :   -100.26379501
   CpuTime :           6.130
  WallTime :           0.097
Residue    : 
Res[   0]  :      0.00004109


*************** End MatrixDiag ***************



*************** Begin Selection ***************

Q_Space Dim       : 12722 
Working Time      : cputime / walltime / effective core 
Total Time        :    61.47 /     1.20 / 51.20
Initialize Time   :     0.03 /     0.00 / 20.13
Calculation Time  :    61.42 /     1.20 / 51.24
Finalize Time     :     0.02 /     0.00 / 68.25


*************** End Selection ***************



*************** Begin Hmat_Construction ***************

dimension = 12722
nnz               = 3052124
Working Time      : cputime / walltime / effective core 
Total Time        :     0.75 /     0.03 / 25.20
Initialize Time   :     0.12 /     0.00 / 55.41
Calculation Time  :     0.22 /     0.01 / 33.60
Finalize Time     :     0.41 /     0.02 / 19.51


*************** End Hmat_Construction ***************



*************** Begin MatrixDiag ***************

Iteration  :    6
Initial    : 
Init[   0] :   -100.26379501
Eigenvalue : 
Eig[   0]  :   -100.26380014
   CpuTime :           3.980
  WallTime :           0.062
Residue    : 
Res[   0]  :      0.00005120


*************** End MatrixDiag ***************



*************** Begin MatrixDiag ***************

Iteration  :    5
Initial    : 
Init[   0] :   -100.26376067
Eigenvalue : 
Eig[   0]  :   -100.26376186
   CpuTime :           2.960
  WallTime :           0.046
Residue    : 
Res[   0]  :      0.00004712


*************** End MatrixDiag ***************

********** Selection_iCI Info **********

iter / ncsf_prime / ncfg_prime / ncsf_Qspace / Similarity / time 
   0 /      9197  /      5974  /     12666  /  0.7109  /    69.870,    1.446 
   1 /      9228  /      5999  /     12722  /  0.9956  /    67.070,    1.416 
Final prune is performed!

***************************************


********** BEGIN PRINT Important cfgspace INFO **********

     ncsf | symmetry |  nstates |  spintwo |     ncfg |   energy 
        0 |        0 |        1 |     9228 |     5999 |   -100.26376186, 


*************** Begin PRINT NONRELA CFGSPACE ***************

spintwo    = 0
irrep      = 0
nstates    = 1
ncfg       =         5999
ncsf       =         9228
ncsf full  =        14651
ndet full  =        50032
ndet eff   =        28882

*********** state  0 ***********
Important ocfg:
    0 2222200000000000000000000000000000000000000000000000000000000000       0     9.737897e-01  94.826642
    1 2220220000000000000000000000000000000000000000000000000000000000       0    -7.957008e-02   0.633140
    2 2222000020000000000000000000000000000000000000000000000000000000       0    -5.019936e-02   0.251998
    3 2202202000000000000000000000000000000000000000000000000000000000       0    -5.014580e-02   0.251460
    4 2211211000000000000000000000000000000000000000000000000000000000       0    -4.942309e-02   0.244264
    5 2221110010000000000000000000000000000000000000000000000000000000       0    -4.942162e-02   0.244250
    6 2212101010000000000000000000000000000000000000000000000000000000       0    -4.751681e-02   0.225785
    7 2211211000000000000000000000000000000000000000000000000000000000       1     4.529654e-02   0.205178
    8 2221110010000000000000000000000000000000000000000000000000000000       1    -4.524558e-02   0.204716
    9 2212101010000000000000000000000000000000000000000000000000000000       1    -4.484322e-02   0.201091
   10 2122100110000000000000000000000000000000000000000000000000000000       1    -3.853516e-02   0.148496
   11 2112201100000000000000000000000000000000000000000000000000000000       1     3.841533e-02   0.147574
   12 2212100000010000100000000000000000000000000000000000000000000000       0    -3.631173e-02   0.131854
   13 2121210100000000000000000000000000000000000000000000000000000000       1     3.244257e-02   0.105252
   14 2211200001100000000000000000000000000000000000000000000000000000       0    -2.982241e-02   0.088938
   15 2221100001000100000000000000000000000000000000000000000000000000       0     2.934632e-02   0.086121
   16 2121210100000000000000000000000000000000000000000000000000000000       0    -2.344905e-02   0.054986
   17 2122100110000000000000000000000000000000000000000000000000000000       0    -2.329426e-02   0.054262
   18 2112201100000000000000000000000000000000000000000000000000000000       0    -2.326250e-02   0.054114
   19 2220200002000000000000000000000000000000000000000000000000000000       0    -2.155069e-02   0.046443
   20 2022200200000000000000000000000000000000000000000000000000000000       0    -1.953285e-02   0.038153
   21 2222000000000200000000000000000000000000000000000000000000000000       0    -1.920232e-02   0.036873
   22 2202200000200000000000000000000000000000000000000000000000000000       0    -1.919693e-02   0.036852
   23 2212100000100100000000000000000000000000000000000000000000000000       0     1.904406e-02   0.036268
   24 2212100001000000100000000000000000000000000000000000000000000000       1    -1.898210e-02   0.036032
check importance : 9177 / 9228 (   99.45)

****************************


*************** End PRINT NONRELA CFGSPACE ***************



********** END   PRINT Important cfgspace INFO **********



******************************
* Step   5 Finished          *
* CpuTime  =        1059.210 *
* WallTime =          25.257 *
******************************



*************** Begin First_Residue_Update ***************

memory            = 1194696
Working Time      : cputime / walltime / effective core 
Total Time        :     0.06 /     0.00 / 52.60
Initialize Time   :     0.00 /     0.00 / 0.00
Calculation Time  :     0.06 /     0.00 / 54.90
Finalize Time     :     0.00 /     0.00 / 0.00


*************** End First_Residue_Update ***************



*************** Begin Second_Residue_Update ***************

memory            = 2026160
Working Time      : cputime / walltime / effective core 
Total Time        :     0.11 /     0.00 / 67.69
Initialize Time   :     0.00 /     0.00 / 0.00
Calculation Time  :     0.11 /     0.00 / 70.14
Finalize Time     :     0.00 /     0.00 / 0.00


*************** End Second_Residue_Update ***************

Thread label = 27
ept        =     -0.42220729
ene offset =     -0.42104516


********** ENPT2 Info **********

Wall Time                   =    3.082
CPU  Time                   =  121.460
CPU / Wall                  =   39.413
ncfg_touched                =             14850144
ncsf_touched                =             81732943
---------------------------------------------------
       var        /  perturbation  /     total     
      -100.26376186/    -0.00116213/  -100.26492399
---------------------------------------------------
Residue Time                =    0.170 ( 0.14%)
Generate connection  record =    5.418 ( 4.46%)
sort connection record      =    3.881 ( 3.20%)
sort calculation record     =    8.075 ( 6.65%)
sort                        =   11.956 ( 9.84%)
calculation sigma           =    9.006 ( 7.42%)
collect result              =    4.078 ( 3.36%)
Other                       =   90.831 (74.78%)
nWorkDone                   = 75580


********************************



*************** iCI_ENPT(2)_NonRela::Info ***************

____________________________________________________________________________________________________________________________________
   spintwo |   symmetry |       ncfg |       ncsf |            evar |             ept |            etot 
____________________________________________________________________________________________________________________________________
         0 |          0 |       5999 |       9228 |   -100.26376186 |     -0.00116213 |   -100.26492399 
____________________________________________________________________________________________________________________________________


*******************************************************



******************************
* Step   6 Finished          *
* CpuTime  =        1180.700 *
* WallTime =          28.340 *
******************************



*************** Begin Hmat_Construction ***************

dimension = 9228
nnz               = 1570648
Working Time      : cputime / walltime / effective core 
Total Time        :     1.41 /     0.04 / 33.97
Initialize Time   :     0.07 /     0.00 / 66.59
Calculation Time  :     0.89 /     0.02 / 55.83
Finalize Time     :     0.45 /     0.02 / 18.39


*************** End Hmat_Construction ***************



*************** Begin MatrixDiag ***************

Iteration  :    3
Initial    : 
Init[   0] :   -100.26376186
Eigenvalue : 
Eig[   0]  :   -100.26376186
   CpuTime :           1.590
  WallTime :           0.025
Residue    : 
Res[   0]  :      0.00000577


*************** End MatrixDiag ***************



*************** Begin Selection ***************

Q_Space Dim       : 17991 
Working Time      : cputime / walltime / effective core 
Total Time        :    60.12 /     1.49 / 40.24
Initialize Time   :     0.10 /     0.00 / 59.29
Calculation Time  :    59.83 /     1.49 / 40.16
Finalize Time     :     0.17 /     0.00 / 63.42


*************** End Selection ***************



*************** Begin Hmat_Construction ***************

dimension = 17991
nnz               = 5015618
Working Time      : cputime / walltime / effective core 
Total Time        :     2.27 /     0.06 / 39.61
Initialize Time   :     0.14 /     0.00 / 61.70
Calculation Time  :     1.72 /     0.03 / 56.69
Finalize Time     :     0.40 /     0.02 / 16.22


*************** End Hmat_Construction ***************



*************** Begin MatrixDiag ***************

Iteration  :    9
Initial    : 
Init[   0] :   -100.26376186
Eigenvalue : 
Eig[   0]  :   -100.26409993
   CpuTime :           8.650
  WallTime :           0.139
Residue    : 
Res[   0]  :      0.00004007


*************** End MatrixDiag ***************



*************** Begin Selection ***************

Q_Space Dim       : 18065 
Working Time      : cputime / walltime / effective core 
Total Time        :    62.41 /     1.19 / 52.53
Initialize Time   :     0.00 /     0.00 / 0.00
Calculation Time  :    62.36 /     1.19 / 52.62
Finalize Time     :     0.05 /     0.00 / 66.16


*************** End Selection ***************



*************** Begin Hmat_Construction ***************

dimension = 18065
nnz               = 5045187
Working Time      : cputime / walltime / effective core 
Total Time        :     0.82 /     0.03 / 27.55
Initialize Time   :     0.15 /     0.00 / 62.45
Calculation Time  :     0.25 /     0.01 / 36.48
Finalize Time     :     0.41 /     0.02 / 20.03


*************** End Hmat_Construction ***************



*************** Begin MatrixDiag ***************

Iteration  :    4
Initial    : 
Init[   0] :   -100.26409993
Eigenvalue : 
Eig[   0]  :   -100.26410359
   CpuTime :           3.360
  WallTime :           0.053
Residue    : 
Res[   0]  :      0.00007778


*************** End MatrixDiag ***************



*************** Begin MatrixDiag ***************

Iteration  :    5
Initial    : 
Init[   0] :   -100.26407433
Eigenvalue : 
Eig[   0]  :   -100.26407521
   CpuTime :           4.170
  WallTime :           0.065
Residue    : 
Res[   0]  :      0.00004136


*************** End MatrixDiag ***************

********** Selection_iCI Info **********

iter / ncsf_prime / ncfg_prime / ncsf_Qspace / Similarity / time 
   0 /     13090  /      8332  /     17991  /  0.7046  /    72.000,    1.850 
   1 /     13136  /      8367  /     18065  /  0.9960  /    67.500,    1.405 
Final prune is performed!

***************************************


********** BEGIN PRINT Important cfgspace INFO **********

     ncsf | symmetry |  nstates |  spintwo |     ncfg |   energy 
        0 |        0 |        1 |    13136 |     8367 |   -100.26407521, 


*************** Begin PRINT NONRELA CFGSPACE ***************

spintwo    = 0
irrep      = 0
nstates    = 1
ncfg       =         8367
ncsf       =        13136
ncsf full  =        21359
ndet full  =        74201
ndet eff   =        41851

*********** state  0 ***********
Important ocfg:
    0 2222200000000000000000000000000000000000000000000000000000000000       0    -9.736823e-01  94.805715
    1 2220220000000000000000000000000000000000000000000000000000000000       0     7.960656e-02   0.633720
    2 2222000020000000000000000000000000000000000000000000000000000000       0     5.021291e-02   0.252134
    3 2202202000000000000000000000000000000000000000000000000000000000       0     5.016507e-02   0.251653
    4 2211211000000000000000000000000000000000000000000000000000000000       0     4.946020e-02   0.244631
    5 2221110010000000000000000000000000000000000000000000000000000000       0     4.944897e-02   0.244520
    6 2212101010000000000000000000000000000000000000000000000000000000       0     4.757787e-02   0.226365
    7 2211211000000000000000000000000000000000000000000000000000000000       1    -4.534877e-02   0.205651
    8 2221110010000000000000000000000000000000000000000000000000000000       1     4.529455e-02   0.205160
    9 2212101010000000000000000000000000000000000000000000000000000000       1     4.488553e-02   0.201471
   10 2122100110000000000000000000000000000000000000000000000000000000       1     3.856281e-02   0.148709
   11 2112201100000000000000000000000000000000000000000000000000000000       1    -3.846961e-02   0.147991
   12 2212100000010000100000000000000000000000000000000000000000000000       0     3.636418e-02   0.132235
   13 2121210100000000000000000000000000000000000000000000000000000000       1    -3.247133e-02   0.105439
   14 2211200001100000000000000000000000000000000000000000000000000000       0     2.985944e-02   0.089159
   15 2221100001000100000000000000000000000000000000000000000000000000       0    -2.938808e-02   0.086366
   16 2121210100000000000000000000000000000000000000000000000000000000       0     2.346389e-02   0.055055
   17 2122100110000000000000000000000000000000000000000000000000000000       0     2.331986e-02   0.054382
   18 2112201100000000000000000000000000000000000000000000000000000000       0     2.328367e-02   0.054213
   19 2220200002000000000000000000000000000000000000000000000000000000       0     2.156270e-02   0.046495
   20 2022200200000000000000000000000000000000000000000000000000000000       0     1.954216e-02   0.038190
   21 2222000000000200000000000000000000000000000000000000000000000000       0     1.922793e-02   0.036971
   22 2202200000200000000000000000000000000000000000000000000000000000       0     1.922598e-02   0.036964
   23 2212100000100100000000000000000000000000000000000000000000000000       0    -1.908057e-02   0.036407
   24 2212100001000000100000000000000000000000000000000000000000000000       1     1.903664e-02   0.036239
check importance : 13070 / 13136 (   99.50)

****************************


*************** End PRINT NONRELA CFGSPACE ***************



********** END   PRINT Important cfgspace INFO **********



******************************
* Step   7 Finished          *
* CpuTime  =        1328.830 *
* WallTime =          31.896 *
******************************



*************** Begin First_Residue_Update ***************

memory            = 1647856
Working Time      : cputime / walltime / effective core 
Total Time        :     0.09 /     0.00 / 57.58
Initialize Time   :     0.00 /     0.00 / 0.00
Calculation Time  :     0.09 /     0.00 / 59.32
Finalize Time     :     0.00 /     0.00 / 0.00


*************** End First_Residue_Update ***************



*************** Begin Second_Residue_Update ***************

memory            = 2760704
Working Time      : cputime / walltime / effective core 
Total Time        :     0.15 /     0.00 / 64.48
Initialize Time   :     0.00 /     0.00 / 0.00
Calculation Time  :     0.14 /     0.00 / 62.28
Finalize Time     :     0.00 /     0.00 / 0.00


*************** End Second_Residue_Update ***************

Thread label = 4
ept        =     -0.42324004
ene offset =     -0.42240045


********** ENPT2 Info **********

Wall Time                   =    3.688
CPU  Time                   =  143.030
CPU / Wall                  =   38.785
ncfg_touched                =             18985772
ncsf_touched                =            108212134
---------------------------------------------------
       var        /  perturbation  /     total     
      -100.26407521/    -0.00083960/  -100.26491481
---------------------------------------------------
Residue Time                =    0.250 ( 0.17%)
Generate connection  record =    5.500 ( 3.85%)
sort connection record      =    6.134 ( 4.29%)
sort calculation record     =   12.881 ( 9.01%)
sort                        =   19.016 (13.29%)
calculation sigma           =   13.693 ( 9.57%)
collect result              =    5.478 ( 3.83%)
Other                       =   99.094 (69.28%)
nWorkDone                   = 75580


********************************



*************** iCI_ENPT(2)_NonRela::Info ***************

____________________________________________________________________________________________________________________________________
   spintwo |   symmetry |       ncfg |       ncsf |            evar |             ept |            etot 
____________________________________________________________________________________________________________________________________
         0 |          0 |       8367 |      13136 |   -100.26407521 |     -0.00083960 |   -100.26491481 
____________________________________________________________________________________________________________________________________


*******************************************************



******************************
* Step   8 Finished          *
* CpuTime  =        1471.880 *
* WallTime =          35.585 *
******************************



*************** Begin Hmat_Construction ***************

dimension = 13136
nnz               = 2683293
Working Time      : cputime / walltime / effective core 
Total Time        :     1.96 /     0.06 / 35.39
Initialize Time   :     0.06 /     0.00 / 60.91
Calculation Time  :     1.43 /     0.02 / 59.51
Finalize Time     :     0.47 /     0.03 / 15.50


*************** End Hmat_Construction ***************



*************** Begin MatrixDiag ***************

Iteration  :    3
Initial    : 
Init[   0] :   -100.26407521
Eigenvalue : 
Eig[   0]  :   -100.26407521
   CpuTime :           1.650
  WallTime :           0.026
Residue    : 
Res[   0]  :      0.00000574


*************** End MatrixDiag ***************



*************** Begin Selection ***************

Q_Space Dim       : 29619 
Working Time      : cputime / walltime / effective core 
Total Time        :    61.41 /     1.24 / 49.68
Initialize Time   :     0.09 /     0.00 / 66.01
Calculation Time  :    61.07 /     1.23 / 49.62
Finalize Time     :     0.26 /     0.00 / 65.72


*************** End Selection ***************



*************** Begin Hmat_Construction ***************

dimension = 29619
nnz               = 10165517
Working Time      : cputime / walltime / effective core 
Total Time        :     3.98 /     0.09 / 43.93
Initialize Time   :     0.15 /     0.00 / 64.66
Calculation Time  :     3.41 /     0.06 / 60.36
Finalize Time     :     0.41 /     0.03 / 12.95


*************** End Hmat_Construction ***************



*************** Begin MatrixDiag ***************

Iteration  :    9
Initial    : 
Init[   0] :   -100.26407521
Eigenvalue : 
Eig[   0]  :   -100.26441758
   CpuTime :          12.660
  WallTime :           0.232
Residue    : 
Res[   0]  :      0.00004757


*************** End MatrixDiag ***************



*************** Begin Selection ***************

Q_Space Dim       : 29789 
Working Time      : cputime / walltime / effective core 
Total Time        :    63.57 /     1.37 / 46.28
Initialize Time   :     0.01 /     0.00 / 2.59
Calculation Time  :    63.49 /     1.37 / 46.39
Finalize Time     :     0.07 /     0.00 / 61.04


*************** End Selection ***************



*************** Begin Hmat_Construction ***************

dimension = 29789
nnz               = 10259818
Working Time      : cputime / walltime / effective core 
Total Time        :     0.87 /     0.03 / 27.78
Initialize Time   :     0.16 /     0.00 / 64.45
Calculation Time  :     0.27 /     0.01 / 35.52
Finalize Time     :     0.43 /     0.02 / 20.29


*************** End Hmat_Construction ***************



*************** Begin MatrixDiag ***************

Iteration  :    4
Initial    : 
Init[   0] :   -100.26441758
Eigenvalue : 
Eig[   0]  :   -100.26442128
   CpuTime :           6.000
  WallTime :           0.102
Residue    : 
Res[   0]  :      0.00007229


*************** End MatrixDiag ***************



*************** Begin MatrixDiag ***************

Iteration  :    5
Initial    : 
Init[   0] :   -100.26440318
Eigenvalue : 
Eig[   0]  :   -100.26440373
   CpuTime :           7.710
  WallTime :           0.128
Residue    : 
Res[   0]  :      0.00003527


*************** End MatrixDiag ***************

********** Selection_iCI Info **********

iter / ncsf_prime / ncfg_prime / ncsf_Qspace / Similarity / time 
   0 /     21878  /     13406  /     29619  /  0.6000  /    79.050,    1.693 
   1 /     21982  /     13472  /     29789  /  0.9945  /    71.380,    1.649 
Final prune is performed!

***************************************


********** BEGIN PRINT Important cfgspace INFO **********

     ncsf | symmetry |  nstates |  spintwo |     ncfg |   energy 
        0 |        0 |        1 |    21982 |    13472 |   -100.26440373, 


*************** Begin PRINT NONRELA CFGSPACE ***************

spintwo    = 0
irrep      = 0
nstates    = 1
ncfg       =        13472
ncsf       =        21982
ncsf full  =        35220
ndet full  =       123482
ndet eff   =        71399

*********** state  0 ***********
Important ocfg:
    0 2222200000000000000000000000000000000000000000000000000000000000       0     9.735633e-01  94.782549
    1 2220220000000000000000000000000000000000000000000000000000000000       0    -7.964653e-02   0.634357
    2 2222000020000000000000000000000000000000000000000000000000000000       0    -5.022792e-02   0.252284
    3 2202202000000000000000000000000000000000000000000000000000000000       0    -5.017363e-02   0.251739
    4 2211211000000000000000000000000000000000000000000000000000000000       0    -4.951814e-02   0.245205
    5 2221110010000000000000000000000000000000000000000000000000000000       0    -4.950162e-02   0.245041
    6 2212101010000000000000000000000000000000000000000000000000000000       0    -4.763011e-02   0.226863
    7 2211211000000000000000000000000000000000000000000000000000000000       1     4.540072e-02   0.206123
    8 2221110010000000000000000000000000000000000000000000000000000000       1    -4.535362e-02   0.205695
    9 2212101010000000000000000000000000000000000000000000000000000000       1    -4.492546e-02   0.201830
   10 2122100110000000000000000000000000000000000000000000000000000000       1    -3.860047e-02   0.149000
   11 2112201100000000000000000000000000000000000000000000000000000000       1     3.850017e-02   0.148226
   12 2212100000010000100000000000000000000000000000000000000000000000       0    -3.638843e-02   0.132412
   13 2121210100000000000000000000000000000000000000000000000000000000       1     3.249689e-02   0.105605
   14 2211200001100000000000000000000000000000000000000000000000000000       0    -2.990198e-02   0.089413
   15 2221100001000100000000000000000000000000000000000000000000000000       0     2.943554e-02   0.086645
   16 2121210100000000000000000000000000000000000000000000000000000000       0    -2.347495e-02   0.055107
   17 2122100110000000000000000000000000000000000000000000000000000000       0    -2.335036e-02   0.054524
   18 2112201100000000000000000000000000000000000000000000000000000000       0    -2.331896e-02   0.054377
   19 2220200002000000000000000000000000000000000000000000000000000000       0    -2.157326e-02   0.046541
   20 2022200200000000000000000000000000000000000000000000000000000000       0    -1.954516e-02   0.038201
   21 2222000000000200000000000000000000000000000000000000000000000000       0    -1.925680e-02   0.037082
   22 2202200000200000000000000000000000000000000000000000000000000000       0    -1.924642e-02   0.037042
   23 2212100000100100000000000000000000000000000000000000000000000000       0     1.915400e-02   0.036688
   24 2212100001000000100000000000000000000000000000000000000000000000       1    -1.908138e-02   0.036410
check importance : 21880 / 21982 (   99.54)

****************************


*************** End PRINT NONRELA CFGSPACE ***************



********** END   PRINT Important cfgspace INFO **********



******************************
* Step   9 Finished          *
* CpuTime  =        1635.110 *
* WallTime =          39.405 *
******************************



*************** Begin First_Residue_Update ***************

memory            = 2583120
Working Time      : cputime / walltime / effective core 
Total Time        :     0.12 /     0.00 / 57.57
Initialize Time   :     0.00 /     0.00 / 0.00
Calculation Time  :     0.12 /     0.00 / 59.02
Finalize Time     :     0.00 /     0.00 / 0.00


*************** End First_Residue_Update ***************



*************** Begin Second_Residue_Update ***************

memory            = 4246440
Working Time      : cputime / walltime / effective core 
Total Time        :     0.19 /     0.00 / 60.72
Initialize Time   :     0.00 /     0.00 / 0.00
Calculation Time  :     0.19 /     0.00 / 62.66
Finalize Time     :     0.00 /     0.00 / 0.00


*************** End Second_Residue_Update ***************

Thread label = 15
ept        =     -0.42440519
ene offset =     -0.42389902


********** ENPT2 Info **********

Wall Time                   =    5.134
CPU  Time                   =  192.090
CPU / Wall                  =   37.417
ncfg_touched                =             26391419
ncsf_touched                =            153476702
---------------------------------------------------
       var        /  perturbation  /     total     
      -100.26440373/    -0.00050617/  -100.26490991
---------------------------------------------------
Residue Time                =    0.320 ( 0.17%)
Generate connection  record =    7.684 ( 4.00%)
sort connection record      =   10.038 ( 5.23%)
sort calculation record     =   27.460 (14.30%)
sort                        =   37.498 (19.52%)
calculation sigma           =   23.553 (12.26%)
collect result              =    7.726 ( 4.02%)
Other                       =  115.308 (60.03%)
nWorkDone                   = 75580


********************************



*************** iCI_ENPT(2)_NonRela::Info ***************

____________________________________________________________________________________________________________________________________
   spintwo |   symmetry |       ncfg |       ncsf |            evar |             ept |            etot 
____________________________________________________________________________________________________________________________________
         0 |          0 |      13472 |      21982 |   -100.26440373 |     -0.00050617 |   -100.26490991 
____________________________________________________________________________________________________________________________________


*******************************************************



******************************
* Step  10 Finished          *
* CpuTime  =        1827.240 *
* WallTime =          44.539 *
******************************



*************** Begin Hmat_Construction ***************

dimension = 21982
nnz               = 5730687
Working Time      : cputime / walltime / effective core 
Total Time        :     3.01 /     0.08 / 37.40
Initialize Time   :     0.07 /     0.00 / 65.70
Calculation Time  :     2.52 /     0.04 / 58.71
Finalize Time     :     0.42 /     0.04 / 11.53


*************** End Hmat_Construction ***************



*************** Begin MatrixDiag ***************

Iteration  :    3
Initial    : 
Init[   0] :   -100.26440373
Eigenvalue : 
Eig[   0]  :   -100.26440373
   CpuTime :           2.610
  WallTime :           0.041
Residue    : 
Res[   0]  :      0.00000527


*************** End MatrixDiag ***************



*************** Begin Selection ***************

Q_Space Dim       : 54056 
Working Time      : cputime / walltime / effective core 
Total Time        :    62.40 /     2.16 / 28.89
Initialize Time   :     0.17 /     0.00 / 47.90
Calculation Time  :    61.81 /     2.15 / 28.77
Finalize Time     :     0.40 /     0.01 / 49.65


*************** End Selection ***************



*************** Begin Hmat_Construction ***************

dimension = 54056
nnz               = 23520204
Working Time      : cputime / walltime / effective core 
Total Time        :     7.42 /     0.21 / 35.93
Initialize Time   :     0.15 /     0.00 / 63.21
Calculation Time  :     6.80 /     0.12 / 55.46
Finalize Time     :     0.46 /     0.08 / 5.65


*************** End Hmat_Construction ***************



*************** Begin MatrixDiag ***************

Iteration  :    9
Initial    : 
Init[   0] :   -100.26440373
Eigenvalue : 
Eig[   0]  :   -100.26465261
   CpuTime :          17.480
  WallTime :           0.310
Residue    : 
Res[   0]  :      0.00004291


*************** End MatrixDiag ***************



*************** Begin Selection ***************

Q_Space Dim       : 54394 
Working Time      : cputime / walltime / effective core 
Total Time        :    67.12 /     1.85 / 36.34
Initialize Time   :     0.01 /     0.01 / 1.32
Calculation Time  :    66.99 /     1.84 / 36.45
Finalize Time     :     0.11 /     0.00 / 63.64


*************** End Selection ***************



*************** Begin Hmat_Construction ***************

dimension = 54394
nnz               = 23751347
Working Time      : cputime / walltime / effective core 
Total Time        :     0.91 /     0.03 / 27.93
Initialize Time   :     0.14 /     0.00 / 62.22
Calculation Time  :     0.37 /     0.01 / 39.57
Finalize Time     :     0.40 /     0.02 / 19.10


*************** End Hmat_Construction ***************



*************** Begin MatrixDiag ***************

Iteration  :    4
Initial    : 
Init[   0] :   -100.26465261
Eigenvalue : 
Eig[   0]  :   -100.26465482
   CpuTime :           8.420
  WallTime :           0.144
Residue    : 
Res[   0]  :      0.00005642


*************** End MatrixDiag ***************



*************** Begin MatrixDiag ***************

Iteration  :    4
Initial    : 
Init[   0] :   -100.26464671
Eigenvalue : 
Eig[   0]  :   -100.26464696
   CpuTime :           8.230
  WallTime :           0.139
Residue    : 
Res[   0]  :      0.00005597


*************** End MatrixDiag ***************

********** Selection_iCI Info **********

iter / ncsf_prime / ncfg_prime / ncsf_Qspace / Similarity / time 
   0 /     41471  /     24254  /     54056  /  0.5298  /    88.350,    2.820 
   1 /     41687  /     24375  /     54394  /  0.9936  /    77.420,    2.165 
Final prune is performed!

***************************************


********** BEGIN PRINT Important cfgspace INFO **********

     ncsf | symmetry |  nstates |  spintwo |     ncfg |   energy 
        0 |        0 |        1 |    41687 |    24375 |   -100.26464696, 


*************** Begin PRINT NONRELA CFGSPACE ***************

spintwo    = 0
irrep      = 0
nstates    = 1
ncfg       =        24375
ncsf       =        41687
ncsf full  =        67740
ndet full  =       243191
ndet eff   =       138808

*********** state  0 ***********
Important ocfg:
    0 2222200000000000000000000000000000000000000000000000000000000000       0     9.734699e-01  94.764374
    1 2220220000000000000000000000000000000000000000000000000000000000       0    -7.966273e-02   0.634615
    2 2222000020000000000000000000000000000000000000000000000000000000       0    -5.024037e-02   0.252410
    3 2202202000000000000000000000000000000000000000000000000000000000       0    -5.019211e-02   0.251925
    4 2211211000000000000000000000000000000000000000000000000000000000       0    -4.957322e-02   0.245750
    5 2221110010000000000000000000000000000000000000000000000000000000       0    -4.955251e-02   0.245545
    6 2212101010000000000000000000000000000000000000000000000000000000       0    -4.767777e-02   0.227317
    7 2211211000000000000000000000000000000000000000000000000000000000       1     4.543003e-02   0.206389
    8 2221110010000000000000000000000000000000000000000000000000000000       1    -4.538531e-02   0.205983
    9 2212101010000000000000000000000000000000000000000000000000000000       1    -4.495824e-02   0.202124
   10 2122100110000000000000000000000000000000000000000000000000000000       1    -3.861906e-02   0.149143
   11 2112201100000000000000000000000000000000000000000000000000000000       1     3.851800e-02   0.148364
   12 2212100000010000100000000000000000000000000000000000000000000000       0    -3.641523e-02   0.132607
   13 2121210100000000000000000000000000000000000000000000000000000000       1     3.251853e-02   0.105745
   14 2211200001100000000000000000000000000000000000000000000000000000       0    -2.993166e-02   0.089590
   15 2221100001000100000000000000000000000000000000000000000000000000       0     2.946691e-02   0.086830
   16 2121210100000000000000000000000000000000000000000000000000000000       0    -2.348392e-02   0.055149
   17 2122100110000000000000000000000000000000000000000000000000000000       0    -2.336825e-02   0.054608
   18 2112201100000000000000000000000000000000000000000000000000000000       0    -2.333677e-02   0.054460
   19 2220200002000000000000000000000000000000000000000000000000000000       0    -2.158067e-02   0.046573
   20 2022200200000000000000000000000000000000000000000000000000000000       0    -1.954947e-02   0.038218
   21 2222000000000200000000000000000000000000000000000000000000000000       0    -1.926899e-02   0.037129
   22 2202200000200000000000000000000000000000000000000000000000000000       0    -1.926092e-02   0.037098
   23 2212100000100100000000000000000000000000000000000000000000000000       0     1.918165e-02   0.036794
   24 2212100001000000100000000000000000000000000000000000000000000000       1    -1.911462e-02   0.036537
check importance : 41463 / 41687 (   99.46)

****************************


*************** End PRINT NONRELA CFGSPACE ***************



********** END   PRINT Important cfgspace INFO **********



******************************
* Step  11 Finished          *
* CpuTime  =        2008.960 *
* WallTime =          50.284 *
******************************



*************** Begin First_Residue_Update ***************

memory            = 4499368
Working Time      : cputime / walltime / effective core 
Total Time        :     0.20 /     0.00 / 57.79
Initialize Time   :     0.00 /     0.00 / 0.00
Calculation Time  :     0.20 /     0.00 / 58.42
Finalize Time     :     0.00 /     0.00 / 0.00


*************** End First_Residue_Update ***************



*************** Begin Second_Residue_Update ***************

memory            = 7247384
Working Time      : cputime / walltime / effective core 
Total Time        :     0.32 /     0.01 / 63.88
Initialize Time   :     0.00 /     0.00 / 0.00
Calculation Time  :     0.31 /     0.00 / 62.68
Finalize Time     :     0.00 /     0.00 / 0.00


*************** End Second_Residue_Update ***************

Thread label = 23
ept        =     -0.42535576
ene offset =     -0.42509168


********** ENPT2 Info **********

Wall Time                   =    7.449
CPU  Time                   =  325.880
CPU / Wall                  =   43.746
ncfg_touched                =             39556753
ncsf_touched                =            240638411
---------------------------------------------------
       var        /  perturbation  /     total     
      -100.26464696/    -0.00026408/  -100.26491104
---------------------------------------------------
Residue Time                =    0.520 ( 0.16%)
Generate connection  record =   12.778 ( 3.92%)
sort connection record      =   19.569 ( 6.01%)
sort calculation record     =   65.352 (20.05%)
sort                        =   84.921 (26.06%)
calculation sigma           =   51.206 (15.71%)
collect result              =   13.142 ( 4.03%)
Other                       =  163.313 (50.11%)
nWorkDone                   = 75580


********************************



*************** iCI_ENPT(2)_NonRela::Info ***************

____________________________________________________________________________________________________________________________________
   spintwo |   symmetry |       ncfg |       ncsf |            evar |             ept |            etot 
____________________________________________________________________________________________________________________________________
         0 |          0 |      24375 |      41687 |   -100.26464696 |     -0.00026408 |   -100.26491104 
____________________________________________________________________________________________________________________________________


*******************************************************



******************************
* Step  12 Finished          *
* CpuTime  =        2334.880 *
* WallTime =          57.734 *
******************************



*************** Begin Hmat_Construction ***************

dimension = 41687
nnz               = 14549694
Working Time      : cputime / walltime / effective core 
Total Time        :     6.24 /     0.18 / 35.06
Initialize Time   :     0.17 /     0.00 / 64.08
Calculation Time  :     5.62 /     0.10 / 55.11
Finalize Time     :     0.45 /     0.07 / 6.14


*************** End Hmat_Construction ***************



*************** Begin MatrixDiag ***************

Iteration  :    4
Initial    : 
Init[   0] :   -100.26464696
Eigenvalue : 
Eig[   0]  :   -100.26464696
   CpuTime :           7.240
  WallTime :           0.129
Residue    : 
Res[   0]  :      0.00000444


*************** End MatrixDiag ***************



*************** Begin Selection ***************

Q_Space Dim       : 83831 
Working Time      : cputime / walltime / effective core 
Total Time        :    67.06 /     2.03 / 33.04
Initialize Time   :     0.03 /     0.00 / 6.53
Calculation Time  :    66.61 /     2.01 / 33.11
Finalize Time     :     0.42 /     0.01 / 30.55


*************** End Selection ***************



*************** Begin Hmat_Construction ***************

dimension = 83831
nnz               = 43239554
Working Time      : cputime / walltime / effective core 
Total Time        :    11.33 /     0.30 / 37.57
Initialize Time   :     0.17 /     0.00 / 63.09
Calculation Time  :    10.68 /     0.20 / 53.77
Finalize Time     :     0.48 /     0.10 / 4.79


*************** End Hmat_Construction ***************



*************** Begin MatrixDiag ***************

Iteration  :    8
Initial    : 
Init[   0] :   -100.26464696
Eigenvalue : 
Eig[   0]  :   -100.26475527
   CpuTime :          22.210
  WallTime :           0.462
Residue    : 
Res[   0]  :      0.00004019


*************** End MatrixDiag ***************



*************** Begin Selection ***************

Q_Space Dim       : 84176 
Working Time      : cputime / walltime / effective core 
Total Time        :    70.65 /     1.88 / 37.53
Initialize Time   :     0.01 /     0.01 / 0.73
Calculation Time  :    70.46 /     1.87 / 37.76
Finalize Time     :     0.18 /     0.00 / 61.08


*************** End Selection ***************



*************** Begin Hmat_Construction ***************

dimension = 84176
nnz               = 43520715
Working Time      : cputime / walltime / effective core 
Total Time        :     0.95 /     0.03 / 28.78
Initialize Time   :     0.15 /     0.00 / 66.38
Calculation Time  :     0.38 /     0.01 / 37.74
Finalize Time     :     0.42 /     0.02 / 20.34


*************** End Hmat_Construction ***************



*************** Begin MatrixDiag ***************

Iteration  :    4
Initial    : 
Init[   0] :   -100.26475527
Eigenvalue : 
Eig[   0]  :   -100.26475601
   CpuTime :          10.980
  WallTime :           0.225
Residue    : 
Res[   0]  :      0.00004270


*************** End MatrixDiag ***************



*************** Begin MatrixDiag ***************

Iteration  :    3
Initial    : 
Init[   0] :   -100.26475155
Eigenvalue : 
Eig[   0]  :   -100.26475168
   CpuTime :           8.520
  WallTime :           0.178
Residue    : 
Res[   0]  :      0.00008376


*************** End MatrixDiag ***************

********** Selection_iCI Info **********

iter / ncsf_prime / ncfg_prime / ncsf_Qspace / Similarity / time 
   0 /     65631  /     37096  /     83831  /  0.6349  /   101.880,    2.953 
   1 /     65840  /     37208  /     84176  /  0.9959  /    83.580,    2.295 
Final prune is performed!

***************************************


********** BEGIN PRINT Important cfgspace INFO **********

     ncsf | symmetry |  nstates |  spintwo |     ncfg |   energy 
        0 |        0 |        1 |    65840 |    37208 |   -100.26475168, 


*************** Begin PRINT NONRELA CFGSPACE ***************

spintwo    = 0
irrep      = 0
nstates    = 1
ncfg       =        37208
ncsf       =        65840
ncsf full  =       108586
ndet full  =       396186
ndet eff   =       223785

*********** state  0 ***********
Important ocfg:
    0 2222200000000000000000000000000000000000000000000000000000000000       0    -9.734269e-01  94.755991
    1 2220220000000000000000000000000000000000000000000000000000000000       0     7.966839e-02   0.634705
    2 2222000020000000000000000000000000000000000000000000000000000000       0     5.024738e-02   0.252480
    3 2202202000000000000000000000000000000000000000000000000000000000       0     5.020151e-02   0.252019
    4 2211211000000000000000000000000000000000000000000000000000000000       0     4.959641e-02   0.245980
    5 2221110010000000000000000000000000000000000000000000000000000000       0     4.957418e-02   0.245760
    6 2212101010000000000000000000000000000000000000000000000000000000       0     4.770047e-02   0.227533
    7 2211211000000000000000000000000000000000000000000000000000000000       1    -4.544596e-02   0.206534
    8 2221110010000000000000000000000000000000000000000000000000000000       1     4.540006e-02   0.206117
    9 2212101010000000000000000000000000000000000000000000000000000000       1     4.497269e-02   0.202254
   10 2122100110000000000000000000000000000000000000000000000000000000       1     3.862879e-02   0.149218
   11 2112201100000000000000000000000000000000000000000000000000000000       1    -3.852820e-02   0.148442
   12 2212100000010000100000000000000000000000000000000000000000000000       0     3.642737e-02   0.132695
   13 2121210100000000000000000000000000000000000000000000000000000000       1    -3.252731e-02   0.105803
   14 2211200001100000000000000000000000000000000000000000000000000000       0     2.994902e-02   0.089694
   15 2221100001000100000000000000000000000000000000000000000000000000       0    -2.948214e-02   0.086920
   16 2121210100000000000000000000000000000000000000000000000000000000       0     2.349209e-02   0.055188
   17 2122100110000000000000000000000000000000000000000000000000000000       0     2.337410e-02   0.054635
   18 2112201100000000000000000000000000000000000000000000000000000000       0     2.334401e-02   0.054494
   19 2220200002000000000000000000000000000000000000000000000000000000       0     2.158520e-02   0.046592
   20 2022200200000000000000000000000000000000000000000000000000000000       0     1.954999e-02   0.038220
   21 2222000000000200000000000000000000000000000000000000000000000000       0     1.927425e-02   0.037150
   22 2202200000200000000000000000000000000000000000000000000000000000       0     1.926606e-02   0.037118
   23 2212100000100100000000000000000000000000000000000000000000000000       0    -1.919556e-02   0.036847
   24 2212100001000000100000000000000000000000000000000000000000000000       1     1.912962e-02   0.036594
check importance : 65543 / 65840 (   99.55)

****************************


*************** End PRINT NONRELA CFGSPACE ***************



********** END   PRINT Important cfgspace INFO **********



******************************
* Step  13 Finished          *
* CpuTime  =        2544.990 *
* WallTime =          64.246 *
******************************



*************** Begin First_Residue_Update ***************

memory            = 6700048
Working Time      : cputime / walltime / effective core 
Total Time        :     0.31 /     0.01 / 61.15
Initialize Time   :     0.00 /     0.00 / 0.00
Calculation Time  :     0.31 /     0.01 / 61.63
Finalize Time     :     0.00 /     0.00 / 0.00


*************** End First_Residue_Update ***************



*************** Begin Second_Residue_Update ***************

memory            = 10634728
Working Time      : cputime / walltime / effective core 
Total Time        :     0.49 /     0.01 / 63.33
Initialize Time   :     0.00 /     0.00 / 0.00
Calculation Time  :     0.48 /     0.01 / 62.59
Finalize Time     :     0.01 /     0.00 / 934.58


*************** End Second_Residue_Update ***************

Thread label = 58
ept        =     -0.42580940
ene offset =     -0.42564914


********** ENPT2 Info **********

Wall Time                   =   12.914
CPU  Time                   =  501.700
CPU / Wall                  =   38.849
ncfg_touched                =             53155476
ncsf_touched                =            334661031
---------------------------------------------------
       var        /  perturbation  /     total     
      -100.26475168/    -0.00016026/  -100.26491193
---------------------------------------------------
Residue Time                =    0.810 ( 0.16%)
Generate connection  record =   18.943 ( 3.78%)
sort connection record      =   32.106 ( 6.40%)
sort calculation record     =  120.408 (24.00%)
sort                        =  152.514 (30.40%)
calculation sigma           =   88.977 (17.74%)
collect result              =   20.190 ( 4.02%)
Other                       =  220.266 (43.90%)
nWorkDone                   = 75580


********************************



*************** iCI_ENPT(2)_NonRela::Info ***************

____________________________________________________________________________________________________________________________________
   spintwo |   symmetry |       ncfg |       ncsf |            evar |             ept |            etot 
____________________________________________________________________________________________________________________________________
         0 |          0 |      37208 |      65840 |   -100.26475168 |     -0.00016026 |   -100.26491193 
____________________________________________________________________________________________________________________________________


*******************************************************



******************************
* Step  14 Finished          *
* CpuTime  =        3046.710 *
* WallTime =          77.161 *
******************************



******************************
* Step  15 Finished          *
* CpuTime  =        3046.780 *
* WallTime =          77.162 *
******************************

